[0.600s] Invoking command in '/home/junsu/yolo_python/src/yolo': PYTHONPATH=/home/junsu/yolo_python/build/yolo/prefix_override:/usr/lib/python3/dist-packages/colcon_core/task/python/colcon_distutils_commands:/home/junsu/yolo_python/install/yolo/lib/python3.10/site-packages:${PYTHONPATH} /usr/bin/python3 -W ignore:setup.py install is deprecated -W ignore:easy_install command is deprecated setup.py egg_info --egg-base ../../build/yolo build --build-base /home/junsu/yolo_python/build/yolo/build install --record /home/junsu/yolo_python/build/yolo/install.log --single-version-externally-managed install_data
[0.714s] /home/junsu/.local/lib/python3.10/site-packages/setuptools/_distutils/dist.py:289: UserWarning: Unknown distribution option: 'tests_require'
[0.714s]   warnings.warn(msg)
[0.792s] running egg_info
[0.805s] writing ../../build/yolo/yolo.egg-info/PKG-INFO
[0.806s] writing dependency_links to ../../build/yolo/yolo.egg-info/dependency_links.txt
[0.806s] writing entry points to ../../build/yolo/yolo.egg-info/entry_points.txt
[0.806s] writing requirements to ../../build/yolo/yolo.egg-info/requires.txt
[0.806s] writing top-level names to ../../build/yolo/yolo.egg-info/top_level.txt
[0.834s] reading manifest file '../../build/yolo/yolo.egg-info/SOURCES.txt'
[0.835s] writing manifest file '../../build/yolo/yolo.egg-info/SOURCES.txt'
[0.835s] running build
[0.836s] running build_py
[0.836s] copying yolo/__init__.py -> /home/junsu/yolo_python/build/yolo/build/lib/yolo
[0.836s] copying yolo/cone.py -> /home/junsu/yolo_python/build/yolo/build/lib/yolo
[0.836s] running install
[0.839s] running install_lib
[0.853s] copying /home/junsu/yolo_python/build/yolo/build/lib/yolo/cone.py -> /home/junsu/yolo_python/install/yolo/lib/python3.10/site-packages/yolo
[0.853s] byte-compiling /home/junsu/yolo_python/install/yolo/lib/python3.10/site-packages/yolo/cone.py to cone.cpython-310.pyc
[0.854s] running install_data
[0.854s] copying resource/yolo -> /home/junsu/yolo_python/install/yolo/share/ament_index/resource_index/packages
[0.854s] copying package.xml -> /home/junsu/yolo_python/install/yolo/share/yolo
[0.855s] running install_egg_info
[0.868s] removing '/home/junsu/yolo_python/install/yolo/lib/python3.10/site-packages/yolo-0.0.0-py3.10.egg-info' (and everything under it)
[0.869s] Copying ../../build/yolo/yolo.egg-info to /home/junsu/yolo_python/install/yolo/lib/python3.10/site-packages/yolo-0.0.0-py3.10.egg-info
[0.869s] running install_scripts
[0.896s] Installing cone script to /home/junsu/yolo_python/install/yolo/lib/yolo
[0.896s] writing list of installed files to '/home/junsu/yolo_python/build/yolo/install.log'
[0.916s] Invoked command in '/home/junsu/yolo_python/src/yolo' returned '0': PYTHONPATH=/home/junsu/yolo_python/build/yolo/prefix_override:/usr/lib/python3/dist-packages/colcon_core/task/python/colcon_distutils_commands:/home/junsu/yolo_python/install/yolo/lib/python3.10/site-packages:${PYTHONPATH} /usr/bin/python3 -W ignore:setup.py install is deprecated -W ignore:easy_install command is deprecated setup.py egg_info --egg-base ../../build/yolo build --build-base /home/junsu/yolo_python/build/yolo/build install --record /home/junsu/yolo_python/build/yolo/install.log --single-version-externally-managed install_data
