[0.183s] Invoking command in '/home/junsu/Perception_team_code/yolo_seg_python_package/build/yolo_msg': /usr/local/bin/cmake --build /home/junsu/Perception_team_code/yolo_seg_python_package/build/yolo_msg -- -j8 -l8
[0.199s] [  2%] Built target yolo_msg__cpp
[0.202s] [ 12%] Built target yolo_msg__rosidl_generator_c
[0.205s] [ 12%] Built target ament_cmake_python_copy_yolo_msg
[0.217s] [ 33%] Built target yolo_msg__rosidl_typesupport_fastrtps_cpp
[0.217s] [ 43%] Built target yolo_msg__rosidl_typesupport_cpp
[0.217s] [ 33%] Built target yolo_msg__rosidl_typesupport_introspection_cpp
[0.217s] [ 53%] Built target yolo_msg__rosidl_typesupport_introspection_c
[0.219s] [ 74%] Built target yolo_msg__rosidl_typesupport_fastrtps_c
[0.219s] [ 74%] Built target yolo_msg__rosidl_typesupport_c
[0.227s] [ 74%] Built target yolo_msg
[0.234s] [ 76%] Built target yolo_msg__py
[0.243s] [ 84%] Built target yolo_msg__rosidl_generator_py
[0.254s] [ 89%] Built target yolo_msg__rosidl_typesupport_introspection_c__pyext
[0.255s] [ 94%] Built target yolo_msg__rosidl_typesupport_fastrtps_c__pyext
[0.256s] [100%] Built target yolo_msg__rosidl_typesupport_c__pyext
[0.395s] running egg_info
[0.411s] writing yolo_msg.egg-info/PKG-INFO
[0.411s] writing dependency_links to yolo_msg.egg-info/dependency_links.txt
[0.411s] writing top-level names to yolo_msg.egg-info/top_level.txt
[0.458s] reading manifest file 'yolo_msg.egg-info/SOURCES.txt'
[0.458s] writing manifest file 'yolo_msg.egg-info/SOURCES.txt'
[0.479s] [100%] Built target ament_cmake_python_build_yolo_msg_egg
[0.482s] Invoked command in '/home/junsu/Perception_team_code/yolo_seg_python_package/build/yolo_msg' returned '0': /usr/local/bin/cmake --build /home/junsu/Perception_team_code/yolo_seg_python_package/build/yolo_msg -- -j8 -l8
[0.485s] Invoking command in '/home/junsu/Perception_team_code/yolo_seg_python_package/build/yolo_msg': /usr/local/bin/cmake --install /home/junsu/Perception_team_code/yolo_seg_python_package/build/yolo_msg
[0.487s] -- Install configuration: ""
[0.487s] -- Up-to-date: /home/junsu/Perception_team_code/yolo_seg_python_package/install/yolo_msg/share/ament_index/resource_index/rosidl_interfaces/yolo_msg
[0.487s] -- Up-to-date: /home/junsu/Perception_team_code/yolo_seg_python_package/install/yolo_msg/include/yolo_msg/yolo_msg
[0.487s] -- Up-to-date: /home/junsu/Perception_team_code/yolo_seg_python_package/install/yolo_msg/include/yolo_msg/yolo_msg/msg
[0.487s] -- Up-to-date: /home/junsu/Perception_team_code/yolo_seg_python_package/install/yolo_msg/include/yolo_msg/yolo_msg/msg/bounding_box_array.h
[0.487s] -- Up-to-date: /home/junsu/Perception_team_code/yolo_seg_python_package/install/yolo_msg/include/yolo_msg/yolo_msg/msg/detail
[0.487s] -- Up-to-date: /home/junsu/Perception_team_code/yolo_seg_python_package/install/yolo_msg/include/yolo_msg/yolo_msg/msg/detail/bounding_box__type_support.h
[0.488s] -- Up-to-date: /home/junsu/Perception_team_code/yolo_seg_python_package/install/yolo_msg/include/yolo_msg/yolo_msg/msg/detail/bounding_box_array__struct.h
[0.488s] -- Up-to-date: /home/junsu/Perception_team_code/yolo_seg_python_package/install/yolo_msg/include/yolo_msg/yolo_msg/msg/detail/bounding_box__functions.h
[0.488s] -- Up-to-date: /home/junsu/Perception_team_code/yolo_seg_python_package/install/yolo_msg/include/yolo_msg/yolo_msg/msg/detail/bounding_box__struct.h
[0.488s] -- Up-to-date: /home/junsu/Perception_team_code/yolo_seg_python_package/install/yolo_msg/include/yolo_msg/yolo_msg/msg/detail/bounding_box__functions.c
[0.488s] -- Up-to-date: /home/junsu/Perception_team_code/yolo_seg_python_package/install/yolo_msg/include/yolo_msg/yolo_msg/msg/detail/bounding_box_array__type_support.h
[0.488s] -- Up-to-date: /home/junsu/Perception_team_code/yolo_seg_python_package/install/yolo_msg/include/yolo_msg/yolo_msg/msg/detail/bounding_box_array__functions.c
[0.488s] -- Up-to-date: /home/junsu/Perception_team_code/yolo_seg_python_package/install/yolo_msg/include/yolo_msg/yolo_msg/msg/detail/bounding_box_array__functions.h
[0.488s] -- Up-to-date: /home/junsu/Perception_team_code/yolo_seg_python_package/install/yolo_msg/include/yolo_msg/yolo_msg/msg/bounding_box.h
[0.488s] -- Up-to-date: /home/junsu/Perception_team_code/yolo_seg_python_package/install/yolo_msg/include/yolo_msg/yolo_msg/msg/rosidl_generator_c__visibility_control.h
[0.488s] -- Up-to-date: /home/junsu/Perception_team_code/yolo_seg_python_package/install/yolo_msg/share/yolo_msg/environment/library_path.sh
[0.488s] -- Up-to-date: /home/junsu/Perception_team_code/yolo_seg_python_package/install/yolo_msg/share/yolo_msg/environment/library_path.dsv
[0.488s] -- Up-to-date: /home/junsu/Perception_team_code/yolo_seg_python_package/install/yolo_msg/lib/libyolo_msg__rosidl_generator_c.so
[0.489s] -- Up-to-date: /home/junsu/Perception_team_code/yolo_seg_python_package/install/yolo_msg/include/yolo_msg/yolo_msg
[0.489s] -- Up-to-date: /home/junsu/Perception_team_code/yolo_seg_python_package/install/yolo_msg/include/yolo_msg/yolo_msg/msg
[0.489s] -- Up-to-date: /home/junsu/Perception_team_code/yolo_seg_python_package/install/yolo_msg/include/yolo_msg/yolo_msg/msg/detail
[0.489s] -- Up-to-date: /home/junsu/Perception_team_code/yolo_seg_python_package/install/yolo_msg/include/yolo_msg/yolo_msg/msg/detail/bounding_box_array__rosidl_typesupport_fastrtps_c.h
[0.489s] -- Up-to-date: /home/junsu/Perception_team_code/yolo_seg_python_package/install/yolo_msg/include/yolo_msg/yolo_msg/msg/detail/bounding_box__rosidl_typesupport_fastrtps_c.h
[0.489s] -- Up-to-date: /home/junsu/Perception_team_code/yolo_seg_python_package/install/yolo_msg/include/yolo_msg/yolo_msg/msg/rosidl_typesupport_fastrtps_c__visibility_control.h
[0.489s] -- Up-to-date: /home/junsu/Perception_team_code/yolo_seg_python_package/install/yolo_msg/lib/libyolo_msg__rosidl_typesupport_fastrtps_c.so
[0.489s] -- Up-to-date: /home/junsu/Perception_team_code/yolo_seg_python_package/install/yolo_msg/include/yolo_msg/yolo_msg
[0.489s] -- Up-to-date: /home/junsu/Perception_team_code/yolo_seg_python_package/install/yolo_msg/include/yolo_msg/yolo_msg/msg
[0.489s] -- Up-to-date: /home/junsu/Perception_team_code/yolo_seg_python_package/install/yolo_msg/include/yolo_msg/yolo_msg/msg/rosidl_generator_cpp__visibility_control.hpp
[0.489s] -- Up-to-date: /home/junsu/Perception_team_code/yolo_seg_python_package/install/yolo_msg/include/yolo_msg/yolo_msg/msg/detail
[0.489s] -- Up-to-date: /home/junsu/Perception_team_code/yolo_seg_python_package/install/yolo_msg/include/yolo_msg/yolo_msg/msg/detail/bounding_box_array__builder.hpp
[0.490s] -- Up-to-date: /home/junsu/Perception_team_code/yolo_seg_python_package/install/yolo_msg/include/yolo_msg/yolo_msg/msg/detail/bounding_box_array__traits.hpp
[0.490s] -- Up-to-date: /home/junsu/Perception_team_code/yolo_seg_python_package/install/yolo_msg/include/yolo_msg/yolo_msg/msg/detail/bounding_box_array__type_support.hpp
[0.490s] -- Up-to-date: /home/junsu/Perception_team_code/yolo_seg_python_package/install/yolo_msg/include/yolo_msg/yolo_msg/msg/detail/bounding_box__builder.hpp
[0.490s] -- Up-to-date: /home/junsu/Perception_team_code/yolo_seg_python_package/install/yolo_msg/include/yolo_msg/yolo_msg/msg/detail/bounding_box__struct.hpp
[0.490s] -- Up-to-date: /home/junsu/Perception_team_code/yolo_seg_python_package/install/yolo_msg/include/yolo_msg/yolo_msg/msg/detail/bounding_box_array__struct.hpp
[0.490s] -- Up-to-date: /home/junsu/Perception_team_code/yolo_seg_python_package/install/yolo_msg/include/yolo_msg/yolo_msg/msg/detail/bounding_box__traits.hpp
[0.490s] -- Up-to-date: /home/junsu/Perception_team_code/yolo_seg_python_package/install/yolo_msg/include/yolo_msg/yolo_msg/msg/detail/bounding_box__type_support.hpp
[0.490s] -- Up-to-date: /home/junsu/Perception_team_code/yolo_seg_python_package/install/yolo_msg/include/yolo_msg/yolo_msg/msg/bounding_box.hpp
[0.490s] -- Up-to-date: /home/junsu/Perception_team_code/yolo_seg_python_package/install/yolo_msg/include/yolo_msg/yolo_msg/msg/bounding_box_array.hpp
[0.490s] -- Up-to-date: /home/junsu/Perception_team_code/yolo_seg_python_package/install/yolo_msg/include/yolo_msg/yolo_msg
[0.490s] -- Up-to-date: /home/junsu/Perception_team_code/yolo_seg_python_package/install/yolo_msg/include/yolo_msg/yolo_msg/msg
[0.490s] -- Up-to-date: /home/junsu/Perception_team_code/yolo_seg_python_package/install/yolo_msg/include/yolo_msg/yolo_msg/msg/rosidl_typesupport_fastrtps_cpp__visibility_control.h
[0.490s] -- Up-to-date: /home/junsu/Perception_team_code/yolo_seg_python_package/install/yolo_msg/include/yolo_msg/yolo_msg/msg/detail
[0.491s] -- Up-to-date: /home/junsu/Perception_team_code/yolo_seg_python_package/install/yolo_msg/include/yolo_msg/yolo_msg/msg/detail/bounding_box__rosidl_typesupport_fastrtps_cpp.hpp
[0.491s] -- Up-to-date: /home/junsu/Perception_team_code/yolo_seg_python_package/install/yolo_msg/include/yolo_msg/yolo_msg/msg/detail/bounding_box_array__rosidl_typesupport_fastrtps_cpp.hpp
[0.491s] -- Up-to-date: /home/junsu/Perception_team_code/yolo_seg_python_package/install/yolo_msg/include/yolo_msg/yolo_msg/msg/detail/dds_fastrtps
[0.491s] -- Up-to-date: /home/junsu/Perception_team_code/yolo_seg_python_package/install/yolo_msg/lib/libyolo_msg__rosidl_typesupport_fastrtps_cpp.so
[0.491s] -- Up-to-date: /home/junsu/Perception_team_code/yolo_seg_python_package/install/yolo_msg/include/yolo_msg/yolo_msg
[0.491s] -- Up-to-date: /home/junsu/Perception_team_code/yolo_seg_python_package/install/yolo_msg/include/yolo_msg/yolo_msg/msg
[0.491s] -- Up-to-date: /home/junsu/Perception_team_code/yolo_seg_python_package/install/yolo_msg/include/yolo_msg/yolo_msg/msg/detail
[0.491s] -- Up-to-date: /home/junsu/Perception_team_code/yolo_seg_python_package/install/yolo_msg/include/yolo_msg/yolo_msg/msg/detail/bounding_box__type_support.c
[0.491s] -- Up-to-date: /home/junsu/Perception_team_code/yolo_seg_python_package/install/yolo_msg/include/yolo_msg/yolo_msg/msg/detail/bounding_box_array__type_support.c
[0.491s] -- Up-to-date: /home/junsu/Perception_team_code/yolo_seg_python_package/install/yolo_msg/include/yolo_msg/yolo_msg/msg/detail/bounding_box__rosidl_typesupport_introspection_c.h
[0.491s] -- Up-to-date: /home/junsu/Perception_team_code/yolo_seg_python_package/install/yolo_msg/include/yolo_msg/yolo_msg/msg/detail/bounding_box_array__rosidl_typesupport_introspection_c.h
[0.491s] -- Up-to-date: /home/junsu/Perception_team_code/yolo_seg_python_package/install/yolo_msg/include/yolo_msg/yolo_msg/msg/rosidl_typesupport_introspection_c__visibility_control.h
[0.491s] -- Up-to-date: /home/junsu/Perception_team_code/yolo_seg_python_package/install/yolo_msg/lib/libyolo_msg__rosidl_typesupport_introspection_c.so
[0.491s] -- Up-to-date: /home/junsu/Perception_team_code/yolo_seg_python_package/install/yolo_msg/lib/libyolo_msg__rosidl_typesupport_c.so
[0.491s] -- Up-to-date: /home/junsu/Perception_team_code/yolo_seg_python_package/install/yolo_msg/include/yolo_msg/yolo_msg
[0.492s] -- Up-to-date: /home/junsu/Perception_team_code/yolo_seg_python_package/install/yolo_msg/include/yolo_msg/yolo_msg/msg
[0.492s] -- Up-to-date: /home/junsu/Perception_team_code/yolo_seg_python_package/install/yolo_msg/include/yolo_msg/yolo_msg/msg/detail
[0.492s] -- Up-to-date: /home/junsu/Perception_team_code/yolo_seg_python_package/install/yolo_msg/include/yolo_msg/yolo_msg/msg/detail/bounding_box__type_support.cpp
[0.492s] -- Up-to-date: /home/junsu/Perception_team_code/yolo_seg_python_package/install/yolo_msg/include/yolo_msg/yolo_msg/msg/detail/bounding_box_array__type_support.cpp
[0.492s] -- Up-to-date: /home/junsu/Perception_team_code/yolo_seg_python_package/install/yolo_msg/include/yolo_msg/yolo_msg/msg/detail/bounding_box__rosidl_typesupport_introspection_cpp.hpp
[0.492s] -- Up-to-date: /home/junsu/Perception_team_code/yolo_seg_python_package/install/yolo_msg/include/yolo_msg/yolo_msg/msg/detail/bounding_box_array__rosidl_typesupport_introspection_cpp.hpp
[0.492s] -- Up-to-date: /home/junsu/Perception_team_code/yolo_seg_python_package/install/yolo_msg/lib/libyolo_msg__rosidl_typesupport_introspection_cpp.so
[0.492s] -- Up-to-date: /home/junsu/Perception_team_code/yolo_seg_python_package/install/yolo_msg/lib/libyolo_msg__rosidl_typesupport_cpp.so
[0.492s] -- Up-to-date: /home/junsu/Perception_team_code/yolo_seg_python_package/install/yolo_msg/share/yolo_msg/environment/pythonpath.sh
[0.492s] -- Up-to-date: /home/junsu/Perception_team_code/yolo_seg_python_package/install/yolo_msg/share/yolo_msg/environment/pythonpath.dsv
[0.492s] -- Up-to-date: /home/junsu/Perception_team_code/yolo_seg_python_package/install/yolo_msg/local/lib/python3.10/dist-packages/yolo_msg-0.0.0-py3.10.egg-info
[0.492s] -- Installing: /home/junsu/Perception_team_code/yolo_seg_python_package/install/yolo_msg/local/lib/python3.10/dist-packages/yolo_msg-0.0.0-py3.10.egg-info/dependency_links.txt
[0.492s] -- Installing: /home/junsu/Perception_team_code/yolo_seg_python_package/install/yolo_msg/local/lib/python3.10/dist-packages/yolo_msg-0.0.0-py3.10.egg-info/SOURCES.txt
[0.492s] -- Installing: /home/junsu/Perception_team_code/yolo_seg_python_package/install/yolo_msg/local/lib/python3.10/dist-packages/yolo_msg-0.0.0-py3.10.egg-info/top_level.txt
[0.493s] -- Installing: /home/junsu/Perception_team_code/yolo_seg_python_package/install/yolo_msg/local/lib/python3.10/dist-packages/yolo_msg-0.0.0-py3.10.egg-info/PKG-INFO
[0.493s] -- Up-to-date: /home/junsu/Perception_team_code/yolo_seg_python_package/install/yolo_msg/local/lib/python3.10/dist-packages/yolo_msg
[0.493s] -- Up-to-date: /home/junsu/Perception_team_code/yolo_seg_python_package/install/yolo_msg/local/lib/python3.10/dist-packages/yolo_msg/_yolo_msg_s.ep.rosidl_typesupport_c.c
[0.493s] -- Up-to-date: /home/junsu/Perception_team_code/yolo_seg_python_package/install/yolo_msg/local/lib/python3.10/dist-packages/yolo_msg/yolo_msg_s__rosidl_typesupport_fastrtps_c.cpython-310-x86_64-linux-gnu.so
[0.493s] -- Up-to-date: /home/junsu/Perception_team_code/yolo_seg_python_package/install/yolo_msg/local/lib/python3.10/dist-packages/yolo_msg/yolo_msg_s__rosidl_typesupport_introspection_c.cpython-310-x86_64-linux-gnu.so
[0.493s] -- Up-to-date: /home/junsu/Perception_team_code/yolo_seg_python_package/install/yolo_msg/local/lib/python3.10/dist-packages/yolo_msg/_yolo_msg_s.ep.rosidl_typesupport_fastrtps_c.c
[0.493s] -- Up-to-date: /home/junsu/Perception_team_code/yolo_seg_python_package/install/yolo_msg/local/lib/python3.10/dist-packages/yolo_msg/yolo_msg_s__rosidl_typesupport_c.cpython-310-x86_64-linux-gnu.so
[0.493s] -- Up-to-date: /home/junsu/Perception_team_code/yolo_seg_python_package/install/yolo_msg/local/lib/python3.10/dist-packages/yolo_msg/_yolo_msg_s.ep.rosidl_typesupport_introspection_c.c
[0.493s] -- Up-to-date: /home/junsu/Perception_team_code/yolo_seg_python_package/install/yolo_msg/local/lib/python3.10/dist-packages/yolo_msg/libyolo_msg__rosidl_generator_py.so
[0.493s] -- Up-to-date: /home/junsu/Perception_team_code/yolo_seg_python_package/install/yolo_msg/local/lib/python3.10/dist-packages/yolo_msg/msg
[0.493s] -- Up-to-date: /home/junsu/Perception_team_code/yolo_seg_python_package/install/yolo_msg/local/lib/python3.10/dist-packages/yolo_msg/msg/_bounding_box.py
[0.493s] -- Up-to-date: /home/junsu/Perception_team_code/yolo_seg_python_package/install/yolo_msg/local/lib/python3.10/dist-packages/yolo_msg/msg/_bounding_box_array_s.c
[0.493s] -- Up-to-date: /home/junsu/Perception_team_code/yolo_seg_python_package/install/yolo_msg/local/lib/python3.10/dist-packages/yolo_msg/msg/_bounding_box_array.py
[0.493s] -- Up-to-date: /home/junsu/Perception_team_code/yolo_seg_python_package/install/yolo_msg/local/lib/python3.10/dist-packages/yolo_msg/msg/__init__.py
[0.494s] -- Up-to-date: /home/junsu/Perception_team_code/yolo_seg_python_package/install/yolo_msg/local/lib/python3.10/dist-packages/yolo_msg/msg/_bounding_box_s.c
[0.494s] -- Up-to-date: /home/junsu/Perception_team_code/yolo_seg_python_package/install/yolo_msg/local/lib/python3.10/dist-packages/yolo_msg/__init__.py
[0.515s] Listing '/home/junsu/Perception_team_code/yolo_seg_python_package/install/yolo_msg/local/lib/python3.10/dist-packages/yolo_msg'...
[0.515s] Listing '/home/junsu/Perception_team_code/yolo_seg_python_package/install/yolo_msg/local/lib/python3.10/dist-packages/yolo_msg/msg'...
[0.519s] -- Up-to-date: /home/junsu/Perception_team_code/yolo_seg_python_package/install/yolo_msg/local/lib/python3.10/dist-packages/yolo_msg/yolo_msg_s__rosidl_typesupport_fastrtps_c.cpython-310-x86_64-linux-gnu.so
[0.519s] -- Up-to-date: /home/junsu/Perception_team_code/yolo_seg_python_package/install/yolo_msg/local/lib/python3.10/dist-packages/yolo_msg/yolo_msg_s__rosidl_typesupport_introspection_c.cpython-310-x86_64-linux-gnu.so
[0.519s] -- Up-to-date: /home/junsu/Perception_team_code/yolo_seg_python_package/install/yolo_msg/local/lib/python3.10/dist-packages/yolo_msg/yolo_msg_s__rosidl_typesupport_c.cpython-310-x86_64-linux-gnu.so
[0.519s] -- Up-to-date: /home/junsu/Perception_team_code/yolo_seg_python_package/install/yolo_msg/lib/libyolo_msg__rosidl_generator_py.so
[0.519s] -- Up-to-date: /home/junsu/Perception_team_code/yolo_seg_python_package/install/yolo_msg/share/yolo_msg/msg/BoundingBox.idl
[0.519s] -- Up-to-date: /home/junsu/Perception_team_code/yolo_seg_python_package/install/yolo_msg/share/yolo_msg/msg/BoundingBoxArray.idl
[0.519s] -- Up-to-date: /home/junsu/Perception_team_code/yolo_seg_python_package/install/yolo_msg/share/yolo_msg/msg/BoundingBox.msg
[0.519s] -- Up-to-date: /home/junsu/Perception_team_code/yolo_seg_python_package/install/yolo_msg/share/yolo_msg/msg/BoundingBoxArray.msg
[0.520s] -- Up-to-date: /home/junsu/Perception_team_code/yolo_seg_python_package/install/yolo_msg/share/ament_index/resource_index/package_run_dependencies/yolo_msg
[0.520s] -- Up-to-date: /home/junsu/Perception_team_code/yolo_seg_python_package/install/yolo_msg/share/ament_index/resource_index/parent_prefix_path/yolo_msg
[0.520s] -- Up-to-date: /home/junsu/Perception_team_code/yolo_seg_python_package/install/yolo_msg/share/yolo_msg/environment/ament_prefix_path.sh
[0.520s] -- Up-to-date: /home/junsu/Perception_team_code/yolo_seg_python_package/install/yolo_msg/share/yolo_msg/environment/ament_prefix_path.dsv
[0.520s] -- Up-to-date: /home/junsu/Perception_team_code/yolo_seg_python_package/install/yolo_msg/share/yolo_msg/environment/path.sh
[0.520s] -- Up-to-date: /home/junsu/Perception_team_code/yolo_seg_python_package/install/yolo_msg/share/yolo_msg/environment/path.dsv
[0.520s] -- Up-to-date: /home/junsu/Perception_team_code/yolo_seg_python_package/install/yolo_msg/share/yolo_msg/local_setup.bash
[0.520s] -- Up-to-date: /home/junsu/Perception_team_code/yolo_seg_python_package/install/yolo_msg/share/yolo_msg/local_setup.sh
[0.520s] -- Up-to-date: /home/junsu/Perception_team_code/yolo_seg_python_package/install/yolo_msg/share/yolo_msg/local_setup.zsh
[0.520s] -- Up-to-date: /home/junsu/Perception_team_code/yolo_seg_python_package/install/yolo_msg/share/yolo_msg/local_setup.dsv
[0.520s] -- Installing: /home/junsu/Perception_team_code/yolo_seg_python_package/install/yolo_msg/share/yolo_msg/package.dsv
[0.520s] -- Up-to-date: /home/junsu/Perception_team_code/yolo_seg_python_package/install/yolo_msg/share/ament_index/resource_index/packages/yolo_msg
[0.520s] -- Up-to-date: /home/junsu/Perception_team_code/yolo_seg_python_package/install/yolo_msg/share/yolo_msg/cmake/export_yolo_msg__rosidl_generator_cExport.cmake
[0.521s] -- Up-to-date: /home/junsu/Perception_team_code/yolo_seg_python_package/install/yolo_msg/share/yolo_msg/cmake/export_yolo_msg__rosidl_generator_cExport-noconfig.cmake
[0.521s] -- Up-to-date: /home/junsu/Perception_team_code/yolo_seg_python_package/install/yolo_msg/share/yolo_msg/cmake/export_yolo_msg__rosidl_typesupport_fastrtps_cExport.cmake
[0.521s] -- Up-to-date: /home/junsu/Perception_team_code/yolo_seg_python_package/install/yolo_msg/share/yolo_msg/cmake/export_yolo_msg__rosidl_typesupport_fastrtps_cExport-noconfig.cmake
[0.521s] -- Up-to-date: /home/junsu/Perception_team_code/yolo_seg_python_package/install/yolo_msg/share/yolo_msg/cmake/export_yolo_msg__rosidl_generator_cppExport.cmake
[0.521s] -- Up-to-date: /home/junsu/Perception_team_code/yolo_seg_python_package/install/yolo_msg/share/yolo_msg/cmake/export_yolo_msg__rosidl_typesupport_fastrtps_cppExport.cmake
[0.521s] -- Up-to-date: /home/junsu/Perception_team_code/yolo_seg_python_package/install/yolo_msg/share/yolo_msg/cmake/export_yolo_msg__rosidl_typesupport_fastrtps_cppExport-noconfig.cmake
[0.521s] -- Up-to-date: /home/junsu/Perception_team_code/yolo_seg_python_package/install/yolo_msg/share/yolo_msg/cmake/yolo_msg__rosidl_typesupport_introspection_cExport.cmake
[0.521s] -- Up-to-date: /home/junsu/Perception_team_code/yolo_seg_python_package/install/yolo_msg/share/yolo_msg/cmake/yolo_msg__rosidl_typesupport_introspection_cExport-noconfig.cmake
[0.521s] -- Up-to-date: /home/junsu/Perception_team_code/yolo_seg_python_package/install/yolo_msg/share/yolo_msg/cmake/yolo_msg__rosidl_typesupport_cExport.cmake
[0.521s] -- Up-to-date: /home/junsu/Perception_team_code/yolo_seg_python_package/install/yolo_msg/share/yolo_msg/cmake/yolo_msg__rosidl_typesupport_cExport-noconfig.cmake
[0.521s] -- Up-to-date: /home/junsu/Perception_team_code/yolo_seg_python_package/install/yolo_msg/share/yolo_msg/cmake/yolo_msg__rosidl_typesupport_introspection_cppExport.cmake
[0.521s] -- Up-to-date: /home/junsu/Perception_team_code/yolo_seg_python_package/install/yolo_msg/share/yolo_msg/cmake/yolo_msg__rosidl_typesupport_introspection_cppExport-noconfig.cmake
[0.522s] -- Up-to-date: /home/junsu/Perception_team_code/yolo_seg_python_package/install/yolo_msg/share/yolo_msg/cmake/yolo_msg__rosidl_typesupport_cppExport.cmake
[0.522s] -- Up-to-date: /home/junsu/Perception_team_code/yolo_seg_python_package/install/yolo_msg/share/yolo_msg/cmake/yolo_msg__rosidl_typesupport_cppExport-noconfig.cmake
[0.522s] -- Up-to-date: /home/junsu/Perception_team_code/yolo_seg_python_package/install/yolo_msg/share/yolo_msg/cmake/export_yolo_msg__rosidl_generator_pyExport.cmake
[0.522s] -- Up-to-date: /home/junsu/Perception_team_code/yolo_seg_python_package/install/yolo_msg/share/yolo_msg/cmake/export_yolo_msg__rosidl_generator_pyExport-noconfig.cmake
[0.522s] -- Up-to-date: /home/junsu/Perception_team_code/yolo_seg_python_package/install/yolo_msg/share/yolo_msg/cmake/rosidl_cmake-extras.cmake
[0.522s] -- Up-to-date: /home/junsu/Perception_team_code/yolo_seg_python_package/install/yolo_msg/share/yolo_msg/cmake/ament_cmake_export_dependencies-extras.cmake
[0.522s] -- Up-to-date: /home/junsu/Perception_team_code/yolo_seg_python_package/install/yolo_msg/share/yolo_msg/cmake/ament_cmake_export_include_directories-extras.cmake
[0.522s] -- Up-to-date: /home/junsu/Perception_team_code/yolo_seg_python_package/install/yolo_msg/share/yolo_msg/cmake/ament_cmake_export_libraries-extras.cmake
[0.522s] -- Up-to-date: /home/junsu/Perception_team_code/yolo_seg_python_package/install/yolo_msg/share/yolo_msg/cmake/ament_cmake_export_targets-extras.cmake
[0.522s] -- Up-to-date: /home/junsu/Perception_team_code/yolo_seg_python_package/install/yolo_msg/share/yolo_msg/cmake/rosidl_cmake_export_typesupport_targets-extras.cmake
[0.522s] -- Up-to-date: /home/junsu/Perception_team_code/yolo_seg_python_package/install/yolo_msg/share/yolo_msg/cmake/rosidl_cmake_export_typesupport_libraries-extras.cmake
[0.523s] -- Up-to-date: /home/junsu/Perception_team_code/yolo_seg_python_package/install/yolo_msg/share/yolo_msg/cmake/yolo_msgConfig.cmake
[0.523s] -- Up-to-date: /home/junsu/Perception_team_code/yolo_seg_python_package/install/yolo_msg/share/yolo_msg/cmake/yolo_msgConfig-version.cmake
[0.523s] -- Up-to-date: /home/junsu/Perception_team_code/yolo_seg_python_package/install/yolo_msg/share/yolo_msg/package.xml
[0.523s] Invoked command in '/home/junsu/Perception_team_code/yolo_seg_python_package/build/yolo_msg' returned '0': /usr/local/bin/cmake --install /home/junsu/Perception_team_code/yolo_seg_python_package/build/yolo_msg
