[0.023s] Invoking command in '/home/junsu/1.cam/build/darknet_ros_msgs': CMAKE_PREFIX_PATH=/opt/ros/humble /usr/bin/cmake /home/junsu/1.cam/src/darknet_ros/darknet_ros_msgs -DCMAKE_INSTALL_PREFIX=/home/junsu/1.cam/install/darknet_ros_msgs
[1.163s] -- The C compiler identification is GNU 11.4.0
[1.844s] -- The CXX compiler identification is GNU 11.4.0
[1.870s] -- Detecting C compiler ABI info
[2.061s] -- Detecting C compiler ABI info - done
[2.068s] -- Check for working C compiler: /usr/bin/cc - skipped
[2.069s] -- Detecting C compile features
[2.071s] -- Detecting C compile features - done
[2.078s] -- Detecting CXX compiler ABI info
[2.199s] -- Detecting CXX compiler ABI info - done
[2.206s] -- Check for working CXX compiler: /usr/bin/c++ - skipped
[2.206s] -- Detecting CXX compile features
[2.207s] -- Detecting CXX compile features - done
[2.223s] -- Found ament_cmake: 1.3.11 (/opt/ros/humble/share/ament_cmake/cmake)
[2.383s] -- Found Python3: /opt/ros/humble/bin/python3 (found version "3.10.12") found components: Interpreter 
[2.560s] -- Found action_msgs: 1.2.1 (/opt/ros/humble/share/action_msgs/cmake)
[2.645s] -- Found rosidl_generator_c: 3.1.6 (/opt/ros/humble/share/rosidl_generator_c/cmake)
[2.654s] -- Found rosidl_adapter: 3.1.6 (/opt/ros/humble/share/rosidl_adapter/cmake)
[2.675s] -- Found rosidl_generator_cpp: 3.1.6 (/opt/ros/humble/share/rosidl_generator_cpp/cmake)
[2.702s] -- Using all available rosidl_typesupport_c: rosidl_typesupport_fastrtps_c;rosidl_typesupport_introspection_c
[2.734s] -- Using all available rosidl_typesupport_cpp: rosidl_typesupport_fastrtps_cpp;rosidl_typesupport_introspection_cpp
[2.810s] -- Found geometry_msgs: 4.2.4 (/opt/ros/humble/share/geometry_msgs/cmake)
[2.871s] -- Found rosidl_default_generators: 1.2.0 (/opt/ros/humble/share/rosidl_default_generators/cmake)
[2.890s] -- Found sensor_msgs: 4.2.4 (/opt/ros/humble/share/sensor_msgs/cmake)
[3.246s] -- Found ament_cmake_ros: 0.10.0 (/opt/ros/humble/share/ament_cmake_ros/cmake)
[3.280s] Invoked command in '/home/junsu/1.cam/build/darknet_ros_msgs' returned '-2': CMAKE_PREFIX_PATH=/opt/ros/humble /usr/bin/cmake /home/junsu/1.cam/src/darknet_ros/darknet_ros_msgs -DCMAKE_INSTALL_PREFIX=/home/junsu/1.cam/install/darknet_ros_msgs
