[1.661s] Invoking command in '/home/junsu/yolo_python/src/yolo': PYTHONPATH=/home/junsu/yolo_python/build/yolo/prefix_override:/usr/lib/python3/dist-packages/colcon_core/task/python/colcon_distutils_commands:/home/junsu/yolo_python/install/yolo/lib/python3.10/site-packages:${PYTHONPATH} /usr/bin/python3 -W ignore:setup.py install is deprecated -W ignore:easy_install command is deprecated setup.py egg_info --egg-base ../../build/yolo build --build-base /home/junsu/yolo_python/build/yolo/build install --record /home/junsu/yolo_python/build/yolo/install.log --single-version-externally-managed install_data
[1.849s] /home/junsu/.local/lib/python3.10/site-packages/setuptools/_distutils/dist.py:289: UserWarning: Unknown distribution option: 'tests_require'
[1.849s]   warnings.warn(msg)
[1.971s] running egg_info
[1.989s] writing ../../build/yolo/yolo.egg-info/PKG-INFO
[2.009s] writing dependency_links to ../../build/yolo/yolo.egg-info/dependency_links.txt
[2.009s] writing entry points to ../../build/yolo/yolo.egg-info/entry_points.txt
[2.012s] writing requirements to ../../build/yolo/yolo.egg-info/requires.txt
[2.012s] writing top-level names to ../../build/yolo/yolo.egg-info/top_level.txt
[2.061s] reading manifest file '../../build/yolo/yolo.egg-info/SOURCES.txt'
[2.064s] writing manifest file '../../build/yolo/yolo.egg-info/SOURCES.txt'
[2.064s] running build
[2.064s] running build_py
[2.065s] copying yolo/traffic.py -> /home/junsu/yolo_python/build/yolo/build/lib/yolo
[2.066s] copying yolo/check_3d.py -> /home/junsu/yolo_python/build/yolo/build/lib/yolo
[2.067s] copying yolo/__init__.py -> /home/junsu/yolo_python/build/yolo/build/lib/yolo
[2.067s] copying yolo/cone.py -> /home/junsu/yolo_python/build/yolo/build/lib/yolo
[2.068s] running install
[2.076s] running install_lib
[2.101s] copying /home/junsu/yolo_python/build/yolo/build/lib/yolo/check_3d.py -> /home/junsu/yolo_python/install/yolo/lib/python3.10/site-packages/yolo
[2.101s] copying /home/junsu/yolo_python/build/yolo/build/lib/yolo/cone.py -> /home/junsu/yolo_python/install/yolo/lib/python3.10/site-packages/yolo
[2.103s] byte-compiling /home/junsu/yolo_python/install/yolo/lib/python3.10/site-packages/yolo/check_3d.py to check_3d.cpython-310.pyc
[2.105s] byte-compiling /home/junsu/yolo_python/install/yolo/lib/python3.10/site-packages/yolo/cone.py to cone.cpython-310.pyc
[2.106s] running install_data
[2.106s] copying resource/yolo -> /home/junsu/yolo_python/install/yolo/share/ament_index/resource_index/packages
[2.108s] copying package.xml -> /home/junsu/yolo_python/install/yolo/share/yolo
[2.108s] running install_egg_info
[2.131s] removing '/home/junsu/yolo_python/install/yolo/lib/python3.10/site-packages/yolo-0.0.0-py3.10.egg-info' (and everything under it)
[2.136s] Copying ../../build/yolo/yolo.egg-info to /home/junsu/yolo_python/install/yolo/lib/python3.10/site-packages/yolo-0.0.0-py3.10.egg-info
[2.138s] running install_scripts
[2.182s] Installing check script to /home/junsu/yolo_python/install/yolo/lib/yolo
[2.182s] Installing cone script to /home/junsu/yolo_python/install/yolo/lib/yolo
[2.182s] Installing traffic script to /home/junsu/yolo_python/install/yolo/lib/yolo
[2.182s] writing list of installed files to '/home/junsu/yolo_python/build/yolo/install.log'
[2.235s] Invoked command in '/home/junsu/yolo_python/src/yolo' returned '0': PYTHONPATH=/home/junsu/yolo_python/build/yolo/prefix_override:/usr/lib/python3/dist-packages/colcon_core/task/python/colcon_distutils_commands:/home/junsu/yolo_python/install/yolo/lib/python3.10/site-packages:${PYTHONPATH} /usr/bin/python3 -W ignore:setup.py install is deprecated -W ignore:easy_install command is deprecated setup.py egg_info --egg-base ../../build/yolo build --build-base /home/junsu/yolo_python/build/yolo/build install --record /home/junsu/yolo_python/build/yolo/install.log --single-version-externally-managed install_data
