[0.179s] Invoking command in '/home/junsu/yolo_python/build/yolo_msg': /usr/local/bin/cmake --build /home/junsu/yolo_python/build/yolo_msg -- -j8 -l8
[0.614s] [  2%] Built target yolo_msg__cpp
[0.634s] [  2%] Built target ament_cmake_python_copy_yolo_msg
[0.643s] [ 12%] Built target yolo_msg__rosidl_generator_c
[0.652s] [ 23%] Built target yolo_msg__rosidl_typesupport_fastrtps_cpp
[0.654s] [ 33%] Built target yolo_msg__rosidl_typesupport_cpp
[0.655s] [ 43%] Built target yolo_msg__rosidl_typesupport_introspection_cpp
[0.670s] [ 53%] Built target yolo_msg__rosidl_typesupport_c
[0.677s] [ 64%] Built target yolo_msg__rosidl_typesupport_introspection_c
[0.677s] [ 74%] Built target yolo_msg__rosidl_typesupport_fastrtps_c
[0.686s] [ 74%] Built target yolo_msg
[0.703s] [ 76%] Built target yolo_msg__py
[0.752s] [ 84%] Built target yolo_msg__rosidl_generator_py
[0.767s] [ 94%] Built target yolo_msg__rosidl_typesupport_fastrtps_c__pyext
[0.767s] [ 94%] Built target yolo_msg__rosidl_typesupport_introspection_c__pyext
[0.769s] [100%] Built target yolo_msg__rosidl_typesupport_c__pyext
[0.817s] running egg_info
[0.832s] writing yolo_msg.egg-info/PKG-INFO
[0.832s] writing dependency_links to yolo_msg.egg-info/dependency_links.txt
[0.832s] writing top-level names to yolo_msg.egg-info/top_level.txt
[0.875s] reading manifest file 'yolo_msg.egg-info/SOURCES.txt'
[0.876s] writing manifest file 'yolo_msg.egg-info/SOURCES.txt'
[0.898s] [100%] Built target ament_cmake_python_build_yolo_msg_egg
[0.901s] Invoked command in '/home/junsu/yolo_python/build/yolo_msg' returned '0': /usr/local/bin/cmake --build /home/junsu/yolo_python/build/yolo_msg -- -j8 -l8
[0.907s] Invoking command in '/home/junsu/yolo_python/build/yolo_msg': /usr/local/bin/cmake --install /home/junsu/yolo_python/build/yolo_msg
[0.910s] -- Install configuration: ""
[0.911s] -- Up-to-date: /home/junsu/yolo_python/install/yolo_msg/share/ament_index/resource_index/rosidl_interfaces/yolo_msg
[0.912s] -- Up-to-date: /home/junsu/yolo_python/install/yolo_msg/include/yolo_msg/yolo_msg
[0.912s] -- Up-to-date: /home/junsu/yolo_python/install/yolo_msg/include/yolo_msg/yolo_msg/msg
[0.913s] -- Up-to-date: /home/junsu/yolo_python/install/yolo_msg/include/yolo_msg/yolo_msg/msg/bounding_box_array.h
[0.913s] -- Up-to-date: /home/junsu/yolo_python/install/yolo_msg/include/yolo_msg/yolo_msg/msg/detail
[0.913s] -- Up-to-date: /home/junsu/yolo_python/install/yolo_msg/include/yolo_msg/yolo_msg/msg/detail/bounding_box__type_support.h
[0.913s] -- Up-to-date: /home/junsu/yolo_python/install/yolo_msg/include/yolo_msg/yolo_msg/msg/detail/bounding_box_array__struct.h
[0.913s] -- Up-to-date: /home/junsu/yolo_python/install/yolo_msg/include/yolo_msg/yolo_msg/msg/detail/bounding_box__functions.h
[0.913s] -- Up-to-date: /home/junsu/yolo_python/install/yolo_msg/include/yolo_msg/yolo_msg/msg/detail/bounding_box__struct.h
[0.913s] -- Up-to-date: /home/junsu/yolo_python/install/yolo_msg/include/yolo_msg/yolo_msg/msg/detail/bounding_box__functions.c
[0.913s] -- Up-to-date: /home/junsu/yolo_python/install/yolo_msg/include/yolo_msg/yolo_msg/msg/detail/bounding_box_array__type_support.h
[0.913s] -- Up-to-date: /home/junsu/yolo_python/install/yolo_msg/include/yolo_msg/yolo_msg/msg/detail/bounding_box_array__functions.c
[0.913s] -- Up-to-date: /home/junsu/yolo_python/install/yolo_msg/include/yolo_msg/yolo_msg/msg/detail/bounding_box_array__functions.h
[0.914s] -- Up-to-date: /home/junsu/yolo_python/install/yolo_msg/include/yolo_msg/yolo_msg/msg/bounding_box.h
[0.914s] -- Up-to-date: /home/junsu/yolo_python/install/yolo_msg/include/yolo_msg/yolo_msg/msg/rosidl_generator_c__visibility_control.h
[0.915s] -- Up-to-date: /home/junsu/yolo_python/install/yolo_msg/share/yolo_msg/environment/library_path.sh
[0.915s] -- Up-to-date: /home/junsu/yolo_python/install/yolo_msg/share/yolo_msg/environment/library_path.dsv
[0.916s] -- Up-to-date: /home/junsu/yolo_python/install/yolo_msg/lib/libyolo_msg__rosidl_generator_c.so
[0.916s] -- Up-to-date: /home/junsu/yolo_python/install/yolo_msg/include/yolo_msg/yolo_msg
[0.916s] -- Up-to-date: /home/junsu/yolo_python/install/yolo_msg/include/yolo_msg/yolo_msg/msg
[0.917s] -- Up-to-date: /home/junsu/yolo_python/install/yolo_msg/include/yolo_msg/yolo_msg/msg/detail
[0.917s] -- Up-to-date: /home/junsu/yolo_python/install/yolo_msg/include/yolo_msg/yolo_msg/msg/detail/bounding_box_array__rosidl_typesupport_fastrtps_c.h
[0.917s] -- Up-to-date: /home/junsu/yolo_python/install/yolo_msg/include/yolo_msg/yolo_msg/msg/detail/bounding_box__rosidl_typesupport_fastrtps_c.h
[0.917s] -- Up-to-date: /home/junsu/yolo_python/install/yolo_msg/include/yolo_msg/yolo_msg/msg/rosidl_typesupport_fastrtps_c__visibility_control.h
[0.918s] -- Up-to-date: /home/junsu/yolo_python/install/yolo_msg/lib/libyolo_msg__rosidl_typesupport_fastrtps_c.so
[0.918s] -- Up-to-date: /home/junsu/yolo_python/install/yolo_msg/include/yolo_msg/yolo_msg
[0.918s] -- Up-to-date: /home/junsu/yolo_python/install/yolo_msg/include/yolo_msg/yolo_msg/msg
[0.918s] -- Up-to-date: /home/junsu/yolo_python/install/yolo_msg/include/yolo_msg/yolo_msg/msg/rosidl_generator_cpp__visibility_control.hpp
[0.918s] -- Up-to-date: /home/junsu/yolo_python/install/yolo_msg/include/yolo_msg/yolo_msg/msg/detail
[0.918s] -- Up-to-date: /home/junsu/yolo_python/install/yolo_msg/include/yolo_msg/yolo_msg/msg/detail/bounding_box_array__builder.hpp
[0.918s] -- Up-to-date: /home/junsu/yolo_python/install/yolo_msg/include/yolo_msg/yolo_msg/msg/detail/bounding_box_array__traits.hpp
[0.918s] -- Up-to-date: /home/junsu/yolo_python/install/yolo_msg/include/yolo_msg/yolo_msg/msg/detail/bounding_box_array__type_support.hpp
[0.919s] -- Up-to-date: /home/junsu/yolo_python/install/yolo_msg/include/yolo_msg/yolo_msg/msg/detail/bounding_box__builder.hpp
[0.919s] -- Up-to-date: /home/junsu/yolo_python/install/yolo_msg/include/yolo_msg/yolo_msg/msg/detail/bounding_box__struct.hpp
[0.919s] -- Up-to-date: /home/junsu/yolo_python/install/yolo_msg/include/yolo_msg/yolo_msg/msg/detail/bounding_box_array__struct.hpp
[0.919s] -- Up-to-date: /home/junsu/yolo_python/install/yolo_msg/include/yolo_msg/yolo_msg/msg/detail/bounding_box__traits.hpp
[0.919s] -- Up-to-date: /home/junsu/yolo_python/install/yolo_msg/include/yolo_msg/yolo_msg/msg/detail/bounding_box__type_support.hpp
[0.919s] -- Up-to-date: /home/junsu/yolo_python/install/yolo_msg/include/yolo_msg/yolo_msg/msg/bounding_box.hpp
[0.919s] -- Up-to-date: /home/junsu/yolo_python/install/yolo_msg/include/yolo_msg/yolo_msg/msg/bounding_box_array.hpp
[0.919s] -- Up-to-date: /home/junsu/yolo_python/install/yolo_msg/include/yolo_msg/yolo_msg
[0.919s] -- Up-to-date: /home/junsu/yolo_python/install/yolo_msg/include/yolo_msg/yolo_msg/msg
[0.919s] -- Up-to-date: /home/junsu/yolo_python/install/yolo_msg/include/yolo_msg/yolo_msg/msg/rosidl_typesupport_fastrtps_cpp__visibility_control.h
[0.919s] -- Up-to-date: /home/junsu/yolo_python/install/yolo_msg/include/yolo_msg/yolo_msg/msg/detail
[0.919s] -- Up-to-date: /home/junsu/yolo_python/install/yolo_msg/include/yolo_msg/yolo_msg/msg/detail/bounding_box__rosidl_typesupport_fastrtps_cpp.hpp
[0.919s] -- Up-to-date: /home/junsu/yolo_python/install/yolo_msg/include/yolo_msg/yolo_msg/msg/detail/bounding_box_array__rosidl_typesupport_fastrtps_cpp.hpp
[0.919s] -- Up-to-date: /home/junsu/yolo_python/install/yolo_msg/include/yolo_msg/yolo_msg/msg/detail/dds_fastrtps
[0.921s] -- Up-to-date: /home/junsu/yolo_python/install/yolo_msg/lib/libyolo_msg__rosidl_typesupport_fastrtps_cpp.so
[0.921s] -- Up-to-date: /home/junsu/yolo_python/install/yolo_msg/include/yolo_msg/yolo_msg
[0.921s] -- Up-to-date: /home/junsu/yolo_python/install/yolo_msg/include/yolo_msg/yolo_msg/msg
[0.921s] -- Up-to-date: /home/junsu/yolo_python/install/yolo_msg/include/yolo_msg/yolo_msg/msg/detail
[0.921s] -- Up-to-date: /home/junsu/yolo_python/install/yolo_msg/include/yolo_msg/yolo_msg/msg/detail/bounding_box__type_support.c
[0.921s] -- Up-to-date: /home/junsu/yolo_python/install/yolo_msg/include/yolo_msg/yolo_msg/msg/detail/bounding_box_array__type_support.c
[0.921s] -- Up-to-date: /home/junsu/yolo_python/install/yolo_msg/include/yolo_msg/yolo_msg/msg/detail/bounding_box__rosidl_typesupport_introspection_c.h
[0.921s] -- Up-to-date: /home/junsu/yolo_python/install/yolo_msg/include/yolo_msg/yolo_msg/msg/detail/bounding_box_array__rosidl_typesupport_introspection_c.h
[0.921s] -- Up-to-date: /home/junsu/yolo_python/install/yolo_msg/include/yolo_msg/yolo_msg/msg/rosidl_typesupport_introspection_c__visibility_control.h
[0.922s] -- Up-to-date: /home/junsu/yolo_python/install/yolo_msg/lib/libyolo_msg__rosidl_typesupport_introspection_c.so
[0.923s] -- Up-to-date: /home/junsu/yolo_python/install/yolo_msg/lib/libyolo_msg__rosidl_typesupport_c.so
[0.923s] -- Up-to-date: /home/junsu/yolo_python/install/yolo_msg/include/yolo_msg/yolo_msg
[0.923s] -- Up-to-date: /home/junsu/yolo_python/install/yolo_msg/include/yolo_msg/yolo_msg/msg
[0.923s] -- Up-to-date: /home/junsu/yolo_python/install/yolo_msg/include/yolo_msg/yolo_msg/msg/detail
[0.924s] -- Up-to-date: /home/junsu/yolo_python/install/yolo_msg/include/yolo_msg/yolo_msg/msg/detail/bounding_box__type_support.cpp
[0.924s] -- Up-to-date: /home/junsu/yolo_python/install/yolo_msg/include/yolo_msg/yolo_msg/msg/detail/bounding_box_array__type_support.cpp
[0.924s] -- Up-to-date: /home/junsu/yolo_python/install/yolo_msg/include/yolo_msg/yolo_msg/msg/detail/bounding_box__rosidl_typesupport_introspection_cpp.hpp
[0.924s] -- Up-to-date: /home/junsu/yolo_python/install/yolo_msg/include/yolo_msg/yolo_msg/msg/detail/bounding_box_array__rosidl_typesupport_introspection_cpp.hpp
[0.926s] -- Up-to-date: /home/junsu/yolo_python/install/yolo_msg/lib/libyolo_msg__rosidl_typesupport_introspection_cpp.so
[0.927s] -- Up-to-date: /home/junsu/yolo_python/install/yolo_msg/lib/libyolo_msg__rosidl_typesupport_cpp.so
[0.927s] -- Up-to-date: /home/junsu/yolo_python/install/yolo_msg/share/yolo_msg/environment/pythonpath.sh
[0.927s] -- Up-to-date: /home/junsu/yolo_python/install/yolo_msg/share/yolo_msg/environment/pythonpath.dsv
[0.928s] -- Up-to-date: /home/junsu/yolo_python/install/yolo_msg/local/lib/python3.10/dist-packages/yolo_msg-0.0.0-py3.10.egg-info
[0.928s] -- Installing: /home/junsu/yolo_python/install/yolo_msg/local/lib/python3.10/dist-packages/yolo_msg-0.0.0-py3.10.egg-info/dependency_links.txt
[0.929s] -- Installing: /home/junsu/yolo_python/install/yolo_msg/local/lib/python3.10/dist-packages/yolo_msg-0.0.0-py3.10.egg-info/SOURCES.txt
[0.929s] -- Installing: /home/junsu/yolo_python/install/yolo_msg/local/lib/python3.10/dist-packages/yolo_msg-0.0.0-py3.10.egg-info/top_level.txt
[0.929s] -- Installing: /home/junsu/yolo_python/install/yolo_msg/local/lib/python3.10/dist-packages/yolo_msg-0.0.0-py3.10.egg-info/PKG-INFO
[0.929s] -- Up-to-date: /home/junsu/yolo_python/install/yolo_msg/local/lib/python3.10/dist-packages/yolo_msg
[0.929s] -- Up-to-date: /home/junsu/yolo_python/install/yolo_msg/local/lib/python3.10/dist-packages/yolo_msg/_yolo_msg_s.ep.rosidl_typesupport_c.c
[0.929s] -- Up-to-date: /home/junsu/yolo_python/install/yolo_msg/local/lib/python3.10/dist-packages/yolo_msg/yolo_msg_s__rosidl_typesupport_fastrtps_c.cpython-310-x86_64-linux-gnu.so
[0.929s] -- Up-to-date: /home/junsu/yolo_python/install/yolo_msg/local/lib/python3.10/dist-packages/yolo_msg/yolo_msg_s__rosidl_typesupport_introspection_c.cpython-310-x86_64-linux-gnu.so
[0.929s] -- Up-to-date: /home/junsu/yolo_python/install/yolo_msg/local/lib/python3.10/dist-packages/yolo_msg/_yolo_msg_s.ep.rosidl_typesupport_fastrtps_c.c
[0.929s] -- Up-to-date: /home/junsu/yolo_python/install/yolo_msg/local/lib/python3.10/dist-packages/yolo_msg/yolo_msg_s__rosidl_typesupport_c.cpython-310-x86_64-linux-gnu.so
[0.929s] -- Up-to-date: /home/junsu/yolo_python/install/yolo_msg/local/lib/python3.10/dist-packages/yolo_msg/_yolo_msg_s.ep.rosidl_typesupport_introspection_c.c
[0.929s] -- Up-to-date: /home/junsu/yolo_python/install/yolo_msg/local/lib/python3.10/dist-packages/yolo_msg/libyolo_msg__rosidl_generator_py.so
[0.930s] -- Up-to-date: /home/junsu/yolo_python/install/yolo_msg/local/lib/python3.10/dist-packages/yolo_msg/msg
[0.930s] -- Up-to-date: /home/junsu/yolo_python/install/yolo_msg/local/lib/python3.10/dist-packages/yolo_msg/msg/_bounding_box.py
[0.930s] -- Up-to-date: /home/junsu/yolo_python/install/yolo_msg/local/lib/python3.10/dist-packages/yolo_msg/msg/_bounding_box_array_s.c
[0.930s] -- Up-to-date: /home/junsu/yolo_python/install/yolo_msg/local/lib/python3.10/dist-packages/yolo_msg/msg/_bounding_box_array.py
[0.930s] -- Up-to-date: /home/junsu/yolo_python/install/yolo_msg/local/lib/python3.10/dist-packages/yolo_msg/msg/__init__.py
[0.930s] -- Up-to-date: /home/junsu/yolo_python/install/yolo_msg/local/lib/python3.10/dist-packages/yolo_msg/msg/_bounding_box_s.c
[0.930s] -- Up-to-date: /home/junsu/yolo_python/install/yolo_msg/local/lib/python3.10/dist-packages/yolo_msg/__init__.py
[0.958s] Listing '/home/junsu/yolo_python/install/yolo_msg/local/lib/python3.10/dist-packages/yolo_msg'...
[0.958s] Listing '/home/junsu/yolo_python/install/yolo_msg/local/lib/python3.10/dist-packages/yolo_msg/msg'...
[0.962s] -- Up-to-date: /home/junsu/yolo_python/install/yolo_msg/local/lib/python3.10/dist-packages/yolo_msg/yolo_msg_s__rosidl_typesupport_fastrtps_c.cpython-310-x86_64-linux-gnu.so
[0.963s] -- Up-to-date: /home/junsu/yolo_python/install/yolo_msg/local/lib/python3.10/dist-packages/yolo_msg/yolo_msg_s__rosidl_typesupport_introspection_c.cpython-310-x86_64-linux-gnu.so
[0.964s] -- Up-to-date: /home/junsu/yolo_python/install/yolo_msg/local/lib/python3.10/dist-packages/yolo_msg/yolo_msg_s__rosidl_typesupport_c.cpython-310-x86_64-linux-gnu.so
[0.965s] -- Up-to-date: /home/junsu/yolo_python/install/yolo_msg/lib/libyolo_msg__rosidl_generator_py.so
[0.966s] -- Up-to-date: /home/junsu/yolo_python/install/yolo_msg/share/yolo_msg/msg/BoundingBox.idl
[0.966s] -- Up-to-date: /home/junsu/yolo_python/install/yolo_msg/share/yolo_msg/msg/BoundingBoxArray.idl
[0.966s] -- Up-to-date: /home/junsu/yolo_python/install/yolo_msg/share/yolo_msg/msg/BoundingBox.msg
[0.966s] -- Up-to-date: /home/junsu/yolo_python/install/yolo_msg/share/yolo_msg/msg/BoundingBoxArray.msg
[0.967s] -- Up-to-date: /home/junsu/yolo_python/install/yolo_msg/share/ament_index/resource_index/package_run_dependencies/yolo_msg
[0.967s] -- Up-to-date: /home/junsu/yolo_python/install/yolo_msg/share/ament_index/resource_index/parent_prefix_path/yolo_msg
[0.967s] -- Up-to-date: /home/junsu/yolo_python/install/yolo_msg/share/yolo_msg/environment/ament_prefix_path.sh
[0.967s] -- Up-to-date: /home/junsu/yolo_python/install/yolo_msg/share/yolo_msg/environment/ament_prefix_path.dsv
[0.967s] -- Up-to-date: /home/junsu/yolo_python/install/yolo_msg/share/yolo_msg/environment/path.sh
[0.967s] -- Up-to-date: /home/junsu/yolo_python/install/yolo_msg/share/yolo_msg/environment/path.dsv
[0.967s] -- Up-to-date: /home/junsu/yolo_python/install/yolo_msg/share/yolo_msg/local_setup.bash
[0.967s] -- Up-to-date: /home/junsu/yolo_python/install/yolo_msg/share/yolo_msg/local_setup.sh
[0.968s] -- Up-to-date: /home/junsu/yolo_python/install/yolo_msg/share/yolo_msg/local_setup.zsh
[0.968s] -- Up-to-date: /home/junsu/yolo_python/install/yolo_msg/share/yolo_msg/local_setup.dsv
[0.968s] -- Installing: /home/junsu/yolo_python/install/yolo_msg/share/yolo_msg/package.dsv
[0.968s] -- Up-to-date: /home/junsu/yolo_python/install/yolo_msg/share/ament_index/resource_index/packages/yolo_msg
[0.971s] -- Up-to-date: /home/junsu/yolo_python/install/yolo_msg/share/yolo_msg/cmake/export_yolo_msg__rosidl_generator_cExport.cmake
[0.971s] -- Up-to-date: /home/junsu/yolo_python/install/yolo_msg/share/yolo_msg/cmake/export_yolo_msg__rosidl_generator_cExport-noconfig.cmake
[0.972s] -- Up-to-date: /home/junsu/yolo_python/install/yolo_msg/share/yolo_msg/cmake/export_yolo_msg__rosidl_typesupport_fastrtps_cExport.cmake
[0.972s] -- Up-to-date: /home/junsu/yolo_python/install/yolo_msg/share/yolo_msg/cmake/export_yolo_msg__rosidl_typesupport_fastrtps_cExport-noconfig.cmake
[0.972s] -- Up-to-date: /home/junsu/yolo_python/install/yolo_msg/share/yolo_msg/cmake/export_yolo_msg__rosidl_generator_cppExport.cmake
[0.973s] -- Up-to-date: /home/junsu/yolo_python/install/yolo_msg/share/yolo_msg/cmake/export_yolo_msg__rosidl_typesupport_fastrtps_cppExport.cmake
[0.973s] -- Up-to-date: /home/junsu/yolo_python/install/yolo_msg/share/yolo_msg/cmake/export_yolo_msg__rosidl_typesupport_fastrtps_cppExport-noconfig.cmake
[0.974s] -- Up-to-date: /home/junsu/yolo_python/install/yolo_msg/share/yolo_msg/cmake/yolo_msg__rosidl_typesupport_introspection_cExport.cmake
[0.974s] -- Up-to-date: /home/junsu/yolo_python/install/yolo_msg/share/yolo_msg/cmake/yolo_msg__rosidl_typesupport_introspection_cExport-noconfig.cmake
[0.975s] -- Up-to-date: /home/junsu/yolo_python/install/yolo_msg/share/yolo_msg/cmake/yolo_msg__rosidl_typesupport_cExport.cmake
[0.975s] -- Up-to-date: /home/junsu/yolo_python/install/yolo_msg/share/yolo_msg/cmake/yolo_msg__rosidl_typesupport_cExport-noconfig.cmake
[0.976s] -- Up-to-date: /home/junsu/yolo_python/install/yolo_msg/share/yolo_msg/cmake/yolo_msg__rosidl_typesupport_introspection_cppExport.cmake
[0.976s] -- Up-to-date: /home/junsu/yolo_python/install/yolo_msg/share/yolo_msg/cmake/yolo_msg__rosidl_typesupport_introspection_cppExport-noconfig.cmake
[0.977s] -- Up-to-date: /home/junsu/yolo_python/install/yolo_msg/share/yolo_msg/cmake/yolo_msg__rosidl_typesupport_cppExport.cmake
[0.977s] -- Up-to-date: /home/junsu/yolo_python/install/yolo_msg/share/yolo_msg/cmake/yolo_msg__rosidl_typesupport_cppExport-noconfig.cmake
[0.978s] -- Up-to-date: /home/junsu/yolo_python/install/yolo_msg/share/yolo_msg/cmake/export_yolo_msg__rosidl_generator_pyExport.cmake
[0.978s] -- Up-to-date: /home/junsu/yolo_python/install/yolo_msg/share/yolo_msg/cmake/export_yolo_msg__rosidl_generator_pyExport-noconfig.cmake
[0.978s] -- Up-to-date: /home/junsu/yolo_python/install/yolo_msg/share/yolo_msg/cmake/rosidl_cmake-extras.cmake
[0.978s] -- Up-to-date: /home/junsu/yolo_python/install/yolo_msg/share/yolo_msg/cmake/ament_cmake_export_dependencies-extras.cmake
[0.978s] -- Up-to-date: /home/junsu/yolo_python/install/yolo_msg/share/yolo_msg/cmake/ament_cmake_export_include_directories-extras.cmake
[0.978s] -- Up-to-date: /home/junsu/yolo_python/install/yolo_msg/share/yolo_msg/cmake/ament_cmake_export_libraries-extras.cmake
[0.978s] -- Up-to-date: /home/junsu/yolo_python/install/yolo_msg/share/yolo_msg/cmake/ament_cmake_export_targets-extras.cmake
[0.978s] -- Up-to-date: /home/junsu/yolo_python/install/yolo_msg/share/yolo_msg/cmake/rosidl_cmake_export_typesupport_targets-extras.cmake
[0.979s] -- Up-to-date: /home/junsu/yolo_python/install/yolo_msg/share/yolo_msg/cmake/rosidl_cmake_export_typesupport_libraries-extras.cmake
[0.979s] -- Up-to-date: /home/junsu/yolo_python/install/yolo_msg/share/yolo_msg/cmake/yolo_msgConfig.cmake
[0.979s] -- Up-to-date: /home/junsu/yolo_python/install/yolo_msg/share/yolo_msg/cmake/yolo_msgConfig-version.cmake
[0.979s] -- Up-to-date: /home/junsu/yolo_python/install/yolo_msg/share/yolo_msg/package.xml
[0.980s] Invoked command in '/home/junsu/yolo_python/build/yolo_msg' returned '0': /usr/local/bin/cmake --install /home/junsu/yolo_python/build/yolo_msg
