[0.660s] Invoking command in '/home/junsu/1.cam/src/fusion': PYTHONPATH=/home/junsu/1.cam/build/fusion/prefix_override:/usr/lib/python3/dist-packages/colcon_core/task/python/colcon_distutils_commands:/home/junsu/1.cam/install/fusion/lib/python3.10/site-packages:${PYTHONPATH} /usr/bin/python3 -W ignore:setup.py install is deprecated -W ignore:easy_install command is deprecated setup.py egg_info --egg-base ../../build/fusion build --build-base /home/junsu/1.cam/build/fusion/build install --record /home/junsu/1.cam/build/fusion/install.log --single-version-externally-managed install_data
[0.895s] running egg_info
[0.895s] writing ../../build/fusion/fusion.egg-info/PKG-INFO
[0.896s] writing dependency_links to ../../build/fusion/fusion.egg-info/dependency_links.txt
[0.896s] writing entry points to ../../build/fusion/fusion.egg-info/entry_points.txt
[0.896s] writing requirements to ../../build/fusion/fusion.egg-info/requires.txt
[0.896s] writing top-level names to ../../build/fusion/fusion.egg-info/top_level.txt
[0.902s] reading manifest file '../../build/fusion/fusion.egg-info/SOURCES.txt'
[0.902s] writing manifest file '../../build/fusion/fusion.egg-info/SOURCES.txt'
[0.902s] running build
[0.902s] running build_py
[0.902s] copying fusion/top_view.py -> /home/junsu/1.cam/build/fusion/build/lib/fusion
[0.902s] running install
[0.903s] running install_lib
[0.903s] copying /home/junsu/1.cam/build/fusion/build/lib/fusion/top_view.py -> /home/junsu/1.cam/install/fusion/lib/python3.10/site-packages/fusion
[0.904s] byte-compiling /home/junsu/1.cam/install/fusion/lib/python3.10/site-packages/fusion/top_view.py to top_view.cpython-310.pyc
[0.905s] running install_data
[0.905s] running install_egg_info
[0.907s] removing '/home/junsu/1.cam/install/fusion/lib/python3.10/site-packages/fusion-0.0.0-py3.10.egg-info' (and everything under it)
[0.907s] Copying ../../build/fusion/fusion.egg-info to /home/junsu/1.cam/install/fusion/lib/python3.10/site-packages/fusion-0.0.0-py3.10.egg-info
[0.907s] running install_scripts
[0.924s] Installing cap script to /home/junsu/1.cam/install/fusion/lib/fusion
[0.924s] Installing double script to /home/junsu/1.cam/install/fusion/lib/fusion
[0.924s] Installing mtest script to /home/junsu/1.cam/install/fusion/lib/fusion
[0.924s] Installing roi script to /home/junsu/1.cam/install/fusion/lib/fusion
[0.925s] Installing test script to /home/junsu/1.cam/install/fusion/lib/fusion
[0.925s] Installing top script to /home/junsu/1.cam/install/fusion/lib/fusion
[0.925s] Installing track script to /home/junsu/1.cam/install/fusion/lib/fusion
[0.925s] writing list of installed files to '/home/junsu/1.cam/build/fusion/install.log'
[0.956s] Invoked command in '/home/junsu/1.cam/src/fusion' returned '0': PYTHONPATH=/home/junsu/1.cam/build/fusion/prefix_override:/usr/lib/python3/dist-packages/colcon_core/task/python/colcon_distutils_commands:/home/junsu/1.cam/install/fusion/lib/python3.10/site-packages:${PYTHONPATH} /usr/bin/python3 -W ignore:setup.py install is deprecated -W ignore:easy_install command is deprecated setup.py egg_info --egg-base ../../build/fusion build --build-base /home/junsu/1.cam/build/fusion/build install --record /home/junsu/1.cam/build/fusion/install.log --single-version-externally-managed install_data
