[0.008s] Invoking command in '/home/junsu/yolo_python/build/yolo_msg': /usr/local/bin/cmake --build /home/junsu/yolo_python/build/yolo_msg -- -j8 -l8
[0.018s] -- Found ament_cmake: 1.3.11 (/opt/ros/humble/share/ament_cmake/cmake)
[0.173s] -- Found std_msgs: 4.2.4 (/opt/ros/humble/share/std_msgs/cmake)
[0.192s] -- Found rosidl_generator_c: 3.1.6 (/opt/ros/humble/share/rosidl_generator_c/cmake)
[0.194s] -- Found rosidl_adapter: 3.1.6 (/opt/ros/humble/share/rosidl_adapter/cmake)
[0.199s] -- Found rosidl_generator_cpp: 3.1.6 (/opt/ros/humble/share/rosidl_generator_cpp/cmake)
[0.206s] -- Using all available rosidl_typesupport_c: rosidl_typesupport_fastrtps_c;rosidl_typesupport_introspection_c
[0.217s] -- Using all available rosidl_typesupport_cpp: rosidl_typesupport_fastrtps_cpp;rosidl_typesupport_introspection_cpp
[0.239s] -- Found rosidl_default_generators: 1.2.0 (/opt/ros/humble/share/rosidl_default_generators/cmake)
[0.585s] -- Found ament_cmake_ros: 0.10.0 (/opt/ros/humble/share/ament_cmake_ros/cmake)
[1.159s] -- Using all available rosidl_typesupport_c: rosidl_typesupport_fastrtps_c;rosidl_typesupport_introspection_c
[1.385s] -- Using all available rosidl_typesupport_cpp: rosidl_typesupport_fastrtps_cpp;rosidl_typesupport_introspection_cpp
[1.387s] [33mCMake Warning (dev) at /opt/ros/humble/share/rosidl_generator_py/cmake/rosidl_generator_py_generate_interfaces.cmake:20 (find_package):
[1.387s]   Policy CMP0148 is not set: The FindPythonInterp and FindPythonLibs modules
[1.387s]   are removed.  Run "cmake --help-policy CMP0148" for policy details.  Use
[1.387s]   the cmake_policy command to set the policy and suppress this warning.
[1.387s] 
[1.387s] Call Stack (most recent call first):
[1.387s]   /opt/ros/humble/share/ament_cmake_core/cmake/core/ament_execute_extensions.cmake:48 (include)
[1.387s]   /opt/ros/humble/share/rosidl_cmake/cmake/rosidl_generate_interfaces.cmake:286 (ament_execute_extensions)
[1.387s]   CMakeLists.txt:14 (rosidl_generate_interfaces)
[1.388s] This warning is for project developers.  Use -Wno-dev to suppress it.
[1.388s] [0m
[1.404s] -- Found python_cmake_module: 0.10.0 (/opt/ros/humble/share/python_cmake_module/cmake)
[1.404s] [33mCMake Warning (dev) at /opt/ros/humble/share/python_cmake_module/cmake/Modules/FindPythonExtra.cmake:52 (find_package):
[1.404s]   Policy CMP0148 is not set: The FindPythonInterp and FindPythonLibs modules
[1.404s]   are removed.  Run "cmake --help-policy CMP0148" for policy details.  Use
[1.404s]   the cmake_policy command to set the policy and suppress this warning.
[1.404s] 
[1.404s] Call Stack (most recent call first):
[1.404s]   /opt/ros/humble/share/rosidl_generator_py/cmake/rosidl_generator_py_generate_interfaces.cmake:23 (find_package)
[1.404s]   /opt/ros/humble/share/ament_cmake_core/cmake/core/ament_execute_extensions.cmake:48 (include)
[1.404s]   /opt/ros/humble/share/rosidl_cmake/cmake/rosidl_generate_interfaces.cmake:286 (ament_execute_extensions)
[1.404s]   CMakeLists.txt:14 (rosidl_generate_interfaces)
[1.404s] This warning is for project developers.  Use -Wno-dev to suppress it.
[1.404s] [0m
[1.420s] [33mCMake Warning (dev) at /opt/ros/humble/share/python_cmake_module/cmake/Modules/FindPythonExtra.cmake:140 (find_package):
[1.420s]   Policy CMP0148 is not set: The FindPythonInterp and FindPythonLibs modules
[1.420s]   are removed.  Run "cmake --help-policy CMP0148" for policy details.  Use
[1.420s]   the cmake_policy command to set the policy and suppress this warning.
[1.420s] 
[1.420s] Call Stack (most recent call first):
[1.420s]   /opt/ros/humble/share/rosidl_generator_py/cmake/rosidl_generator_py_generate_interfaces.cmake:23 (find_package)
[1.420s]   /opt/ros/humble/share/ament_cmake_core/cmake/core/ament_execute_extensions.cmake:48 (include)
[1.420s]   /opt/ros/humble/share/rosidl_cmake/cmake/rosidl_generate_interfaces.cmake:286 (ament_execute_extensions)
[1.420s]   CMakeLists.txt:14 (rosidl_generate_interfaces)
[1.420s] This warning is for project developers.  Use -Wno-dev to suppress it.
[1.420s] [0m
[1.421s] -- Using PYTHON_EXECUTABLE: /opt/ros/humble/bin/python3
[1.421s] -- Using PYTHON_INCLUDE_DIRS: /usr/include/python3.10
[1.421s] -- Using PYTHON_LIBRARIES: /usr/lib/x86_64-linux-gnu/libpython3.10.so
[1.446s] -- Configuring done (1.4s)
[1.470s] -- Generating done (0.0s)
[1.481s] -- Build files have been written to: /home/junsu/yolo_python/build/yolo_msg
[1.490s] [  2%] [34m[1mGenerating C code for ROS interfaces[0m
[1.493s] [  5%] [34m[1mGenerating C++ code for ROS interfaces[0m
[1.495s] [  5%] Built target ament_cmake_python_copy_yolo_msg
[1.669s] running egg_info
[1.684s] writing yolo_msg.egg-info/PKG-INFO
[1.685s] writing dependency_links to yolo_msg.egg-info/dependency_links.txt
[1.685s] writing top-level names to yolo_msg.egg-info/top_level.txt
[1.730s] [  5%] Built target yolo_msg__cpp
[1.734s] reading manifest file 'yolo_msg.egg-info/SOURCES.txt'
[1.735s] [  7%] [34m[1mGenerating C++ type support dispatch for ROS interfaces[0m
[1.735s] [ 12%] [34m[1mGenerating C++ type support for eProsima Fast-RTPS[0m
[1.735s] [ 12%] [34m[1mGenerating C++ introspection for ROS interfaces[0m
[1.735s] writing manifest file 'yolo_msg.egg-info/SOURCES.txt'
[1.747s] [ 15%] [32mBuilding C object CMakeFiles/yolo_msg__rosidl_generator_c.dir/rosidl_generator_c/yolo_msg/msg/detail/bounding_box__functions.c.o[0m
[1.748s] [ 17%] [32mBuilding C object CMakeFiles/yolo_msg__rosidl_generator_c.dir/rosidl_generator_c/yolo_msg/msg/detail/bounding_box_array__functions.c.o[0m
[1.777s] [ 17%] Built target ament_cmake_python_build_yolo_msg_egg
[1.797s] [ 20%] [32m[1mLinking C shared library libyolo_msg__rosidl_generator_c.so[0m
[1.816s] [ 20%] Built target yolo_msg__rosidl_generator_c
[1.821s] [ 23%] [34m[1mGenerating C type support dispatch for ROS interfaces[0m
[1.822s] [ 25%] [34m[1mGenerating C type support for eProsima Fast-RTPS[0m
[1.822s] [ 28%] [34m[1mGenerating C introspection for ROS interfaces[0m
[1.988s] [ 30%] [32mBuilding CXX object CMakeFiles/yolo_msg__rosidl_typesupport_introspection_cpp.dir/rosidl_typesupport_introspection_cpp/yolo_msg/msg/detail/bounding_box__type_support.cpp.o[0m
[1.988s] [ 33%] [32mBuilding CXX object CMakeFiles/yolo_msg__rosidl_typesupport_introspection_cpp.dir/rosidl_typesupport_introspection_cpp/yolo_msg/msg/detail/bounding_box_array__type_support.cpp.o[0m
[1.996s] [ 35%] [32mBuilding CXX object CMakeFiles/yolo_msg__rosidl_typesupport_fastrtps_cpp.dir/rosidl_typesupport_fastrtps_cpp/yolo_msg/msg/detail/dds_fastrtps/bounding_box__type_support.cpp.o[0m
[1.999s] [ 38%] [32mBuilding CXX object CMakeFiles/yolo_msg__rosidl_typesupport_fastrtps_cpp.dir/rosidl_typesupport_fastrtps_cpp/yolo_msg/msg/detail/dds_fastrtps/bounding_box_array__type_support.cpp.o[0m
[2.065s] [ 41%] [32mBuilding CXX object CMakeFiles/yolo_msg__rosidl_typesupport_cpp.dir/rosidl_typesupport_cpp/yolo_msg/msg/bounding_box__type_support.cpp.o[0m
[2.204s] [ 43%] [32mBuilding CXX object CMakeFiles/yolo_msg__rosidl_typesupport_c.dir/rosidl_typesupport_c/yolo_msg/msg/bounding_box__type_support.cpp.o[0m
[2.241s] [ 46%] [32mBuilding CXX object CMakeFiles/yolo_msg__rosidl_typesupport_c.dir/rosidl_typesupport_c/yolo_msg/msg/bounding_box_array__type_support.cpp.o[0m
[2.264s] [ 48%] [32mBuilding C object CMakeFiles/yolo_msg__rosidl_typesupport_introspection_c.dir/rosidl_typesupport_introspection_c/yolo_msg/msg/detail/bounding_box__type_support.c.o[0m
[2.272s] [ 53%] [32m[1mLinking CXX shared library libyolo_msg__rosidl_typesupport_c.so[0m
[2.272s] [ 53%] [32mBuilding CXX object CMakeFiles/yolo_msg__rosidl_typesupport_fastrtps_c.dir/rosidl_typesupport_fastrtps_c/yolo_msg/msg/detail/bounding_box__type_support_c.cpp.o[0m
[2.300s] [ 56%] [32mBuilding C object CMakeFiles/yolo_msg__rosidl_typesupport_introspection_c.dir/rosidl_typesupport_introspection_c/yolo_msg/msg/detail/bounding_box_array__type_support.c.o[0m
[2.311s] [ 56%] Built target yolo_msg__rosidl_typesupport_c
[2.317s] [ 58%] [32mBuilding CXX object CMakeFiles/yolo_msg__rosidl_typesupport_fastrtps_c.dir/rosidl_typesupport_fastrtps_c/yolo_msg/msg/detail/bounding_box_array__type_support_c.cpp.o[0m
[2.341s] [ 61%] [32m[1mLinking C shared library libyolo_msg__rosidl_typesupport_introspection_c.so[0m
[2.364s] [ 61%] Built target yolo_msg__rosidl_typesupport_introspection_c
[2.368s] [ 64%] [32mBuilding CXX object CMakeFiles/yolo_msg__rosidl_typesupport_cpp.dir/rosidl_typesupport_cpp/yolo_msg/msg/bounding_box_array__type_support.cpp.o[0m
[2.512s] [ 66%] [32m[1mLinking CXX shared library libyolo_msg__rosidl_typesupport_introspection_cpp.so[0m
[2.528s] [ 69%] [32m[1mLinking CXX shared library libyolo_msg__rosidl_typesupport_fastrtps_cpp.so[0m
[2.592s] [ 69%] Built target yolo_msg__rosidl_typesupport_introspection_cpp
[2.604s] [ 69%] Built target yolo_msg__rosidl_typesupport_fastrtps_cpp
[2.676s] [ 71%] [32m[1mLinking CXX shared library libyolo_msg__rosidl_typesupport_cpp.so[0m
[2.690s] [ 74%] [32m[1mLinking CXX shared library libyolo_msg__rosidl_typesupport_fastrtps_c.so[0m
[2.698s] [ 74%] Built target yolo_msg__rosidl_typesupport_cpp
[2.738s] [ 74%] Built target yolo_msg__rosidl_typesupport_fastrtps_c
[2.745s] [ 74%] Built target yolo_msg
[2.752s] [ 76%] [34m[1mGenerating Python code for ROS interfaces[0m
[3.047s] [ 76%] Built target yolo_msg__py
[3.056s] [ 79%] [32mBuilding C object CMakeFiles/yolo_msg__rosidl_generator_py.dir/rosidl_generator_py/yolo_msg/msg/_bounding_box_s.c.o[0m
[3.056s] [ 82%] [32mBuilding C object CMakeFiles/yolo_msg__rosidl_generator_py.dir/rosidl_generator_py/yolo_msg/msg/_bounding_box_array_s.c.o[0m
[3.125s] [ 84%] [32m[1mLinking C shared library rosidl_generator_py/yolo_msg/libyolo_msg__rosidl_generator_py.so[0m
[3.148s] [ 84%] Built target yolo_msg__rosidl_generator_py
[3.157s] [ 92%] [32mBuilding C object CMakeFiles/yolo_msg__rosidl_typesupport_introspection_c__pyext.dir/rosidl_generator_py/yolo_msg/_yolo_msg_s.ep.rosidl_typesupport_introspection_c.c.o[0m
[3.157s] [ 92%] [32mBuilding C object CMakeFiles/yolo_msg__rosidl_typesupport_fastrtps_c__pyext.dir/rosidl_generator_py/yolo_msg/_yolo_msg_s.ep.rosidl_typesupport_fastrtps_c.c.o[0m
[3.157s] [ 92%] [32mBuilding C object CMakeFiles/yolo_msg__rosidl_typesupport_c__pyext.dir/rosidl_generator_py/yolo_msg/_yolo_msg_s.ep.rosidl_typesupport_c.c.o[0m
[3.226s] [100%] [32m[1mLinking C shared library rosidl_generator_py/yolo_msg/yolo_msg_s__rosidl_typesupport_c.cpython-310-x86_64-linux-gnu.so[0m
[3.226s] [100%] [32m[1mLinking C shared library rosidl_generator_py/yolo_msg/yolo_msg_s__rosidl_typesupport_fastrtps_c.cpython-310-x86_64-linux-gnu.so[0m
[3.226s] [100%] [32m[1mLinking C shared library rosidl_generator_py/yolo_msg/yolo_msg_s__rosidl_typesupport_introspection_c.cpython-310-x86_64-linux-gnu.so[0m
[3.247s] [100%] Built target yolo_msg__rosidl_typesupport_fastrtps_c__pyext
[3.247s] [100%] Built target yolo_msg__rosidl_typesupport_c__pyext
[3.247s] [100%] Built target yolo_msg__rosidl_typesupport_introspection_c__pyext
[3.250s] Invoked command in '/home/junsu/yolo_python/build/yolo_msg' returned '0': /usr/local/bin/cmake --build /home/junsu/yolo_python/build/yolo_msg -- -j8 -l8
[3.253s] Invoking command in '/home/junsu/yolo_python/build/yolo_msg': /usr/local/bin/cmake --install /home/junsu/yolo_python/build/yolo_msg
[3.256s] -- Install configuration: ""
[3.256s] -- Up-to-date: /home/junsu/yolo_python/install/yolo_msg/share/ament_index/resource_index/rosidl_interfaces/yolo_msg
[3.256s] -- Up-to-date: /home/junsu/yolo_python/install/yolo_msg/include/yolo_msg/yolo_msg
[3.256s] -- Up-to-date: /home/junsu/yolo_python/install/yolo_msg/include/yolo_msg/yolo_msg/msg
[3.256s] -- Installing: /home/junsu/yolo_python/install/yolo_msg/include/yolo_msg/yolo_msg/msg/bounding_box_array.h
[3.256s] -- Up-to-date: /home/junsu/yolo_python/install/yolo_msg/include/yolo_msg/yolo_msg/msg/detail
[3.256s] -- Installing: /home/junsu/yolo_python/install/yolo_msg/include/yolo_msg/yolo_msg/msg/detail/bounding_box__type_support.h
[3.256s] -- Installing: /home/junsu/yolo_python/install/yolo_msg/include/yolo_msg/yolo_msg/msg/detail/bounding_box_array__struct.h
[3.256s] -- Installing: /home/junsu/yolo_python/install/yolo_msg/include/yolo_msg/yolo_msg/msg/detail/bounding_box__functions.h
[3.256s] -- Installing: /home/junsu/yolo_python/install/yolo_msg/include/yolo_msg/yolo_msg/msg/detail/bounding_box__struct.h
[3.256s] -- Installing: /home/junsu/yolo_python/install/yolo_msg/include/yolo_msg/yolo_msg/msg/detail/bounding_box__functions.c
[3.256s] -- Installing: /home/junsu/yolo_python/install/yolo_msg/include/yolo_msg/yolo_msg/msg/detail/bounding_box_array__type_support.h
[3.256s] -- Installing: /home/junsu/yolo_python/install/yolo_msg/include/yolo_msg/yolo_msg/msg/detail/bounding_box_array__functions.c
[3.256s] -- Installing: /home/junsu/yolo_python/install/yolo_msg/include/yolo_msg/yolo_msg/msg/detail/bounding_box_array__functions.h
[3.256s] -- Installing: /home/junsu/yolo_python/install/yolo_msg/include/yolo_msg/yolo_msg/msg/bounding_box.h
[3.256s] -- Up-to-date: /home/junsu/yolo_python/install/yolo_msg/include/yolo_msg/yolo_msg/msg/rosidl_generator_c__visibility_control.h
[3.256s] -- Up-to-date: /home/junsu/yolo_python/install/yolo_msg/share/yolo_msg/environment/library_path.sh
[3.257s] -- Installing: /home/junsu/yolo_python/install/yolo_msg/share/yolo_msg/environment/library_path.dsv
[3.257s] -- Installing: /home/junsu/yolo_python/install/yolo_msg/lib/libyolo_msg__rosidl_generator_c.so
[3.257s] -- Set non-toolchain portion of runtime path of "/home/junsu/yolo_python/install/yolo_msg/lib/libyolo_msg__rosidl_generator_c.so" to ""
[3.257s] -- Up-to-date: /home/junsu/yolo_python/install/yolo_msg/include/yolo_msg/yolo_msg
[3.257s] -- Up-to-date: /home/junsu/yolo_python/install/yolo_msg/include/yolo_msg/yolo_msg/msg
[3.257s] -- Up-to-date: /home/junsu/yolo_python/install/yolo_msg/include/yolo_msg/yolo_msg/msg/detail
[3.257s] -- Installing: /home/junsu/yolo_python/install/yolo_msg/include/yolo_msg/yolo_msg/msg/detail/bounding_box_array__rosidl_typesupport_fastrtps_c.h
[3.257s] -- Installing: /home/junsu/yolo_python/install/yolo_msg/include/yolo_msg/yolo_msg/msg/detail/bounding_box__rosidl_typesupport_fastrtps_c.h
[3.257s] -- Up-to-date: /home/junsu/yolo_python/install/yolo_msg/include/yolo_msg/yolo_msg/msg/rosidl_typesupport_fastrtps_c__visibility_control.h
[3.257s] -- Installing: /home/junsu/yolo_python/install/yolo_msg/lib/libyolo_msg__rosidl_typesupport_fastrtps_c.so
[3.257s] -- Set non-toolchain portion of runtime path of "/home/junsu/yolo_python/install/yolo_msg/lib/libyolo_msg__rosidl_typesupport_fastrtps_c.so" to ""
[3.257s] -- Up-to-date: /home/junsu/yolo_python/install/yolo_msg/include/yolo_msg/yolo_msg
[3.257s] -- Up-to-date: /home/junsu/yolo_python/install/yolo_msg/include/yolo_msg/yolo_msg/msg
[3.258s] -- Up-to-date: /home/junsu/yolo_python/install/yolo_msg/include/yolo_msg/yolo_msg/msg/rosidl_generator_cpp__visibility_control.hpp
[3.258s] -- Up-to-date: /home/junsu/yolo_python/install/yolo_msg/include/yolo_msg/yolo_msg/msg/detail
[3.258s] -- Installing: /home/junsu/yolo_python/install/yolo_msg/include/yolo_msg/yolo_msg/msg/detail/bounding_box_array__builder.hpp
[3.258s] -- Installing: /home/junsu/yolo_python/install/yolo_msg/include/yolo_msg/yolo_msg/msg/detail/bounding_box_array__traits.hpp
[3.258s] -- Installing: /home/junsu/yolo_python/install/yolo_msg/include/yolo_msg/yolo_msg/msg/detail/bounding_box_array__type_support.hpp
[3.258s] -- Installing: /home/junsu/yolo_python/install/yolo_msg/include/yolo_msg/yolo_msg/msg/detail/bounding_box__builder.hpp
[3.258s] -- Installing: /home/junsu/yolo_python/install/yolo_msg/include/yolo_msg/yolo_msg/msg/detail/bounding_box__struct.hpp
[3.258s] -- Installing: /home/junsu/yolo_python/install/yolo_msg/include/yolo_msg/yolo_msg/msg/detail/bounding_box_array__struct.hpp
[3.258s] -- Installing: /home/junsu/yolo_python/install/yolo_msg/include/yolo_msg/yolo_msg/msg/detail/bounding_box__traits.hpp
[3.258s] -- Installing: /home/junsu/yolo_python/install/yolo_msg/include/yolo_msg/yolo_msg/msg/detail/bounding_box__type_support.hpp
[3.258s] -- Installing: /home/junsu/yolo_python/install/yolo_msg/include/yolo_msg/yolo_msg/msg/bounding_box.hpp
[3.258s] -- Installing: /home/junsu/yolo_python/install/yolo_msg/include/yolo_msg/yolo_msg/msg/bounding_box_array.hpp
[3.258s] -- Up-to-date: /home/junsu/yolo_python/install/yolo_msg/include/yolo_msg/yolo_msg
[3.258s] -- Up-to-date: /home/junsu/yolo_python/install/yolo_msg/include/yolo_msg/yolo_msg/msg
[3.258s] -- Up-to-date: /home/junsu/yolo_python/install/yolo_msg/include/yolo_msg/yolo_msg/msg/rosidl_typesupport_fastrtps_cpp__visibility_control.h
[3.258s] -- Up-to-date: /home/junsu/yolo_python/install/yolo_msg/include/yolo_msg/yolo_msg/msg/detail
[3.258s] -- Installing: /home/junsu/yolo_python/install/yolo_msg/include/yolo_msg/yolo_msg/msg/detail/bounding_box__rosidl_typesupport_fastrtps_cpp.hpp
[3.258s] -- Installing: /home/junsu/yolo_python/install/yolo_msg/include/yolo_msg/yolo_msg/msg/detail/bounding_box_array__rosidl_typesupport_fastrtps_cpp.hpp
[3.258s] -- Up-to-date: /home/junsu/yolo_python/install/yolo_msg/include/yolo_msg/yolo_msg/msg/detail/dds_fastrtps
[3.258s] -- Installing: /home/junsu/yolo_python/install/yolo_msg/lib/libyolo_msg__rosidl_typesupport_fastrtps_cpp.so
[3.259s] -- Set non-toolchain portion of runtime path of "/home/junsu/yolo_python/install/yolo_msg/lib/libyolo_msg__rosidl_typesupport_fastrtps_cpp.so" to ""
[3.259s] -- Up-to-date: /home/junsu/yolo_python/install/yolo_msg/include/yolo_msg/yolo_msg
[3.259s] -- Up-to-date: /home/junsu/yolo_python/install/yolo_msg/include/yolo_msg/yolo_msg/msg
[3.259s] -- Up-to-date: /home/junsu/yolo_python/install/yolo_msg/include/yolo_msg/yolo_msg/msg/detail
[3.259s] -- Installing: /home/junsu/yolo_python/install/yolo_msg/include/yolo_msg/yolo_msg/msg/detail/bounding_box__type_support.c
[3.259s] -- Installing: /home/junsu/yolo_python/install/yolo_msg/include/yolo_msg/yolo_msg/msg/detail/bounding_box_array__type_support.c
[3.259s] -- Installing: /home/junsu/yolo_python/install/yolo_msg/include/yolo_msg/yolo_msg/msg/detail/bounding_box__rosidl_typesupport_introspection_c.h
[3.259s] -- Installing: /home/junsu/yolo_python/install/yolo_msg/include/yolo_msg/yolo_msg/msg/detail/bounding_box_array__rosidl_typesupport_introspection_c.h
[3.259s] -- Up-to-date: /home/junsu/yolo_python/install/yolo_msg/include/yolo_msg/yolo_msg/msg/rosidl_typesupport_introspection_c__visibility_control.h
[3.259s] -- Installing: /home/junsu/yolo_python/install/yolo_msg/lib/libyolo_msg__rosidl_typesupport_introspection_c.so
[3.259s] -- Set non-toolchain portion of runtime path of "/home/junsu/yolo_python/install/yolo_msg/lib/libyolo_msg__rosidl_typesupport_introspection_c.so" to ""
[3.259s] -- Installing: /home/junsu/yolo_python/install/yolo_msg/lib/libyolo_msg__rosidl_typesupport_c.so
[3.259s] -- Set non-toolchain portion of runtime path of "/home/junsu/yolo_python/install/yolo_msg/lib/libyolo_msg__rosidl_typesupport_c.so" to ""
[3.259s] -- Up-to-date: /home/junsu/yolo_python/install/yolo_msg/include/yolo_msg/yolo_msg
[3.260s] -- Up-to-date: /home/junsu/yolo_python/install/yolo_msg/include/yolo_msg/yolo_msg/msg
[3.260s] -- Up-to-date: /home/junsu/yolo_python/install/yolo_msg/include/yolo_msg/yolo_msg/msg/detail
[3.260s] -- Installing: /home/junsu/yolo_python/install/yolo_msg/include/yolo_msg/yolo_msg/msg/detail/bounding_box__type_support.cpp
[3.260s] -- Installing: /home/junsu/yolo_python/install/yolo_msg/include/yolo_msg/yolo_msg/msg/detail/bounding_box_array__type_support.cpp
[3.260s] -- Installing: /home/junsu/yolo_python/install/yolo_msg/include/yolo_msg/yolo_msg/msg/detail/bounding_box__rosidl_typesupport_introspection_cpp.hpp
[3.260s] -- Installing: /home/junsu/yolo_python/install/yolo_msg/include/yolo_msg/yolo_msg/msg/detail/bounding_box_array__rosidl_typesupport_introspection_cpp.hpp
[3.260s] -- Installing: /home/junsu/yolo_python/install/yolo_msg/lib/libyolo_msg__rosidl_typesupport_introspection_cpp.so
[3.260s] -- Set non-toolchain portion of runtime path of "/home/junsu/yolo_python/install/yolo_msg/lib/libyolo_msg__rosidl_typesupport_introspection_cpp.so" to ""
[3.260s] -- Installing: /home/junsu/yolo_python/install/yolo_msg/lib/libyolo_msg__rosidl_typesupport_cpp.so
[3.260s] -- Set non-toolchain portion of runtime path of "/home/junsu/yolo_python/install/yolo_msg/lib/libyolo_msg__rosidl_typesupport_cpp.so" to ""
[3.260s] -- Up-to-date: /home/junsu/yolo_python/install/yolo_msg/share/yolo_msg/environment/pythonpath.sh
[3.260s] -- Installing: /home/junsu/yolo_python/install/yolo_msg/share/yolo_msg/environment/pythonpath.dsv
[3.260s] -- Up-to-date: /home/junsu/yolo_python/install/yolo_msg/local/lib/python3.10/dist-packages/yolo_msg-0.0.0-py3.10.egg-info
[3.260s] -- Installing: /home/junsu/yolo_python/install/yolo_msg/local/lib/python3.10/dist-packages/yolo_msg-0.0.0-py3.10.egg-info/dependency_links.txt
[3.261s] -- Installing: /home/junsu/yolo_python/install/yolo_msg/local/lib/python3.10/dist-packages/yolo_msg-0.0.0-py3.10.egg-info/SOURCES.txt
[3.261s] -- Installing: /home/junsu/yolo_python/install/yolo_msg/local/lib/python3.10/dist-packages/yolo_msg-0.0.0-py3.10.egg-info/top_level.txt
[3.261s] -- Installing: /home/junsu/yolo_python/install/yolo_msg/local/lib/python3.10/dist-packages/yolo_msg-0.0.0-py3.10.egg-info/PKG-INFO
[3.261s] -- Up-to-date: /home/junsu/yolo_python/install/yolo_msg/local/lib/python3.10/dist-packages/yolo_msg
[3.261s] -- Installing: /home/junsu/yolo_python/install/yolo_msg/local/lib/python3.10/dist-packages/yolo_msg/_yolo_msg_s.ep.rosidl_typesupport_c.c
[3.261s] -- Installing: /home/junsu/yolo_python/install/yolo_msg/local/lib/python3.10/dist-packages/yolo_msg/yolo_msg_s__rosidl_typesupport_fastrtps_c.cpython-310-x86_64-linux-gnu.so
[3.261s] -- Installing: /home/junsu/yolo_python/install/yolo_msg/local/lib/python3.10/dist-packages/yolo_msg/yolo_msg_s__rosidl_typesupport_introspection_c.cpython-310-x86_64-linux-gnu.so
[3.261s] -- Installing: /home/junsu/yolo_python/install/yolo_msg/local/lib/python3.10/dist-packages/yolo_msg/_yolo_msg_s.ep.rosidl_typesupport_fastrtps_c.c
[3.261s] -- Installing: /home/junsu/yolo_python/install/yolo_msg/local/lib/python3.10/dist-packages/yolo_msg/yolo_msg_s__rosidl_typesupport_c.cpython-310-x86_64-linux-gnu.so
[3.261s] -- Installing: /home/junsu/yolo_python/install/yolo_msg/local/lib/python3.10/dist-packages/yolo_msg/_yolo_msg_s.ep.rosidl_typesupport_introspection_c.c
[3.261s] -- Installing: /home/junsu/yolo_python/install/yolo_msg/local/lib/python3.10/dist-packages/yolo_msg/libyolo_msg__rosidl_generator_py.so
[3.261s] -- Up-to-date: /home/junsu/yolo_python/install/yolo_msg/local/lib/python3.10/dist-packages/yolo_msg/msg
[3.261s] -- Installing: /home/junsu/yolo_python/install/yolo_msg/local/lib/python3.10/dist-packages/yolo_msg/msg/_bounding_box.py
[3.261s] -- Installing: /home/junsu/yolo_python/install/yolo_msg/local/lib/python3.10/dist-packages/yolo_msg/msg/_bounding_box_array_s.c
[3.261s] -- Installing: /home/junsu/yolo_python/install/yolo_msg/local/lib/python3.10/dist-packages/yolo_msg/msg/_bounding_box_array.py
[3.261s] -- Installing: /home/junsu/yolo_python/install/yolo_msg/local/lib/python3.10/dist-packages/yolo_msg/msg/__init__.py
[3.261s] -- Installing: /home/junsu/yolo_python/install/yolo_msg/local/lib/python3.10/dist-packages/yolo_msg/msg/_bounding_box_s.c
[3.262s] -- Installing: /home/junsu/yolo_python/install/yolo_msg/local/lib/python3.10/dist-packages/yolo_msg/__init__.py
[3.289s] Listing '/home/junsu/yolo_python/install/yolo_msg/local/lib/python3.10/dist-packages/yolo_msg'...
[3.289s] Compiling '/home/junsu/yolo_python/install/yolo_msg/local/lib/python3.10/dist-packages/yolo_msg/__init__.py'...
[3.289s] Listing '/home/junsu/yolo_python/install/yolo_msg/local/lib/python3.10/dist-packages/yolo_msg/msg'...
[3.289s] Compiling '/home/junsu/yolo_python/install/yolo_msg/local/lib/python3.10/dist-packages/yolo_msg/msg/__init__.py'...
[3.289s] Compiling '/home/junsu/yolo_python/install/yolo_msg/local/lib/python3.10/dist-packages/yolo_msg/msg/_bounding_box.py'...
[3.289s] Compiling '/home/junsu/yolo_python/install/yolo_msg/local/lib/python3.10/dist-packages/yolo_msg/msg/_bounding_box_array.py'...
[3.293s] -- Installing: /home/junsu/yolo_python/install/yolo_msg/local/lib/python3.10/dist-packages/yolo_msg/yolo_msg_s__rosidl_typesupport_fastrtps_c.cpython-310-x86_64-linux-gnu.so
[3.293s] -- Set non-toolchain portion of runtime path of "/home/junsu/yolo_python/install/yolo_msg/local/lib/python3.10/dist-packages/yolo_msg/yolo_msg_s__rosidl_typesupport_fastrtps_c.cpython-310-x86_64-linux-gnu.so" to ""
[3.293s] -- Installing: /home/junsu/yolo_python/install/yolo_msg/local/lib/python3.10/dist-packages/yolo_msg/yolo_msg_s__rosidl_typesupport_introspection_c.cpython-310-x86_64-linux-gnu.so
[3.293s] -- Set non-toolchain portion of runtime path of "/home/junsu/yolo_python/install/yolo_msg/local/lib/python3.10/dist-packages/yolo_msg/yolo_msg_s__rosidl_typesupport_introspection_c.cpython-310-x86_64-linux-gnu.so" to ""
[3.293s] -- Installing: /home/junsu/yolo_python/install/yolo_msg/local/lib/python3.10/dist-packages/yolo_msg/yolo_msg_s__rosidl_typesupport_c.cpython-310-x86_64-linux-gnu.so
[3.293s] -- Set non-toolchain portion of runtime path of "/home/junsu/yolo_python/install/yolo_msg/local/lib/python3.10/dist-packages/yolo_msg/yolo_msg_s__rosidl_typesupport_c.cpython-310-x86_64-linux-gnu.so" to ""
[3.293s] -- Installing: /home/junsu/yolo_python/install/yolo_msg/lib/libyolo_msg__rosidl_generator_py.so
[3.294s] -- Set non-toolchain portion of runtime path of "/home/junsu/yolo_python/install/yolo_msg/lib/libyolo_msg__rosidl_generator_py.so" to ""
[3.294s] -- Installing: /home/junsu/yolo_python/install/yolo_msg/share/yolo_msg/msg/BoundingBox.idl
[3.294s] -- Up-to-date: /home/junsu/yolo_python/install/yolo_msg/share/yolo_msg/msg/BoundingBoxArray.idl
[3.294s] -- Installing: /home/junsu/yolo_python/install/yolo_msg/share/yolo_msg/msg/BoundingBox.msg
[3.294s] -- Up-to-date: /home/junsu/yolo_python/install/yolo_msg/share/yolo_msg/msg/BoundingBoxArray.msg
[3.294s] -- Up-to-date: /home/junsu/yolo_python/install/yolo_msg/share/ament_index/resource_index/package_run_dependencies/yolo_msg
[3.294s] -- Installing: /home/junsu/yolo_python/install/yolo_msg/share/ament_index/resource_index/parent_prefix_path/yolo_msg
[3.294s] -- Up-to-date: /home/junsu/yolo_python/install/yolo_msg/share/yolo_msg/environment/ament_prefix_path.sh
[3.294s] -- Installing: /home/junsu/yolo_python/install/yolo_msg/share/yolo_msg/environment/ament_prefix_path.dsv
[3.294s] -- Up-to-date: /home/junsu/yolo_python/install/yolo_msg/share/yolo_msg/environment/path.sh
[3.294s] -- Installing: /home/junsu/yolo_python/install/yolo_msg/share/yolo_msg/environment/path.dsv
[3.295s] -- Up-to-date: /home/junsu/yolo_python/install/yolo_msg/share/yolo_msg/local_setup.bash
[3.295s] -- Up-to-date: /home/junsu/yolo_python/install/yolo_msg/share/yolo_msg/local_setup.sh
[3.295s] -- Up-to-date: /home/junsu/yolo_python/install/yolo_msg/share/yolo_msg/local_setup.zsh
[3.295s] -- Installing: /home/junsu/yolo_python/install/yolo_msg/share/yolo_msg/local_setup.dsv
[3.295s] -- Installing: /home/junsu/yolo_python/install/yolo_msg/share/yolo_msg/package.dsv
[3.295s] -- Up-to-date: /home/junsu/yolo_python/install/yolo_msg/share/ament_index/resource_index/packages/yolo_msg
[3.295s] -- Up-to-date: /home/junsu/yolo_python/install/yolo_msg/share/yolo_msg/cmake/export_yolo_msg__rosidl_generator_cExport.cmake
[3.295s] -- Up-to-date: /home/junsu/yolo_python/install/yolo_msg/share/yolo_msg/cmake/export_yolo_msg__rosidl_generator_cExport-noconfig.cmake
[3.295s] -- Up-to-date: /home/junsu/yolo_python/install/yolo_msg/share/yolo_msg/cmake/export_yolo_msg__rosidl_typesupport_fastrtps_cExport.cmake
[3.295s] -- Up-to-date: /home/junsu/yolo_python/install/yolo_msg/share/yolo_msg/cmake/export_yolo_msg__rosidl_typesupport_fastrtps_cExport-noconfig.cmake
[3.295s] -- Up-to-date: /home/junsu/yolo_python/install/yolo_msg/share/yolo_msg/cmake/export_yolo_msg__rosidl_generator_cppExport.cmake
[3.295s] -- Up-to-date: /home/junsu/yolo_python/install/yolo_msg/share/yolo_msg/cmake/export_yolo_msg__rosidl_typesupport_fastrtps_cppExport.cmake
[3.295s] -- Up-to-date: /home/junsu/yolo_python/install/yolo_msg/share/yolo_msg/cmake/export_yolo_msg__rosidl_typesupport_fastrtps_cppExport-noconfig.cmake
[3.295s] -- Up-to-date: /home/junsu/yolo_python/install/yolo_msg/share/yolo_msg/cmake/yolo_msg__rosidl_typesupport_introspection_cExport.cmake
[3.295s] -- Up-to-date: /home/junsu/yolo_python/install/yolo_msg/share/yolo_msg/cmake/yolo_msg__rosidl_typesupport_introspection_cExport-noconfig.cmake
[3.295s] -- Up-to-date: /home/junsu/yolo_python/install/yolo_msg/share/yolo_msg/cmake/yolo_msg__rosidl_typesupport_cExport.cmake
[3.295s] -- Up-to-date: /home/junsu/yolo_python/install/yolo_msg/share/yolo_msg/cmake/yolo_msg__rosidl_typesupport_cExport-noconfig.cmake
[3.295s] -- Up-to-date: /home/junsu/yolo_python/install/yolo_msg/share/yolo_msg/cmake/yolo_msg__rosidl_typesupport_introspection_cppExport.cmake
[3.296s] -- Up-to-date: /home/junsu/yolo_python/install/yolo_msg/share/yolo_msg/cmake/yolo_msg__rosidl_typesupport_introspection_cppExport-noconfig.cmake
[3.296s] -- Up-to-date: /home/junsu/yolo_python/install/yolo_msg/share/yolo_msg/cmake/yolo_msg__rosidl_typesupport_cppExport.cmake
[3.296s] -- Up-to-date: /home/junsu/yolo_python/install/yolo_msg/share/yolo_msg/cmake/yolo_msg__rosidl_typesupport_cppExport-noconfig.cmake
[3.296s] -- Up-to-date: /home/junsu/yolo_python/install/yolo_msg/share/yolo_msg/cmake/export_yolo_msg__rosidl_generator_pyExport.cmake
[3.296s] -- Up-to-date: /home/junsu/yolo_python/install/yolo_msg/share/yolo_msg/cmake/export_yolo_msg__rosidl_generator_pyExport-noconfig.cmake
[3.296s] -- Up-to-date: /home/junsu/yolo_python/install/yolo_msg/share/yolo_msg/cmake/rosidl_cmake-extras.cmake
[3.296s] -- Up-to-date: /home/junsu/yolo_python/install/yolo_msg/share/yolo_msg/cmake/ament_cmake_export_dependencies-extras.cmake
[3.296s] -- Up-to-date: /home/junsu/yolo_python/install/yolo_msg/share/yolo_msg/cmake/ament_cmake_export_include_directories-extras.cmake
[3.296s] -- Up-to-date: /home/junsu/yolo_python/install/yolo_msg/share/yolo_msg/cmake/ament_cmake_export_libraries-extras.cmake
[3.296s] -- Up-to-date: /home/junsu/yolo_python/install/yolo_msg/share/yolo_msg/cmake/ament_cmake_export_targets-extras.cmake
[3.296s] -- Up-to-date: /home/junsu/yolo_python/install/yolo_msg/share/yolo_msg/cmake/rosidl_cmake_export_typesupport_targets-extras.cmake
[3.296s] -- Up-to-date: /home/junsu/yolo_python/install/yolo_msg/share/yolo_msg/cmake/rosidl_cmake_export_typesupport_libraries-extras.cmake
[3.296s] -- Up-to-date: /home/junsu/yolo_python/install/yolo_msg/share/yolo_msg/cmake/yolo_msgConfig.cmake
[3.296s] -- Up-to-date: /home/junsu/yolo_python/install/yolo_msg/share/yolo_msg/cmake/yolo_msgConfig-version.cmake
[3.296s] -- Up-to-date: /home/junsu/yolo_python/install/yolo_msg/share/yolo_msg/package.xml
[3.297s] Invoked command in '/home/junsu/yolo_python/build/yolo_msg' returned '0': /usr/local/bin/cmake --install /home/junsu/yolo_python/build/yolo_msg
