[0.306s] Invoking command in '/home/junsu/yolo_python/build/yolo_msg': /usr/local/bin/cmake --build /home/junsu/yolo_python/build/yolo_msg -- -j8 -l8
[0.782s] [  2%] Built target yolo_msg__cpp
[0.811s] [  2%] Built target ament_cmake_python_copy_yolo_msg
[0.849s] [ 12%] Built target yolo_msg__rosidl_generator_c
[0.853s] [ 41%] Built target yolo_msg__rosidl_typesupport_cpp
[0.853s] [ 41%] Built target yolo_msg__rosidl_typesupport_introspection_cpp
[0.853s] [ 43%] Built target yolo_msg__rosidl_typesupport_fastrtps_cpp
[0.890s] [ 53%] Built target yolo_msg__rosidl_typesupport_introspection_c
[0.893s] [ 64%] Built target yolo_msg__rosidl_typesupport_c
[0.896s] [ 74%] Built target yolo_msg__rosidl_typesupport_fastrtps_c
[0.915s] [ 74%] Built target yolo_msg
[0.959s] [ 76%] Built target yolo_msg__py
[1.002s] [ 84%] Built target yolo_msg__rosidl_generator_py
[1.019s] [ 97%] Built target yolo_msg__rosidl_typesupport_fastrtps_c__pyext
[1.019s] [ 97%] Built target yolo_msg__rosidl_typesupport_c__pyext
[1.019s] [100%] Built target yolo_msg__rosidl_typesupport_introspection_c__pyext
[1.119s] running egg_info
[1.144s] writing yolo_msg.egg-info/PKG-INFO
[1.145s] writing dependency_links to yolo_msg.egg-info/dependency_links.txt
[1.145s] writing top-level names to yolo_msg.egg-info/top_level.txt
[1.205s] reading manifest file 'yolo_msg.egg-info/SOURCES.txt'
[1.207s] writing manifest file 'yolo_msg.egg-info/SOURCES.txt'
[1.247s] [100%] Built target ament_cmake_python_build_yolo_msg_egg
[1.255s] Invoked command in '/home/junsu/yolo_python/build/yolo_msg' returned '0': /usr/local/bin/cmake --build /home/junsu/yolo_python/build/yolo_msg -- -j8 -l8
[1.264s] Invoking command in '/home/junsu/yolo_python/build/yolo_msg': /usr/local/bin/cmake --install /home/junsu/yolo_python/build/yolo_msg
[1.268s] -- Install configuration: ""
[1.269s] -- Up-to-date: /home/junsu/yolo_python/install/yolo_msg/share/ament_index/resource_index/rosidl_interfaces/yolo_msg
[1.269s] -- Up-to-date: /home/junsu/yolo_python/install/yolo_msg/include/yolo_msg/yolo_msg
[1.270s] -- Up-to-date: /home/junsu/yolo_python/install/yolo_msg/include/yolo_msg/yolo_msg/msg
[1.270s] -- Up-to-date: /home/junsu/yolo_python/install/yolo_msg/include/yolo_msg/yolo_msg/msg/bounding_box_array.h
[1.270s] -- Up-to-date: /home/junsu/yolo_python/install/yolo_msg/include/yolo_msg/yolo_msg/msg/detail
[1.270s] -- Up-to-date: /home/junsu/yolo_python/install/yolo_msg/include/yolo_msg/yolo_msg/msg/detail/bounding_box__type_support.h
[1.270s] -- Up-to-date: /home/junsu/yolo_python/install/yolo_msg/include/yolo_msg/yolo_msg/msg/detail/bounding_box_array__struct.h
[1.270s] -- Up-to-date: /home/junsu/yolo_python/install/yolo_msg/include/yolo_msg/yolo_msg/msg/detail/bounding_box__functions.h
[1.270s] -- Up-to-date: /home/junsu/yolo_python/install/yolo_msg/include/yolo_msg/yolo_msg/msg/detail/bounding_box__struct.h
[1.271s] -- Up-to-date: /home/junsu/yolo_python/install/yolo_msg/include/yolo_msg/yolo_msg/msg/detail/bounding_box__functions.c
[1.271s] -- Up-to-date: /home/junsu/yolo_python/install/yolo_msg/include/yolo_msg/yolo_msg/msg/detail/bounding_box_array__type_support.h
[1.271s] -- Up-to-date: /home/junsu/yolo_python/install/yolo_msg/include/yolo_msg/yolo_msg/msg/detail/bounding_box_array__functions.c
[1.271s] -- Up-to-date: /home/junsu/yolo_python/install/yolo_msg/include/yolo_msg/yolo_msg/msg/detail/bounding_box_array__functions.h
[1.271s] -- Up-to-date: /home/junsu/yolo_python/install/yolo_msg/include/yolo_msg/yolo_msg/msg/bounding_box.h
[1.271s] -- Up-to-date: /home/junsu/yolo_python/install/yolo_msg/include/yolo_msg/yolo_msg/msg/rosidl_generator_c__visibility_control.h
[1.271s] -- Up-to-date: /home/junsu/yolo_python/install/yolo_msg/share/yolo_msg/environment/library_path.sh
[1.271s] -- Up-to-date: /home/junsu/yolo_python/install/yolo_msg/share/yolo_msg/environment/library_path.dsv
[1.271s] -- Up-to-date: /home/junsu/yolo_python/install/yolo_msg/lib/libyolo_msg__rosidl_generator_c.so
[1.271s] -- Up-to-date: /home/junsu/yolo_python/install/yolo_msg/include/yolo_msg/yolo_msg
[1.271s] -- Up-to-date: /home/junsu/yolo_python/install/yolo_msg/include/yolo_msg/yolo_msg/msg
[1.272s] -- Up-to-date: /home/junsu/yolo_python/install/yolo_msg/include/yolo_msg/yolo_msg/msg/detail
[1.272s] -- Up-to-date: /home/junsu/yolo_python/install/yolo_msg/include/yolo_msg/yolo_msg/msg/detail/bounding_box_array__rosidl_typesupport_fastrtps_c.h
[1.272s] -- Up-to-date: /home/junsu/yolo_python/install/yolo_msg/include/yolo_msg/yolo_msg/msg/detail/bounding_box__rosidl_typesupport_fastrtps_c.h
[1.272s] -- Up-to-date: /home/junsu/yolo_python/install/yolo_msg/include/yolo_msg/yolo_msg/msg/rosidl_typesupport_fastrtps_c__visibility_control.h
[1.272s] -- Up-to-date: /home/junsu/yolo_python/install/yolo_msg/lib/libyolo_msg__rosidl_typesupport_fastrtps_c.so
[1.272s] -- Up-to-date: /home/junsu/yolo_python/install/yolo_msg/include/yolo_msg/yolo_msg
[1.272s] -- Up-to-date: /home/junsu/yolo_python/install/yolo_msg/include/yolo_msg/yolo_msg/msg
[1.272s] -- Up-to-date: /home/junsu/yolo_python/install/yolo_msg/include/yolo_msg/yolo_msg/msg/rosidl_generator_cpp__visibility_control.hpp
[1.272s] -- Up-to-date: /home/junsu/yolo_python/install/yolo_msg/include/yolo_msg/yolo_msg/msg/detail
[1.272s] -- Up-to-date: /home/junsu/yolo_python/install/yolo_msg/include/yolo_msg/yolo_msg/msg/detail/bounding_box_array__builder.hpp
[1.272s] -- Up-to-date: /home/junsu/yolo_python/install/yolo_msg/include/yolo_msg/yolo_msg/msg/detail/bounding_box_array__traits.hpp
[1.272s] -- Up-to-date: /home/junsu/yolo_python/install/yolo_msg/include/yolo_msg/yolo_msg/msg/detail/bounding_box_array__type_support.hpp
[1.272s] -- Up-to-date: /home/junsu/yolo_python/install/yolo_msg/include/yolo_msg/yolo_msg/msg/detail/bounding_box__builder.hpp
[1.272s] -- Up-to-date: /home/junsu/yolo_python/install/yolo_msg/include/yolo_msg/yolo_msg/msg/detail/bounding_box__struct.hpp
[1.272s] -- Up-to-date: /home/junsu/yolo_python/install/yolo_msg/include/yolo_msg/yolo_msg/msg/detail/bounding_box_array__struct.hpp
[1.272s] -- Up-to-date: /home/junsu/yolo_python/install/yolo_msg/include/yolo_msg/yolo_msg/msg/detail/bounding_box__traits.hpp
[1.272s] -- Up-to-date: /home/junsu/yolo_python/install/yolo_msg/include/yolo_msg/yolo_msg/msg/detail/bounding_box__type_support.hpp
[1.272s] -- Up-to-date: /home/junsu/yolo_python/install/yolo_msg/include/yolo_msg/yolo_msg/msg/bounding_box.hpp
[1.272s] -- Up-to-date: /home/junsu/yolo_python/install/yolo_msg/include/yolo_msg/yolo_msg/msg/bounding_box_array.hpp
[1.272s] -- Up-to-date: /home/junsu/yolo_python/install/yolo_msg/include/yolo_msg/yolo_msg
[1.272s] -- Up-to-date: /home/junsu/yolo_python/install/yolo_msg/include/yolo_msg/yolo_msg/msg
[1.272s] -- Up-to-date: /home/junsu/yolo_python/install/yolo_msg/include/yolo_msg/yolo_msg/msg/rosidl_typesupport_fastrtps_cpp__visibility_control.h
[1.272s] -- Up-to-date: /home/junsu/yolo_python/install/yolo_msg/include/yolo_msg/yolo_msg/msg/detail
[1.272s] -- Up-to-date: /home/junsu/yolo_python/install/yolo_msg/include/yolo_msg/yolo_msg/msg/detail/bounding_box__rosidl_typesupport_fastrtps_cpp.hpp
[1.272s] -- Up-to-date: /home/junsu/yolo_python/install/yolo_msg/include/yolo_msg/yolo_msg/msg/detail/bounding_box_array__rosidl_typesupport_fastrtps_cpp.hpp
[1.272s] -- Up-to-date: /home/junsu/yolo_python/install/yolo_msg/include/yolo_msg/yolo_msg/msg/detail/dds_fastrtps
[1.273s] -- Up-to-date: /home/junsu/yolo_python/install/yolo_msg/lib/libyolo_msg__rosidl_typesupport_fastrtps_cpp.so
[1.274s] -- Up-to-date: /home/junsu/yolo_python/install/yolo_msg/include/yolo_msg/yolo_msg
[1.274s] -- Up-to-date: /home/junsu/yolo_python/install/yolo_msg/include/yolo_msg/yolo_msg/msg
[1.274s] -- Up-to-date: /home/junsu/yolo_python/install/yolo_msg/include/yolo_msg/yolo_msg/msg/detail
[1.274s] -- Up-to-date: /home/junsu/yolo_python/install/yolo_msg/include/yolo_msg/yolo_msg/msg/detail/bounding_box__type_support.c
[1.274s] -- Up-to-date: /home/junsu/yolo_python/install/yolo_msg/include/yolo_msg/yolo_msg/msg/detail/bounding_box_array__type_support.c
[1.274s] -- Up-to-date: /home/junsu/yolo_python/install/yolo_msg/include/yolo_msg/yolo_msg/msg/detail/bounding_box__rosidl_typesupport_introspection_c.h
[1.274s] -- Up-to-date: /home/junsu/yolo_python/install/yolo_msg/include/yolo_msg/yolo_msg/msg/detail/bounding_box_array__rosidl_typesupport_introspection_c.h
[1.274s] -- Up-to-date: /home/junsu/yolo_python/install/yolo_msg/include/yolo_msg/yolo_msg/msg/rosidl_typesupport_introspection_c__visibility_control.h
[1.274s] -- Up-to-date: /home/junsu/yolo_python/install/yolo_msg/lib/libyolo_msg__rosidl_typesupport_introspection_c.so
[1.274s] -- Up-to-date: /home/junsu/yolo_python/install/yolo_msg/lib/libyolo_msg__rosidl_typesupport_c.so
[1.274s] -- Up-to-date: /home/junsu/yolo_python/install/yolo_msg/include/yolo_msg/yolo_msg
[1.274s] -- Up-to-date: /home/junsu/yolo_python/install/yolo_msg/include/yolo_msg/yolo_msg/msg
[1.274s] -- Up-to-date: /home/junsu/yolo_python/install/yolo_msg/include/yolo_msg/yolo_msg/msg/detail
[1.274s] -- Up-to-date: /home/junsu/yolo_python/install/yolo_msg/include/yolo_msg/yolo_msg/msg/detail/bounding_box__type_support.cpp
[1.274s] -- Up-to-date: /home/junsu/yolo_python/install/yolo_msg/include/yolo_msg/yolo_msg/msg/detail/bounding_box_array__type_support.cpp
[1.274s] -- Up-to-date: /home/junsu/yolo_python/install/yolo_msg/include/yolo_msg/yolo_msg/msg/detail/bounding_box__rosidl_typesupport_introspection_cpp.hpp
[1.275s] -- Up-to-date: /home/junsu/yolo_python/install/yolo_msg/include/yolo_msg/yolo_msg/msg/detail/bounding_box_array__rosidl_typesupport_introspection_cpp.hpp
[1.276s] -- Up-to-date: /home/junsu/yolo_python/install/yolo_msg/lib/libyolo_msg__rosidl_typesupport_introspection_cpp.so
[1.281s] -- Up-to-date: /home/junsu/yolo_python/install/yolo_msg/lib/libyolo_msg__rosidl_typesupport_cpp.so
[1.282s] -- Up-to-date: /home/junsu/yolo_python/install/yolo_msg/share/yolo_msg/environment/pythonpath.sh
[1.282s] -- Up-to-date: /home/junsu/yolo_python/install/yolo_msg/share/yolo_msg/environment/pythonpath.dsv
[1.282s] -- Up-to-date: /home/junsu/yolo_python/install/yolo_msg/local/lib/python3.10/dist-packages/yolo_msg-0.0.0-py3.10.egg-info
[1.282s] -- Installing: /home/junsu/yolo_python/install/yolo_msg/local/lib/python3.10/dist-packages/yolo_msg-0.0.0-py3.10.egg-info/dependency_links.txt
[1.282s] -- Installing: /home/junsu/yolo_python/install/yolo_msg/local/lib/python3.10/dist-packages/yolo_msg-0.0.0-py3.10.egg-info/SOURCES.txt
[1.282s] -- Installing: /home/junsu/yolo_python/install/yolo_msg/local/lib/python3.10/dist-packages/yolo_msg-0.0.0-py3.10.egg-info/top_level.txt
[1.282s] -- Installing: /home/junsu/yolo_python/install/yolo_msg/local/lib/python3.10/dist-packages/yolo_msg-0.0.0-py3.10.egg-info/PKG-INFO
[1.282s] -- Up-to-date: /home/junsu/yolo_python/install/yolo_msg/local/lib/python3.10/dist-packages/yolo_msg
[1.283s] -- Up-to-date: /home/junsu/yolo_python/install/yolo_msg/local/lib/python3.10/dist-packages/yolo_msg/_yolo_msg_s.ep.rosidl_typesupport_c.c
[1.283s] -- Up-to-date: /home/junsu/yolo_python/install/yolo_msg/local/lib/python3.10/dist-packages/yolo_msg/yolo_msg_s__rosidl_typesupport_fastrtps_c.cpython-310-x86_64-linux-gnu.so
[1.283s] -- Up-to-date: /home/junsu/yolo_python/install/yolo_msg/local/lib/python3.10/dist-packages/yolo_msg/yolo_msg_s__rosidl_typesupport_introspection_c.cpython-310-x86_64-linux-gnu.so
[1.283s] -- Up-to-date: /home/junsu/yolo_python/install/yolo_msg/local/lib/python3.10/dist-packages/yolo_msg/_yolo_msg_s.ep.rosidl_typesupport_fastrtps_c.c
[1.283s] -- Up-to-date: /home/junsu/yolo_python/install/yolo_msg/local/lib/python3.10/dist-packages/yolo_msg/yolo_msg_s__rosidl_typesupport_c.cpython-310-x86_64-linux-gnu.so
[1.283s] -- Up-to-date: /home/junsu/yolo_python/install/yolo_msg/local/lib/python3.10/dist-packages/yolo_msg/_yolo_msg_s.ep.rosidl_typesupport_introspection_c.c
[1.283s] -- Up-to-date: /home/junsu/yolo_python/install/yolo_msg/local/lib/python3.10/dist-packages/yolo_msg/libyolo_msg__rosidl_generator_py.so
[1.283s] -- Up-to-date: /home/junsu/yolo_python/install/yolo_msg/local/lib/python3.10/dist-packages/yolo_msg/msg
[1.283s] -- Up-to-date: /home/junsu/yolo_python/install/yolo_msg/local/lib/python3.10/dist-packages/yolo_msg/msg/_bounding_box.py
[1.283s] -- Up-to-date: /home/junsu/yolo_python/install/yolo_msg/local/lib/python3.10/dist-packages/yolo_msg/msg/_bounding_box_array_s.c
[1.283s] -- Up-to-date: /home/junsu/yolo_python/install/yolo_msg/local/lib/python3.10/dist-packages/yolo_msg/msg/_bounding_box_array.py
[1.284s] -- Up-to-date: /home/junsu/yolo_python/install/yolo_msg/local/lib/python3.10/dist-packages/yolo_msg/msg/__init__.py
[1.284s] -- Up-to-date: /home/junsu/yolo_python/install/yolo_msg/local/lib/python3.10/dist-packages/yolo_msg/msg/_bounding_box_s.c
[1.284s] -- Up-to-date: /home/junsu/yolo_python/install/yolo_msg/local/lib/python3.10/dist-packages/yolo_msg/__init__.py
[1.323s] Listing '/home/junsu/yolo_python/install/yolo_msg/local/lib/python3.10/dist-packages/yolo_msg'...
[1.323s] Listing '/home/junsu/yolo_python/install/yolo_msg/local/lib/python3.10/dist-packages/yolo_msg/msg'...
[1.333s] -- Up-to-date: /home/junsu/yolo_python/install/yolo_msg/local/lib/python3.10/dist-packages/yolo_msg/yolo_msg_s__rosidl_typesupport_fastrtps_c.cpython-310-x86_64-linux-gnu.so
[1.334s] -- Up-to-date: /home/junsu/yolo_python/install/yolo_msg/local/lib/python3.10/dist-packages/yolo_msg/yolo_msg_s__rosidl_typesupport_introspection_c.cpython-310-x86_64-linux-gnu.so
[1.334s] -- Up-to-date: /home/junsu/yolo_python/install/yolo_msg/local/lib/python3.10/dist-packages/yolo_msg/yolo_msg_s__rosidl_typesupport_c.cpython-310-x86_64-linux-gnu.so
[1.334s] -- Up-to-date: /home/junsu/yolo_python/install/yolo_msg/lib/libyolo_msg__rosidl_generator_py.so
[1.335s] -- Up-to-date: /home/junsu/yolo_python/install/yolo_msg/share/yolo_msg/msg/BoundingBox.idl
[1.335s] -- Up-to-date: /home/junsu/yolo_python/install/yolo_msg/share/yolo_msg/msg/BoundingBoxArray.idl
[1.335s] -- Up-to-date: /home/junsu/yolo_python/install/yolo_msg/share/yolo_msg/msg/BoundingBox.msg
[1.335s] -- Up-to-date: /home/junsu/yolo_python/install/yolo_msg/share/yolo_msg/msg/BoundingBoxArray.msg
[1.335s] -- Up-to-date: /home/junsu/yolo_python/install/yolo_msg/share/ament_index/resource_index/package_run_dependencies/yolo_msg
[1.335s] -- Up-to-date: /home/junsu/yolo_python/install/yolo_msg/share/ament_index/resource_index/parent_prefix_path/yolo_msg
[1.335s] -- Up-to-date: /home/junsu/yolo_python/install/yolo_msg/share/yolo_msg/environment/ament_prefix_path.sh
[1.336s] -- Up-to-date: /home/junsu/yolo_python/install/yolo_msg/share/yolo_msg/environment/ament_prefix_path.dsv
[1.336s] -- Up-to-date: /home/junsu/yolo_python/install/yolo_msg/share/yolo_msg/environment/path.sh
[1.336s] -- Up-to-date: /home/junsu/yolo_python/install/yolo_msg/share/yolo_msg/environment/path.dsv
[1.336s] -- Up-to-date: /home/junsu/yolo_python/install/yolo_msg/share/yolo_msg/local_setup.bash
[1.336s] -- Up-to-date: /home/junsu/yolo_python/install/yolo_msg/share/yolo_msg/local_setup.sh
[1.336s] -- Up-to-date: /home/junsu/yolo_python/install/yolo_msg/share/yolo_msg/local_setup.zsh
[1.336s] -- Up-to-date: /home/junsu/yolo_python/install/yolo_msg/share/yolo_msg/local_setup.dsv
[1.336s] -- Installing: /home/junsu/yolo_python/install/yolo_msg/share/yolo_msg/package.dsv
[1.336s] -- Up-to-date: /home/junsu/yolo_python/install/yolo_msg/share/ament_index/resource_index/packages/yolo_msg
[1.338s] -- Up-to-date: /home/junsu/yolo_python/install/yolo_msg/share/yolo_msg/cmake/export_yolo_msg__rosidl_generator_cExport.cmake
[1.338s] -- Up-to-date: /home/junsu/yolo_python/install/yolo_msg/share/yolo_msg/cmake/export_yolo_msg__rosidl_generator_cExport-noconfig.cmake
[1.339s] -- Up-to-date: /home/junsu/yolo_python/install/yolo_msg/share/yolo_msg/cmake/export_yolo_msg__rosidl_typesupport_fastrtps_cExport.cmake
[1.339s] -- Up-to-date: /home/junsu/yolo_python/install/yolo_msg/share/yolo_msg/cmake/export_yolo_msg__rosidl_typesupport_fastrtps_cExport-noconfig.cmake
[1.340s] -- Up-to-date: /home/junsu/yolo_python/install/yolo_msg/share/yolo_msg/cmake/export_yolo_msg__rosidl_generator_cppExport.cmake
[1.343s] -- Up-to-date: /home/junsu/yolo_python/install/yolo_msg/share/yolo_msg/cmake/export_yolo_msg__rosidl_typesupport_fastrtps_cppExport.cmake
[1.343s] -- Up-to-date: /home/junsu/yolo_python/install/yolo_msg/share/yolo_msg/cmake/export_yolo_msg__rosidl_typesupport_fastrtps_cppExport-noconfig.cmake
[1.345s] -- Up-to-date: /home/junsu/yolo_python/install/yolo_msg/share/yolo_msg/cmake/yolo_msg__rosidl_typesupport_introspection_cExport.cmake
[1.346s] -- Up-to-date: /home/junsu/yolo_python/install/yolo_msg/share/yolo_msg/cmake/yolo_msg__rosidl_typesupport_introspection_cExport-noconfig.cmake
[1.347s] -- Up-to-date: /home/junsu/yolo_python/install/yolo_msg/share/yolo_msg/cmake/yolo_msg__rosidl_typesupport_cExport.cmake
[1.348s] -- Up-to-date: /home/junsu/yolo_python/install/yolo_msg/share/yolo_msg/cmake/yolo_msg__rosidl_typesupport_cExport-noconfig.cmake
[1.353s] -- Up-to-date: /home/junsu/yolo_python/install/yolo_msg/share/yolo_msg/cmake/yolo_msg__rosidl_typesupport_introspection_cppExport.cmake
[1.353s] -- Up-to-date: /home/junsu/yolo_python/install/yolo_msg/share/yolo_msg/cmake/yolo_msg__rosidl_typesupport_introspection_cppExport-noconfig.cmake
[1.353s] -- Up-to-date: /home/junsu/yolo_python/install/yolo_msg/share/yolo_msg/cmake/yolo_msg__rosidl_typesupport_cppExport.cmake
[1.353s] -- Up-to-date: /home/junsu/yolo_python/install/yolo_msg/share/yolo_msg/cmake/yolo_msg__rosidl_typesupport_cppExport-noconfig.cmake
[1.353s] -- Up-to-date: /home/junsu/yolo_python/install/yolo_msg/share/yolo_msg/cmake/export_yolo_msg__rosidl_generator_pyExport.cmake
[1.353s] -- Up-to-date: /home/junsu/yolo_python/install/yolo_msg/share/yolo_msg/cmake/export_yolo_msg__rosidl_generator_pyExport-noconfig.cmake
[1.353s] -- Up-to-date: /home/junsu/yolo_python/install/yolo_msg/share/yolo_msg/cmake/rosidl_cmake-extras.cmake
[1.353s] -- Up-to-date: /home/junsu/yolo_python/install/yolo_msg/share/yolo_msg/cmake/ament_cmake_export_dependencies-extras.cmake
[1.353s] -- Up-to-date: /home/junsu/yolo_python/install/yolo_msg/share/yolo_msg/cmake/ament_cmake_export_include_directories-extras.cmake
[1.353s] -- Up-to-date: /home/junsu/yolo_python/install/yolo_msg/share/yolo_msg/cmake/ament_cmake_export_libraries-extras.cmake
[1.354s] -- Up-to-date: /home/junsu/yolo_python/install/yolo_msg/share/yolo_msg/cmake/ament_cmake_export_targets-extras.cmake
[1.354s] -- Up-to-date: /home/junsu/yolo_python/install/yolo_msg/share/yolo_msg/cmake/rosidl_cmake_export_typesupport_targets-extras.cmake
[1.354s] -- Up-to-date: /home/junsu/yolo_python/install/yolo_msg/share/yolo_msg/cmake/rosidl_cmake_export_typesupport_libraries-extras.cmake
[1.354s] -- Up-to-date: /home/junsu/yolo_python/install/yolo_msg/share/yolo_msg/cmake/yolo_msgConfig.cmake
[1.354s] -- Up-to-date: /home/junsu/yolo_python/install/yolo_msg/share/yolo_msg/cmake/yolo_msgConfig-version.cmake
[1.354s] -- Up-to-date: /home/junsu/yolo_python/install/yolo_msg/share/yolo_msg/package.xml
[1.357s] Invoked command in '/home/junsu/yolo_python/build/yolo_msg' returned '0': /usr/local/bin/cmake --install /home/junsu/yolo_python/build/yolo_msg
