[1.115s] Invoking command in '/home/junsu/yolo_python/src/yolo': PYTHONPATH=/home/junsu/yolo_python/build/yolo/prefix_override:/usr/lib/python3/dist-packages/colcon_core/task/python/colcon_distutils_commands:/home/junsu/yolo_python/install/yolo/lib/python3.10/site-packages:${PYTHONPATH} /usr/bin/python3 -W ignore:setup.py install is deprecated -W ignore:easy_install command is deprecated setup.py egg_info --egg-base ../../build/yolo build --build-base /home/junsu/yolo_python/build/yolo/build install --record /home/junsu/yolo_python/build/yolo/install.log --single-version-externally-managed install_data
[1.225s] /home/junsu/.local/lib/python3.10/site-packages/setuptools/_distutils/dist.py:289: UserWarning: Unknown distribution option: 'tests_require'
[1.225s]   warnings.warn(msg)
[1.302s] running egg_info
[1.314s] writing ../../build/yolo/yolo.egg-info/PKG-INFO
[1.326s] writing dependency_links to ../../build/yolo/yolo.egg-info/dependency_links.txt
[1.326s] writing entry points to ../../build/yolo/yolo.egg-info/entry_points.txt
[1.326s] writing requirements to ../../build/yolo/yolo.egg-info/requires.txt
[1.326s] writing top-level names to ../../build/yolo/yolo.egg-info/top_level.txt
[1.354s] reading manifest file '../../build/yolo/yolo.egg-info/SOURCES.txt'
[1.355s] writing manifest file '../../build/yolo/yolo.egg-info/SOURCES.txt'
[1.355s] running build
[1.355s] running build_py
[1.357s] copying yolo/traffic.py -> /home/junsu/yolo_python/build/yolo/build/lib/yolo
[1.357s] copying yolo/check_3d.py -> /home/junsu/yolo_python/build/yolo/build/lib/yolo
[1.357s] copying yolo/__init__.py -> /home/junsu/yolo_python/build/yolo/build/lib/yolo
[1.357s] copying yolo/cone.py -> /home/junsu/yolo_python/build/yolo/build/lib/yolo
[1.357s] running install
[1.360s] running install_lib
[1.374s] copying /home/junsu/yolo_python/build/yolo/build/lib/yolo/check_3d.py -> /home/junsu/yolo_python/install/yolo/lib/python3.10/site-packages/yolo
[1.375s] byte-compiling /home/junsu/yolo_python/install/yolo/lib/python3.10/site-packages/yolo/check_3d.py to check_3d.cpython-310.pyc
[1.375s] running install_data
[1.377s] copying resource/yolo -> /home/junsu/yolo_python/install/yolo/share/ament_index/resource_index/packages
[1.377s] copying package.xml -> /home/junsu/yolo_python/install/yolo/share/yolo
[1.377s] running install_egg_info
[1.391s] removing '/home/junsu/yolo_python/install/yolo/lib/python3.10/site-packages/yolo-0.0.0-py3.10.egg-info' (and everything under it)
[1.391s] Copying ../../build/yolo/yolo.egg-info to /home/junsu/yolo_python/install/yolo/lib/python3.10/site-packages/yolo-0.0.0-py3.10.egg-info
[1.392s] running install_scripts
[1.418s] Installing check script to /home/junsu/yolo_python/install/yolo/lib/yolo
[1.418s] Installing cone script to /home/junsu/yolo_python/install/yolo/lib/yolo
[1.418s] Installing traffic script to /home/junsu/yolo_python/install/yolo/lib/yolo
[1.418s] writing list of installed files to '/home/junsu/yolo_python/build/yolo/install.log'
[1.440s] Invoked command in '/home/junsu/yolo_python/src/yolo' returned '0': PYTHONPATH=/home/junsu/yolo_python/build/yolo/prefix_override:/usr/lib/python3/dist-packages/colcon_core/task/python/colcon_distutils_commands:/home/junsu/yolo_python/install/yolo/lib/python3.10/site-packages:${PYTHONPATH} /usr/bin/python3 -W ignore:setup.py install is deprecated -W ignore:easy_install command is deprecated setup.py egg_info --egg-base ../../build/yolo build --build-base /home/junsu/yolo_python/build/yolo/build install --record /home/junsu/yolo_python/build/yolo/install.log --single-version-externally-managed install_data
