[0.086s] [34mcolcon[0m [1;30mDEBUG[0m [32mCommand line arguments: ['/usr/bin/colcon', 'build'][0m
[0.086s] [34mcolcon[0m [1;30mDEBUG[0m [32mParsed command line arguments: Namespace(log_base=None, log_level=None, verb_name='build', build_base='build', install_base='install', merge_install=False, symlink_install=False, test_result_base=None, continue_on_error=False, executor='parallel', parallel_workers=8, event_handlers=None, ignore_user_meta=False, metas=['./colcon.meta'], base_paths=['.'], packages_ignore=None, packages_ignore_regex=None, paths=None, packages_up_to=None, packages_up_to_regex=None, packages_above=None, packages_above_and_dependencies=None, packages_above_depth=None, packages_select_by_dep=None, packages_skip_by_dep=None, packages_skip_up_to=None, packages_select_build_failed=False, packages_skip_build_finished=False, packages_select_test_failures=False, packages_skip_test_passed=False, packages_select=None, packages_skip=None, packages_select_regex=None, packages_skip_regex=None, packages_start=None, packages_end=None, allow_overriding=[], cmake_args=None, cmake_target=None, cmake_target_skip_unavailable=False, cmake_clean_cache=False, cmake_clean_first=False, cmake_force_configure=False, ament_cmake_args=None, catkin_cmake_args=None, catkin_skip_building_tests=False, mixin_files=None, mixin=None, verb_parser=<colcon_mixin.mixin.mixin_argument.MixinArgumentDecorator object at 0x712b6750cdc0>, verb_extension=<colcon_core.verb.build.BuildVerb object at 0x712b67669e70>, main=<bound method BuildVerb.main of <colcon_core.verb.build.BuildVerb object at 0x712b67669e70>>, mixin_verb=('build',))[0m
[0.273s] [34mcolcon.colcon_core.package_discovery[0m [1;30mLevel 1[0m discover_packages(colcon_meta) check parameters
[0.273s] [34mcolcon.colcon_core.package_discovery[0m [1;30mLevel 1[0m discover_packages(recursive) check parameters
[0.273s] [34mcolcon.colcon_core.package_discovery[0m [1;30mLevel 1[0m discover_packages(ignore) check parameters
[0.273s] [34mcolcon.colcon_core.package_discovery[0m [1;30mLevel 1[0m discover_packages(path) check parameters
[0.273s] [34mcolcon.colcon_core.package_discovery[0m [1;30mLevel 1[0m discover_packages(colcon_meta) discover
[0.273s] [34mcolcon.colcon_core.package_discovery[0m [1;30mLevel 1[0m discover_packages(recursive) discover
[0.273s] [34mcolcon.colcon_core.package_discovery[0m [1;30mINFO[0m Crawling recursively for packages in '/home/junsu/1.cam'
[0.273s] [34mcolcon.colcon_core.package_identification[0m [1;30mLevel 1[0m _identify(.) by extensions ['ignore', 'ignore_ament_install']
[0.273s] [34mcolcon.colcon_core.package_identification[0m [1;30mLevel 1[0m _identify(.) by extension 'ignore'
[0.273s] [34mcolcon.colcon_core.package_identification[0m [1;30mLevel 1[0m _identify(.) by extension 'ignore_ament_install'
[0.273s] [34mcolcon.colcon_core.package_identification[0m [1;30mLevel 1[0m _identify(.) by extensions ['colcon_pkg']
[0.273s] [34mcolcon.colcon_core.package_identification[0m [1;30mLevel 1[0m _identify(.) by extension 'colcon_pkg'
[0.273s] [34mcolcon.colcon_core.package_identification[0m [1;30mLevel 1[0m _identify(.) by extensions ['colcon_meta']
[0.273s] [34mcolcon.colcon_core.package_identification[0m [1;30mLevel 1[0m _identify(.) by extension 'colcon_meta'
[0.273s] [34mcolcon.colcon_core.package_identification[0m [1;30mLevel 1[0m _identify(.) by extensions ['ros']
[0.273s] [34mcolcon.colcon_core.package_identification[0m [1;30mLevel 1[0m _identify(.) by extension 'ros'
[0.290s] [34mcolcon.colcon_core.package_identification[0m [1;30mLevel 1[0m _identify(.) by extensions ['cmake', 'python']
[0.290s] [34mcolcon.colcon_core.package_identification[0m [1;30mLevel 1[0m _identify(.) by extension 'cmake'
[0.290s] [34mcolcon.colcon_core.package_identification[0m [1;30mLevel 1[0m _identify(.) by extension 'python'
[0.290s] [34mcolcon.colcon_core.package_identification[0m [1;30mLevel 1[0m _identify(.) by extensions ['python_setup_py']
[0.290s] [34mcolcon.colcon_core.package_identification[0m [1;30mLevel 1[0m _identify(.) by extension 'python_setup_py'
[0.290s] [34mcolcon.colcon_core.package_identification[0m [1;30mLevel 1[0m _identify(build) by extensions ['ignore', 'ignore_ament_install']
[0.290s] [34mcolcon.colcon_core.package_identification[0m [1;30mLevel 1[0m _identify(build) by extension 'ignore'
[0.290s] [34mcolcon.colcon_core.package_identification[0m [1;30mLevel 1[0m _identify(build) ignored
[0.291s] [34mcolcon.colcon_core.package_identification[0m [1;30mLevel 1[0m _identify(install) by extensions ['ignore', 'ignore_ament_install']
[0.291s] [34mcolcon.colcon_core.package_identification[0m [1;30mLevel 1[0m _identify(install) by extension 'ignore'
[0.291s] [34mcolcon.colcon_core.package_identification[0m [1;30mLevel 1[0m _identify(install) ignored
[0.291s] [34mcolcon.colcon_core.package_identification[0m [1;30mLevel 1[0m _identify(log) by extensions ['ignore', 'ignore_ament_install']
[0.291s] [34mcolcon.colcon_core.package_identification[0m [1;30mLevel 1[0m _identify(log) by extension 'ignore'
[0.291s] [34mcolcon.colcon_core.package_identification[0m [1;30mLevel 1[0m _identify(log) ignored
[0.291s] [34mcolcon.colcon_core.package_identification[0m [1;30mLevel 1[0m _identify(src) by extensions ['ignore', 'ignore_ament_install']
[0.291s] [34mcolcon.colcon_core.package_identification[0m [1;30mLevel 1[0m _identify(src) by extension 'ignore'
[0.291s] [34mcolcon.colcon_core.package_identification[0m [1;30mLevel 1[0m _identify(src) by extension 'ignore_ament_install'
[0.291s] [34mcolcon.colcon_core.package_identification[0m [1;30mLevel 1[0m _identify(src) by extensions ['colcon_pkg']
[0.291s] [34mcolcon.colcon_core.package_identification[0m [1;30mLevel 1[0m _identify(src) by extension 'colcon_pkg'
[0.291s] [34mcolcon.colcon_core.package_identification[0m [1;30mLevel 1[0m _identify(src) by extensions ['colcon_meta']
[0.291s] [34mcolcon.colcon_core.package_identification[0m [1;30mLevel 1[0m _identify(src) by extension 'colcon_meta'
[0.291s] [34mcolcon.colcon_core.package_identification[0m [1;30mLevel 1[0m _identify(src) by extensions ['ros']
[0.291s] [34mcolcon.colcon_core.package_identification[0m [1;30mLevel 1[0m _identify(src) by extension 'ros'
[0.291s] [34mcolcon.colcon_core.package_identification[0m [1;30mLevel 1[0m _identify(src) by extensions ['cmake', 'python']
[0.291s] [34mcolcon.colcon_core.package_identification[0m [1;30mLevel 1[0m _identify(src) by extension 'cmake'
[0.291s] [34mcolcon.colcon_core.package_identification[0m [1;30mLevel 1[0m _identify(src) by extension 'python'
[0.291s] [34mcolcon.colcon_core.package_identification[0m [1;30mLevel 1[0m _identify(src) by extensions ['python_setup_py']
[0.291s] [34mcolcon.colcon_core.package_identification[0m [1;30mLevel 1[0m _identify(src) by extension 'python_setup_py'
[0.291s] [34mcolcon.colcon_core.package_identification[0m [1;30mLevel 1[0m _identify(src/darknet_ros) by extensions ['ignore', 'ignore_ament_install']
[0.291s] [34mcolcon.colcon_core.package_identification[0m [1;30mLevel 1[0m _identify(src/darknet_ros) by extension 'ignore'
[0.291s] [34mcolcon.colcon_core.package_identification[0m [1;30mLevel 1[0m _identify(src/darknet_ros) by extension 'ignore_ament_install'
[0.291s] [34mcolcon.colcon_core.package_identification[0m [1;30mLevel 1[0m _identify(src/darknet_ros) by extensions ['colcon_pkg']
[0.291s] [34mcolcon.colcon_core.package_identification[0m [1;30mLevel 1[0m _identify(src/darknet_ros) by extension 'colcon_pkg'
[0.292s] [34mcolcon.colcon_core.package_identification[0m [1;30mLevel 1[0m _identify(src/darknet_ros) by extensions ['colcon_meta']
[0.292s] [34mcolcon.colcon_core.package_identification[0m [1;30mLevel 1[0m _identify(src/darknet_ros) by extension 'colcon_meta'
[0.292s] [34mcolcon.colcon_core.package_identification[0m [1;30mLevel 1[0m _identify(src/darknet_ros) by extensions ['ros']
[0.292s] [34mcolcon.colcon_core.package_identification[0m [1;30mLevel 1[0m _identify(src/darknet_ros) by extension 'ros'
[0.292s] [34mcolcon.colcon_core.package_identification[0m [1;30mLevel 1[0m _identify(src/darknet_ros) by extensions ['cmake', 'python']
[0.292s] [34mcolcon.colcon_core.package_identification[0m [1;30mLevel 1[0m _identify(src/darknet_ros) by extension 'cmake'
[0.292s] [34mcolcon.colcon_core.package_identification[0m [1;30mLevel 1[0m _identify(src/darknet_ros) by extension 'python'
[0.292s] [34mcolcon.colcon_core.package_identification[0m [1;30mLevel 1[0m _identify(src/darknet_ros) by extensions ['python_setup_py']
[0.292s] [34mcolcon.colcon_core.package_identification[0m [1;30mLevel 1[0m _identify(src/darknet_ros) by extension 'python_setup_py'
[0.292s] [34mcolcon.colcon_core.package_identification[0m [1;30mLevel 1[0m _identify(src/darknet_ros/darknet) by extensions ['ignore', 'ignore_ament_install']
[0.292s] [34mcolcon.colcon_core.package_identification[0m [1;30mLevel 1[0m _identify(src/darknet_ros/darknet) by extension 'ignore'
[0.293s] [34mcolcon.colcon_core.package_identification[0m [1;30mLevel 1[0m _identify(src/darknet_ros/darknet) by extension 'ignore_ament_install'
[0.293s] [34mcolcon.colcon_core.package_identification[0m [1;30mLevel 1[0m _identify(src/darknet_ros/darknet) by extensions ['colcon_pkg']
[0.293s] [34mcolcon.colcon_core.package_identification[0m [1;30mLevel 1[0m _identify(src/darknet_ros/darknet) by extension 'colcon_pkg'
[0.293s] [34mcolcon.colcon_core.package_identification[0m [1;30mLevel 1[0m _identify(src/darknet_ros/darknet) by extensions ['colcon_meta']
[0.293s] [34mcolcon.colcon_core.package_identification[0m [1;30mLevel 1[0m _identify(src/darknet_ros/darknet) by extension 'colcon_meta'
[0.293s] [34mcolcon.colcon_core.package_identification[0m [1;30mLevel 1[0m _identify(src/darknet_ros/darknet) by extensions ['ros']
[0.293s] [34mcolcon.colcon_core.package_identification[0m [1;30mLevel 1[0m _identify(src/darknet_ros/darknet) by extension 'ros'
[0.293s] [34mcolcon.colcon_core.package_identification[0m [1;30mLevel 1[0m _identify(src/darknet_ros/darknet) by extensions ['cmake', 'python']
[0.293s] [34mcolcon.colcon_core.package_identification[0m [1;30mLevel 1[0m _identify(src/darknet_ros/darknet) by extension 'cmake'
[0.293s] [34mcolcon.colcon_core.package_identification[0m [1;30mLevel 1[0m _identify(src/darknet_ros/darknet) by extension 'python'
[0.293s] [34mcolcon.colcon_core.package_identification[0m [1;30mLevel 1[0m _identify(src/darknet_ros/darknet) by extensions ['python_setup_py']
[0.293s] [34mcolcon.colcon_core.package_identification[0m [1;30mLevel 1[0m _identify(src/darknet_ros/darknet) by extension 'python_setup_py'
[0.293s] [34mcolcon.colcon_core.package_identification[0m [1;30mLevel 1[0m _identify(src/darknet_ros/darknet/3rdparty) by extensions ['ignore', 'ignore_ament_install']
[0.293s] [34mcolcon.colcon_core.package_identification[0m [1;30mLevel 1[0m _identify(src/darknet_ros/darknet/3rdparty) by extension 'ignore'
[0.293s] [34mcolcon.colcon_core.package_identification[0m [1;30mLevel 1[0m _identify(src/darknet_ros/darknet/3rdparty) by extension 'ignore_ament_install'
[0.294s] [34mcolcon.colcon_core.package_identification[0m [1;30mLevel 1[0m _identify(src/darknet_ros/darknet/3rdparty) by extensions ['colcon_pkg']
[0.294s] [34mcolcon.colcon_core.package_identification[0m [1;30mLevel 1[0m _identify(src/darknet_ros/darknet/3rdparty) by extension 'colcon_pkg'
[0.294s] [34mcolcon.colcon_core.package_identification[0m [1;30mLevel 1[0m _identify(src/darknet_ros/darknet/3rdparty) by extensions ['colcon_meta']
[0.294s] [34mcolcon.colcon_core.package_identification[0m [1;30mLevel 1[0m _identify(src/darknet_ros/darknet/3rdparty) by extension 'colcon_meta'
[0.294s] [34mcolcon.colcon_core.package_identification[0m [1;30mLevel 1[0m _identify(src/darknet_ros/darknet/3rdparty) by extensions ['ros']
[0.294s] [34mcolcon.colcon_core.package_identification[0m [1;30mLevel 1[0m _identify(src/darknet_ros/darknet/3rdparty) by extension 'ros'
[0.294s] [34mcolcon.colcon_core.package_identification[0m [1;30mLevel 1[0m _identify(src/darknet_ros/darknet/3rdparty) by extensions ['cmake', 'python']
[0.294s] [34mcolcon.colcon_core.package_identification[0m [1;30mLevel 1[0m _identify(src/darknet_ros/darknet/3rdparty) by extension 'cmake'
[0.294s] [34mcolcon.colcon_core.package_identification[0m [1;30mLevel 1[0m _identify(src/darknet_ros/darknet/3rdparty) by extension 'python'
[0.294s] [34mcolcon.colcon_core.package_identification[0m [1;30mLevel 1[0m _identify(src/darknet_ros/darknet/3rdparty) by extensions ['python_setup_py']
[0.294s] [34mcolcon.colcon_core.package_identification[0m [1;30mLevel 1[0m _identify(src/darknet_ros/darknet/3rdparty) by extension 'python_setup_py'
[0.294s] [34mcolcon.colcon_core.package_identification[0m [1;30mLevel 1[0m _identify(src/darknet_ros/darknet/3rdparty/pthreads) by extensions ['ignore', 'ignore_ament_install']
[0.294s] [34mcolcon.colcon_core.package_identification[0m [1;30mLevel 1[0m _identify(src/darknet_ros/darknet/3rdparty/pthreads) by extension 'ignore'
[0.294s] [34mcolcon.colcon_core.package_identification[0m [1;30mLevel 1[0m _identify(src/darknet_ros/darknet/3rdparty/pthreads) by extension 'ignore_ament_install'
[0.295s] [34mcolcon.colcon_core.package_identification[0m [1;30mLevel 1[0m _identify(src/darknet_ros/darknet/3rdparty/pthreads) by extensions ['colcon_pkg']
[0.295s] [34mcolcon.colcon_core.package_identification[0m [1;30mLevel 1[0m _identify(src/darknet_ros/darknet/3rdparty/pthreads) by extension 'colcon_pkg'
[0.295s] [34mcolcon.colcon_core.package_identification[0m [1;30mLevel 1[0m _identify(src/darknet_ros/darknet/3rdparty/pthreads) by extensions ['colcon_meta']
[0.295s] [34mcolcon.colcon_core.package_identification[0m [1;30mLevel 1[0m _identify(src/darknet_ros/darknet/3rdparty/pthreads) by extension 'colcon_meta'
[0.295s] [34mcolcon.colcon_core.package_identification[0m [1;30mLevel 1[0m _identify(src/darknet_ros/darknet/3rdparty/pthreads) by extensions ['ros']
[0.295s] [34mcolcon.colcon_core.package_identification[0m [1;30mLevel 1[0m _identify(src/darknet_ros/darknet/3rdparty/pthreads) by extension 'ros'
[0.295s] [34mcolcon.colcon_core.package_identification[0m [1;30mLevel 1[0m _identify(src/darknet_ros/darknet/3rdparty/pthreads) by extensions ['cmake', 'python']
[0.295s] [34mcolcon.colcon_core.package_identification[0m [1;30mLevel 1[0m _identify(src/darknet_ros/darknet/3rdparty/pthreads) by extension 'cmake'
[0.295s] [34mcolcon.colcon_core.package_identification[0m [1;30mLevel 1[0m _identify(src/darknet_ros/darknet/3rdparty/pthreads) by extension 'python'
[0.295s] [34mcolcon.colcon_core.package_identification[0m [1;30mLevel 1[0m _identify(src/darknet_ros/darknet/3rdparty/pthreads) by extensions ['python_setup_py']
[0.295s] [34mcolcon.colcon_core.package_identification[0m [1;30mLevel 1[0m _identify(src/darknet_ros/darknet/3rdparty/pthreads) by extension 'python_setup_py'
[0.295s] [34mcolcon.colcon_core.package_identification[0m [1;30mLevel 1[0m _identify(src/darknet_ros/darknet/3rdparty/pthreads/bin) by extensions ['ignore', 'ignore_ament_install']
[0.295s] [34mcolcon.colcon_core.package_identification[0m [1;30mLevel 1[0m _identify(src/darknet_ros/darknet/3rdparty/pthreads/bin) by extension 'ignore'
[0.295s] [34mcolcon.colcon_core.package_identification[0m [1;30mLevel 1[0m _identify(src/darknet_ros/darknet/3rdparty/pthreads/bin) by extension 'ignore_ament_install'
[0.295s] [34mcolcon.colcon_core.package_identification[0m [1;30mLevel 1[0m _identify(src/darknet_ros/darknet/3rdparty/pthreads/bin) by extensions ['colcon_pkg']
[0.295s] [34mcolcon.colcon_core.package_identification[0m [1;30mLevel 1[0m _identify(src/darknet_ros/darknet/3rdparty/pthreads/bin) by extension 'colcon_pkg'
[0.295s] [34mcolcon.colcon_core.package_identification[0m [1;30mLevel 1[0m _identify(src/darknet_ros/darknet/3rdparty/pthreads/bin) by extensions ['colcon_meta']
[0.295s] [34mcolcon.colcon_core.package_identification[0m [1;30mLevel 1[0m _identify(src/darknet_ros/darknet/3rdparty/pthreads/bin) by extension 'colcon_meta'
[0.295s] [34mcolcon.colcon_core.package_identification[0m [1;30mLevel 1[0m _identify(src/darknet_ros/darknet/3rdparty/pthreads/bin) by extensions ['ros']
[0.295s] [34mcolcon.colcon_core.package_identification[0m [1;30mLevel 1[0m _identify(src/darknet_ros/darknet/3rdparty/pthreads/bin) by extension 'ros'
[0.295s] [34mcolcon.colcon_core.package_identification[0m [1;30mLevel 1[0m _identify(src/darknet_ros/darknet/3rdparty/pthreads/bin) by extensions ['cmake', 'python']
[0.295s] [34mcolcon.colcon_core.package_identification[0m [1;30mLevel 1[0m _identify(src/darknet_ros/darknet/3rdparty/pthreads/bin) by extension 'cmake'
[0.296s] [34mcolcon.colcon_core.package_identification[0m [1;30mLevel 1[0m _identify(src/darknet_ros/darknet/3rdparty/pthreads/bin) by extension 'python'
[0.296s] [34mcolcon.colcon_core.package_identification[0m [1;30mLevel 1[0m _identify(src/darknet_ros/darknet/3rdparty/pthreads/bin) by extensions ['python_setup_py']
[0.296s] [34mcolcon.colcon_core.package_identification[0m [1;30mLevel 1[0m _identify(src/darknet_ros/darknet/3rdparty/pthreads/bin) by extension 'python_setup_py'
[0.296s] [34mcolcon.colcon_core.package_identification[0m [1;30mLevel 1[0m _identify(src/darknet_ros/darknet/3rdparty/pthreads/include) by extensions ['ignore', 'ignore_ament_install']
[0.296s] [34mcolcon.colcon_core.package_identification[0m [1;30mLevel 1[0m _identify(src/darknet_ros/darknet/3rdparty/pthreads/include) by extension 'ignore'
[0.296s] [34mcolcon.colcon_core.package_identification[0m [1;30mLevel 1[0m _identify(src/darknet_ros/darknet/3rdparty/pthreads/include) by extension 'ignore_ament_install'
[0.296s] [34mcolcon.colcon_core.package_identification[0m [1;30mLevel 1[0m _identify(src/darknet_ros/darknet/3rdparty/pthreads/include) by extensions ['colcon_pkg']
[0.296s] [34mcolcon.colcon_core.package_identification[0m [1;30mLevel 1[0m _identify(src/darknet_ros/darknet/3rdparty/pthreads/include) by extension 'colcon_pkg'
[0.296s] [34mcolcon.colcon_core.package_identification[0m [1;30mLevel 1[0m _identify(src/darknet_ros/darknet/3rdparty/pthreads/include) by extensions ['colcon_meta']
[0.296s] [34mcolcon.colcon_core.package_identification[0m [1;30mLevel 1[0m _identify(src/darknet_ros/darknet/3rdparty/pthreads/include) by extension 'colcon_meta'
[0.296s] [34mcolcon.colcon_core.package_identification[0m [1;30mLevel 1[0m _identify(src/darknet_ros/darknet/3rdparty/pthreads/include) by extensions ['ros']
[0.296s] [34mcolcon.colcon_core.package_identification[0m [1;30mLevel 1[0m _identify(src/darknet_ros/darknet/3rdparty/pthreads/include) by extension 'ros'
[0.296s] [34mcolcon.colcon_core.package_identification[0m [1;30mLevel 1[0m _identify(src/darknet_ros/darknet/3rdparty/pthreads/include) by extensions ['cmake', 'python']
[0.296s] [34mcolcon.colcon_core.package_identification[0m [1;30mLevel 1[0m _identify(src/darknet_ros/darknet/3rdparty/pthreads/include) by extension 'cmake'
[0.296s] [34mcolcon.colcon_core.package_identification[0m [1;30mLevel 1[0m _identify(src/darknet_ros/darknet/3rdparty/pthreads/include) by extension 'python'
[0.296s] [34mcolcon.colcon_core.package_identification[0m [1;30mLevel 1[0m _identify(src/darknet_ros/darknet/3rdparty/pthreads/include) by extensions ['python_setup_py']
[0.296s] [34mcolcon.colcon_core.package_identification[0m [1;30mLevel 1[0m _identify(src/darknet_ros/darknet/3rdparty/pthreads/include) by extension 'python_setup_py'
[0.297s] [34mcolcon.colcon_core.package_identification[0m [1;30mLevel 1[0m _identify(src/darknet_ros/darknet/3rdparty/pthreads/lib) by extensions ['ignore', 'ignore_ament_install']
[0.297s] [34mcolcon.colcon_core.package_identification[0m [1;30mLevel 1[0m _identify(src/darknet_ros/darknet/3rdparty/pthreads/lib) by extension 'ignore'
[0.297s] [34mcolcon.colcon_core.package_identification[0m [1;30mLevel 1[0m _identify(src/darknet_ros/darknet/3rdparty/pthreads/lib) by extension 'ignore_ament_install'
[0.297s] [34mcolcon.colcon_core.package_identification[0m [1;30mLevel 1[0m _identify(src/darknet_ros/darknet/3rdparty/pthreads/lib) by extensions ['colcon_pkg']
[0.297s] [34mcolcon.colcon_core.package_identification[0m [1;30mLevel 1[0m _identify(src/darknet_ros/darknet/3rdparty/pthreads/lib) by extension 'colcon_pkg'
[0.297s] [34mcolcon.colcon_core.package_identification[0m [1;30mLevel 1[0m _identify(src/darknet_ros/darknet/3rdparty/pthreads/lib) by extensions ['colcon_meta']
[0.297s] [34mcolcon.colcon_core.package_identification[0m [1;30mLevel 1[0m _identify(src/darknet_ros/darknet/3rdparty/pthreads/lib) by extension 'colcon_meta'
[0.297s] [34mcolcon.colcon_core.package_identification[0m [1;30mLevel 1[0m _identify(src/darknet_ros/darknet/3rdparty/pthreads/lib) by extensions ['ros']
[0.297s] [34mcolcon.colcon_core.package_identification[0m [1;30mLevel 1[0m _identify(src/darknet_ros/darknet/3rdparty/pthreads/lib) by extension 'ros'
[0.297s] [34mcolcon.colcon_core.package_identification[0m [1;30mLevel 1[0m _identify(src/darknet_ros/darknet/3rdparty/pthreads/lib) by extensions ['cmake', 'python']
[0.297s] [34mcolcon.colcon_core.package_identification[0m [1;30mLevel 1[0m _identify(src/darknet_ros/darknet/3rdparty/pthreads/lib) by extension 'cmake'
[0.297s] [34mcolcon.colcon_core.package_identification[0m [1;30mLevel 1[0m _identify(src/darknet_ros/darknet/3rdparty/pthreads/lib) by extension 'python'
[0.297s] [34mcolcon.colcon_core.package_identification[0m [1;30mLevel 1[0m _identify(src/darknet_ros/darknet/3rdparty/pthreads/lib) by extensions ['python_setup_py']
[0.297s] [34mcolcon.colcon_core.package_identification[0m [1;30mLevel 1[0m _identify(src/darknet_ros/darknet/3rdparty/pthreads/lib) by extension 'python_setup_py'
[0.298s] [34mcolcon.colcon_core.package_identification[0m [1;30mLevel 1[0m _identify(src/darknet_ros/darknet/3rdparty/stb) by extensions ['ignore', 'ignore_ament_install']
[0.298s] [34mcolcon.colcon_core.package_identification[0m [1;30mLevel 1[0m _identify(src/darknet_ros/darknet/3rdparty/stb) by extension 'ignore'
[0.298s] [34mcolcon.colcon_core.package_identification[0m [1;30mLevel 1[0m _identify(src/darknet_ros/darknet/3rdparty/stb) by extension 'ignore_ament_install'
[0.298s] [34mcolcon.colcon_core.package_identification[0m [1;30mLevel 1[0m _identify(src/darknet_ros/darknet/3rdparty/stb) by extensions ['colcon_pkg']
[0.298s] [34mcolcon.colcon_core.package_identification[0m [1;30mLevel 1[0m _identify(src/darknet_ros/darknet/3rdparty/stb) by extension 'colcon_pkg'
[0.298s] [34mcolcon.colcon_core.package_identification[0m [1;30mLevel 1[0m _identify(src/darknet_ros/darknet/3rdparty/stb) by extensions ['colcon_meta']
[0.298s] [34mcolcon.colcon_core.package_identification[0m [1;30mLevel 1[0m _identify(src/darknet_ros/darknet/3rdparty/stb) by extension 'colcon_meta'
[0.298s] [34mcolcon.colcon_core.package_identification[0m [1;30mLevel 1[0m _identify(src/darknet_ros/darknet/3rdparty/stb) by extensions ['ros']
[0.298s] [34mcolcon.colcon_core.package_identification[0m [1;30mLevel 1[0m _identify(src/darknet_ros/darknet/3rdparty/stb) by extension 'ros'
[0.298s] [34mcolcon.colcon_core.package_identification[0m [1;30mLevel 1[0m _identify(src/darknet_ros/darknet/3rdparty/stb) by extensions ['cmake', 'python']
[0.298s] [34mcolcon.colcon_core.package_identification[0m [1;30mLevel 1[0m _identify(src/darknet_ros/darknet/3rdparty/stb) by extension 'cmake'
[0.298s] [34mcolcon.colcon_core.package_identification[0m [1;30mLevel 1[0m _identify(src/darknet_ros/darknet/3rdparty/stb) by extension 'python'
[0.298s] [34mcolcon.colcon_core.package_identification[0m [1;30mLevel 1[0m _identify(src/darknet_ros/darknet/3rdparty/stb) by extensions ['python_setup_py']
[0.298s] [34mcolcon.colcon_core.package_identification[0m [1;30mLevel 1[0m _identify(src/darknet_ros/darknet/3rdparty/stb) by extension 'python_setup_py'
[0.298s] [34mcolcon.colcon_core.package_identification[0m [1;30mLevel 1[0m _identify(src/darknet_ros/darknet/3rdparty/stb/include) by extensions ['ignore', 'ignore_ament_install']
[0.298s] [34mcolcon.colcon_core.package_identification[0m [1;30mLevel 1[0m _identify(src/darknet_ros/darknet/3rdparty/stb/include) by extension 'ignore'
[0.298s] [34mcolcon.colcon_core.package_identification[0m [1;30mLevel 1[0m _identify(src/darknet_ros/darknet/3rdparty/stb/include) by extension 'ignore_ament_install'
[0.299s] [34mcolcon.colcon_core.package_identification[0m [1;30mLevel 1[0m _identify(src/darknet_ros/darknet/3rdparty/stb/include) by extensions ['colcon_pkg']
[0.299s] [34mcolcon.colcon_core.package_identification[0m [1;30mLevel 1[0m _identify(src/darknet_ros/darknet/3rdparty/stb/include) by extension 'colcon_pkg'
[0.299s] [34mcolcon.colcon_core.package_identification[0m [1;30mLevel 1[0m _identify(src/darknet_ros/darknet/3rdparty/stb/include) by extensions ['colcon_meta']
[0.299s] [34mcolcon.colcon_core.package_identification[0m [1;30mLevel 1[0m _identify(src/darknet_ros/darknet/3rdparty/stb/include) by extension 'colcon_meta'
[0.299s] [34mcolcon.colcon_core.package_identification[0m [1;30mLevel 1[0m _identify(src/darknet_ros/darknet/3rdparty/stb/include) by extensions ['ros']
[0.299s] [34mcolcon.colcon_core.package_identification[0m [1;30mLevel 1[0m _identify(src/darknet_ros/darknet/3rdparty/stb/include) by extension 'ros'
[0.299s] [34mcolcon.colcon_core.package_identification[0m [1;30mLevel 1[0m _identify(src/darknet_ros/darknet/3rdparty/stb/include) by extensions ['cmake', 'python']
[0.299s] [34mcolcon.colcon_core.package_identification[0m [1;30mLevel 1[0m _identify(src/darknet_ros/darknet/3rdparty/stb/include) by extension 'cmake'
[0.299s] [34mcolcon.colcon_core.package_identification[0m [1;30mLevel 1[0m _identify(src/darknet_ros/darknet/3rdparty/stb/include) by extension 'python'
[0.299s] [34mcolcon.colcon_core.package_identification[0m [1;30mLevel 1[0m _identify(src/darknet_ros/darknet/3rdparty/stb/include) by extensions ['python_setup_py']
[0.299s] [34mcolcon.colcon_core.package_identification[0m [1;30mLevel 1[0m _identify(src/darknet_ros/darknet/3rdparty/stb/include) by extension 'python_setup_py'
[0.299s] [34mcolcon.colcon_core.package_identification[0m [1;30mLevel 1[0m _identify(src/darknet_ros/darknet/build) by extensions ['ignore', 'ignore_ament_install']
[0.299s] [34mcolcon.colcon_core.package_identification[0m [1;30mLevel 1[0m _identify(src/darknet_ros/darknet/build) by extension 'ignore'
[0.299s] [34mcolcon.colcon_core.package_identification[0m [1;30mLevel 1[0m _identify(src/darknet_ros/darknet/build) by extension 'ignore_ament_install'
[0.299s] [34mcolcon.colcon_core.package_identification[0m [1;30mLevel 1[0m _identify(src/darknet_ros/darknet/build) by extensions ['colcon_pkg']
[0.299s] [34mcolcon.colcon_core.package_identification[0m [1;30mLevel 1[0m _identify(src/darknet_ros/darknet/build) by extension 'colcon_pkg'
[0.299s] [34mcolcon.colcon_core.package_identification[0m [1;30mLevel 1[0m _identify(src/darknet_ros/darknet/build) by extensions ['colcon_meta']
[0.299s] [34mcolcon.colcon_core.package_identification[0m [1;30mLevel 1[0m _identify(src/darknet_ros/darknet/build) by extension 'colcon_meta'
[0.299s] [34mcolcon.colcon_core.package_identification[0m [1;30mLevel 1[0m _identify(src/darknet_ros/darknet/build) by extensions ['ros']
[0.299s] [34mcolcon.colcon_core.package_identification[0m [1;30mLevel 1[0m _identify(src/darknet_ros/darknet/build) by extension 'ros'
[0.299s] [34mcolcon.colcon_core.package_identification[0m [1;30mLevel 1[0m _identify(src/darknet_ros/darknet/build) by extensions ['cmake', 'python']
[0.299s] [34mcolcon.colcon_core.package_identification[0m [1;30mLevel 1[0m _identify(src/darknet_ros/darknet/build) by extension 'cmake'
[0.299s] [34mcolcon.colcon_core.package_identification[0m [1;30mLevel 1[0m _identify(src/darknet_ros/darknet/build) by extension 'python'
[0.300s] [34mcolcon.colcon_core.package_identification[0m [1;30mLevel 1[0m _identify(src/darknet_ros/darknet/build) by extensions ['python_setup_py']
[0.300s] [34mcolcon.colcon_core.package_identification[0m [1;30mLevel 1[0m _identify(src/darknet_ros/darknet/build) by extension 'python_setup_py'
[0.300s] [34mcolcon.colcon_core.package_identification[0m [1;30mLevel 1[0m _identify(src/darknet_ros/darknet/build/darknet) by extensions ['ignore', 'ignore_ament_install']
[0.300s] [34mcolcon.colcon_core.package_identification[0m [1;30mLevel 1[0m _identify(src/darknet_ros/darknet/build/darknet) by extension 'ignore'
[0.300s] [34mcolcon.colcon_core.package_identification[0m [1;30mLevel 1[0m _identify(src/darknet_ros/darknet/build/darknet) by extension 'ignore_ament_install'
[0.300s] [34mcolcon.colcon_core.package_identification[0m [1;30mLevel 1[0m _identify(src/darknet_ros/darknet/build/darknet) by extensions ['colcon_pkg']
[0.300s] [34mcolcon.colcon_core.package_identification[0m [1;30mLevel 1[0m _identify(src/darknet_ros/darknet/build/darknet) by extension 'colcon_pkg'
[0.300s] [34mcolcon.colcon_core.package_identification[0m [1;30mLevel 1[0m _identify(src/darknet_ros/darknet/build/darknet) by extensions ['colcon_meta']
[0.300s] [34mcolcon.colcon_core.package_identification[0m [1;30mLevel 1[0m _identify(src/darknet_ros/darknet/build/darknet) by extension 'colcon_meta'
[0.300s] [34mcolcon.colcon_core.package_identification[0m [1;30mLevel 1[0m _identify(src/darknet_ros/darknet/build/darknet) by extensions ['ros']
[0.300s] [34mcolcon.colcon_core.package_identification[0m [1;30mLevel 1[0m _identify(src/darknet_ros/darknet/build/darknet) by extension 'ros'
[0.300s] [34mcolcon.colcon_core.package_identification[0m [1;30mLevel 1[0m _identify(src/darknet_ros/darknet/build/darknet) by extensions ['cmake', 'python']
[0.300s] [34mcolcon.colcon_core.package_identification[0m [1;30mLevel 1[0m _identify(src/darknet_ros/darknet/build/darknet) by extension 'cmake'
[0.300s] [34mcolcon.colcon_core.package_identification[0m [1;30mLevel 1[0m _identify(src/darknet_ros/darknet/build/darknet) by extension 'python'
[0.300s] [34mcolcon.colcon_core.package_identification[0m [1;30mLevel 1[0m _identify(src/darknet_ros/darknet/build/darknet) by extensions ['python_setup_py']
[0.300s] [34mcolcon.colcon_core.package_identification[0m [1;30mLevel 1[0m _identify(src/darknet_ros/darknet/build/darknet) by extension 'python_setup_py'
[0.301s] [34mcolcon.colcon_core.package_identification[0m [1;30mLevel 1[0m _identify(src/darknet_ros/darknet/build/darknet/x64) by extensions ['ignore', 'ignore_ament_install']
[0.301s] [34mcolcon.colcon_core.package_identification[0m [1;30mLevel 1[0m _identify(src/darknet_ros/darknet/build/darknet/x64) by extension 'ignore'
[0.301s] [34mcolcon.colcon_core.package_identification[0m [1;30mLevel 1[0m _identify(src/darknet_ros/darknet/build/darknet/x64) by extension 'ignore_ament_install'
[0.301s] [34mcolcon.colcon_core.package_identification[0m [1;30mLevel 1[0m _identify(src/darknet_ros/darknet/build/darknet/x64) by extensions ['colcon_pkg']
[0.301s] [34mcolcon.colcon_core.package_identification[0m [1;30mLevel 1[0m _identify(src/darknet_ros/darknet/build/darknet/x64) by extension 'colcon_pkg'
[0.301s] [34mcolcon.colcon_core.package_identification[0m [1;30mLevel 1[0m _identify(src/darknet_ros/darknet/build/darknet/x64) by extensions ['colcon_meta']
[0.301s] [34mcolcon.colcon_core.package_identification[0m [1;30mLevel 1[0m _identify(src/darknet_ros/darknet/build/darknet/x64) by extension 'colcon_meta'
[0.301s] [34mcolcon.colcon_core.package_identification[0m [1;30mLevel 1[0m _identify(src/darknet_ros/darknet/build/darknet/x64) by extensions ['ros']
[0.301s] [34mcolcon.colcon_core.package_identification[0m [1;30mLevel 1[0m _identify(src/darknet_ros/darknet/build/darknet/x64) by extension 'ros'
[0.301s] [34mcolcon.colcon_core.package_identification[0m [1;30mLevel 1[0m _identify(src/darknet_ros/darknet/build/darknet/x64) by extensions ['cmake', 'python']
[0.301s] [34mcolcon.colcon_core.package_identification[0m [1;30mLevel 1[0m _identify(src/darknet_ros/darknet/build/darknet/x64) by extension 'cmake'
[0.301s] [34mcolcon.colcon_core.package_identification[0m [1;30mLevel 1[0m _identify(src/darknet_ros/darknet/build/darknet/x64) by extension 'python'
[0.301s] [34mcolcon.colcon_core.package_identification[0m [1;30mLevel 1[0m _identify(src/darknet_ros/darknet/build/darknet/x64) by extensions ['python_setup_py']
[0.301s] [34mcolcon.colcon_core.package_identification[0m [1;30mLevel 1[0m _identify(src/darknet_ros/darknet/build/darknet/x64) by extension 'python_setup_py'
[0.302s] [34mcolcon.colcon_core.package_identification[0m [1;30mLevel 1[0m _identify(src/darknet_ros/darknet/build/darknet/x64/backup) by extensions ['ignore', 'ignore_ament_install']
[0.302s] [34mcolcon.colcon_core.package_identification[0m [1;30mLevel 1[0m _identify(src/darknet_ros/darknet/build/darknet/x64/backup) by extension 'ignore'
[0.302s] [34mcolcon.colcon_core.package_identification[0m [1;30mLevel 1[0m _identify(src/darknet_ros/darknet/build/darknet/x64/backup) by extension 'ignore_ament_install'
[0.302s] [34mcolcon.colcon_core.package_identification[0m [1;30mLevel 1[0m _identify(src/darknet_ros/darknet/build/darknet/x64/backup) by extensions ['colcon_pkg']
[0.302s] [34mcolcon.colcon_core.package_identification[0m [1;30mLevel 1[0m _identify(src/darknet_ros/darknet/build/darknet/x64/backup) by extension 'colcon_pkg'
[0.302s] [34mcolcon.colcon_core.package_identification[0m [1;30mLevel 1[0m _identify(src/darknet_ros/darknet/build/darknet/x64/backup) by extensions ['colcon_meta']
[0.302s] [34mcolcon.colcon_core.package_identification[0m [1;30mLevel 1[0m _identify(src/darknet_ros/darknet/build/darknet/x64/backup) by extension 'colcon_meta'
[0.302s] [34mcolcon.colcon_core.package_identification[0m [1;30mLevel 1[0m _identify(src/darknet_ros/darknet/build/darknet/x64/backup) by extensions ['ros']
[0.302s] [34mcolcon.colcon_core.package_identification[0m [1;30mLevel 1[0m _identify(src/darknet_ros/darknet/build/darknet/x64/backup) by extension 'ros'
[0.302s] [34mcolcon.colcon_core.package_identification[0m [1;30mLevel 1[0m _identify(src/darknet_ros/darknet/build/darknet/x64/backup) by extensions ['cmake', 'python']
[0.302s] [34mcolcon.colcon_core.package_identification[0m [1;30mLevel 1[0m _identify(src/darknet_ros/darknet/build/darknet/x64/backup) by extension 'cmake'
[0.302s] [34mcolcon.colcon_core.package_identification[0m [1;30mLevel 1[0m _identify(src/darknet_ros/darknet/build/darknet/x64/backup) by extension 'python'
[0.302s] [34mcolcon.colcon_core.package_identification[0m [1;30mLevel 1[0m _identify(src/darknet_ros/darknet/build/darknet/x64/backup) by extensions ['python_setup_py']
[0.302s] [34mcolcon.colcon_core.package_identification[0m [1;30mLevel 1[0m _identify(src/darknet_ros/darknet/build/darknet/x64/backup) by extension 'python_setup_py'
[0.303s] [34mcolcon.colcon_core.package_identification[0m [1;30mLevel 1[0m _identify(src/darknet_ros/darknet/build/darknet/x64/cfg) by extensions ['ignore', 'ignore_ament_install']
[0.303s] [34mcolcon.colcon_core.package_identification[0m [1;30mLevel 1[0m _identify(src/darknet_ros/darknet/build/darknet/x64/cfg) by extension 'ignore'
[0.303s] [34mcolcon.colcon_core.package_identification[0m [1;30mLevel 1[0m _identify(src/darknet_ros/darknet/build/darknet/x64/cfg) by extension 'ignore_ament_install'
[0.303s] [34mcolcon.colcon_core.package_identification[0m [1;30mLevel 1[0m _identify(src/darknet_ros/darknet/build/darknet/x64/cfg) by extensions ['colcon_pkg']
[0.303s] [34mcolcon.colcon_core.package_identification[0m [1;30mLevel 1[0m _identify(src/darknet_ros/darknet/build/darknet/x64/cfg) by extension 'colcon_pkg'
[0.303s] [34mcolcon.colcon_core.package_identification[0m [1;30mLevel 1[0m _identify(src/darknet_ros/darknet/build/darknet/x64/cfg) by extensions ['colcon_meta']
[0.303s] [34mcolcon.colcon_core.package_identification[0m [1;30mLevel 1[0m _identify(src/darknet_ros/darknet/build/darknet/x64/cfg) by extension 'colcon_meta'
[0.303s] [34mcolcon.colcon_core.package_identification[0m [1;30mLevel 1[0m _identify(src/darknet_ros/darknet/build/darknet/x64/cfg) by extensions ['ros']
[0.303s] [34mcolcon.colcon_core.package_identification[0m [1;30mLevel 1[0m _identify(src/darknet_ros/darknet/build/darknet/x64/cfg) by extension 'ros'
[0.303s] [34mcolcon.colcon_core.package_identification[0m [1;30mLevel 1[0m _identify(src/darknet_ros/darknet/build/darknet/x64/cfg) by extensions ['cmake', 'python']
[0.303s] [34mcolcon.colcon_core.package_identification[0m [1;30mLevel 1[0m _identify(src/darknet_ros/darknet/build/darknet/x64/cfg) by extension 'cmake'
[0.303s] [34mcolcon.colcon_core.package_identification[0m [1;30mLevel 1[0m _identify(src/darknet_ros/darknet/build/darknet/x64/cfg) by extension 'python'
[0.303s] [34mcolcon.colcon_core.package_identification[0m [1;30mLevel 1[0m _identify(src/darknet_ros/darknet/build/darknet/x64/cfg) by extensions ['python_setup_py']
[0.303s] [34mcolcon.colcon_core.package_identification[0m [1;30mLevel 1[0m _identify(src/darknet_ros/darknet/build/darknet/x64/cfg) by extension 'python_setup_py'
[0.303s] [34mcolcon.colcon_core.package_identification[0m [1;30mLevel 1[0m _identify(src/darknet_ros/darknet/build/darknet/x64/data) by extensions ['ignore', 'ignore_ament_install']
[0.303s] [34mcolcon.colcon_core.package_identification[0m [1;30mLevel 1[0m _identify(src/darknet_ros/darknet/build/darknet/x64/data) by extension 'ignore'
[0.303s] [34mcolcon.colcon_core.package_identification[0m [1;30mLevel 1[0m _identify(src/darknet_ros/darknet/build/darknet/x64/data) by extension 'ignore_ament_install'
[0.304s] [34mcolcon.colcon_core.package_identification[0m [1;30mLevel 1[0m _identify(src/darknet_ros/darknet/build/darknet/x64/data) by extensions ['colcon_pkg']
[0.304s] [34mcolcon.colcon_core.package_identification[0m [1;30mLevel 1[0m _identify(src/darknet_ros/darknet/build/darknet/x64/data) by extension 'colcon_pkg'
[0.304s] [34mcolcon.colcon_core.package_identification[0m [1;30mLevel 1[0m _identify(src/darknet_ros/darknet/build/darknet/x64/data) by extensions ['colcon_meta']
[0.304s] [34mcolcon.colcon_core.package_identification[0m [1;30mLevel 1[0m _identify(src/darknet_ros/darknet/build/darknet/x64/data) by extension 'colcon_meta'
[0.304s] [34mcolcon.colcon_core.package_identification[0m [1;30mLevel 1[0m _identify(src/darknet_ros/darknet/build/darknet/x64/data) by extensions ['ros']
[0.304s] [34mcolcon.colcon_core.package_identification[0m [1;30mLevel 1[0m _identify(src/darknet_ros/darknet/build/darknet/x64/data) by extension 'ros'
[0.304s] [34mcolcon.colcon_core.package_identification[0m [1;30mLevel 1[0m _identify(src/darknet_ros/darknet/build/darknet/x64/data) by extensions ['cmake', 'python']
[0.304s] [34mcolcon.colcon_core.package_identification[0m [1;30mLevel 1[0m _identify(src/darknet_ros/darknet/build/darknet/x64/data) by extension 'cmake'
[0.304s] [34mcolcon.colcon_core.package_identification[0m [1;30mLevel 1[0m _identify(src/darknet_ros/darknet/build/darknet/x64/data) by extension 'python'
[0.304s] [34mcolcon.colcon_core.package_identification[0m [1;30mLevel 1[0m _identify(src/darknet_ros/darknet/build/darknet/x64/data) by extensions ['python_setup_py']
[0.304s] [34mcolcon.colcon_core.package_identification[0m [1;30mLevel 1[0m _identify(src/darknet_ros/darknet/build/darknet/x64/data) by extension 'python_setup_py'
[0.306s] [34mcolcon.colcon_core.package_identification[0m [1;30mLevel 1[0m _identify(src/darknet_ros/darknet/build/darknet/x64/data/labels) by extensions ['ignore', 'ignore_ament_install']
[0.306s] [34mcolcon.colcon_core.package_identification[0m [1;30mLevel 1[0m _identify(src/darknet_ros/darknet/build/darknet/x64/data/labels) by extension 'ignore'
[0.306s] [34mcolcon.colcon_core.package_identification[0m [1;30mLevel 1[0m _identify(src/darknet_ros/darknet/build/darknet/x64/data/labels) by extension 'ignore_ament_install'
[0.306s] [34mcolcon.colcon_core.package_identification[0m [1;30mLevel 1[0m _identify(src/darknet_ros/darknet/build/darknet/x64/data/labels) by extensions ['colcon_pkg']
[0.306s] [34mcolcon.colcon_core.package_identification[0m [1;30mLevel 1[0m _identify(src/darknet_ros/darknet/build/darknet/x64/data/labels) by extension 'colcon_pkg'
[0.306s] [34mcolcon.colcon_core.package_identification[0m [1;30mLevel 1[0m _identify(src/darknet_ros/darknet/build/darknet/x64/data/labels) by extensions ['colcon_meta']
[0.306s] [34mcolcon.colcon_core.package_identification[0m [1;30mLevel 1[0m _identify(src/darknet_ros/darknet/build/darknet/x64/data/labels) by extension 'colcon_meta'
[0.306s] [34mcolcon.colcon_core.package_identification[0m [1;30mLevel 1[0m _identify(src/darknet_ros/darknet/build/darknet/x64/data/labels) by extensions ['ros']
[0.306s] [34mcolcon.colcon_core.package_identification[0m [1;30mLevel 1[0m _identify(src/darknet_ros/darknet/build/darknet/x64/data/labels) by extension 'ros'
[0.306s] [34mcolcon.colcon_core.package_identification[0m [1;30mLevel 1[0m _identify(src/darknet_ros/darknet/build/darknet/x64/data/labels) by extensions ['cmake', 'python']
[0.306s] [34mcolcon.colcon_core.package_identification[0m [1;30mLevel 1[0m _identify(src/darknet_ros/darknet/build/darknet/x64/data/labels) by extension 'cmake'
[0.306s] [34mcolcon.colcon_core.package_identification[0m [1;30mLevel 1[0m _identify(src/darknet_ros/darknet/build/darknet/x64/data/labels) by extension 'python'
[0.306s] [34mcolcon.colcon_core.package_identification[0m [1;30mLevel 1[0m _identify(src/darknet_ros/darknet/build/darknet/x64/data/labels) by extensions ['python_setup_py']
[0.306s] [34mcolcon.colcon_core.package_identification[0m [1;30mLevel 1[0m _identify(src/darknet_ros/darknet/build/darknet/x64/data/labels) by extension 'python_setup_py'
[0.307s] [34mcolcon.colcon_core.package_identification[0m [1;30mLevel 1[0m _identify(src/darknet_ros/darknet/build/darknet/x64/data/voc) by extensions ['ignore', 'ignore_ament_install']
[0.307s] [34mcolcon.colcon_core.package_identification[0m [1;30mLevel 1[0m _identify(src/darknet_ros/darknet/build/darknet/x64/data/voc) by extension 'ignore'
[0.307s] [34mcolcon.colcon_core.package_identification[0m [1;30mLevel 1[0m _identify(src/darknet_ros/darknet/build/darknet/x64/data/voc) by extension 'ignore_ament_install'
[0.308s] [34mcolcon.colcon_core.package_identification[0m [1;30mLevel 1[0m _identify(src/darknet_ros/darknet/build/darknet/x64/data/voc) by extensions ['colcon_pkg']
[0.308s] [34mcolcon.colcon_core.package_identification[0m [1;30mLevel 1[0m _identify(src/darknet_ros/darknet/build/darknet/x64/data/voc) by extension 'colcon_pkg'
[0.308s] [34mcolcon.colcon_core.package_identification[0m [1;30mLevel 1[0m _identify(src/darknet_ros/darknet/build/darknet/x64/data/voc) by extensions ['colcon_meta']
[0.308s] [34mcolcon.colcon_core.package_identification[0m [1;30mLevel 1[0m _identify(src/darknet_ros/darknet/build/darknet/x64/data/voc) by extension 'colcon_meta'
[0.308s] [34mcolcon.colcon_core.package_identification[0m [1;30mLevel 1[0m _identify(src/darknet_ros/darknet/build/darknet/x64/data/voc) by extensions ['ros']
[0.308s] [34mcolcon.colcon_core.package_identification[0m [1;30mLevel 1[0m _identify(src/darknet_ros/darknet/build/darknet/x64/data/voc) by extension 'ros'
[0.308s] [34mcolcon.colcon_core.package_identification[0m [1;30mLevel 1[0m _identify(src/darknet_ros/darknet/build/darknet/x64/data/voc) by extensions ['cmake', 'python']
[0.308s] [34mcolcon.colcon_core.package_identification[0m [1;30mLevel 1[0m _identify(src/darknet_ros/darknet/build/darknet/x64/data/voc) by extension 'cmake'
[0.308s] [34mcolcon.colcon_core.package_identification[0m [1;30mLevel 1[0m _identify(src/darknet_ros/darknet/build/darknet/x64/data/voc) by extension 'python'
[0.308s] [34mcolcon.colcon_core.package_identification[0m [1;30mLevel 1[0m _identify(src/darknet_ros/darknet/build/darknet/x64/data/voc) by extensions ['python_setup_py']
[0.308s] [34mcolcon.colcon_core.package_identification[0m [1;30mLevel 1[0m _identify(src/darknet_ros/darknet/build/darknet/x64/data/voc) by extension 'python_setup_py'
[0.311s] [34mcolcon.colcon_core.package_identification[0m [1;30mLevel 1[0m _identify(src/darknet_ros/darknet/build/darknet/x64/results) by extensions ['ignore', 'ignore_ament_install']
[0.311s] [34mcolcon.colcon_core.package_identification[0m [1;30mLevel 1[0m _identify(src/darknet_ros/darknet/build/darknet/x64/results) by extension 'ignore'
[0.311s] [34mcolcon.colcon_core.package_identification[0m [1;30mLevel 1[0m _identify(src/darknet_ros/darknet/build/darknet/x64/results) by extension 'ignore_ament_install'
[0.311s] [34mcolcon.colcon_core.package_identification[0m [1;30mLevel 1[0m _identify(src/darknet_ros/darknet/build/darknet/x64/results) by extensions ['colcon_pkg']
[0.311s] [34mcolcon.colcon_core.package_identification[0m [1;30mLevel 1[0m _identify(src/darknet_ros/darknet/build/darknet/x64/results) by extension 'colcon_pkg'
[0.311s] [34mcolcon.colcon_core.package_identification[0m [1;30mLevel 1[0m _identify(src/darknet_ros/darknet/build/darknet/x64/results) by extensions ['colcon_meta']
[0.311s] [34mcolcon.colcon_core.package_identification[0m [1;30mLevel 1[0m _identify(src/darknet_ros/darknet/build/darknet/x64/results) by extension 'colcon_meta'
[0.311s] [34mcolcon.colcon_core.package_identification[0m [1;30mLevel 1[0m _identify(src/darknet_ros/darknet/build/darknet/x64/results) by extensions ['ros']
[0.311s] [34mcolcon.colcon_core.package_identification[0m [1;30mLevel 1[0m _identify(src/darknet_ros/darknet/build/darknet/x64/results) by extension 'ros'
[0.311s] [34mcolcon.colcon_core.package_identification[0m [1;30mLevel 1[0m _identify(src/darknet_ros/darknet/build/darknet/x64/results) by extensions ['cmake', 'python']
[0.311s] [34mcolcon.colcon_core.package_identification[0m [1;30mLevel 1[0m _identify(src/darknet_ros/darknet/build/darknet/x64/results) by extension 'cmake'
[0.311s] [34mcolcon.colcon_core.package_identification[0m [1;30mLevel 1[0m _identify(src/darknet_ros/darknet/build/darknet/x64/results) by extension 'python'
[0.311s] [34mcolcon.colcon_core.package_identification[0m [1;30mLevel 1[0m _identify(src/darknet_ros/darknet/build/darknet/x64/results) by extensions ['python_setup_py']
[0.311s] [34mcolcon.colcon_core.package_identification[0m [1;30mLevel 1[0m _identify(src/darknet_ros/darknet/build/darknet/x64/results) by extension 'python_setup_py'
[0.311s] [34mcolcon.colcon_core.package_identification[0m [1;30mLevel 1[0m _identify(src/darknet_ros/darknet/cfg) by extensions ['ignore', 'ignore_ament_install']
[0.311s] [34mcolcon.colcon_core.package_identification[0m [1;30mLevel 1[0m _identify(src/darknet_ros/darknet/cfg) by extension 'ignore'
[0.311s] [34mcolcon.colcon_core.package_identification[0m [1;30mLevel 1[0m _identify(src/darknet_ros/darknet/cfg) by extension 'ignore_ament_install'
[0.311s] [34mcolcon.colcon_core.package_identification[0m [1;30mLevel 1[0m _identify(src/darknet_ros/darknet/cfg) by extensions ['colcon_pkg']
[0.312s] [34mcolcon.colcon_core.package_identification[0m [1;30mLevel 1[0m _identify(src/darknet_ros/darknet/cfg) by extension 'colcon_pkg'
[0.312s] [34mcolcon.colcon_core.package_identification[0m [1;30mLevel 1[0m _identify(src/darknet_ros/darknet/cfg) by extensions ['colcon_meta']
[0.312s] [34mcolcon.colcon_core.package_identification[0m [1;30mLevel 1[0m _identify(src/darknet_ros/darknet/cfg) by extension 'colcon_meta'
[0.312s] [34mcolcon.colcon_core.package_identification[0m [1;30mLevel 1[0m _identify(src/darknet_ros/darknet/cfg) by extensions ['ros']
[0.312s] [34mcolcon.colcon_core.package_identification[0m [1;30mLevel 1[0m _identify(src/darknet_ros/darknet/cfg) by extension 'ros'
[0.312s] [34mcolcon.colcon_core.package_identification[0m [1;30mLevel 1[0m _identify(src/darknet_ros/darknet/cfg) by extensions ['cmake', 'python']
[0.312s] [34mcolcon.colcon_core.package_identification[0m [1;30mLevel 1[0m _identify(src/darknet_ros/darknet/cfg) by extension 'cmake'
[0.312s] [34mcolcon.colcon_core.package_identification[0m [1;30mLevel 1[0m _identify(src/darknet_ros/darknet/cfg) by extension 'python'
[0.312s] [34mcolcon.colcon_core.package_identification[0m [1;30mLevel 1[0m _identify(src/darknet_ros/darknet/cfg) by extensions ['python_setup_py']
[0.312s] [34mcolcon.colcon_core.package_identification[0m [1;30mLevel 1[0m _identify(src/darknet_ros/darknet/cfg) by extension 'python_setup_py'
[0.312s] [34mcolcon.colcon_core.package_identification[0m [1;30mLevel 1[0m _identify(src/darknet_ros/darknet/cfg/yolov1) by extensions ['ignore', 'ignore_ament_install']
[0.312s] [34mcolcon.colcon_core.package_identification[0m [1;30mLevel 1[0m _identify(src/darknet_ros/darknet/cfg/yolov1) by extension 'ignore'
[0.312s] [34mcolcon.colcon_core.package_identification[0m [1;30mLevel 1[0m _identify(src/darknet_ros/darknet/cfg/yolov1) by extension 'ignore_ament_install'
[0.312s] [34mcolcon.colcon_core.package_identification[0m [1;30mLevel 1[0m _identify(src/darknet_ros/darknet/cfg/yolov1) by extensions ['colcon_pkg']
[0.312s] [34mcolcon.colcon_core.package_identification[0m [1;30mLevel 1[0m _identify(src/darknet_ros/darknet/cfg/yolov1) by extension 'colcon_pkg'
[0.312s] [34mcolcon.colcon_core.package_identification[0m [1;30mLevel 1[0m _identify(src/darknet_ros/darknet/cfg/yolov1) by extensions ['colcon_meta']
[0.313s] [34mcolcon.colcon_core.package_identification[0m [1;30mLevel 1[0m _identify(src/darknet_ros/darknet/cfg/yolov1) by extension 'colcon_meta'
[0.313s] [34mcolcon.colcon_core.package_identification[0m [1;30mLevel 1[0m _identify(src/darknet_ros/darknet/cfg/yolov1) by extensions ['ros']
[0.313s] [34mcolcon.colcon_core.package_identification[0m [1;30mLevel 1[0m _identify(src/darknet_ros/darknet/cfg/yolov1) by extension 'ros'
[0.313s] [34mcolcon.colcon_core.package_identification[0m [1;30mLevel 1[0m _identify(src/darknet_ros/darknet/cfg/yolov1) by extensions ['cmake', 'python']
[0.313s] [34mcolcon.colcon_core.package_identification[0m [1;30mLevel 1[0m _identify(src/darknet_ros/darknet/cfg/yolov1) by extension 'cmake'
[0.313s] [34mcolcon.colcon_core.package_identification[0m [1;30mLevel 1[0m _identify(src/darknet_ros/darknet/cfg/yolov1) by extension 'python'
[0.313s] [34mcolcon.colcon_core.package_identification[0m [1;30mLevel 1[0m _identify(src/darknet_ros/darknet/cfg/yolov1) by extensions ['python_setup_py']
[0.313s] [34mcolcon.colcon_core.package_identification[0m [1;30mLevel 1[0m _identify(src/darknet_ros/darknet/cfg/yolov1) by extension 'python_setup_py'
[0.313s] [34mcolcon.colcon_core.package_identification[0m [1;30mLevel 1[0m _identify(src/darknet_ros/darknet/cmake) by extensions ['ignore', 'ignore_ament_install']
[0.313s] [34mcolcon.colcon_core.package_identification[0m [1;30mLevel 1[0m _identify(src/darknet_ros/darknet/cmake) by extension 'ignore'
[0.313s] [34mcolcon.colcon_core.package_identification[0m [1;30mLevel 1[0m _identify(src/darknet_ros/darknet/cmake) by extension 'ignore_ament_install'
[0.313s] [34mcolcon.colcon_core.package_identification[0m [1;30mLevel 1[0m _identify(src/darknet_ros/darknet/cmake) by extensions ['colcon_pkg']
[0.313s] [34mcolcon.colcon_core.package_identification[0m [1;30mLevel 1[0m _identify(src/darknet_ros/darknet/cmake) by extension 'colcon_pkg'
[0.313s] [34mcolcon.colcon_core.package_identification[0m [1;30mLevel 1[0m _identify(src/darknet_ros/darknet/cmake) by extensions ['colcon_meta']
[0.313s] [34mcolcon.colcon_core.package_identification[0m [1;30mLevel 1[0m _identify(src/darknet_ros/darknet/cmake) by extension 'colcon_meta'
[0.313s] [34mcolcon.colcon_core.package_identification[0m [1;30mLevel 1[0m _identify(src/darknet_ros/darknet/cmake) by extensions ['ros']
[0.313s] [34mcolcon.colcon_core.package_identification[0m [1;30mLevel 1[0m _identify(src/darknet_ros/darknet/cmake) by extension 'ros'
[0.314s] [34mcolcon.colcon_core.package_identification[0m [1;30mLevel 1[0m _identify(src/darknet_ros/darknet/cmake) by extensions ['cmake', 'python']
[0.314s] [34mcolcon.colcon_core.package_identification[0m [1;30mLevel 1[0m _identify(src/darknet_ros/darknet/cmake) by extension 'cmake'
[0.314s] [34mcolcon.colcon_core.package_identification[0m [1;30mLevel 1[0m _identify(src/darknet_ros/darknet/cmake) by extension 'python'
[0.314s] [34mcolcon.colcon_core.package_identification[0m [1;30mLevel 1[0m _identify(src/darknet_ros/darknet/cmake) by extensions ['python_setup_py']
[0.314s] [34mcolcon.colcon_core.package_identification[0m [1;30mLevel 1[0m _identify(src/darknet_ros/darknet/cmake) by extension 'python_setup_py'
[0.314s] [34mcolcon.colcon_core.package_identification[0m [1;30mLevel 1[0m _identify(src/darknet_ros/darknet/cmake/Modules) by extensions ['ignore', 'ignore_ament_install']
[0.314s] [34mcolcon.colcon_core.package_identification[0m [1;30mLevel 1[0m _identify(src/darknet_ros/darknet/cmake/Modules) by extension 'ignore'
[0.314s] [34mcolcon.colcon_core.package_identification[0m [1;30mLevel 1[0m _identify(src/darknet_ros/darknet/cmake/Modules) by extension 'ignore_ament_install'
[0.314s] [34mcolcon.colcon_core.package_identification[0m [1;30mLevel 1[0m _identify(src/darknet_ros/darknet/cmake/Modules) by extensions ['colcon_pkg']
[0.314s] [34mcolcon.colcon_core.package_identification[0m [1;30mLevel 1[0m _identify(src/darknet_ros/darknet/cmake/Modules) by extension 'colcon_pkg'
[0.314s] [34mcolcon.colcon_core.package_identification[0m [1;30mLevel 1[0m _identify(src/darknet_ros/darknet/cmake/Modules) by extensions ['colcon_meta']
[0.314s] [34mcolcon.colcon_core.package_identification[0m [1;30mLevel 1[0m _identify(src/darknet_ros/darknet/cmake/Modules) by extension 'colcon_meta'
[0.314s] [34mcolcon.colcon_core.package_identification[0m [1;30mLevel 1[0m _identify(src/darknet_ros/darknet/cmake/Modules) by extensions ['ros']
[0.314s] [34mcolcon.colcon_core.package_identification[0m [1;30mLevel 1[0m _identify(src/darknet_ros/darknet/cmake/Modules) by extension 'ros'
[0.314s] [34mcolcon.colcon_core.package_identification[0m [1;30mLevel 1[0m _identify(src/darknet_ros/darknet/cmake/Modules) by extensions ['cmake', 'python']
[0.314s] [34mcolcon.colcon_core.package_identification[0m [1;30mLevel 1[0m _identify(src/darknet_ros/darknet/cmake/Modules) by extension 'cmake'
[0.314s] [34mcolcon.colcon_core.package_identification[0m [1;30mLevel 1[0m _identify(src/darknet_ros/darknet/cmake/Modules) by extension 'python'
[0.314s] [34mcolcon.colcon_core.package_identification[0m [1;30mLevel 1[0m _identify(src/darknet_ros/darknet/cmake/Modules) by extensions ['python_setup_py']
[0.315s] [34mcolcon.colcon_core.package_identification[0m [1;30mLevel 1[0m _identify(src/darknet_ros/darknet/cmake/Modules) by extension 'python_setup_py'
[0.315s] [34mcolcon.colcon_core.package_identification[0m [1;30mLevel 1[0m _identify(src/darknet_ros/darknet/data) by extensions ['ignore', 'ignore_ament_install']
[0.315s] [34mcolcon.colcon_core.package_identification[0m [1;30mLevel 1[0m _identify(src/darknet_ros/darknet/data) by extension 'ignore'
[0.315s] [34mcolcon.colcon_core.package_identification[0m [1;30mLevel 1[0m _identify(src/darknet_ros/darknet/data) by extension 'ignore_ament_install'
[0.315s] [34mcolcon.colcon_core.package_identification[0m [1;30mLevel 1[0m _identify(src/darknet_ros/darknet/data) by extensions ['colcon_pkg']
[0.315s] [34mcolcon.colcon_core.package_identification[0m [1;30mLevel 1[0m _identify(src/darknet_ros/darknet/data) by extension 'colcon_pkg'
[0.315s] [34mcolcon.colcon_core.package_identification[0m [1;30mLevel 1[0m _identify(src/darknet_ros/darknet/data) by extensions ['colcon_meta']
[0.315s] [34mcolcon.colcon_core.package_identification[0m [1;30mLevel 1[0m _identify(src/darknet_ros/darknet/data) by extension 'colcon_meta'
[0.315s] [34mcolcon.colcon_core.package_identification[0m [1;30mLevel 1[0m _identify(src/darknet_ros/darknet/data) by extensions ['ros']
[0.315s] [34mcolcon.colcon_core.package_identification[0m [1;30mLevel 1[0m _identify(src/darknet_ros/darknet/data) by extension 'ros'
[0.315s] [34mcolcon.colcon_core.package_identification[0m [1;30mLevel 1[0m _identify(src/darknet_ros/darknet/data) by extensions ['cmake', 'python']
[0.315s] [34mcolcon.colcon_core.package_identification[0m [1;30mLevel 1[0m _identify(src/darknet_ros/darknet/data) by extension 'cmake'
[0.315s] [34mcolcon.colcon_core.package_identification[0m [1;30mLevel 1[0m _identify(src/darknet_ros/darknet/data) by extension 'python'
[0.315s] [34mcolcon.colcon_core.package_identification[0m [1;30mLevel 1[0m _identify(src/darknet_ros/darknet/data) by extensions ['python_setup_py']
[0.315s] [34mcolcon.colcon_core.package_identification[0m [1;30mLevel 1[0m _identify(src/darknet_ros/darknet/data) by extension 'python_setup_py'
[0.317s] [34mcolcon.colcon_core.package_identification[0m [1;30mLevel 1[0m _identify(src/darknet_ros/darknet/data/labels) by extensions ['ignore', 'ignore_ament_install']
[0.317s] [34mcolcon.colcon_core.package_identification[0m [1;30mLevel 1[0m _identify(src/darknet_ros/darknet/data/labels) by extension 'ignore'
[0.317s] [34mcolcon.colcon_core.package_identification[0m [1;30mLevel 1[0m _identify(src/darknet_ros/darknet/data/labels) by extension 'ignore_ament_install'
[0.317s] [34mcolcon.colcon_core.package_identification[0m [1;30mLevel 1[0m _identify(src/darknet_ros/darknet/data/labels) by extensions ['colcon_pkg']
[0.317s] [34mcolcon.colcon_core.package_identification[0m [1;30mLevel 1[0m _identify(src/darknet_ros/darknet/data/labels) by extension 'colcon_pkg'
[0.317s] [34mcolcon.colcon_core.package_identification[0m [1;30mLevel 1[0m _identify(src/darknet_ros/darknet/data/labels) by extensions ['colcon_meta']
[0.317s] [34mcolcon.colcon_core.package_identification[0m [1;30mLevel 1[0m _identify(src/darknet_ros/darknet/data/labels) by extension 'colcon_meta'
[0.317s] [34mcolcon.colcon_core.package_identification[0m [1;30mLevel 1[0m _identify(src/darknet_ros/darknet/data/labels) by extensions ['ros']
[0.317s] [34mcolcon.colcon_core.package_identification[0m [1;30mLevel 1[0m _identify(src/darknet_ros/darknet/data/labels) by extension 'ros'
[0.317s] [34mcolcon.colcon_core.package_identification[0m [1;30mLevel 1[0m _identify(src/darknet_ros/darknet/data/labels) by extensions ['cmake', 'python']
[0.317s] [34mcolcon.colcon_core.package_identification[0m [1;30mLevel 1[0m _identify(src/darknet_ros/darknet/data/labels) by extension 'cmake'
[0.318s] [34mcolcon.colcon_core.package_identification[0m [1;30mLevel 1[0m _identify(src/darknet_ros/darknet/data/labels) by extension 'python'
[0.318s] [34mcolcon.colcon_core.package_identification[0m [1;30mLevel 1[0m _identify(src/darknet_ros/darknet/data/labels) by extensions ['python_setup_py']
[0.318s] [34mcolcon.colcon_core.package_identification[0m [1;30mLevel 1[0m _identify(src/darknet_ros/darknet/data/labels) by extension 'python_setup_py'
[0.320s] [34mcolcon.colcon_core.package_identification[0m [1;30mLevel 1[0m _identify(src/darknet_ros/darknet/include) by extensions ['ignore', 'ignore_ament_install']
[0.321s] [34mcolcon.colcon_core.package_identification[0m [1;30mLevel 1[0m _identify(src/darknet_ros/darknet/include) by extension 'ignore'
[0.321s] [34mcolcon.colcon_core.package_identification[0m [1;30mLevel 1[0m _identify(src/darknet_ros/darknet/include) by extension 'ignore_ament_install'
[0.321s] [34mcolcon.colcon_core.package_identification[0m [1;30mLevel 1[0m _identify(src/darknet_ros/darknet/include) by extensions ['colcon_pkg']
[0.321s] [34mcolcon.colcon_core.package_identification[0m [1;30mLevel 1[0m _identify(src/darknet_ros/darknet/include) by extension 'colcon_pkg'
[0.321s] [34mcolcon.colcon_core.package_identification[0m [1;30mLevel 1[0m _identify(src/darknet_ros/darknet/include) by extensions ['colcon_meta']
[0.321s] [34mcolcon.colcon_core.package_identification[0m [1;30mLevel 1[0m _identify(src/darknet_ros/darknet/include) by extension 'colcon_meta'
[0.321s] [34mcolcon.colcon_core.package_identification[0m [1;30mLevel 1[0m _identify(src/darknet_ros/darknet/include) by extensions ['ros']
[0.321s] [34mcolcon.colcon_core.package_identification[0m [1;30mLevel 1[0m _identify(src/darknet_ros/darknet/include) by extension 'ros'
[0.321s] [34mcolcon.colcon_core.package_identification[0m [1;30mLevel 1[0m _identify(src/darknet_ros/darknet/include) by extensions ['cmake', 'python']
[0.321s] [34mcolcon.colcon_core.package_identification[0m [1;30mLevel 1[0m _identify(src/darknet_ros/darknet/include) by extension 'cmake'
[0.321s] [34mcolcon.colcon_core.package_identification[0m [1;30mLevel 1[0m _identify(src/darknet_ros/darknet/include) by extension 'python'
[0.321s] [34mcolcon.colcon_core.package_identification[0m [1;30mLevel 1[0m _identify(src/darknet_ros/darknet/include) by extensions ['python_setup_py']
[0.321s] [34mcolcon.colcon_core.package_identification[0m [1;30mLevel 1[0m _identify(src/darknet_ros/darknet/include) by extension 'python_setup_py'
[0.322s] [34mcolcon.colcon_core.package_identification[0m [1;30mLevel 1[0m _identify(src/darknet_ros/darknet/results) by extensions ['ignore', 'ignore_ament_install']
[0.322s] [34mcolcon.colcon_core.package_identification[0m [1;30mLevel 1[0m _identify(src/darknet_ros/darknet/results) by extension 'ignore'
[0.322s] [34mcolcon.colcon_core.package_identification[0m [1;30mLevel 1[0m _identify(src/darknet_ros/darknet/results) by extension 'ignore_ament_install'
[0.322s] [34mcolcon.colcon_core.package_identification[0m [1;30mLevel 1[0m _identify(src/darknet_ros/darknet/results) by extensions ['colcon_pkg']
[0.322s] [34mcolcon.colcon_core.package_identification[0m [1;30mLevel 1[0m _identify(src/darknet_ros/darknet/results) by extension 'colcon_pkg'
[0.322s] [34mcolcon.colcon_core.package_identification[0m [1;30mLevel 1[0m _identify(src/darknet_ros/darknet/results) by extensions ['colcon_meta']
[0.322s] [34mcolcon.colcon_core.package_identification[0m [1;30mLevel 1[0m _identify(src/darknet_ros/darknet/results) by extension 'colcon_meta'
[0.322s] [34mcolcon.colcon_core.package_identification[0m [1;30mLevel 1[0m _identify(src/darknet_ros/darknet/results) by extensions ['ros']
[0.322s] [34mcolcon.colcon_core.package_identification[0m [1;30mLevel 1[0m _identify(src/darknet_ros/darknet/results) by extension 'ros'
[0.322s] [34mcolcon.colcon_core.package_identification[0m [1;30mLevel 1[0m _identify(src/darknet_ros/darknet/results) by extensions ['cmake', 'python']
[0.322s] [34mcolcon.colcon_core.package_identification[0m [1;30mLevel 1[0m _identify(src/darknet_ros/darknet/results) by extension 'cmake'
[0.322s] [34mcolcon.colcon_core.package_identification[0m [1;30mLevel 1[0m _identify(src/darknet_ros/darknet/results) by extension 'python'
[0.322s] [34mcolcon.colcon_core.package_identification[0m [1;30mLevel 1[0m _identify(src/darknet_ros/darknet/results) by extensions ['python_setup_py']
[0.322s] [34mcolcon.colcon_core.package_identification[0m [1;30mLevel 1[0m _identify(src/darknet_ros/darknet/results) by extension 'python_setup_py'
[0.323s] [34mcolcon.colcon_core.package_identification[0m [1;30mLevel 1[0m _identify(src/darknet_ros/darknet/scripts) by extensions ['ignore', 'ignore_ament_install']
[0.323s] [34mcolcon.colcon_core.package_identification[0m [1;30mLevel 1[0m _identify(src/darknet_ros/darknet/scripts) by extension 'ignore'
[0.323s] [34mcolcon.colcon_core.package_identification[0m [1;30mLevel 1[0m _identify(src/darknet_ros/darknet/scripts) by extension 'ignore_ament_install'
[0.323s] [34mcolcon.colcon_core.package_identification[0m [1;30mLevel 1[0m _identify(src/darknet_ros/darknet/scripts) by extensions ['colcon_pkg']
[0.323s] [34mcolcon.colcon_core.package_identification[0m [1;30mLevel 1[0m _identify(src/darknet_ros/darknet/scripts) by extension 'colcon_pkg'
[0.323s] [34mcolcon.colcon_core.package_identification[0m [1;30mLevel 1[0m _identify(src/darknet_ros/darknet/scripts) by extensions ['colcon_meta']
[0.323s] [34mcolcon.colcon_core.package_identification[0m [1;30mLevel 1[0m _identify(src/darknet_ros/darknet/scripts) by extension 'colcon_meta'
[0.323s] [34mcolcon.colcon_core.package_identification[0m [1;30mLevel 1[0m _identify(src/darknet_ros/darknet/scripts) by extensions ['ros']
[0.323s] [34mcolcon.colcon_core.package_identification[0m [1;30mLevel 1[0m _identify(src/darknet_ros/darknet/scripts) by extension 'ros'
[0.323s] [34mcolcon.colcon_core.package_identification[0m [1;30mLevel 1[0m _identify(src/darknet_ros/darknet/scripts) by extensions ['cmake', 'python']
[0.323s] [34mcolcon.colcon_core.package_identification[0m [1;30mLevel 1[0m _identify(src/darknet_ros/darknet/scripts) by extension 'cmake'
[0.323s] [34mcolcon.colcon_core.package_identification[0m [1;30mLevel 1[0m _identify(src/darknet_ros/darknet/scripts) by extension 'python'
[0.323s] [34mcolcon.colcon_core.package_identification[0m [1;30mLevel 1[0m _identify(src/darknet_ros/darknet/scripts) by extensions ['python_setup_py']
[0.323s] [34mcolcon.colcon_core.package_identification[0m [1;30mLevel 1[0m _identify(src/darknet_ros/darknet/scripts) by extension 'python_setup_py'
[0.324s] [34mcolcon.colcon_core.package_identification[0m [1;30mLevel 1[0m _identify(src/darknet_ros/darknet/scripts/log_parser) by extensions ['ignore', 'ignore_ament_install']
[0.324s] [34mcolcon.colcon_core.package_identification[0m [1;30mLevel 1[0m _identify(src/darknet_ros/darknet/scripts/log_parser) by extension 'ignore'
[0.324s] [34mcolcon.colcon_core.package_identification[0m [1;30mLevel 1[0m _identify(src/darknet_ros/darknet/scripts/log_parser) by extension 'ignore_ament_install'
[0.324s] [34mcolcon.colcon_core.package_identification[0m [1;30mLevel 1[0m _identify(src/darknet_ros/darknet/scripts/log_parser) by extensions ['colcon_pkg']
[0.324s] [34mcolcon.colcon_core.package_identification[0m [1;30mLevel 1[0m _identify(src/darknet_ros/darknet/scripts/log_parser) by extension 'colcon_pkg'
[0.324s] [34mcolcon.colcon_core.package_identification[0m [1;30mLevel 1[0m _identify(src/darknet_ros/darknet/scripts/log_parser) by extensions ['colcon_meta']
[0.324s] [34mcolcon.colcon_core.package_identification[0m [1;30mLevel 1[0m _identify(src/darknet_ros/darknet/scripts/log_parser) by extension 'colcon_meta'
[0.324s] [34mcolcon.colcon_core.package_identification[0m [1;30mLevel 1[0m _identify(src/darknet_ros/darknet/scripts/log_parser) by extensions ['ros']
[0.324s] [34mcolcon.colcon_core.package_identification[0m [1;30mLevel 1[0m _identify(src/darknet_ros/darknet/scripts/log_parser) by extension 'ros'
[0.324s] [34mcolcon.colcon_core.package_identification[0m [1;30mLevel 1[0m _identify(src/darknet_ros/darknet/scripts/log_parser) by extensions ['cmake', 'python']
[0.324s] [34mcolcon.colcon_core.package_identification[0m [1;30mLevel 1[0m _identify(src/darknet_ros/darknet/scripts/log_parser) by extension 'cmake'
[0.324s] [34mcolcon.colcon_core.package_identification[0m [1;30mLevel 1[0m _identify(src/darknet_ros/darknet/scripts/log_parser) by extension 'python'
[0.324s] [34mcolcon.colcon_core.package_identification[0m [1;30mLevel 1[0m _identify(src/darknet_ros/darknet/scripts/log_parser) by extensions ['python_setup_py']
[0.324s] [34mcolcon.colcon_core.package_identification[0m [1;30mLevel 1[0m _identify(src/darknet_ros/darknet/scripts/log_parser) by extension 'python_setup_py'
[0.325s] [34mcolcon.colcon_core.package_identification[0m [1;30mLevel 1[0m _identify(src/darknet_ros/darknet/scripts/windows) by extensions ['ignore', 'ignore_ament_install']
[0.325s] [34mcolcon.colcon_core.package_identification[0m [1;30mLevel 1[0m _identify(src/darknet_ros/darknet/scripts/windows) by extension 'ignore'
[0.325s] [34mcolcon.colcon_core.package_identification[0m [1;30mLevel 1[0m _identify(src/darknet_ros/darknet/scripts/windows) by extension 'ignore_ament_install'
[0.325s] [34mcolcon.colcon_core.package_identification[0m [1;30mLevel 1[0m _identify(src/darknet_ros/darknet/scripts/windows) by extensions ['colcon_pkg']
[0.325s] [34mcolcon.colcon_core.package_identification[0m [1;30mLevel 1[0m _identify(src/darknet_ros/darknet/scripts/windows) by extension 'colcon_pkg'
[0.325s] [34mcolcon.colcon_core.package_identification[0m [1;30mLevel 1[0m _identify(src/darknet_ros/darknet/scripts/windows) by extensions ['colcon_meta']
[0.325s] [34mcolcon.colcon_core.package_identification[0m [1;30mLevel 1[0m _identify(src/darknet_ros/darknet/scripts/windows) by extension 'colcon_meta'
[0.325s] [34mcolcon.colcon_core.package_identification[0m [1;30mLevel 1[0m _identify(src/darknet_ros/darknet/scripts/windows) by extensions ['ros']
[0.325s] [34mcolcon.colcon_core.package_identification[0m [1;30mLevel 1[0m _identify(src/darknet_ros/darknet/scripts/windows) by extension 'ros'
[0.325s] [34mcolcon.colcon_core.package_identification[0m [1;30mLevel 1[0m _identify(src/darknet_ros/darknet/scripts/windows) by extensions ['cmake', 'python']
[0.325s] [34mcolcon.colcon_core.package_identification[0m [1;30mLevel 1[0m _identify(src/darknet_ros/darknet/scripts/windows) by extension 'cmake'
[0.325s] [34mcolcon.colcon_core.package_identification[0m [1;30mLevel 1[0m _identify(src/darknet_ros/darknet/scripts/windows) by extension 'python'
[0.325s] [34mcolcon.colcon_core.package_identification[0m [1;30mLevel 1[0m _identify(src/darknet_ros/darknet/scripts/windows) by extensions ['python_setup_py']
[0.325s] [34mcolcon.colcon_core.package_identification[0m [1;30mLevel 1[0m _identify(src/darknet_ros/darknet/scripts/windows) by extension 'python_setup_py'
[0.326s] [34mcolcon.colcon_core.package_identification[0m [1;30mLevel 1[0m _identify(src/darknet_ros/darknet/src) by extensions ['ignore', 'ignore_ament_install']
[0.326s] [34mcolcon.colcon_core.package_identification[0m [1;30mLevel 1[0m _identify(src/darknet_ros/darknet/src) by extension 'ignore'
[0.326s] [34mcolcon.colcon_core.package_identification[0m [1;30mLevel 1[0m _identify(src/darknet_ros/darknet/src) by extension 'ignore_ament_install'
[0.326s] [34mcolcon.colcon_core.package_identification[0m [1;30mLevel 1[0m _identify(src/darknet_ros/darknet/src) by extensions ['colcon_pkg']
[0.326s] [34mcolcon.colcon_core.package_identification[0m [1;30mLevel 1[0m _identify(src/darknet_ros/darknet/src) by extension 'colcon_pkg'
[0.326s] [34mcolcon.colcon_core.package_identification[0m [1;30mLevel 1[0m _identify(src/darknet_ros/darknet/src) by extensions ['colcon_meta']
[0.326s] [34mcolcon.colcon_core.package_identification[0m [1;30mLevel 1[0m _identify(src/darknet_ros/darknet/src) by extension 'colcon_meta'
[0.326s] [34mcolcon.colcon_core.package_identification[0m [1;30mLevel 1[0m _identify(src/darknet_ros/darknet/src) by extensions ['ros']
[0.326s] [34mcolcon.colcon_core.package_identification[0m [1;30mLevel 1[0m _identify(src/darknet_ros/darknet/src) by extension 'ros'
[0.326s] [34mcolcon.colcon_core.package_identification[0m [1;30mLevel 1[0m _identify(src/darknet_ros/darknet/src) by extensions ['cmake', 'python']
[0.326s] [34mcolcon.colcon_core.package_identification[0m [1;30mLevel 1[0m _identify(src/darknet_ros/darknet/src) by extension 'cmake'
[0.326s] [34mcolcon.colcon_core.package_identification[0m [1;30mLevel 1[0m _identify(src/darknet_ros/darknet/src) by extension 'python'
[0.326s] [34mcolcon.colcon_core.package_identification[0m [1;30mLevel 1[0m _identify(src/darknet_ros/darknet/src) by extensions ['python_setup_py']
[0.326s] [34mcolcon.colcon_core.package_identification[0m [1;30mLevel 1[0m _identify(src/darknet_ros/darknet/src) by extension 'python_setup_py'
[0.326s] [34mcolcon.colcon_core.package_identification[0m [1;30mLevel 1[0m _identify(src/darknet_ros/darknet/src/csharp) by extensions ['ignore', 'ignore_ament_install']
[0.326s] [34mcolcon.colcon_core.package_identification[0m [1;30mLevel 1[0m _identify(src/darknet_ros/darknet/src/csharp) by extension 'ignore'
[0.327s] [34mcolcon.colcon_core.package_identification[0m [1;30mLevel 1[0m _identify(src/darknet_ros/darknet/src/csharp) by extension 'ignore_ament_install'
[0.327s] [34mcolcon.colcon_core.package_identification[0m [1;30mLevel 1[0m _identify(src/darknet_ros/darknet/src/csharp) by extensions ['colcon_pkg']
[0.327s] [34mcolcon.colcon_core.package_identification[0m [1;30mLevel 1[0m _identify(src/darknet_ros/darknet/src/csharp) by extension 'colcon_pkg'
[0.327s] [34mcolcon.colcon_core.package_identification[0m [1;30mLevel 1[0m _identify(src/darknet_ros/darknet/src/csharp) by extensions ['colcon_meta']
[0.327s] [34mcolcon.colcon_core.package_identification[0m [1;30mLevel 1[0m _identify(src/darknet_ros/darknet/src/csharp) by extension 'colcon_meta'
[0.327s] [34mcolcon.colcon_core.package_identification[0m [1;30mLevel 1[0m _identify(src/darknet_ros/darknet/src/csharp) by extensions ['ros']
[0.327s] [34mcolcon.colcon_core.package_identification[0m [1;30mLevel 1[0m _identify(src/darknet_ros/darknet/src/csharp) by extension 'ros'
[0.327s] [34mcolcon.colcon_core.package_identification[0m [1;30mLevel 1[0m _identify(src/darknet_ros/darknet/src/csharp) by extensions ['cmake', 'python']
[0.327s] [34mcolcon.colcon_core.package_identification[0m [1;30mLevel 1[0m _identify(src/darknet_ros/darknet/src/csharp) by extension 'cmake'
[0.327s] [34mcolcon.colcon_core.package_identification[0m [1;30mLevel 1[0m _identify(src/darknet_ros/darknet/src/csharp) by extension 'python'
[0.327s] [34mcolcon.colcon_core.package_identification[0m [1;30mLevel 1[0m _identify(src/darknet_ros/darknet/src/csharp) by extensions ['python_setup_py']
[0.327s] [34mcolcon.colcon_core.package_identification[0m [1;30mLevel 1[0m _identify(src/darknet_ros/darknet/src/csharp) by extension 'python_setup_py'
[0.327s] [34mcolcon.colcon_core.package_identification[0m [1;30mLevel 1[0m _identify(src/darknet_ros/darknet_ros) by extensions ['ignore', 'ignore_ament_install']
[0.327s] [34mcolcon.colcon_core.package_identification[0m [1;30mLevel 1[0m _identify(src/darknet_ros/darknet_ros) by extension 'ignore'
[0.327s] [34mcolcon.colcon_core.package_identification[0m [1;30mLevel 1[0m _identify(src/darknet_ros/darknet_ros) by extension 'ignore_ament_install'
[0.327s] [34mcolcon.colcon_core.package_identification[0m [1;30mLevel 1[0m _identify(src/darknet_ros/darknet_ros) by extensions ['colcon_pkg']
[0.327s] [34mcolcon.colcon_core.package_identification[0m [1;30mLevel 1[0m _identify(src/darknet_ros/darknet_ros) by extension 'colcon_pkg'
[0.327s] [34mcolcon.colcon_core.package_identification[0m [1;30mLevel 1[0m _identify(src/darknet_ros/darknet_ros) by extensions ['colcon_meta']
[0.328s] [34mcolcon.colcon_core.package_identification[0m [1;30mLevel 1[0m _identify(src/darknet_ros/darknet_ros) by extension 'colcon_meta'
[0.328s] [34mcolcon.colcon_core.package_identification[0m [1;30mLevel 1[0m _identify(src/darknet_ros/darknet_ros) by extensions ['ros']
[0.328s] [34mcolcon.colcon_core.package_identification[0m [1;30mLevel 1[0m _identify(src/darknet_ros/darknet_ros) by extension 'ros'
[0.330s] [34mcolcon.colcon_core.package_identification[0m [1;30mDEBUG[0m [32mPackage 'src/darknet_ros/darknet_ros' with type 'ros.ament_cmake' and name 'darknet_ros'[0m
[0.331s] [34mcolcon.colcon_core.package_identification[0m [1;30mLevel 1[0m _identify(src/darknet_ros/darknet_ros_msgs) by extensions ['ignore', 'ignore_ament_install']
[0.331s] [34mcolcon.colcon_core.package_identification[0m [1;30mLevel 1[0m _identify(src/darknet_ros/darknet_ros_msgs) by extension 'ignore'
[0.331s] [34mcolcon.colcon_core.package_identification[0m [1;30mLevel 1[0m _identify(src/darknet_ros/darknet_ros_msgs) by extension 'ignore_ament_install'
[0.331s] [34mcolcon.colcon_core.package_identification[0m [1;30mLevel 1[0m _identify(src/darknet_ros/darknet_ros_msgs) by extensions ['colcon_pkg']
[0.331s] [34mcolcon.colcon_core.package_identification[0m [1;30mLevel 1[0m _identify(src/darknet_ros/darknet_ros_msgs) by extension 'colcon_pkg'
[0.331s] [34mcolcon.colcon_core.package_identification[0m [1;30mLevel 1[0m _identify(src/darknet_ros/darknet_ros_msgs) by extensions ['colcon_meta']
[0.331s] [34mcolcon.colcon_core.package_identification[0m [1;30mLevel 1[0m _identify(src/darknet_ros/darknet_ros_msgs) by extension 'colcon_meta'
[0.331s] [34mcolcon.colcon_core.package_identification[0m [1;30mLevel 1[0m _identify(src/darknet_ros/darknet_ros_msgs) by extensions ['ros']
[0.331s] [34mcolcon.colcon_core.package_identification[0m [1;30mLevel 1[0m _identify(src/darknet_ros/darknet_ros_msgs) by extension 'ros'
[0.333s] [34mcolcon.colcon_core.package_identification[0m [1;30mDEBUG[0m [32mPackage 'src/darknet_ros/darknet_ros_msgs' with type 'ros.ament_cmake' and name 'darknet_ros_msgs'[0m
[0.333s] [34mcolcon.colcon_core.package_identification[0m [1;30mLevel 1[0m _identify(src/fusion) by extensions ['ignore', 'ignore_ament_install']
[0.333s] [34mcolcon.colcon_core.package_identification[0m [1;30mLevel 1[0m _identify(src/fusion) by extension 'ignore'
[0.333s] [34mcolcon.colcon_core.package_identification[0m [1;30mLevel 1[0m _identify(src/fusion) by extension 'ignore_ament_install'
[0.333s] [34mcolcon.colcon_core.package_identification[0m [1;30mLevel 1[0m _identify(src/fusion) by extensions ['colcon_pkg']
[0.333s] [34mcolcon.colcon_core.package_identification[0m [1;30mLevel 1[0m _identify(src/fusion) by extension 'colcon_pkg'
[0.333s] [34mcolcon.colcon_core.package_identification[0m [1;30mLevel 1[0m _identify(src/fusion) by extensions ['colcon_meta']
[0.333s] [34mcolcon.colcon_core.package_identification[0m [1;30mLevel 1[0m _identify(src/fusion) by extension 'colcon_meta'
[0.333s] [34mcolcon.colcon_core.package_identification[0m [1;30mLevel 1[0m _identify(src/fusion) by extensions ['ros']
[0.333s] [34mcolcon.colcon_core.package_identification[0m [1;30mLevel 1[0m _identify(src/fusion) by extension 'ros'
[0.334s] [34mcolcon.colcon_core.package_identification[0m [1;30mDEBUG[0m [32mPackage 'src/fusion' with type 'ros.ament_python' and name 'fusion'[0m
[0.334s] [34mcolcon.colcon_core.package_discovery[0m [1;30mLevel 1[0m discover_packages(recursive) using defaults
[0.334s] [34mcolcon.colcon_core.package_discovery[0m [1;30mLevel 1[0m discover_packages(ignore) discover
[0.334s] [34mcolcon.colcon_core.package_discovery[0m [1;30mLevel 1[0m discover_packages(ignore) using defaults
[0.334s] [34mcolcon.colcon_core.package_discovery[0m [1;30mLevel 1[0m discover_packages(path) discover
[0.334s] [34mcolcon.colcon_core.package_discovery[0m [1;30mLevel 1[0m discover_packages(path) using defaults
[0.346s] [34mcolcon.colcon_core.package_discovery[0m [1;30mLevel 1[0m discover_packages(prefix_path) check parameters
[0.346s] [34mcolcon.colcon_core.package_discovery[0m [1;30mLevel 1[0m discover_packages(prefix_path) discover
[0.348s] [34mcolcon.colcon_installed_package_information.package_discovery[0m [1;30mDEBUG[0m [32mFound 227 installed packages in /opt/ros/humble[0m
[0.349s] [34mcolcon.colcon_core.package_discovery[0m [1;30mLevel 1[0m discover_packages(prefix_path) using defaults
[0.368s] [34mcolcon.colcon_core.verb[0m [1;30mLevel 5[0m set package 'darknet_ros_msgs' build argument 'cmake_args' from command line to 'None'
[0.368s] [34mcolcon.colcon_core.verb[0m [1;30mLevel 5[0m set package 'darknet_ros_msgs' build argument 'cmake_target' from command line to 'None'
[0.368s] [34mcolcon.colcon_core.verb[0m [1;30mLevel 5[0m set package 'darknet_ros_msgs' build argument 'cmake_target_skip_unavailable' from command line to 'False'
[0.368s] [34mcolcon.colcon_core.verb[0m [1;30mLevel 5[0m set package 'darknet_ros_msgs' build argument 'cmake_clean_cache' from command line to 'False'
[0.368s] [34mcolcon.colcon_core.verb[0m [1;30mLevel 5[0m set package 'darknet_ros_msgs' build argument 'cmake_clean_first' from command line to 'False'
[0.368s] [34mcolcon.colcon_core.verb[0m [1;30mLevel 5[0m set package 'darknet_ros_msgs' build argument 'cmake_force_configure' from command line to 'False'
[0.368s] [34mcolcon.colcon_core.verb[0m [1;30mLevel 5[0m set package 'darknet_ros_msgs' build argument 'ament_cmake_args' from command line to 'None'
[0.368s] [34mcolcon.colcon_core.verb[0m [1;30mLevel 5[0m set package 'darknet_ros_msgs' build argument 'catkin_cmake_args' from command line to 'None'
[0.368s] [34mcolcon.colcon_core.verb[0m [1;30mLevel 5[0m set package 'darknet_ros_msgs' build argument 'catkin_skip_building_tests' from command line to 'False'
[0.369s] [34mcolcon.colcon_core.verb[0m [1;30mDEBUG[0m [32mBuilding package 'darknet_ros_msgs' with the following arguments: {'ament_cmake_args': None, 'build_base': '/home/junsu/1.cam/build/darknet_ros_msgs', 'catkin_cmake_args': None, 'catkin_skip_building_tests': False, 'cmake_args': None, 'cmake_clean_cache': False, 'cmake_clean_first': False, 'cmake_force_configure': False, 'cmake_target': None, 'cmake_target_skip_unavailable': False, 'install_base': '/home/junsu/1.cam/install/darknet_ros_msgs', 'merge_install': False, 'path': '/home/junsu/1.cam/src/darknet_ros/darknet_ros_msgs', 'symlink_install': False, 'test_result_base': None}[0m
[0.369s] [34mcolcon.colcon_core.verb[0m [1;30mLevel 5[0m set package 'fusion' build argument 'cmake_args' from command line to 'None'
[0.369s] [34mcolcon.colcon_core.verb[0m [1;30mLevel 5[0m set package 'fusion' build argument 'cmake_target' from command line to 'None'
[0.369s] [34mcolcon.colcon_core.verb[0m [1;30mLevel 5[0m set package 'fusion' build argument 'cmake_target_skip_unavailable' from command line to 'False'
[0.369s] [34mcolcon.colcon_core.verb[0m [1;30mLevel 5[0m set package 'fusion' build argument 'cmake_clean_cache' from command line to 'False'
[0.369s] [34mcolcon.colcon_core.verb[0m [1;30mLevel 5[0m set package 'fusion' build argument 'cmake_clean_first' from command line to 'False'
[0.369s] [34mcolcon.colcon_core.verb[0m [1;30mLevel 5[0m set package 'fusion' build argument 'cmake_force_configure' from command line to 'False'
[0.369s] [34mcolcon.colcon_core.verb[0m [1;30mLevel 5[0m set package 'fusion' build argument 'ament_cmake_args' from command line to 'None'
[0.369s] [34mcolcon.colcon_core.verb[0m [1;30mLevel 5[0m set package 'fusion' build argument 'catkin_cmake_args' from command line to 'None'
[0.369s] [34mcolcon.colcon_core.verb[0m [1;30mLevel 5[0m set package 'fusion' build argument 'catkin_skip_building_tests' from command line to 'False'
[0.369s] [34mcolcon.colcon_core.verb[0m [1;30mDEBUG[0m [32mBuilding package 'fusion' with the following arguments: {'ament_cmake_args': None, 'build_base': '/home/junsu/1.cam/build/fusion', 'catkin_cmake_args': None, 'catkin_skip_building_tests': False, 'cmake_args': None, 'cmake_clean_cache': False, 'cmake_clean_first': False, 'cmake_force_configure': False, 'cmake_target': None, 'cmake_target_skip_unavailable': False, 'install_base': '/home/junsu/1.cam/install/fusion', 'merge_install': False, 'path': '/home/junsu/1.cam/src/fusion', 'symlink_install': False, 'test_result_base': None}[0m
[0.369s] [34mcolcon.colcon_core.verb[0m [1;30mLevel 5[0m set package 'darknet_ros' build argument 'cmake_args' from command line to 'None'
[0.369s] [34mcolcon.colcon_core.verb[0m [1;30mLevel 5[0m set package 'darknet_ros' build argument 'cmake_target' from command line to 'None'
[0.369s] [34mcolcon.colcon_core.verb[0m [1;30mLevel 5[0m set package 'darknet_ros' build argument 'cmake_target_skip_unavailable' from command line to 'False'
[0.369s] [34mcolcon.colcon_core.verb[0m [1;30mLevel 5[0m set package 'darknet_ros' build argument 'cmake_clean_cache' from command line to 'False'
[0.369s] [34mcolcon.colcon_core.verb[0m [1;30mLevel 5[0m set package 'darknet_ros' build argument 'cmake_clean_first' from command line to 'False'
[0.369s] [34mcolcon.colcon_core.verb[0m [1;30mLevel 5[0m set package 'darknet_ros' build argument 'cmake_force_configure' from command line to 'False'
[0.369s] [34mcolcon.colcon_core.verb[0m [1;30mLevel 5[0m set package 'darknet_ros' build argument 'ament_cmake_args' from command line to 'None'
[0.369s] [34mcolcon.colcon_core.verb[0m [1;30mLevel 5[0m set package 'darknet_ros' build argument 'catkin_cmake_args' from command line to 'None'
[0.369s] [34mcolcon.colcon_core.verb[0m [1;30mLevel 5[0m set package 'darknet_ros' build argument 'catkin_skip_building_tests' from command line to 'False'
[0.369s] [34mcolcon.colcon_core.verb[0m [1;30mDEBUG[0m [32mBuilding package 'darknet_ros' with the following arguments: {'ament_cmake_args': None, 'build_base': '/home/junsu/1.cam/build/darknet_ros', 'catkin_cmake_args': None, 'catkin_skip_building_tests': False, 'cmake_args': None, 'cmake_clean_cache': False, 'cmake_clean_first': False, 'cmake_force_configure': False, 'cmake_target': None, 'cmake_target_skip_unavailable': False, 'install_base': '/home/junsu/1.cam/install/darknet_ros', 'merge_install': False, 'path': '/home/junsu/1.cam/src/darknet_ros/darknet_ros', 'symlink_install': False, 'test_result_base': None}[0m
[0.369s] [34mcolcon.colcon_core.executor[0m [1;30mINFO[0m Executing jobs using 'parallel' executor
[0.370s] [34mcolcon.colcon_parallel_executor.executor.parallel[0m [1;30mDEBUG[0m [32mrun_until_complete[0m
[0.371s] [34mcolcon.colcon_ros.task.ament_cmake.build[0m [1;30mINFO[0m Building ROS package in '/home/junsu/1.cam/src/darknet_ros/darknet_ros_msgs' with build type 'ament_cmake'
[0.371s] [34mcolcon.colcon_cmake.task.cmake.build[0m [1;30mINFO[0m Building CMake package in '/home/junsu/1.cam/src/darknet_ros/darknet_ros_msgs'
[0.372s] [34mcolcon.colcon_core.plugin_system[0m [1;30mINFO[0m Skipping extension 'colcon_core.shell.bat': Not used on non-Windows systems
[0.372s] [34mcolcon.colcon_core.shell[0m [1;30mINFO[0m Skip shell extension 'powershell' for command environment: Not usable outside of PowerShell
[0.372s] [34mcolcon.colcon_core.shell[0m [1;30mDEBUG[0m [32mSkip shell extension 'dsv' for command environment[0m
[0.374s] [34mcolcon.colcon_ros.task.ament_python.build[0m [1;30mINFO[0m Building ROS package in '/home/junsu/1.cam/src/fusion' with build type 'ament_python'
[0.374s] [34mcolcon.colcon_core.shell[0m [1;30mLevel 1[0m create_environment_hook('fusion', 'ament_prefix_path')
[0.375s] [34mcolcon.colcon_core.shell[0m [1;30mINFO[0m Creating environment hook '/home/junsu/1.cam/install/fusion/share/fusion/hook/ament_prefix_path.ps1'
[0.376s] [34mcolcon.colcon_core.shell[0m [1;30mINFO[0m Creating environment descriptor '/home/junsu/1.cam/install/fusion/share/fusion/hook/ament_prefix_path.dsv'
[0.377s] [34mcolcon.colcon_core.shell[0m [1;30mINFO[0m Creating environment hook '/home/junsu/1.cam/install/fusion/share/fusion/hook/ament_prefix_path.sh'
[0.378s] [34mcolcon.colcon_core.shell[0m [1;30mINFO[0m Skip shell extension 'powershell' for command environment: Not usable outside of PowerShell
[0.378s] [34mcolcon.colcon_core.shell[0m [1;30mDEBUG[0m [32mSkip shell extension 'dsv' for command environment[0m
[0.390s] [34mcolcon.colcon_core.event_handler.log_command[0m [1;30mDEBUG[0m [32mInvoking command in '/home/junsu/1.cam/build/darknet_ros_msgs': CMAKE_PREFIX_PATH=/opt/ros/humble /usr/bin/cmake /home/junsu/1.cam/src/darknet_ros/darknet_ros_msgs -DCMAKE_INSTALL_PREFIX=/home/junsu/1.cam/install/darknet_ros_msgs[0m
[0.887s] [34mcolcon.colcon_core.task.python.build[0m [1;30mINFO[0m Building Python package in '/home/junsu/1.cam/src/fusion'
[0.887s] [34mcolcon.colcon_core.shell[0m [1;30mINFO[0m Skip shell extension 'powershell' for command environment: Not usable outside of PowerShell
[0.887s] [34mcolcon.colcon_core.shell[0m [1;30mDEBUG[0m [32mSkip shell extension 'dsv' for command environment[0m
[2.123s] [34mcolcon.colcon_core.event_handler.log_command[0m [1;30mDEBUG[0m [32mInvoking command in '/home/junsu/1.cam/src/fusion': PYTHONPATH=/home/junsu/1.cam/build/fusion/prefix_override:/usr/lib/python3/dist-packages/colcon_core/task/python/colcon_distutils_commands:/home/junsu/1.cam/install/fusion/lib/python3.10/site-packages:${PYTHONPATH} /usr/bin/python3 -W ignore:setup.py install is deprecated -W ignore:easy_install command is deprecated setup.py egg_info --egg-base ../../build/fusion build --build-base /home/junsu/1.cam/build/fusion/build install --record /home/junsu/1.cam/build/fusion/install.log --single-version-externally-managed install_data[0m
[2.396s] [34mcolcon.colcon_core.event_handler.log_command[0m [1;30mDEBUG[0m [32mInvoked command in '/home/junsu/1.cam/src/fusion' returned '0': PYTHONPATH=/home/junsu/1.cam/build/fusion/prefix_override:/usr/lib/python3/dist-packages/colcon_core/task/python/colcon_distutils_commands:/home/junsu/1.cam/install/fusion/lib/python3.10/site-packages:${PYTHONPATH} /usr/bin/python3 -W ignore:setup.py install is deprecated -W ignore:easy_install command is deprecated setup.py egg_info --egg-base ../../build/fusion build --build-base /home/junsu/1.cam/build/fusion/build install --record /home/junsu/1.cam/build/fusion/install.log --single-version-externally-managed install_data[0m
[2.397s] [34mcolcon.colcon_core.environment[0m [1;30mLevel 1[0m checking '/home/junsu/1.cam/install/fusion' for CMake module files
[2.398s] [34mcolcon.colcon_core.environment[0m [1;30mLevel 1[0m checking '/home/junsu/1.cam/install/fusion' for CMake config files
[2.399s] [34mcolcon.colcon_core.environment[0m [1;30mLevel 1[0m checking '/home/junsu/1.cam/install/fusion/lib'
[2.399s] [34mcolcon.colcon_core.environment[0m [1;30mLevel 1[0m checking '/home/junsu/1.cam/install/fusion/bin'
[2.399s] [34mcolcon.colcon_core.environment[0m [1;30mLevel 1[0m checking '/home/junsu/1.cam/install/fusion/lib/pkgconfig/fusion.pc'
[2.399s] [34mcolcon.colcon_core.environment[0m [1;30mLevel 1[0m checking '/home/junsu/1.cam/install/fusion/lib/python3.10/site-packages'
[2.399s] [34mcolcon.colcon_core.shell[0m [1;30mLevel 1[0m create_environment_hook('fusion', 'pythonpath')
[2.399s] [34mcolcon.colcon_core.shell[0m [1;30mINFO[0m Creating environment hook '/home/junsu/1.cam/install/fusion/share/fusion/hook/pythonpath.ps1'
[2.400s] [34mcolcon.colcon_core.shell[0m [1;30mINFO[0m Creating environment descriptor '/home/junsu/1.cam/install/fusion/share/fusion/hook/pythonpath.dsv'
[2.400s] [34mcolcon.colcon_core.shell[0m [1;30mINFO[0m Creating environment hook '/home/junsu/1.cam/install/fusion/share/fusion/hook/pythonpath.sh'
[2.400s] [34mcolcon.colcon_core.environment[0m [1;30mLevel 1[0m checking '/home/junsu/1.cam/install/fusion/bin'
[2.401s] [34mcolcon.colcon_core.environment[0m [1;30mLevel 1[0m create_environment_scripts_only(fusion)
[2.401s] [34mcolcon.colcon_core.shell[0m [1;30mINFO[0m Creating package script '/home/junsu/1.cam/install/fusion/share/fusion/package.ps1'
[2.401s] [34mcolcon.colcon_core.shell[0m [1;30mINFO[0m Creating package descriptor '/home/junsu/1.cam/install/fusion/share/fusion/package.dsv'
[2.402s] [34mcolcon.colcon_core.shell[0m [1;30mINFO[0m Creating package script '/home/junsu/1.cam/install/fusion/share/fusion/package.sh'
[2.402s] [34mcolcon.colcon_core.shell[0m [1;30mINFO[0m Creating package script '/home/junsu/1.cam/install/fusion/share/fusion/package.bash'
[2.403s] [34mcolcon.colcon_core.shell[0m [1;30mINFO[0m Creating package script '/home/junsu/1.cam/install/fusion/share/fusion/package.zsh'
[2.403s] [34mcolcon.colcon_core.environment[0m [1;30mLevel 1[0m create_file_with_runtime_dependencies(/home/junsu/1.cam/install/fusion/share/colcon-core/packages/fusion)
[3.515s] [34mcolcon.colcon_core.event_handler.log_command[0m [1;30mDEBUG[0m [32mInvoked command in '/home/junsu/1.cam/build/darknet_ros_msgs' returned '0': CMAKE_PREFIX_PATH=/opt/ros/humble /usr/bin/cmake /home/junsu/1.cam/src/darknet_ros/darknet_ros_msgs -DCMAKE_INSTALL_PREFIX=/home/junsu/1.cam/install/darknet_ros_msgs[0m
[3.516s] [34mcolcon.colcon_core.event_handler.log_command[0m [1;30mDEBUG[0m [32mInvoking command in '/home/junsu/1.cam/build/darknet_ros_msgs': CMAKE_PREFIX_PATH=/opt/ros/humble /usr/bin/cmake --build /home/junsu/1.cam/build/darknet_ros_msgs -- -j8 -l8[0m
[7.282s] [34mcolcon.colcon_parallel_executor.executor.parallel[0m [1;30mDEBUG[0m [32mrun_until_complete was interrupted[0m
[7.282s] [34mcolcon.colcon_parallel_executor.executor.parallel[0m [1;30mDEBUG[0m [32mrun_until_complete again[0m
[7.283s] [34mcolcon.colcon_core.event_handler.log_command[0m [1;30mDEBUG[0m [32mInvoked command in '/home/junsu/1.cam/build/darknet_ros_msgs' returned '-2': CMAKE_PREFIX_PATH=/opt/ros/humble /usr/bin/cmake --build /home/junsu/1.cam/build/darknet_ros_msgs -- -j8 -l8[0m
[7.284s] [34mcolcon.colcon_core.environment[0m [1;30mLevel 1[0m create_environment_scripts_only(darknet_ros_msgs)
[7.284s] [34mcolcon.colcon_core.environment[0m [1;30mLevel 1[0m checking '/home/junsu/1.cam/install/darknet_ros_msgs' for CMake module files
[7.285s] [34mcolcon.colcon_core.environment[0m [1;30mLevel 1[0m checking '/home/junsu/1.cam/install/darknet_ros_msgs' for CMake config files
[7.285s] [34mcolcon.colcon_core.environment[0m [1;30mLevel 1[0m checking '/home/junsu/1.cam/install/darknet_ros_msgs/bin'
[7.285s] [34mcolcon.colcon_core.environment[0m [1;30mLevel 1[0m checking '/home/junsu/1.cam/install/darknet_ros_msgs/lib/pkgconfig/darknet_ros_msgs.pc'
[7.286s] [34mcolcon.colcon_core.environment[0m [1;30mLevel 1[0m checking '/home/junsu/1.cam/install/darknet_ros_msgs/lib/python3.10/site-packages'
[7.286s] [34mcolcon.colcon_core.environment[0m [1;30mLevel 1[0m checking '/home/junsu/1.cam/install/darknet_ros_msgs/bin'
[7.286s] [34mcolcon.colcon_core.shell[0m [1;30mINFO[0m Creating package script '/home/junsu/1.cam/install/darknet_ros_msgs/share/darknet_ros_msgs/package.ps1'
[7.286s] [34mcolcon.colcon_core.shell[0m [1;30mINFO[0m Creating package descriptor '/home/junsu/1.cam/install/darknet_ros_msgs/share/darknet_ros_msgs/package.dsv'
[7.287s] [34mcolcon.colcon_core.shell[0m [1;30mINFO[0m Creating package script '/home/junsu/1.cam/install/darknet_ros_msgs/share/darknet_ros_msgs/package.sh'
[7.287s] [34mcolcon.colcon_core.shell[0m [1;30mINFO[0m Creating package script '/home/junsu/1.cam/install/darknet_ros_msgs/share/darknet_ros_msgs/package.bash'
[7.287s] [34mcolcon.colcon_core.shell[0m [1;30mINFO[0m Creating package script '/home/junsu/1.cam/install/darknet_ros_msgs/share/darknet_ros_msgs/package.zsh'
[7.287s] [34mcolcon.colcon_core.environment[0m [1;30mLevel 1[0m create_file_with_runtime_dependencies(/home/junsu/1.cam/install/darknet_ros_msgs/share/colcon-core/packages/darknet_ros_msgs)
[7.298s] [34mcolcon.colcon_parallel_executor.executor.parallel[0m [1;30mDEBUG[0m [32mrun_until_complete finished[0m
[7.298s] [34mcolcon.colcon_parallel_executor.executor.parallel[0m [1;30mDEBUG[0m [32mclosing loop[0m
[7.298s] [34mcolcon.colcon_parallel_executor.executor.parallel[0m [1;30mDEBUG[0m [32mloop closed[0m
[7.298s] [34mcolcon.colcon_core.event_reactor[0m [1;30mDEBUG[0m [32mjoining thread[0m
[7.302s] [34mcolcon.colcon_core.plugin_system[0m [1;30mINFO[0m Skipping extension 'colcon_notification.desktop_notification.terminal_notifier': Not used on non-Darwin systems
[7.302s] [34mcolcon.colcon_core.plugin_system[0m [1;30mINFO[0m Skipping extension 'colcon_notification.desktop_notification.win32': Not used on non-Windows systems
[7.302s] [34mcolcon.colcon_notification.desktop_notification[0m [1;30mINFO[0m Sending desktop notification using 'notify2'
[7.315s] [34mcolcon.colcon_core.event_reactor[0m [1;30mDEBUG[0m [32mjoined thread[0m
[7.315s] [34mcolcon.colcon_core.shell[0m [1;30mINFO[0m Creating prefix script '/home/junsu/1.cam/install/local_setup.ps1'
[7.316s] [34mcolcon.colcon_core.shell[0m [1;30mINFO[0m Creating prefix util module '/home/junsu/1.cam/install/_local_setup_util_ps1.py'
[7.317s] [34mcolcon.colcon_core.shell[0m [1;30mINFO[0m Creating prefix chain script '/home/junsu/1.cam/install/setup.ps1'
[7.318s] [34mcolcon.colcon_core.shell[0m [1;30mINFO[0m Creating prefix script '/home/junsu/1.cam/install/local_setup.sh'
[7.318s] [34mcolcon.colcon_core.shell[0m [1;30mINFO[0m Creating prefix util module '/home/junsu/1.cam/install/_local_setup_util_sh.py'
[7.319s] [34mcolcon.colcon_core.shell[0m [1;30mINFO[0m Creating prefix chain script '/home/junsu/1.cam/install/setup.sh'
[7.320s] [34mcolcon.colcon_core.shell[0m [1;30mINFO[0m Creating prefix script '/home/junsu/1.cam/install/local_setup.bash'
[7.320s] [34mcolcon.colcon_core.shell[0m [1;30mINFO[0m Creating prefix chain script '/home/junsu/1.cam/install/setup.bash'
[7.321s] [34mcolcon.colcon_core.shell[0m [1;30mINFO[0m Creating prefix script '/home/junsu/1.cam/install/local_setup.zsh'
[7.322s] [34mcolcon.colcon_core.shell[0m [1;30mINFO[0m Creating prefix chain script '/home/junsu/1.cam/install/setup.zsh'
