[2.118s] Invoking command in '/home/junsu/1.cam/src/fusion': PYTHONPATH=/home/junsu/1.cam/build/fusion/prefix_override:/usr/lib/python3/dist-packages/colcon_core/task/python/colcon_distutils_commands:/home/junsu/1.cam/install/fusion/lib/python3.10/site-packages:${PYTHONPATH} /usr/bin/python3 -W ignore:setup.py install is deprecated -W ignore:easy_install command is deprecated setup.py egg_info --egg-base ../../build/fusion build --build-base /home/junsu/1.cam/build/fusion/build install --record /home/junsu/1.cam/build/fusion/install.log --single-version-externally-managed install_data
[2.370s] running egg_info
[2.370s] writing ../../build/fusion/fusion.egg-info/PKG-INFO
[2.371s] writing dependency_links to ../../build/fusion/fusion.egg-info/dependency_links.txt
[2.371s] writing entry points to ../../build/fusion/fusion.egg-info/entry_points.txt
[2.371s] writing requirements to ../../build/fusion/fusion.egg-info/requires.txt
[2.371s] writing top-level names to ../../build/fusion/fusion.egg-info/top_level.txt
[2.373s] reading manifest file '../../build/fusion/fusion.egg-info/SOURCES.txt'
[2.374s] writing manifest file '../../build/fusion/fusion.egg-info/SOURCES.txt'
[2.374s] running build
[2.374s] running build_py
[2.376s] copying fusion/top_view.py -> /home/junsu/1.cam/build/fusion/build/lib/fusion
[2.376s] running install
[2.376s] running install_lib
[2.378s] copying /home/junsu/1.cam/build/fusion/build/lib/fusion/top_view.py -> /home/junsu/1.cam/install/fusion/lib/python3.10/site-packages/fusion
[2.379s] byte-compiling /home/junsu/1.cam/install/fusion/lib/python3.10/site-packages/fusion/top_view.py to top_view.cpython-310.pyc
[2.382s] running install_data
[2.382s] running install_egg_info
[2.384s] removing '/home/junsu/1.cam/install/fusion/lib/python3.10/site-packages/fusion-0.0.0-py3.10.egg-info' (and everything under it)
[2.385s] Copying ../../build/fusion/fusion.egg-info to /home/junsu/1.cam/install/fusion/lib/python3.10/site-packages/fusion-0.0.0-py3.10.egg-info
[2.386s] running install_scripts
[2.406s] Installing cap script to /home/junsu/1.cam/install/fusion/lib/fusion
[2.406s] Installing double script to /home/junsu/1.cam/install/fusion/lib/fusion
[2.406s] Installing mtest script to /home/junsu/1.cam/install/fusion/lib/fusion
[2.406s] Installing roi script to /home/junsu/1.cam/install/fusion/lib/fusion
[2.406s] Installing test script to /home/junsu/1.cam/install/fusion/lib/fusion
[2.406s] Installing top script to /home/junsu/1.cam/install/fusion/lib/fusion
[2.406s] Installing track script to /home/junsu/1.cam/install/fusion/lib/fusion
[2.407s] writing list of installed files to '/home/junsu/1.cam/build/fusion/install.log'
[2.437s] Invoked command in '/home/junsu/1.cam/src/fusion' returned '0': PYTHONPATH=/home/junsu/1.cam/build/fusion/prefix_override:/usr/lib/python3/dist-packages/colcon_core/task/python/colcon_distutils_commands:/home/junsu/1.cam/install/fusion/lib/python3.10/site-packages:${PYTHONPATH} /usr/bin/python3 -W ignore:setup.py install is deprecated -W ignore:easy_install command is deprecated setup.py egg_info --egg-base ../../build/fusion build --build-base /home/junsu/1.cam/build/fusion/build install --record /home/junsu/1.cam/build/fusion/install.log --single-version-externally-managed install_data
