[1.057s] Invoking command in '/home/junsu/yolo_python/src/yolo': PYTHONPATH=/home/junsu/yolo_python/build/yolo/prefix_override:/usr/lib/python3/dist-packages/colcon_core/task/python/colcon_distutils_commands:/home/junsu/yolo_python/install/yolo/lib/python3.10/site-packages:${PYTHONPATH} /usr/bin/python3 -W ignore:setup.py install is deprecated -W ignore:easy_install command is deprecated setup.py egg_info --egg-base ../../build/yolo build --build-base /home/junsu/yolo_python/build/yolo/build install --record /home/junsu/yolo_python/build/yolo/install.log --single-version-externally-managed install_data
[1.232s] /home/junsu/.local/lib/python3.10/site-packages/setuptools/_distutils/dist.py:289: UserWarning: Unknown distribution option: 'tests_require'
[1.232s]   warnings.warn(msg)
[1.350s] running egg_info
[1.369s] writing ../../build/yolo/yolo.egg-info/PKG-INFO
[1.380s] writing dependency_links to ../../build/yolo/yolo.egg-info/dependency_links.txt
[1.381s] writing entry points to ../../build/yolo/yolo.egg-info/entry_points.txt
[1.382s] writing requirements to ../../build/yolo/yolo.egg-info/requires.txt
[1.382s] writing top-level names to ../../build/yolo/yolo.egg-info/top_level.txt
[1.418s] reading manifest file '../../build/yolo/yolo.egg-info/SOURCES.txt'
[1.420s] writing manifest file '../../build/yolo/yolo.egg-info/SOURCES.txt'
[1.420s] running build
[1.420s] running build_py
[1.423s] copying yolo/traffic.py -> /home/junsu/yolo_python/build/yolo/build/lib/yolo
[1.428s] copying yolo/check_3d.py -> /home/junsu/yolo_python/build/yolo/build/lib/yolo
[1.429s] copying yolo/__init__.py -> /home/junsu/yolo_python/build/yolo/build/lib/yolo
[1.429s] copying yolo/cone.py -> /home/junsu/yolo_python/build/yolo/build/lib/yolo
[1.429s] copying yolo/check_traffic.py -> /home/junsu/yolo_python/build/yolo/build/lib/yolo
[1.429s] running install
[1.434s] running install_lib
[1.451s] copying /home/junsu/yolo_python/build/yolo/build/lib/yolo/cone.py -> /home/junsu/yolo_python/install/yolo/lib/python3.10/site-packages/yolo
[1.451s] byte-compiling /home/junsu/yolo_python/install/yolo/lib/python3.10/site-packages/yolo/cone.py to cone.cpython-310.pyc
[1.453s] running install_data
[1.453s] copying resource/yolo -> /home/junsu/yolo_python/install/yolo/share/ament_index/resource_index/packages
[1.455s] copying package.xml -> /home/junsu/yolo_python/install/yolo/share/yolo
[1.455s] running install_egg_info
[1.479s] removing '/home/junsu/yolo_python/install/yolo/lib/python3.10/site-packages/yolo-0.0.0-py3.10.egg-info' (and everything under it)
[1.479s] Copying ../../build/yolo/yolo.egg-info to /home/junsu/yolo_python/install/yolo/lib/python3.10/site-packages/yolo-0.0.0-py3.10.egg-info
[1.479s] running install_scripts
[1.519s] Installing c_traffic script to /home/junsu/yolo_python/install/yolo/lib/yolo
[1.520s] Installing check script to /home/junsu/yolo_python/install/yolo/lib/yolo
[1.520s] Installing cone script to /home/junsu/yolo_python/install/yolo/lib/yolo
[1.520s] Installing traffic script to /home/junsu/yolo_python/install/yolo/lib/yolo
[1.521s] writing list of installed files to '/home/junsu/yolo_python/build/yolo/install.log'
[1.567s] Invoked command in '/home/junsu/yolo_python/src/yolo' returned '0': PYTHONPATH=/home/junsu/yolo_python/build/yolo/prefix_override:/usr/lib/python3/dist-packages/colcon_core/task/python/colcon_distutils_commands:/home/junsu/yolo_python/install/yolo/lib/python3.10/site-packages:${PYTHONPATH} /usr/bin/python3 -W ignore:setup.py install is deprecated -W ignore:easy_install command is deprecated setup.py egg_info --egg-base ../../build/yolo build --build-base /home/junsu/yolo_python/build/yolo/build install --record /home/junsu/yolo_python/build/yolo/install.log --single-version-externally-managed install_data
