[1.749s] Invoking command in '/home/junsu/1.cam/src/fusion': PYTHONPATH=/home/junsu/1.cam/build/fusion/prefix_override:/usr/lib/python3/dist-packages/colcon_core/task/python/colcon_distutils_commands:/home/junsu/1.cam/install/fusion/lib/python3.10/site-packages:${PYTHONPATH} /usr/bin/python3 -W ignore:setup.py install is deprecated -W ignore:easy_install command is deprecated setup.py egg_info --egg-base ../../build/fusion build --build-base /home/junsu/1.cam/build/fusion/build install --record /home/junsu/1.cam/build/fusion/install.log --single-version-externally-managed install_data
[1.972s] running egg_info
[1.972s] writing ../../build/fusion/fusion.egg-info/PKG-INFO
[1.973s] writing dependency_links to ../../build/fusion/fusion.egg-info/dependency_links.txt
[1.973s] writing entry points to ../../build/fusion/fusion.egg-info/entry_points.txt
[1.973s] writing requirements to ../../build/fusion/fusion.egg-info/requires.txt
[1.973s] writing top-level names to ../../build/fusion/fusion.egg-info/top_level.txt
[1.974s] reading manifest file '../../build/fusion/fusion.egg-info/SOURCES.txt'
[1.975s] writing manifest file '../../build/fusion/fusion.egg-info/SOURCES.txt'
[1.975s] running build
[1.975s] running build_py
[1.977s] copying fusion/cam_lidar_double_cap.py -> /home/junsu/1.cam/build/fusion/build/lib/fusion
[1.977s] running install
[1.977s] running install_lib
[1.978s] copying /home/junsu/1.cam/build/fusion/build/lib/fusion/cam_lidar_double_cap.py -> /home/junsu/1.cam/install/fusion/lib/python3.10/site-packages/fusion
[1.979s] byte-compiling /home/junsu/1.cam/install/fusion/lib/python3.10/site-packages/fusion/cam_lidar_double_cap.py to cam_lidar_double_cap.cpython-310.pyc
[1.980s] running install_data
[1.982s] running install_egg_info
[1.983s] removing '/home/junsu/1.cam/install/fusion/lib/python3.10/site-packages/fusion-0.0.0-py3.10.egg-info' (and everything under it)
[1.983s] Copying ../../build/fusion/fusion.egg-info to /home/junsu/1.cam/install/fusion/lib/python3.10/site-packages/fusion-0.0.0-py3.10.egg-info
[1.984s] running install_scripts
[1.998s] Installing cap script to /home/junsu/1.cam/install/fusion/lib/fusion
[1.998s] Installing double script to /home/junsu/1.cam/install/fusion/lib/fusion
[1.999s] Installing mtest script to /home/junsu/1.cam/install/fusion/lib/fusion
[1.999s] Installing roi script to /home/junsu/1.cam/install/fusion/lib/fusion
[1.999s] Installing test script to /home/junsu/1.cam/install/fusion/lib/fusion
[1.999s] Installing top script to /home/junsu/1.cam/install/fusion/lib/fusion
[1.999s] Installing track script to /home/junsu/1.cam/install/fusion/lib/fusion
[1.999s] writing list of installed files to '/home/junsu/1.cam/build/fusion/install.log'
[2.021s] Invoked command in '/home/junsu/1.cam/src/fusion' returned '0': PYTHONPATH=/home/junsu/1.cam/build/fusion/prefix_override:/usr/lib/python3/dist-packages/colcon_core/task/python/colcon_distutils_commands:/home/junsu/1.cam/install/fusion/lib/python3.10/site-packages:${PYTHONPATH} /usr/bin/python3 -W ignore:setup.py install is deprecated -W ignore:easy_install command is deprecated setup.py egg_info --egg-base ../../build/fusion build --build-base /home/junsu/1.cam/build/fusion/build install --record /home/junsu/1.cam/build/fusion/install.log --single-version-externally-managed install_data
