/home/junsu/.local/lib/python3.10/site-packages/setuptools/_distutils/dist.py:289: UserWarning: Unknown distribution option: 'tests_require'
  warnings.warn(msg)
running egg_info
writing ../../build/yolo/yolo.egg-info/PKG-INFO
writing dependency_links to ../../build/yolo/yolo.egg-info/dependency_links.txt
writing entry points to ../../build/yolo/yolo.egg-info/entry_points.txt
writing requirements to ../../build/yolo/yolo.egg-info/requires.txt
writing top-level names to ../../build/yolo/yolo.egg-info/top_level.txt
reading manifest file '../../build/yolo/yolo.egg-info/SOURCES.txt'
writing manifest file '../../build/yolo/yolo.egg-info/SOURCES.txt'
running build
running build_py
copying yolo/traffic.py -> /home/junsu/yolo_python/build/yolo/build/lib/yolo
copying yolo/check_3d.py -> /home/junsu/yolo_python/build/yolo/build/lib/yolo
copying yolo/__init__.py -> /home/junsu/yolo_python/build/yolo/build/lib/yolo
copying yolo/cone.py -> /home/junsu/yolo_python/build/yolo/build/lib/yolo
copying yolo/check_traffic.py -> /home/junsu/yolo_python/build/yolo/build/lib/yolo
running install
running install_lib
copying /home/junsu/yolo_python/build/yolo/build/lib/yolo/check_traffic.py -> /home/junsu/yolo_python/install/yolo/lib/python3.10/site-packages/yolo
byte-compiling /home/junsu/yolo_python/install/yolo/lib/python3.10/site-packages/yolo/check_traffic.py to check_traffic.cpython-310.pyc
running install_data
copying resource/yolo -> /home/junsu/yolo_python/install/yolo/share/ament_index/resource_index/packages
copying package.xml -> /home/junsu/yolo_python/install/yolo/share/yolo
running install_egg_info
removing '/home/junsu/yolo_python/install/yolo/lib/python3.10/site-packages/yolo-0.0.0-py3.10.egg-info' (and everything under it)
Copying ../../build/yolo/yolo.egg-info to /home/junsu/yolo_python/install/yolo/lib/python3.10/site-packages/yolo-0.0.0-py3.10.egg-info
running install_scripts
Installing c_traffic script to /home/junsu/yolo_python/install/yolo/lib/yolo
Installing check script to /home/junsu/yolo_python/install/yolo/lib/yolo
Installing cone script to /home/junsu/yolo_python/install/yolo/lib/yolo
Installing traffic script to /home/junsu/yolo_python/install/yolo/lib/yolo
writing list of installed files to '/home/junsu/yolo_python/build/yolo/install.log'
