[0.013s] Invoking command in '/home/junsu/yolo_python/build/yolo_msg': CMAKE_PREFIX_PATH=/opt/ros/humble /usr/local/bin/cmake /home/junsu/yolo_python/src/yolo_msg -DCMAKE_INSTALL_PREFIX=/home/junsu/yolo_python/install/yolo_msg
[0.801s] -- The C compiler identification is GNU 11.4.0
[0.914s] -- The CXX compiler identification is GNU 11.4.0
[1.013s] -- Detecting C compiler ABI info
[1.210s] -- Detecting C compiler ABI info - done
[1.217s] -- Check for working C compiler: /usr/bin/cc - skipped
[1.218s] -- Detecting C compile features
[1.219s] -- Detecting C compile features - done
[1.231s] -- Detecting CXX compiler ABI info
[1.328s] -- Detecting CXX compiler ABI info - done
[1.338s] -- Check for working CXX compiler: /usr/bin/c++ - skipped
[1.338s] -- Detecting CXX compile features
[1.339s] -- Detecting CXX compile features - done
[1.377s] -- Found ament_cmake: 1.3.11 (/opt/ros/humble/share/ament_cmake/cmake)
[1.514s] -- Found Python3: /opt/ros/humble/bin/python3 (found version "3.10.12") found components: Interpreter 
[1.687s] -- Found std_msgs: 4.2.4 (/opt/ros/humble/share/std_msgs/cmake)
[1.832s] -- Found rosidl_generator_c: 3.1.6 (/opt/ros/humble/share/rosidl_generator_c/cmake)
[1.844s] -- Found rosidl_adapter: 3.1.6 (/opt/ros/humble/share/rosidl_adapter/cmake)
[1.872s] -- Found rosidl_generator_cpp: 3.1.6 (/opt/ros/humble/share/rosidl_generator_cpp/cmake)
[1.916s] -- Using all available rosidl_typesupport_c: rosidl_typesupport_fastrtps_c;rosidl_typesupport_introspection_c
[1.967s] -- Using all available rosidl_typesupport_cpp: rosidl_typesupport_fastrtps_cpp;rosidl_typesupport_introspection_cpp
[2.031s] -- Found rosidl_default_generators: 1.2.0 (/opt/ros/humble/share/rosidl_default_generators/cmake)
[2.278s] [31mCMake Error at /opt/ros/humble/share/rosidl_cmake/cmake/rosidl_generate_interfaces.cmake:229 (message):
[2.278s]   Packages installing interfaces must include
[2.278s]   '<member_of_group>rosidl_interface_packages</member_of_group>' in their
[2.278s]   package.xml
[2.278s] Call Stack (most recent call first):
[2.278s]   CMakeLists.txt:14 (rosidl_generate_interfaces)
[2.278s] 
[2.278s] [0m
[2.278s] -- Configuring incomplete, errors occurred!
[2.283s] Invoked command in '/home/junsu/yolo_python/build/yolo_msg' returned '1': CMAKE_PREFIX_PATH=/opt/ros/humble /usr/local/bin/cmake /home/junsu/yolo_python/src/yolo_msg -DCMAKE_INSTALL_PREFIX=/home/junsu/yolo_python/install/yolo_msg
