[0.202s] Invoking command in '/home/junsu/Perception_team_code/yolo_seg_python_package/build/yolo_msg': /usr/local/bin/cmake /home/junsu/Perception_team_code/yolo_seg_python_package/src/yolo_msg -DCATKIN_INSTALL_INTO_PREFIX_ROOT=0 -DCMAKE_INSTALL_PREFIX=/home/junsu/Perception_team_code/yolo_seg_python_package/install/yolo_msg
[0.254s] -- The C compiler identification is GNU 11.4.0
[0.307s] -- The CXX compiler identification is GNU 11.4.0
[0.324s] -- Detecting C compiler ABI info
[0.378s] -- Detecting C compiler ABI info - done
[0.386s] -- Check for working C compiler: /usr/bin/cc - skipped
[0.386s] -- Detecting C compile features
[0.387s] -- Detecting C compile features - done
[0.397s] -- Detecting CXX compiler ABI info
[0.460s] -- Detecting CXX compiler ABI info - done
[0.469s] -- Check for working CXX compiler: /usr/bin/c++ - skipped
[0.469s] -- Detecting CXX compile features
[0.469s] -- Detecting CXX compile features - done
[0.474s] -- Found ament_cmake: 1.3.11 (/opt/ros/humble/share/ament_cmake/cmake)
[0.601s] -- Found Python3: /opt/ros/humble/bin/python3 (found version "3.10.12") found components: Interpreter 
[0.715s] -- Found std_msgs: 4.2.4 (/opt/ros/humble/share/std_msgs/cmake)
[0.760s] -- Found rosidl_generator_c: 3.1.6 (/opt/ros/humble/share/rosidl_generator_c/cmake)
[0.766s] -- Found rosidl_adapter: 3.1.6 (/opt/ros/humble/share/rosidl_adapter/cmake)
[0.777s] -- Found rosidl_generator_cpp: 3.1.6 (/opt/ros/humble/share/rosidl_generator_cpp/cmake)
[0.794s] -- Using all available rosidl_typesupport_c: rosidl_typesupport_fastrtps_c;rosidl_typesupport_introspection_c
[0.816s] -- Using all available rosidl_typesupport_cpp: rosidl_typesupport_fastrtps_cpp;rosidl_typesupport_introspection_cpp
[0.851s] -- Found rosidl_default_generators: 1.2.0 (/opt/ros/humble/share/rosidl_default_generators/cmake)
[1.285s] -- Found ament_cmake_ros: 0.10.0 (/opt/ros/humble/share/ament_cmake_ros/cmake)
[1.950s] -- Using all available rosidl_typesupport_c: rosidl_typesupport_fastrtps_c;rosidl_typesupport_introspection_c
[2.222s] -- Using all available rosidl_typesupport_cpp: rosidl_typesupport_fastrtps_cpp;rosidl_typesupport_introspection_cpp
[2.224s] [33mCMake Warning (dev) at /opt/ros/humble/share/rosidl_generator_py/cmake/rosidl_generator_py_generate_interfaces.cmake:20 (find_package):
[2.224s]   Policy CMP0148 is not set: The FindPythonInterp and FindPythonLibs modules
[2.224s]   are removed.  Run "cmake --help-policy CMP0148" for policy details.  Use
[2.225s]   the cmake_policy command to set the policy and suppress this warning.
[2.225s] 
[2.225s] Call Stack (most recent call first):
[2.225s]   /opt/ros/humble/share/ament_cmake_core/cmake/core/ament_execute_extensions.cmake:48 (include)
[2.225s]   /opt/ros/humble/share/rosidl_cmake/cmake/rosidl_generate_interfaces.cmake:286 (ament_execute_extensions)
[2.225s]   CMakeLists.txt:14 (rosidl_generate_interfaces)
[2.225s] This warning is for project developers.  Use -Wno-dev to suppress it.
[2.225s] [0m
[2.243s] -- Found PythonInterp: /opt/ros/humble/bin/python3 (found suitable version "3.10.12", minimum required is "3.6") 
[2.245s] -- Found python_cmake_module: 0.10.0 (/opt/ros/humble/share/python_cmake_module/cmake)
[2.246s] [33mCMake Warning (dev) at /opt/ros/humble/share/python_cmake_module/cmake/Modules/FindPythonExtra.cmake:52 (find_package):
[2.246s]   Policy CMP0148 is not set: The FindPythonInterp and FindPythonLibs modules
[2.246s]   are removed.  Run "cmake --help-policy CMP0148" for policy details.  Use
[2.246s]   the cmake_policy command to set the policy and suppress this warning.
[2.246s] 
[2.246s] Call Stack (most recent call first):
[2.246s]   /opt/ros/humble/share/rosidl_generator_py/cmake/rosidl_generator_py_generate_interfaces.cmake:23 (find_package)
[2.246s]   /opt/ros/humble/share/ament_cmake_core/cmake/core/ament_execute_extensions.cmake:48 (include)
[2.246s]   /opt/ros/humble/share/rosidl_cmake/cmake/rosidl_generate_interfaces.cmake:286 (ament_execute_extensions)
[2.246s]   CMakeLists.txt:14 (rosidl_generate_interfaces)
[2.246s] This warning is for project developers.  Use -Wno-dev to suppress it.
[2.246s] [0m
[2.265s] [33mCMake Warning (dev) at /opt/ros/humble/share/python_cmake_module/cmake/Modules/FindPythonExtra.cmake:140 (find_package):
[2.265s]   Policy CMP0148 is not set: The FindPythonInterp and FindPythonLibs modules
[2.265s]   are removed.  Run "cmake --help-policy CMP0148" for policy details.  Use
[2.265s]   the cmake_policy command to set the policy and suppress this warning.
[2.265s] 
[2.265s] Call Stack (most recent call first):
[2.265s]   /opt/ros/humble/share/rosidl_generator_py/cmake/rosidl_generator_py_generate_interfaces.cmake:23 (find_package)
[2.265s]   /opt/ros/humble/share/ament_cmake_core/cmake/core/ament_execute_extensions.cmake:48 (include)
[2.265s]   /opt/ros/humble/share/rosidl_cmake/cmake/rosidl_generate_interfaces.cmake:286 (ament_execute_extensions)
[2.265s]   CMakeLists.txt:14 (rosidl_generate_interfaces)
[2.265s] This warning is for project developers.  Use -Wno-dev to suppress it.
[2.265s] [0m
[2.273s] -- Found PythonLibs: /usr/lib/x86_64-linux-gnu/libpython3.10.so (found suitable version "3.10.12", minimum required is "3.5") 
[2.273s] -- Using PYTHON_EXECUTABLE: /opt/ros/humble/bin/python3
[2.273s] -- Using PYTHON_INCLUDE_DIRS: /usr/include/python3.10
[2.273s] -- Using PYTHON_LIBRARIES: /usr/lib/x86_64-linux-gnu/libpython3.10.so
[2.292s] -- Found PythonExtra: .so  
[2.358s] -- Configuring done (2.2s)
[2.389s] -- Generating done (0.0s)
[2.391s] [33mCMake Warning:
[2.391s]   Manually-specified variables were not used by the project:
[2.391s] 
[2.391s]     CATKIN_INSTALL_INTO_PREFIX_ROOT
[2.391s] 
[2.391s] [0m
[2.399s] -- Build files have been written to: /home/junsu/Perception_team_code/yolo_seg_python_package/build/yolo_msg
[2.405s] Invoked command in '/home/junsu/Perception_team_code/yolo_seg_python_package/build/yolo_msg' returned '0': /usr/local/bin/cmake /home/junsu/Perception_team_code/yolo_seg_python_package/src/yolo_msg -DCATKIN_INSTALL_INTO_PREFIX_ROOT=0 -DCMAKE_INSTALL_PREFIX=/home/junsu/Perception_team_code/yolo_seg_python_package/install/yolo_msg
[2.408s] Invoking command in '/home/junsu/Perception_team_code/yolo_seg_python_package/build/yolo_msg': /usr/local/bin/cmake --build /home/junsu/Perception_team_code/yolo_seg_python_package/build/yolo_msg -- -j8 -l8
[2.423s] [  2%] [34m[1mGenerating C code for ROS interfaces[0m
[2.427s] [  5%] [34m[1mGenerating C++ code for ROS interfaces[0m
[2.428s] [  5%] Built target ament_cmake_python_copy_yolo_msg
[2.630s] running egg_info
[2.648s] creating yolo_msg.egg-info
[2.648s] writing yolo_msg.egg-info/PKG-INFO
[2.648s] writing dependency_links to yolo_msg.egg-info/dependency_links.txt
[2.648s] writing top-level names to yolo_msg.egg-info/top_level.txt
[2.648s] writing manifest file 'yolo_msg.egg-info/SOURCES.txt'
[2.705s] reading manifest file 'yolo_msg.egg-info/SOURCES.txt'
[2.705s] writing manifest file 'yolo_msg.egg-info/SOURCES.txt'
[2.708s] [  5%] Built target yolo_msg__cpp
[2.716s] [  7%] [34m[1mGenerating C++ type support for eProsima Fast-RTPS[0m
[2.716s] [ 12%] [34m[1mGenerating C++ type support dispatch for ROS interfaces[0m
[2.716s] [ 12%] [34m[1mGenerating C++ introspection for ROS interfaces[0m
[2.717s] [ 15%] [32mBuilding C object CMakeFiles/yolo_msg__rosidl_generator_c.dir/rosidl_generator_c/yolo_msg/msg/detail/bounding_box__functions.c.o[0m
[2.717s] [ 17%] [32mBuilding C object CMakeFiles/yolo_msg__rosidl_generator_c.dir/rosidl_generator_c/yolo_msg/msg/detail/bounding_box_array__functions.c.o[0m
[2.741s] [ 17%] Built target ament_cmake_python_build_yolo_msg_egg
[2.768s] [ 20%] [32m[1mLinking C shared library libyolo_msg__rosidl_generator_c.so[0m
[2.791s] [ 20%] Built target yolo_msg__rosidl_generator_c
[2.796s] [ 28%] [34m[1mGenerating C type support for eProsima Fast-RTPS[0m
[2.796s] [ 28%] [34m[1mGenerating C type support dispatch for ROS interfaces[0m
[2.796s] [ 28%] [34m[1mGenerating C introspection for ROS interfaces[0m
[3.044s] [ 30%] [32mBuilding CXX object CMakeFiles/yolo_msg__rosidl_typesupport_c.dir/rosidl_typesupport_c/yolo_msg/msg/bounding_box__type_support.cpp.o[0m
[3.044s] [ 33%] [32mBuilding CXX object CMakeFiles/yolo_msg__rosidl_typesupport_c.dir/rosidl_typesupport_c/yolo_msg/msg/bounding_box_array__type_support.cpp.o[0m
[3.073s] [ 35%] [32m[1mLinking CXX shared library libyolo_msg__rosidl_typesupport_c.so[0m
[3.098s] [ 35%] Built target yolo_msg__rosidl_typesupport_c
[3.120s] [ 38%] [32mBuilding CXX object CMakeFiles/yolo_msg__rosidl_typesupport_cpp.dir/rosidl_typesupport_cpp/yolo_msg/msg/bounding_box__type_support.cpp.o[0m
[3.120s] [ 41%] [32mBuilding CXX object CMakeFiles/yolo_msg__rosidl_typesupport_cpp.dir/rosidl_typesupport_cpp/yolo_msg/msg/bounding_box_array__type_support.cpp.o[0m
[3.144s] [ 46%] [32mBuilding CXX object CMakeFiles/yolo_msg__rosidl_typesupport_introspection_cpp.dir/rosidl_typesupport_introspection_cpp/yolo_msg/msg/detail/bounding_box_array__type_support.cpp.o[0m
[3.144s] [ 46%] [32mBuilding CXX object CMakeFiles/yolo_msg__rosidl_typesupport_introspection_cpp.dir/rosidl_typesupport_introspection_cpp/yolo_msg/msg/detail/bounding_box__type_support.cpp.o[0m
[3.167s] [ 48%] [32mBuilding CXX object CMakeFiles/yolo_msg__rosidl_typesupport_fastrtps_cpp.dir/rosidl_typesupport_fastrtps_cpp/yolo_msg/msg/detail/dds_fastrtps/bounding_box__type_support.cpp.o[0m
[3.168s] [ 51%] [32mBuilding CXX object CMakeFiles/yolo_msg__rosidl_typesupport_fastrtps_cpp.dir/rosidl_typesupport_fastrtps_cpp/yolo_msg/msg/detail/dds_fastrtps/bounding_box_array__type_support.cpp.o[0m
[3.210s] [ 53%] [32mBuilding CXX object CMakeFiles/yolo_msg__rosidl_typesupport_fastrtps_c.dir/rosidl_typesupport_fastrtps_c/yolo_msg/msg/detail/bounding_box__type_support_c.cpp.o[0m
[3.252s] [ 56%] [32mBuilding C object CMakeFiles/yolo_msg__rosidl_typesupport_introspection_c.dir/rosidl_typesupport_introspection_c/yolo_msg/msg/detail/bounding_box__type_support.c.o[0m
[3.324s] [ 58%] [32mBuilding C object CMakeFiles/yolo_msg__rosidl_typesupport_introspection_c.dir/rosidl_typesupport_introspection_c/yolo_msg/msg/detail/bounding_box_array__type_support.c.o[0m
[3.421s] [ 61%] [32m[1mLinking C shared library libyolo_msg__rosidl_typesupport_introspection_c.so[0m
[3.460s] [ 64%] [32mBuilding CXX object CMakeFiles/yolo_msg__rosidl_typesupport_fastrtps_c.dir/rosidl_typesupport_fastrtps_c/yolo_msg/msg/detail/bounding_box_array__type_support_c.cpp.o[0m
[3.462s] [ 64%] Built target yolo_msg__rosidl_typesupport_introspection_c
[3.488s] [ 66%] [32m[1mLinking CXX shared library libyolo_msg__rosidl_typesupport_cpp.so[0m
[3.525s] [ 66%] Built target yolo_msg__rosidl_typesupport_cpp
[3.715s] [ 69%] [32m[1mLinking CXX shared library libyolo_msg__rosidl_typesupport_introspection_cpp.so[0m
[3.725s] [ 71%] [32m[1mLinking CXX shared library libyolo_msg__rosidl_typesupport_fastrtps_cpp.so[0m
[3.780s] [ 74%] [32m[1mLinking CXX shared library libyolo_msg__rosidl_typesupport_fastrtps_c.so[0m
[3.798s] [ 74%] Built target yolo_msg__rosidl_typesupport_introspection_cpp
[3.808s] [ 74%] Built target yolo_msg__rosidl_typesupport_fastrtps_cpp
[3.845s] [ 74%] Built target yolo_msg__rosidl_typesupport_fastrtps_c
[3.853s] [ 74%] Built target yolo_msg
[3.860s] [ 76%] [34m[1mGenerating Python code for ROS interfaces[0m
[4.198s] [ 76%] Built target yolo_msg__py
[4.204s] [ 79%] [32mBuilding C object CMakeFiles/yolo_msg__rosidl_generator_py.dir/rosidl_generator_py/yolo_msg/msg/_bounding_box_s.c.o[0m
[4.204s] [ 82%] [32mBuilding C object CMakeFiles/yolo_msg__rosidl_generator_py.dir/rosidl_generator_py/yolo_msg/msg/_bounding_box_array_s.c.o[0m
[4.280s] [ 84%] [32m[1mLinking C shared library rosidl_generator_py/yolo_msg/libyolo_msg__rosidl_generator_py.so[0m
[4.304s] [ 84%] Built target yolo_msg__rosidl_generator_py
[4.313s] [ 87%] [32mBuilding C object CMakeFiles/yolo_msg__rosidl_typesupport_c__pyext.dir/rosidl_generator_py/yolo_msg/_yolo_msg_s.ep.rosidl_typesupport_c.c.o[0m
[4.313s] [ 89%] [32mBuilding C object CMakeFiles/yolo_msg__rosidl_typesupport_fastrtps_c__pyext.dir/rosidl_generator_py/yolo_msg/_yolo_msg_s.ep.rosidl_typesupport_fastrtps_c.c.o[0m
[4.313s] [ 92%] [32mBuilding C object CMakeFiles/yolo_msg__rosidl_typesupport_introspection_c__pyext.dir/rosidl_generator_py/yolo_msg/_yolo_msg_s.ep.rosidl_typesupport_introspection_c.c.o[0m
[4.390s] [ 97%] [32m[1mLinking C shared library rosidl_generator_py/yolo_msg/yolo_msg_s__rosidl_typesupport_c.cpython-310-x86_64-linux-gnu.so[0m
[4.390s] [ 97%] [32m[1mLinking C shared library rosidl_generator_py/yolo_msg/yolo_msg_s__rosidl_typesupport_fastrtps_c.cpython-310-x86_64-linux-gnu.so[0m
[4.390s] [100%] [32m[1mLinking C shared library rosidl_generator_py/yolo_msg/yolo_msg_s__rosidl_typesupport_introspection_c.cpython-310-x86_64-linux-gnu.so[0m
[4.413s] [100%] Built target yolo_msg__rosidl_typesupport_fastrtps_c__pyext
[4.413s] [100%] Built target yolo_msg__rosidl_typesupport_introspection_c__pyext
[4.413s] [100%] Built target yolo_msg__rosidl_typesupport_c__pyext
[4.417s] Invoked command in '/home/junsu/Perception_team_code/yolo_seg_python_package/build/yolo_msg' returned '0': /usr/local/bin/cmake --build /home/junsu/Perception_team_code/yolo_seg_python_package/build/yolo_msg -- -j8 -l8
[4.421s] Invoking command in '/home/junsu/Perception_team_code/yolo_seg_python_package/build/yolo_msg': /usr/local/bin/cmake --install /home/junsu/Perception_team_code/yolo_seg_python_package/build/yolo_msg
[4.424s] -- Install configuration: ""
[4.424s] -- Installing: /home/junsu/Perception_team_code/yolo_seg_python_package/install/yolo_msg/share/ament_index/resource_index/rosidl_interfaces/yolo_msg
[4.424s] -- Installing: /home/junsu/Perception_team_code/yolo_seg_python_package/install/yolo_msg/include/yolo_msg/yolo_msg
[4.424s] -- Installing: /home/junsu/Perception_team_code/yolo_seg_python_package/install/yolo_msg/include/yolo_msg/yolo_msg/msg
[4.424s] -- Installing: /home/junsu/Perception_team_code/yolo_seg_python_package/install/yolo_msg/include/yolo_msg/yolo_msg/msg/bounding_box_array.h
[4.424s] -- Installing: /home/junsu/Perception_team_code/yolo_seg_python_package/install/yolo_msg/include/yolo_msg/yolo_msg/msg/detail
[4.424s] -- Installing: /home/junsu/Perception_team_code/yolo_seg_python_package/install/yolo_msg/include/yolo_msg/yolo_msg/msg/detail/bounding_box__type_support.h
[4.424s] -- Installing: /home/junsu/Perception_team_code/yolo_seg_python_package/install/yolo_msg/include/yolo_msg/yolo_msg/msg/detail/bounding_box_array__struct.h
[4.424s] -- Installing: /home/junsu/Perception_team_code/yolo_seg_python_package/install/yolo_msg/include/yolo_msg/yolo_msg/msg/detail/bounding_box__functions.h
[4.424s] -- Installing: /home/junsu/Perception_team_code/yolo_seg_python_package/install/yolo_msg/include/yolo_msg/yolo_msg/msg/detail/bounding_box__struct.h
[4.424s] -- Installing: /home/junsu/Perception_team_code/yolo_seg_python_package/install/yolo_msg/include/yolo_msg/yolo_msg/msg/detail/bounding_box__functions.c
[4.425s] -- Installing: /home/junsu/Perception_team_code/yolo_seg_python_package/install/yolo_msg/include/yolo_msg/yolo_msg/msg/detail/bounding_box_array__type_support.h
[4.425s] -- Installing: /home/junsu/Perception_team_code/yolo_seg_python_package/install/yolo_msg/include/yolo_msg/yolo_msg/msg/detail/bounding_box_array__functions.c
[4.425s] -- Installing: /home/junsu/Perception_team_code/yolo_seg_python_package/install/yolo_msg/include/yolo_msg/yolo_msg/msg/detail/bounding_box_array__functions.h
[4.425s] -- Installing: /home/junsu/Perception_team_code/yolo_seg_python_package/install/yolo_msg/include/yolo_msg/yolo_msg/msg/bounding_box.h
[4.425s] -- Installing: /home/junsu/Perception_team_code/yolo_seg_python_package/install/yolo_msg/include/yolo_msg/yolo_msg/msg/rosidl_generator_c__visibility_control.h
[4.425s] -- Installing: /home/junsu/Perception_team_code/yolo_seg_python_package/install/yolo_msg/share/yolo_msg/environment/library_path.sh
[4.425s] -- Installing: /home/junsu/Perception_team_code/yolo_seg_python_package/install/yolo_msg/share/yolo_msg/environment/library_path.dsv
[4.425s] -- Installing: /home/junsu/Perception_team_code/yolo_seg_python_package/install/yolo_msg/lib/libyolo_msg__rosidl_generator_c.so
[4.425s] -- Set non-toolchain portion of runtime path of "/home/junsu/Perception_team_code/yolo_seg_python_package/install/yolo_msg/lib/libyolo_msg__rosidl_generator_c.so" to ""
[4.425s] -- Up-to-date: /home/junsu/Perception_team_code/yolo_seg_python_package/install/yolo_msg/include/yolo_msg/yolo_msg
[4.425s] -- Up-to-date: /home/junsu/Perception_team_code/yolo_seg_python_package/install/yolo_msg/include/yolo_msg/yolo_msg/msg
[4.425s] -- Up-to-date: /home/junsu/Perception_team_code/yolo_seg_python_package/install/yolo_msg/include/yolo_msg/yolo_msg/msg/detail
[4.425s] -- Installing: /home/junsu/Perception_team_code/yolo_seg_python_package/install/yolo_msg/include/yolo_msg/yolo_msg/msg/detail/bounding_box_array__rosidl_typesupport_fastrtps_c.h
[4.425s] -- Installing: /home/junsu/Perception_team_code/yolo_seg_python_package/install/yolo_msg/include/yolo_msg/yolo_msg/msg/detail/bounding_box__rosidl_typesupport_fastrtps_c.h
[4.426s] -- Installing: /home/junsu/Perception_team_code/yolo_seg_python_package/install/yolo_msg/include/yolo_msg/yolo_msg/msg/rosidl_typesupport_fastrtps_c__visibility_control.h
[4.426s] -- Installing: /home/junsu/Perception_team_code/yolo_seg_python_package/install/yolo_msg/lib/libyolo_msg__rosidl_typesupport_fastrtps_c.so
[4.426s] -- Set non-toolchain portion of runtime path of "/home/junsu/Perception_team_code/yolo_seg_python_package/install/yolo_msg/lib/libyolo_msg__rosidl_typesupport_fastrtps_c.so" to ""
[4.426s] -- Up-to-date: /home/junsu/Perception_team_code/yolo_seg_python_package/install/yolo_msg/include/yolo_msg/yolo_msg
[4.426s] -- Up-to-date: /home/junsu/Perception_team_code/yolo_seg_python_package/install/yolo_msg/include/yolo_msg/yolo_msg/msg
[4.426s] -- Installing: /home/junsu/Perception_team_code/yolo_seg_python_package/install/yolo_msg/include/yolo_msg/yolo_msg/msg/rosidl_generator_cpp__visibility_control.hpp
[4.426s] -- Up-to-date: /home/junsu/Perception_team_code/yolo_seg_python_package/install/yolo_msg/include/yolo_msg/yolo_msg/msg/detail
[4.426s] -- Installing: /home/junsu/Perception_team_code/yolo_seg_python_package/install/yolo_msg/include/yolo_msg/yolo_msg/msg/detail/bounding_box_array__builder.hpp
[4.426s] -- Installing: /home/junsu/Perception_team_code/yolo_seg_python_package/install/yolo_msg/include/yolo_msg/yolo_msg/msg/detail/bounding_box_array__traits.hpp
[4.426s] -- Installing: /home/junsu/Perception_team_code/yolo_seg_python_package/install/yolo_msg/include/yolo_msg/yolo_msg/msg/detail/bounding_box_array__type_support.hpp
[4.426s] -- Installing: /home/junsu/Perception_team_code/yolo_seg_python_package/install/yolo_msg/include/yolo_msg/yolo_msg/msg/detail/bounding_box__builder.hpp
[4.426s] -- Installing: /home/junsu/Perception_team_code/yolo_seg_python_package/install/yolo_msg/include/yolo_msg/yolo_msg/msg/detail/bounding_box__struct.hpp
[4.426s] -- Installing: /home/junsu/Perception_team_code/yolo_seg_python_package/install/yolo_msg/include/yolo_msg/yolo_msg/msg/detail/bounding_box_array__struct.hpp
[4.426s] -- Installing: /home/junsu/Perception_team_code/yolo_seg_python_package/install/yolo_msg/include/yolo_msg/yolo_msg/msg/detail/bounding_box__traits.hpp
[4.427s] -- Installing: /home/junsu/Perception_team_code/yolo_seg_python_package/install/yolo_msg/include/yolo_msg/yolo_msg/msg/detail/bounding_box__type_support.hpp
[4.427s] -- Installing: /home/junsu/Perception_team_code/yolo_seg_python_package/install/yolo_msg/include/yolo_msg/yolo_msg/msg/bounding_box.hpp
[4.427s] -- Installing: /home/junsu/Perception_team_code/yolo_seg_python_package/install/yolo_msg/include/yolo_msg/yolo_msg/msg/bounding_box_array.hpp
[4.427s] -- Up-to-date: /home/junsu/Perception_team_code/yolo_seg_python_package/install/yolo_msg/include/yolo_msg/yolo_msg
[4.427s] -- Up-to-date: /home/junsu/Perception_team_code/yolo_seg_python_package/install/yolo_msg/include/yolo_msg/yolo_msg/msg
[4.427s] -- Installing: /home/junsu/Perception_team_code/yolo_seg_python_package/install/yolo_msg/include/yolo_msg/yolo_msg/msg/rosidl_typesupport_fastrtps_cpp__visibility_control.h
[4.427s] -- Up-to-date: /home/junsu/Perception_team_code/yolo_seg_python_package/install/yolo_msg/include/yolo_msg/yolo_msg/msg/detail
[4.427s] -- Installing: /home/junsu/Perception_team_code/yolo_seg_python_package/install/yolo_msg/include/yolo_msg/yolo_msg/msg/detail/bounding_box__rosidl_typesupport_fastrtps_cpp.hpp
[4.427s] -- Installing: /home/junsu/Perception_team_code/yolo_seg_python_package/install/yolo_msg/include/yolo_msg/yolo_msg/msg/detail/bounding_box_array__rosidl_typesupport_fastrtps_cpp.hpp
[4.427s] -- Installing: /home/junsu/Perception_team_code/yolo_seg_python_package/install/yolo_msg/include/yolo_msg/yolo_msg/msg/detail/dds_fastrtps
[4.427s] -- Installing: /home/junsu/Perception_team_code/yolo_seg_python_package/install/yolo_msg/lib/libyolo_msg__rosidl_typesupport_fastrtps_cpp.so
[4.427s] -- Set non-toolchain portion of runtime path of "/home/junsu/Perception_team_code/yolo_seg_python_package/install/yolo_msg/lib/libyolo_msg__rosidl_typesupport_fastrtps_cpp.so" to ""
[4.427s] -- Up-to-date: /home/junsu/Perception_team_code/yolo_seg_python_package/install/yolo_msg/include/yolo_msg/yolo_msg
[4.428s] -- Up-to-date: /home/junsu/Perception_team_code/yolo_seg_python_package/install/yolo_msg/include/yolo_msg/yolo_msg/msg
[4.428s] -- Up-to-date: /home/junsu/Perception_team_code/yolo_seg_python_package/install/yolo_msg/include/yolo_msg/yolo_msg/msg/detail
[4.428s] -- Installing: /home/junsu/Perception_team_code/yolo_seg_python_package/install/yolo_msg/include/yolo_msg/yolo_msg/msg/detail/bounding_box__type_support.c
[4.428s] -- Installing: /home/junsu/Perception_team_code/yolo_seg_python_package/install/yolo_msg/include/yolo_msg/yolo_msg/msg/detail/bounding_box_array__type_support.c
[4.428s] -- Installing: /home/junsu/Perception_team_code/yolo_seg_python_package/install/yolo_msg/include/yolo_msg/yolo_msg/msg/detail/bounding_box__rosidl_typesupport_introspection_c.h
[4.428s] -- Installing: /home/junsu/Perception_team_code/yolo_seg_python_package/install/yolo_msg/include/yolo_msg/yolo_msg/msg/detail/bounding_box_array__rosidl_typesupport_introspection_c.h
[4.428s] -- Installing: /home/junsu/Perception_team_code/yolo_seg_python_package/install/yolo_msg/include/yolo_msg/yolo_msg/msg/rosidl_typesupport_introspection_c__visibility_control.h
[4.429s] -- Installing: /home/junsu/Perception_team_code/yolo_seg_python_package/install/yolo_msg/lib/libyolo_msg__rosidl_typesupport_introspection_c.so
[4.429s] -- Set non-toolchain portion of runtime path of "/home/junsu/Perception_team_code/yolo_seg_python_package/install/yolo_msg/lib/libyolo_msg__rosidl_typesupport_introspection_c.so" to ""
[4.429s] -- Installing: /home/junsu/Perception_team_code/yolo_seg_python_package/install/yolo_msg/lib/libyolo_msg__rosidl_typesupport_c.so
[4.429s] -- Set non-toolchain portion of runtime path of "/home/junsu/Perception_team_code/yolo_seg_python_package/install/yolo_msg/lib/libyolo_msg__rosidl_typesupport_c.so" to ""
[4.429s] -- Up-to-date: /home/junsu/Perception_team_code/yolo_seg_python_package/install/yolo_msg/include/yolo_msg/yolo_msg
[4.429s] -- Up-to-date: /home/junsu/Perception_team_code/yolo_seg_python_package/install/yolo_msg/include/yolo_msg/yolo_msg/msg
[4.429s] -- Up-to-date: /home/junsu/Perception_team_code/yolo_seg_python_package/install/yolo_msg/include/yolo_msg/yolo_msg/msg/detail
[4.429s] -- Installing: /home/junsu/Perception_team_code/yolo_seg_python_package/install/yolo_msg/include/yolo_msg/yolo_msg/msg/detail/bounding_box__type_support.cpp
[4.429s] -- Installing: /home/junsu/Perception_team_code/yolo_seg_python_package/install/yolo_msg/include/yolo_msg/yolo_msg/msg/detail/bounding_box_array__type_support.cpp
[4.429s] -- Installing: /home/junsu/Perception_team_code/yolo_seg_python_package/install/yolo_msg/include/yolo_msg/yolo_msg/msg/detail/bounding_box__rosidl_typesupport_introspection_cpp.hpp
[4.429s] -- Installing: /home/junsu/Perception_team_code/yolo_seg_python_package/install/yolo_msg/include/yolo_msg/yolo_msg/msg/detail/bounding_box_array__rosidl_typesupport_introspection_cpp.hpp
[4.429s] -- Installing: /home/junsu/Perception_team_code/yolo_seg_python_package/install/yolo_msg/lib/libyolo_msg__rosidl_typesupport_introspection_cpp.so
[4.429s] -- Set non-toolchain portion of runtime path of "/home/junsu/Perception_team_code/yolo_seg_python_package/install/yolo_msg/lib/libyolo_msg__rosidl_typesupport_introspection_cpp.so" to ""
[4.429s] -- Installing: /home/junsu/Perception_team_code/yolo_seg_python_package/install/yolo_msg/lib/libyolo_msg__rosidl_typesupport_cpp.so
[4.429s] -- Set non-toolchain portion of runtime path of "/home/junsu/Perception_team_code/yolo_seg_python_package/install/yolo_msg/lib/libyolo_msg__rosidl_typesupport_cpp.so" to ""
[4.429s] -- Installing: /home/junsu/Perception_team_code/yolo_seg_python_package/install/yolo_msg/share/yolo_msg/environment/pythonpath.sh
[4.430s] -- Installing: /home/junsu/Perception_team_code/yolo_seg_python_package/install/yolo_msg/share/yolo_msg/environment/pythonpath.dsv
[4.430s] -- Installing: /home/junsu/Perception_team_code/yolo_seg_python_package/install/yolo_msg/local/lib/python3.10/dist-packages/yolo_msg-0.0.0-py3.10.egg-info
[4.430s] -- Installing: /home/junsu/Perception_team_code/yolo_seg_python_package/install/yolo_msg/local/lib/python3.10/dist-packages/yolo_msg-0.0.0-py3.10.egg-info/dependency_links.txt
[4.430s] -- Installing: /home/junsu/Perception_team_code/yolo_seg_python_package/install/yolo_msg/local/lib/python3.10/dist-packages/yolo_msg-0.0.0-py3.10.egg-info/SOURCES.txt
[4.430s] -- Installing: /home/junsu/Perception_team_code/yolo_seg_python_package/install/yolo_msg/local/lib/python3.10/dist-packages/yolo_msg-0.0.0-py3.10.egg-info/top_level.txt
[4.430s] -- Installing: /home/junsu/Perception_team_code/yolo_seg_python_package/install/yolo_msg/local/lib/python3.10/dist-packages/yolo_msg-0.0.0-py3.10.egg-info/PKG-INFO
[4.430s] -- Installing: /home/junsu/Perception_team_code/yolo_seg_python_package/install/yolo_msg/local/lib/python3.10/dist-packages/yolo_msg
[4.430s] -- Installing: /home/junsu/Perception_team_code/yolo_seg_python_package/install/yolo_msg/local/lib/python3.10/dist-packages/yolo_msg/_yolo_msg_s.ep.rosidl_typesupport_c.c
[4.430s] -- Installing: /home/junsu/Perception_team_code/yolo_seg_python_package/install/yolo_msg/local/lib/python3.10/dist-packages/yolo_msg/yolo_msg_s__rosidl_typesupport_fastrtps_c.cpython-310-x86_64-linux-gnu.so
[4.430s] -- Installing: /home/junsu/Perception_team_code/yolo_seg_python_package/install/yolo_msg/local/lib/python3.10/dist-packages/yolo_msg/yolo_msg_s__rosidl_typesupport_introspection_c.cpython-310-x86_64-linux-gnu.so
[4.430s] -- Installing: /home/junsu/Perception_team_code/yolo_seg_python_package/install/yolo_msg/local/lib/python3.10/dist-packages/yolo_msg/_yolo_msg_s.ep.rosidl_typesupport_fastrtps_c.c
[4.430s] -- Installing: /home/junsu/Perception_team_code/yolo_seg_python_package/install/yolo_msg/local/lib/python3.10/dist-packages/yolo_msg/yolo_msg_s__rosidl_typesupport_c.cpython-310-x86_64-linux-gnu.so
[4.430s] -- Installing: /home/junsu/Perception_team_code/yolo_seg_python_package/install/yolo_msg/local/lib/python3.10/dist-packages/yolo_msg/_yolo_msg_s.ep.rosidl_typesupport_introspection_c.c
[4.430s] -- Installing: /home/junsu/Perception_team_code/yolo_seg_python_package/install/yolo_msg/local/lib/python3.10/dist-packages/yolo_msg/libyolo_msg__rosidl_generator_py.so
[4.430s] -- Installing: /home/junsu/Perception_team_code/yolo_seg_python_package/install/yolo_msg/local/lib/python3.10/dist-packages/yolo_msg/msg
[4.430s] -- Installing: /home/junsu/Perception_team_code/yolo_seg_python_package/install/yolo_msg/local/lib/python3.10/dist-packages/yolo_msg/msg/_bounding_box.py
[4.430s] -- Installing: /home/junsu/Perception_team_code/yolo_seg_python_package/install/yolo_msg/local/lib/python3.10/dist-packages/yolo_msg/msg/_bounding_box_array_s.c
[4.431s] -- Installing: /home/junsu/Perception_team_code/yolo_seg_python_package/install/yolo_msg/local/lib/python3.10/dist-packages/yolo_msg/msg/_bounding_box_array.py
[4.431s] -- Installing: /home/junsu/Perception_team_code/yolo_seg_python_package/install/yolo_msg/local/lib/python3.10/dist-packages/yolo_msg/msg/__init__.py
[4.431s] -- Installing: /home/junsu/Perception_team_code/yolo_seg_python_package/install/yolo_msg/local/lib/python3.10/dist-packages/yolo_msg/msg/_bounding_box_s.c
[4.431s] -- Installing: /home/junsu/Perception_team_code/yolo_seg_python_package/install/yolo_msg/local/lib/python3.10/dist-packages/yolo_msg/__init__.py
[4.460s] Listing '/home/junsu/Perception_team_code/yolo_seg_python_package/install/yolo_msg/local/lib/python3.10/dist-packages/yolo_msg'...
[4.460s] Compiling '/home/junsu/Perception_team_code/yolo_seg_python_package/install/yolo_msg/local/lib/python3.10/dist-packages/yolo_msg/__init__.py'...
[4.460s] Listing '/home/junsu/Perception_team_code/yolo_seg_python_package/install/yolo_msg/local/lib/python3.10/dist-packages/yolo_msg/msg'...
[4.460s] Compiling '/home/junsu/Perception_team_code/yolo_seg_python_package/install/yolo_msg/local/lib/python3.10/dist-packages/yolo_msg/msg/__init__.py'...
[4.461s] Compiling '/home/junsu/Perception_team_code/yolo_seg_python_package/install/yolo_msg/local/lib/python3.10/dist-packages/yolo_msg/msg/_bounding_box.py'...
[4.461s] Compiling '/home/junsu/Perception_team_code/yolo_seg_python_package/install/yolo_msg/local/lib/python3.10/dist-packages/yolo_msg/msg/_bounding_box_array.py'...
[4.465s] -- Installing: /home/junsu/Perception_team_code/yolo_seg_python_package/install/yolo_msg/local/lib/python3.10/dist-packages/yolo_msg/yolo_msg_s__rosidl_typesupport_fastrtps_c.cpython-310-x86_64-linux-gnu.so
[4.465s] -- Set non-toolchain portion of runtime path of "/home/junsu/Perception_team_code/yolo_seg_python_package/install/yolo_msg/local/lib/python3.10/dist-packages/yolo_msg/yolo_msg_s__rosidl_typesupport_fastrtps_c.cpython-310-x86_64-linux-gnu.so" to ""
[4.465s] -- Installing: /home/junsu/Perception_team_code/yolo_seg_python_package/install/yolo_msg/local/lib/python3.10/dist-packages/yolo_msg/yolo_msg_s__rosidl_typesupport_introspection_c.cpython-310-x86_64-linux-gnu.so
[4.465s] -- Set non-toolchain portion of runtime path of "/home/junsu/Perception_team_code/yolo_seg_python_package/install/yolo_msg/local/lib/python3.10/dist-packages/yolo_msg/yolo_msg_s__rosidl_typesupport_introspection_c.cpython-310-x86_64-linux-gnu.so" to ""
[4.465s] -- Installing: /home/junsu/Perception_team_code/yolo_seg_python_package/install/yolo_msg/local/lib/python3.10/dist-packages/yolo_msg/yolo_msg_s__rosidl_typesupport_c.cpython-310-x86_64-linux-gnu.so
[4.465s] -- Set non-toolchain portion of runtime path of "/home/junsu/Perception_team_code/yolo_seg_python_package/install/yolo_msg/local/lib/python3.10/dist-packages/yolo_msg/yolo_msg_s__rosidl_typesupport_c.cpython-310-x86_64-linux-gnu.so" to ""
[4.465s] -- Installing: /home/junsu/Perception_team_code/yolo_seg_python_package/install/yolo_msg/lib/libyolo_msg__rosidl_generator_py.so
[4.466s] -- Set non-toolchain portion of runtime path of "/home/junsu/Perception_team_code/yolo_seg_python_package/install/yolo_msg/lib/libyolo_msg__rosidl_generator_py.so" to ""
[4.466s] -- Installing: /home/junsu/Perception_team_code/yolo_seg_python_package/install/yolo_msg/share/yolo_msg/msg/BoundingBox.idl
[4.466s] -- Installing: /home/junsu/Perception_team_code/yolo_seg_python_package/install/yolo_msg/share/yolo_msg/msg/BoundingBoxArray.idl
[4.466s] -- Installing: /home/junsu/Perception_team_code/yolo_seg_python_package/install/yolo_msg/share/yolo_msg/msg/BoundingBox.msg
[4.466s] -- Installing: /home/junsu/Perception_team_code/yolo_seg_python_package/install/yolo_msg/share/yolo_msg/msg/BoundingBoxArray.msg
[4.466s] -- Installing: /home/junsu/Perception_team_code/yolo_seg_python_package/install/yolo_msg/share/ament_index/resource_index/package_run_dependencies/yolo_msg
[4.466s] -- Installing: /home/junsu/Perception_team_code/yolo_seg_python_package/install/yolo_msg/share/ament_index/resource_index/parent_prefix_path/yolo_msg
[4.466s] -- Installing: /home/junsu/Perception_team_code/yolo_seg_python_package/install/yolo_msg/share/yolo_msg/environment/ament_prefix_path.sh
[4.466s] -- Installing: /home/junsu/Perception_team_code/yolo_seg_python_package/install/yolo_msg/share/yolo_msg/environment/ament_prefix_path.dsv
[4.466s] -- Installing: /home/junsu/Perception_team_code/yolo_seg_python_package/install/yolo_msg/share/yolo_msg/environment/path.sh
[4.466s] -- Installing: /home/junsu/Perception_team_code/yolo_seg_python_package/install/yolo_msg/share/yolo_msg/environment/path.dsv
[4.466s] -- Installing: /home/junsu/Perception_team_code/yolo_seg_python_package/install/yolo_msg/share/yolo_msg/local_setup.bash
[4.466s] -- Installing: /home/junsu/Perception_team_code/yolo_seg_python_package/install/yolo_msg/share/yolo_msg/local_setup.sh
[4.467s] -- Installing: /home/junsu/Perception_team_code/yolo_seg_python_package/install/yolo_msg/share/yolo_msg/local_setup.zsh
[4.467s] -- Installing: /home/junsu/Perception_team_code/yolo_seg_python_package/install/yolo_msg/share/yolo_msg/local_setup.dsv
[4.467s] -- Installing: /home/junsu/Perception_team_code/yolo_seg_python_package/install/yolo_msg/share/yolo_msg/package.dsv
[4.467s] -- Installing: /home/junsu/Perception_team_code/yolo_seg_python_package/install/yolo_msg/share/ament_index/resource_index/packages/yolo_msg
[4.467s] -- Installing: /home/junsu/Perception_team_code/yolo_seg_python_package/install/yolo_msg/share/yolo_msg/cmake/export_yolo_msg__rosidl_generator_cExport.cmake
[4.467s] -- Installing: /home/junsu/Perception_team_code/yolo_seg_python_package/install/yolo_msg/share/yolo_msg/cmake/export_yolo_msg__rosidl_generator_cExport-noconfig.cmake
[4.467s] -- Installing: /home/junsu/Perception_team_code/yolo_seg_python_package/install/yolo_msg/share/yolo_msg/cmake/export_yolo_msg__rosidl_typesupport_fastrtps_cExport.cmake
[4.467s] -- Installing: /home/junsu/Perception_team_code/yolo_seg_python_package/install/yolo_msg/share/yolo_msg/cmake/export_yolo_msg__rosidl_typesupport_fastrtps_cExport-noconfig.cmake
[4.467s] -- Installing: /home/junsu/Perception_team_code/yolo_seg_python_package/install/yolo_msg/share/yolo_msg/cmake/export_yolo_msg__rosidl_generator_cppExport.cmake
[4.467s] -- Installing: /home/junsu/Perception_team_code/yolo_seg_python_package/install/yolo_msg/share/yolo_msg/cmake/export_yolo_msg__rosidl_typesupport_fastrtps_cppExport.cmake
[4.467s] -- Installing: /home/junsu/Perception_team_code/yolo_seg_python_package/install/yolo_msg/share/yolo_msg/cmake/export_yolo_msg__rosidl_typesupport_fastrtps_cppExport-noconfig.cmake
[4.467s] -- Installing: /home/junsu/Perception_team_code/yolo_seg_python_package/install/yolo_msg/share/yolo_msg/cmake/yolo_msg__rosidl_typesupport_introspection_cExport.cmake
[4.468s] -- Installing: /home/junsu/Perception_team_code/yolo_seg_python_package/install/yolo_msg/share/yolo_msg/cmake/yolo_msg__rosidl_typesupport_introspection_cExport-noconfig.cmake
[4.468s] -- Installing: /home/junsu/Perception_team_code/yolo_seg_python_package/install/yolo_msg/share/yolo_msg/cmake/yolo_msg__rosidl_typesupport_cExport.cmake
[4.468s] -- Installing: /home/junsu/Perception_team_code/yolo_seg_python_package/install/yolo_msg/share/yolo_msg/cmake/yolo_msg__rosidl_typesupport_cExport-noconfig.cmake
[4.468s] -- Installing: /home/junsu/Perception_team_code/yolo_seg_python_package/install/yolo_msg/share/yolo_msg/cmake/yolo_msg__rosidl_typesupport_introspection_cppExport.cmake
[4.468s] -- Installing: /home/junsu/Perception_team_code/yolo_seg_python_package/install/yolo_msg/share/yolo_msg/cmake/yolo_msg__rosidl_typesupport_introspection_cppExport-noconfig.cmake
[4.468s] -- Installing: /home/junsu/Perception_team_code/yolo_seg_python_package/install/yolo_msg/share/yolo_msg/cmake/yolo_msg__rosidl_typesupport_cppExport.cmake
[4.468s] -- Installing: /home/junsu/Perception_team_code/yolo_seg_python_package/install/yolo_msg/share/yolo_msg/cmake/yolo_msg__rosidl_typesupport_cppExport-noconfig.cmake
[4.468s] -- Installing: /home/junsu/Perception_team_code/yolo_seg_python_package/install/yolo_msg/share/yolo_msg/cmake/export_yolo_msg__rosidl_generator_pyExport.cmake
[4.468s] -- Installing: /home/junsu/Perception_team_code/yolo_seg_python_package/install/yolo_msg/share/yolo_msg/cmake/export_yolo_msg__rosidl_generator_pyExport-noconfig.cmake
[4.468s] -- Installing: /home/junsu/Perception_team_code/yolo_seg_python_package/install/yolo_msg/share/yolo_msg/cmake/rosidl_cmake-extras.cmake
[4.468s] -- Installing: /home/junsu/Perception_team_code/yolo_seg_python_package/install/yolo_msg/share/yolo_msg/cmake/ament_cmake_export_dependencies-extras.cmake
[4.468s] -- Installing: /home/junsu/Perception_team_code/yolo_seg_python_package/install/yolo_msg/share/yolo_msg/cmake/ament_cmake_export_include_directories-extras.cmake
[4.468s] -- Installing: /home/junsu/Perception_team_code/yolo_seg_python_package/install/yolo_msg/share/yolo_msg/cmake/ament_cmake_export_libraries-extras.cmake
[4.469s] -- Installing: /home/junsu/Perception_team_code/yolo_seg_python_package/install/yolo_msg/share/yolo_msg/cmake/ament_cmake_export_targets-extras.cmake
[4.469s] -- Installing: /home/junsu/Perception_team_code/yolo_seg_python_package/install/yolo_msg/share/yolo_msg/cmake/rosidl_cmake_export_typesupport_targets-extras.cmake
[4.469s] -- Installing: /home/junsu/Perception_team_code/yolo_seg_python_package/install/yolo_msg/share/yolo_msg/cmake/rosidl_cmake_export_typesupport_libraries-extras.cmake
[4.469s] -- Installing: /home/junsu/Perception_team_code/yolo_seg_python_package/install/yolo_msg/share/yolo_msg/cmake/yolo_msgConfig.cmake
[4.469s] -- Installing: /home/junsu/Perception_team_code/yolo_seg_python_package/install/yolo_msg/share/yolo_msg/cmake/yolo_msgConfig-version.cmake
[4.469s] -- Installing: /home/junsu/Perception_team_code/yolo_seg_python_package/install/yolo_msg/share/yolo_msg/package.xml
[4.471s] Invoked command in '/home/junsu/Perception_team_code/yolo_seg_python_package/build/yolo_msg' returned '0': /usr/local/bin/cmake --install /home/junsu/Perception_team_code/yolo_seg_python_package/build/yolo_msg
