[0.636s] Invoking command in '/home/junsu/Perception_team_code/yolo_seg_python_package/src/yolo': PYTHONPATH=/home/junsu/Perception_team_code/yolo_seg_python_package/build/yolo/prefix_override:/usr/lib/python3/dist-packages/colcon_core/task/python/colcon_distutils_commands:/home/junsu/Perception_team_code/yolo_seg_python_package/install/yolo/lib/python3.10/site-packages:${PYTHONPATH} /usr/bin/python3 -W ignore:setup.py install is deprecated -W ignore:easy_install command is deprecated setup.py egg_info --egg-base ../../build/yolo build --build-base /home/junsu/Perception_team_code/yolo_seg_python_package/build/yolo/build install --record /home/junsu/Perception_team_code/yolo_seg_python_package/build/yolo/install.log --single-version-externally-managed install_data
[0.836s] running egg_info
[0.849s] writing ../../build/yolo/yolo.egg-info/PKG-INFO
[0.850s] writing dependency_links to ../../build/yolo/yolo.egg-info/dependency_links.txt
[0.850s] writing entry points to ../../build/yolo/yolo.egg-info/entry_points.txt
[0.850s] writing requirements to ../../build/yolo/yolo.egg-info/requires.txt
[0.850s] writing top-level names to ../../build/yolo/yolo.egg-info/top_level.txt
[0.880s] reading manifest file '../../build/yolo/yolo.egg-info/SOURCES.txt'
[0.880s] writing manifest file '../../build/yolo/yolo.egg-info/SOURCES.txt'
[0.880s] running build
[0.881s] running build_py
[0.881s] copying yolo/traffic.py -> /home/junsu/Perception_team_code/yolo_seg_python_package/build/yolo/build/lib/yolo
[0.881s] copying yolo/__init__.py -> /home/junsu/Perception_team_code/yolo_seg_python_package/build/yolo/build/lib/yolo
[0.881s] copying yolo/cone.py -> /home/junsu/Perception_team_code/yolo_seg_python_package/build/yolo/build/lib/yolo
[0.881s] running install
[0.884s] running install_lib
[0.898s] running install_data
[0.899s] copying resource/yolo -> /home/junsu/Perception_team_code/yolo_seg_python_package/install/yolo/share/ament_index/resource_index/packages
[0.899s] copying package.xml -> /home/junsu/Perception_team_code/yolo_seg_python_package/install/yolo/share/yolo
[0.899s] running install_egg_info
[0.914s] removing '/home/junsu/Perception_team_code/yolo_seg_python_package/install/yolo/lib/python3.10/site-packages/yolo-0.0.0-py3.10.egg-info' (and everything under it)
[0.914s] Copying ../../build/yolo/yolo.egg-info to /home/junsu/Perception_team_code/yolo_seg_python_package/install/yolo/lib/python3.10/site-packages/yolo-0.0.0-py3.10.egg-info
[0.914s] running install_scripts
[0.946s] Installing c_traffic script to /home/junsu/Perception_team_code/yolo_seg_python_package/install/yolo/lib/yolo
[0.946s] Installing check script to /home/junsu/Perception_team_code/yolo_seg_python_package/install/yolo/lib/yolo
[0.946s] Installing cone script to /home/junsu/Perception_team_code/yolo_seg_python_package/install/yolo/lib/yolo
[0.946s] Installing traffic script to /home/junsu/Perception_team_code/yolo_seg_python_package/install/yolo/lib/yolo
[0.946s] writing list of installed files to '/home/junsu/Perception_team_code/yolo_seg_python_package/build/yolo/install.log'
[0.965s] Invoked command in '/home/junsu/Perception_team_code/yolo_seg_python_package/src/yolo' returned '0': PYTHONPATH=/home/junsu/Perception_team_code/yolo_seg_python_package/build/yolo/prefix_override:/usr/lib/python3/dist-packages/colcon_core/task/python/colcon_distutils_commands:/home/junsu/Perception_team_code/yolo_seg_python_package/install/yolo/lib/python3.10/site-packages:${PYTHONPATH} /usr/bin/python3 -W ignore:setup.py install is deprecated -W ignore:easy_install command is deprecated setup.py egg_info --egg-base ../../build/yolo build --build-base /home/junsu/Perception_team_code/yolo_seg_python_package/build/yolo/build install --record /home/junsu/Perception_team_code/yolo_seg_python_package/build/yolo/install.log --single-version-externally-managed install_data
