[0.651s] Invoking command in '/home/junsu/1.cam/src/fusion': PYTHONPATH=/home/junsu/1.cam/build/fusion/prefix_override:/usr/lib/python3/dist-packages/colcon_core/task/python/colcon_distutils_commands:/home/junsu/1.cam/install/fusion/lib/python3.10/site-packages:${PYTHONPATH} /usr/bin/python3 -W ignore:setup.py install is deprecated -W ignore:easy_install command is deprecated setup.py egg_info --egg-base ../../build/fusion build --build-base /home/junsu/1.cam/build/fusion/build install --record /home/junsu/1.cam/build/fusion/install.log --single-version-externally-managed install_data
[0.882s] running egg_info
[0.882s] creating ../../build/fusion/fusion.egg-info
[0.882s] writing ../../build/fusion/fusion.egg-info/PKG-INFO
[0.882s] writing dependency_links to ../../build/fusion/fusion.egg-info/dependency_links.txt
[0.882s] writing entry points to ../../build/fusion/fusion.egg-info/entry_points.txt
[0.882s] writing requirements to ../../build/fusion/fusion.egg-info/requires.txt
[0.882s] writing top-level names to ../../build/fusion/fusion.egg-info/top_level.txt
[0.882s] writing manifest file '../../build/fusion/fusion.egg-info/SOURCES.txt'
[0.884s] reading manifest file '../../build/fusion/fusion.egg-info/SOURCES.txt'
[0.884s] writing manifest file '../../build/fusion/fusion.egg-info/SOURCES.txt'
[0.884s] running build
[0.884s] running build_py
[0.884s] creating /home/junsu/1.cam/build/fusion/build
[0.885s] creating /home/junsu/1.cam/build/fusion/build/lib
[0.885s] creating /home/junsu/1.cam/build/fusion/build/lib/fusion
[0.885s] copying fusion/capture.py -> /home/junsu/1.cam/build/fusion/build/lib/fusion
[0.885s] copying fusion/roi_pls.py -> /home/junsu/1.cam/build/fusion/build/lib/fusion
[0.885s] copying fusion/testsub.py -> /home/junsu/1.cam/build/fusion/build/lib/fusion
[0.885s] copying fusion/coordinate.py -> /home/junsu/1.cam/build/fusion/build/lib/fusion
[0.885s] copying fusion/real_matrix.py -> /home/junsu/1.cam/build/fusion/build/lib/fusion
[0.885s] copying fusion/pixel_to_image.py -> /home/junsu/1.cam/build/fusion/build/lib/fusion
[0.885s] copying fusion/mouse.py -> /home/junsu/1.cam/build/fusion/build/lib/fusion
[0.885s] copying fusion/cam_lidar_double_cap.py -> /home/junsu/1.cam/build/fusion/build/lib/fusion
[0.885s] copying fusion/check_cpd.py -> /home/junsu/1.cam/build/fusion/build/lib/fusion
[0.885s] copying fusion/__init__.py -> /home/junsu/1.cam/build/fusion/build/lib/fusion
[0.885s] copying fusion/laneDetection.py -> /home/junsu/1.cam/build/fusion/build/lib/fusion
[0.885s] copying fusion/lidar_track.py -> /home/junsu/1.cam/build/fusion/build/lib/fusion
[0.885s] copying fusion/new_roi.py -> /home/junsu/1.cam/build/fusion/build/lib/fusion
[0.885s] copying fusion/matrix_test.py -> /home/junsu/1.cam/build/fusion/build/lib/fusion
[0.885s] copying fusion/matrix_cv.py -> /home/junsu/1.cam/build/fusion/build/lib/fusion
[0.886s] running install
[0.886s] running install_lib
[0.886s] creating /home/junsu/1.cam/install/fusion/lib/python3.10/site-packages/fusion
[0.886s] copying /home/junsu/1.cam/build/fusion/build/lib/fusion/capture.py -> /home/junsu/1.cam/install/fusion/lib/python3.10/site-packages/fusion
[0.886s] copying /home/junsu/1.cam/build/fusion/build/lib/fusion/roi_pls.py -> /home/junsu/1.cam/install/fusion/lib/python3.10/site-packages/fusion
[0.886s] copying /home/junsu/1.cam/build/fusion/build/lib/fusion/testsub.py -> /home/junsu/1.cam/install/fusion/lib/python3.10/site-packages/fusion
[0.886s] copying /home/junsu/1.cam/build/fusion/build/lib/fusion/coordinate.py -> /home/junsu/1.cam/install/fusion/lib/python3.10/site-packages/fusion
[0.887s] copying /home/junsu/1.cam/build/fusion/build/lib/fusion/real_matrix.py -> /home/junsu/1.cam/install/fusion/lib/python3.10/site-packages/fusion
[0.887s] copying /home/junsu/1.cam/build/fusion/build/lib/fusion/pixel_to_image.py -> /home/junsu/1.cam/install/fusion/lib/python3.10/site-packages/fusion
[0.887s] copying /home/junsu/1.cam/build/fusion/build/lib/fusion/mouse.py -> /home/junsu/1.cam/install/fusion/lib/python3.10/site-packages/fusion
[0.887s] copying /home/junsu/1.cam/build/fusion/build/lib/fusion/cam_lidar_double_cap.py -> /home/junsu/1.cam/install/fusion/lib/python3.10/site-packages/fusion
[0.887s] copying /home/junsu/1.cam/build/fusion/build/lib/fusion/check_cpd.py -> /home/junsu/1.cam/install/fusion/lib/python3.10/site-packages/fusion
[0.887s] copying /home/junsu/1.cam/build/fusion/build/lib/fusion/__init__.py -> /home/junsu/1.cam/install/fusion/lib/python3.10/site-packages/fusion
[0.887s] copying /home/junsu/1.cam/build/fusion/build/lib/fusion/laneDetection.py -> /home/junsu/1.cam/install/fusion/lib/python3.10/site-packages/fusion
[0.887s] copying /home/junsu/1.cam/build/fusion/build/lib/fusion/lidar_track.py -> /home/junsu/1.cam/install/fusion/lib/python3.10/site-packages/fusion
[0.887s] copying /home/junsu/1.cam/build/fusion/build/lib/fusion/new_roi.py -> /home/junsu/1.cam/install/fusion/lib/python3.10/site-packages/fusion
[0.887s] copying /home/junsu/1.cam/build/fusion/build/lib/fusion/matrix_test.py -> /home/junsu/1.cam/install/fusion/lib/python3.10/site-packages/fusion
[0.887s] copying /home/junsu/1.cam/build/fusion/build/lib/fusion/matrix_cv.py -> /home/junsu/1.cam/install/fusion/lib/python3.10/site-packages/fusion
[0.887s] byte-compiling /home/junsu/1.cam/install/fusion/lib/python3.10/site-packages/fusion/capture.py to capture.cpython-310.pyc
[0.888s] byte-compiling /home/junsu/1.cam/install/fusion/lib/python3.10/site-packages/fusion/roi_pls.py to roi_pls.cpython-310.pyc
[0.889s] byte-compiling /home/junsu/1.cam/install/fusion/lib/python3.10/site-packages/fusion/testsub.py to testsub.cpython-310.pyc
[0.889s] byte-compiling /home/junsu/1.cam/install/fusion/lib/python3.10/site-packages/fusion/coordinate.py to coordinate.cpython-310.pyc
[0.889s] byte-compiling /home/junsu/1.cam/install/fusion/lib/python3.10/site-packages/fusion/real_matrix.py to real_matrix.cpython-310.pyc
[0.889s] byte-compiling /home/junsu/1.cam/install/fusion/lib/python3.10/site-packages/fusion/pixel_to_image.py to pixel_to_image.cpython-310.pyc
[0.890s] byte-compiling /home/junsu/1.cam/install/fusion/lib/python3.10/site-packages/fusion/mouse.py to mouse.cpython-310.pyc
[0.890s] byte-compiling /home/junsu/1.cam/install/fusion/lib/python3.10/site-packages/fusion/cam_lidar_double_cap.py to cam_lidar_double_cap.cpython-310.pyc
[0.891s] byte-compiling /home/junsu/1.cam/install/fusion/lib/python3.10/site-packages/fusion/check_cpd.py to check_cpd.cpython-310.pyc
[0.891s] byte-compiling /home/junsu/1.cam/install/fusion/lib/python3.10/site-packages/fusion/__init__.py to __init__.cpython-310.pyc
[0.891s] byte-compiling /home/junsu/1.cam/install/fusion/lib/python3.10/site-packages/fusion/laneDetection.py to laneDetection.cpython-310.pyc
[0.892s] byte-compiling /home/junsu/1.cam/install/fusion/lib/python3.10/site-packages/fusion/lidar_track.py to lidar_track.cpython-310.pyc
[0.892s] byte-compiling /home/junsu/1.cam/install/fusion/lib/python3.10/site-packages/fusion/new_roi.py to new_roi.cpython-310.pyc
[0.893s] byte-compiling /home/junsu/1.cam/install/fusion/lib/python3.10/site-packages/fusion/matrix_test.py to matrix_test.cpython-310.pyc
[0.894s] byte-compiling /home/junsu/1.cam/install/fusion/lib/python3.10/site-packages/fusion/matrix_cv.py to matrix_cv.cpython-310.pyc
[0.894s] running install_data
[0.894s] creating /home/junsu/1.cam/install/fusion/share/ament_index
[0.894s] creating /home/junsu/1.cam/install/fusion/share/ament_index/resource_index
[0.895s] creating /home/junsu/1.cam/install/fusion/share/ament_index/resource_index/packages
[0.895s] copying resource/fusion -> /home/junsu/1.cam/install/fusion/share/ament_index/resource_index/packages
[0.895s] copying package.xml -> /home/junsu/1.cam/install/fusion/share/fusion
[0.895s] running install_egg_info
[0.896s] Copying ../../build/fusion/fusion.egg-info to /home/junsu/1.cam/install/fusion/lib/python3.10/site-packages/fusion-0.0.0-py3.10.egg-info
[0.896s] running install_scripts
[0.914s] Installing cap script to /home/junsu/1.cam/install/fusion/lib/fusion
[0.914s] Installing double script to /home/junsu/1.cam/install/fusion/lib/fusion
[0.914s] Installing mtest script to /home/junsu/1.cam/install/fusion/lib/fusion
[0.914s] Installing roi script to /home/junsu/1.cam/install/fusion/lib/fusion
[0.914s] Installing test script to /home/junsu/1.cam/install/fusion/lib/fusion
[0.914s] Installing track script to /home/junsu/1.cam/install/fusion/lib/fusion
[0.915s] writing list of installed files to '/home/junsu/1.cam/build/fusion/install.log'
[0.940s] Invoked command in '/home/junsu/1.cam/src/fusion' returned '0': PYTHONPATH=/home/junsu/1.cam/build/fusion/prefix_override:/usr/lib/python3/dist-packages/colcon_core/task/python/colcon_distutils_commands:/home/junsu/1.cam/install/fusion/lib/python3.10/site-packages:${PYTHONPATH} /usr/bin/python3 -W ignore:setup.py install is deprecated -W ignore:easy_install command is deprecated setup.py egg_info --egg-base ../../build/fusion build --build-base /home/junsu/1.cam/build/fusion/build install --record /home/junsu/1.cam/build/fusion/install.log --single-version-externally-managed install_data
