[0.780s] Invoking command in '/home/junsu/yolo_python/src/yolo': PYTHONPATH=/home/junsu/yolo_python/build/yolo/prefix_override:/usr/lib/python3/dist-packages/colcon_core/task/python/colcon_distutils_commands:/home/junsu/yolo_python/install/yolo/lib/python3.10/site-packages:${PYTHONPATH} /usr/bin/python3 -W ignore:setup.py install is deprecated -W ignore:easy_install command is deprecated setup.py egg_info --egg-base ../../build/yolo build --build-base /home/junsu/yolo_python/build/yolo/build install --record /home/junsu/yolo_python/build/yolo/install.log --single-version-externally-managed install_data
[0.890s] /home/junsu/.local/lib/python3.10/site-packages/setuptools/_distutils/dist.py:289: UserWarning: Unknown distribution option: 'tests_require'
[0.890s]   warnings.warn(msg)
[0.968s] running egg_info
[0.980s] creating ../../build/yolo/yolo.egg-info
[0.980s] writing ../../build/yolo/yolo.egg-info/PKG-INFO
[0.981s] writing dependency_links to ../../build/yolo/yolo.egg-info/dependency_links.txt
[0.981s] writing entry points to ../../build/yolo/yolo.egg-info/entry_points.txt
[0.981s] writing requirements to ../../build/yolo/yolo.egg-info/requires.txt
[0.981s] writing top-level names to ../../build/yolo/yolo.egg-info/top_level.txt
[0.981s] writing manifest file '../../build/yolo/yolo.egg-info/SOURCES.txt'
[1.008s] reading manifest file '../../build/yolo/yolo.egg-info/SOURCES.txt'
[1.009s] writing manifest file '../../build/yolo/yolo.egg-info/SOURCES.txt'
[1.009s] running build
[1.009s] running build_py
[1.009s] creating /home/junsu/yolo_python/build/yolo/build/lib/yolo
[1.009s] copying yolo/__init__.py -> /home/junsu/yolo_python/build/yolo/build/lib/yolo
[1.009s] copying yolo/cone.py -> /home/junsu/yolo_python/build/yolo/build/lib/yolo
[1.010s] running install
[1.013s] running install_lib
[1.026s] creating /home/junsu/yolo_python/install/yolo/lib/python3.10/site-packages/yolo
[1.026s] copying /home/junsu/yolo_python/build/yolo/build/lib/yolo/__init__.py -> /home/junsu/yolo_python/install/yolo/lib/python3.10/site-packages/yolo
[1.026s] copying /home/junsu/yolo_python/build/yolo/build/lib/yolo/cone.py -> /home/junsu/yolo_python/install/yolo/lib/python3.10/site-packages/yolo
[1.026s] byte-compiling /home/junsu/yolo_python/install/yolo/lib/python3.10/site-packages/yolo/__init__.py to __init__.cpython-310.pyc
[1.026s] byte-compiling /home/junsu/yolo_python/install/yolo/lib/python3.10/site-packages/yolo/cone.py to cone.cpython-310.pyc
[1.027s] running install_data
[1.028s] creating /home/junsu/yolo_python/install/yolo/share/ament_index/resource_index/packages
[1.028s] copying resource/yolo -> /home/junsu/yolo_python/install/yolo/share/ament_index/resource_index/packages
[1.028s] copying package.xml -> /home/junsu/yolo_python/install/yolo/share/yolo
[1.028s] running install_egg_info
[1.043s] Copying ../../build/yolo/yolo.egg-info to /home/junsu/yolo_python/install/yolo/lib/python3.10/site-packages/yolo-0.0.0-py3.10.egg-info
[1.043s] running install_scripts
[1.069s] Installing cone script to /home/junsu/yolo_python/install/yolo/lib/yolo
[1.070s] writing list of installed files to '/home/junsu/yolo_python/build/yolo/install.log'
[1.088s] Invoked command in '/home/junsu/yolo_python/src/yolo' returned '0': PYTHONPATH=/home/junsu/yolo_python/build/yolo/prefix_override:/usr/lib/python3/dist-packages/colcon_core/task/python/colcon_distutils_commands:/home/junsu/yolo_python/install/yolo/lib/python3.10/site-packages:${PYTHONPATH} /usr/bin/python3 -W ignore:setup.py install is deprecated -W ignore:easy_install command is deprecated setup.py egg_info --egg-base ../../build/yolo build --build-base /home/junsu/yolo_python/build/yolo/build install --record /home/junsu/yolo_python/build/yolo/install.log --single-version-externally-managed install_data
