[0.743s] Invoking command in '/home/junsu/Perception_team_code/yolo_seg_python_package/src/yolo': PYTHONPATH=/home/junsu/Perception_team_code/yolo_seg_python_package/build/yolo/prefix_override:/usr/lib/python3/dist-packages/colcon_core/task/python/colcon_distutils_commands:/home/junsu/Perception_team_code/yolo_seg_python_package/install/yolo/lib/python3.10/site-packages:${PYTHONPATH} /usr/bin/python3 -W ignore:setup.py install is deprecated -W ignore:easy_install command is deprecated setup.py egg_info --egg-base ../../build/yolo build --build-base /home/junsu/Perception_team_code/yolo_seg_python_package/build/yolo/build install --record /home/junsu/Perception_team_code/yolo_seg_python_package/build/yolo/install.log --single-version-externally-managed install_data
[0.988s] running egg_info
[1.005s] creating ../../build/yolo/yolo.egg-info
[1.005s] writing ../../build/yolo/yolo.egg-info/PKG-INFO
[1.005s] writing dependency_links to ../../build/yolo/yolo.egg-info/dependency_links.txt
[1.006s] writing entry points to ../../build/yolo/yolo.egg-info/entry_points.txt
[1.006s] writing requirements to ../../build/yolo/yolo.egg-info/requires.txt
[1.006s] writing top-level names to ../../build/yolo/yolo.egg-info/top_level.txt
[1.006s] writing manifest file '../../build/yolo/yolo.egg-info/SOURCES.txt'
[1.050s] reading manifest file '../../build/yolo/yolo.egg-info/SOURCES.txt'
[1.051s] writing manifest file '../../build/yolo/yolo.egg-info/SOURCES.txt'
[1.051s] running build
[1.051s] running build_py
[1.052s] creating /home/junsu/Perception_team_code/yolo_seg_python_package/build/yolo/build/lib/yolo
[1.052s] copying yolo/traffic.py -> /home/junsu/Perception_team_code/yolo_seg_python_package/build/yolo/build/lib/yolo
[1.052s] copying yolo/__init__.py -> /home/junsu/Perception_team_code/yolo_seg_python_package/build/yolo/build/lib/yolo
[1.052s] copying yolo/cone.py -> /home/junsu/Perception_team_code/yolo_seg_python_package/build/yolo/build/lib/yolo
[1.053s] running install
[1.057s] running install_lib
[1.075s] creating /home/junsu/Perception_team_code/yolo_seg_python_package/install/yolo/lib/python3.10/site-packages/yolo
[1.075s] copying /home/junsu/Perception_team_code/yolo_seg_python_package/build/yolo/build/lib/yolo/traffic.py -> /home/junsu/Perception_team_code/yolo_seg_python_package/install/yolo/lib/python3.10/site-packages/yolo
[1.075s] copying /home/junsu/Perception_team_code/yolo_seg_python_package/build/yolo/build/lib/yolo/__init__.py -> /home/junsu/Perception_team_code/yolo_seg_python_package/install/yolo/lib/python3.10/site-packages/yolo
[1.075s] copying /home/junsu/Perception_team_code/yolo_seg_python_package/build/yolo/build/lib/yolo/cone.py -> /home/junsu/Perception_team_code/yolo_seg_python_package/install/yolo/lib/python3.10/site-packages/yolo
[1.075s] byte-compiling /home/junsu/Perception_team_code/yolo_seg_python_package/install/yolo/lib/python3.10/site-packages/yolo/traffic.py to traffic.cpython-310.pyc
[1.076s] byte-compiling /home/junsu/Perception_team_code/yolo_seg_python_package/install/yolo/lib/python3.10/site-packages/yolo/__init__.py to __init__.cpython-310.pyc
[1.076s] byte-compiling /home/junsu/Perception_team_code/yolo_seg_python_package/install/yolo/lib/python3.10/site-packages/yolo/cone.py to cone.cpython-310.pyc
[1.078s] running install_data
[1.078s] creating /home/junsu/Perception_team_code/yolo_seg_python_package/install/yolo/share/ament_index/resource_index/packages
[1.078s] copying resource/yolo -> /home/junsu/Perception_team_code/yolo_seg_python_package/install/yolo/share/ament_index/resource_index/packages
[1.078s] copying package.xml -> /home/junsu/Perception_team_code/yolo_seg_python_package/install/yolo/share/yolo
[1.078s] running install_egg_info
[1.096s] Copying ../../build/yolo/yolo.egg-info to /home/junsu/Perception_team_code/yolo_seg_python_package/install/yolo/lib/python3.10/site-packages/yolo-0.0.0-py3.10.egg-info
[1.096s] running install_scripts
[1.134s] Installing c_traffic script to /home/junsu/Perception_team_code/yolo_seg_python_package/install/yolo/lib/yolo
[1.134s] Installing check script to /home/junsu/Perception_team_code/yolo_seg_python_package/install/yolo/lib/yolo
[1.134s] Installing cone script to /home/junsu/Perception_team_code/yolo_seg_python_package/install/yolo/lib/yolo
[1.134s] Installing traffic script to /home/junsu/Perception_team_code/yolo_seg_python_package/install/yolo/lib/yolo
[1.134s] writing list of installed files to '/home/junsu/Perception_team_code/yolo_seg_python_package/build/yolo/install.log'
[1.164s] Invoked command in '/home/junsu/Perception_team_code/yolo_seg_python_package/src/yolo' returned '0': PYTHONPATH=/home/junsu/Perception_team_code/yolo_seg_python_package/build/yolo/prefix_override:/usr/lib/python3/dist-packages/colcon_core/task/python/colcon_distutils_commands:/home/junsu/Perception_team_code/yolo_seg_python_package/install/yolo/lib/python3.10/site-packages:${PYTHONPATH} /usr/bin/python3 -W ignore:setup.py install is deprecated -W ignore:easy_install command is deprecated setup.py egg_info --egg-base ../../build/yolo build --build-base /home/junsu/Perception_team_code/yolo_seg_python_package/build/yolo/build install --record /home/junsu/Perception_team_code/yolo_seg_python_package/build/yolo/install.log --single-version-externally-managed install_data
