/home/junsu/yolo_python/install/yolo/lib/python3.10/site-packages/yolo/traffic.py
/home/junsu/yolo_python/install/yolo/lib/python3.10/site-packages/yolo/check_3d.py
/home/junsu/yolo_python/install/yolo/lib/python3.10/site-packages/yolo/__init__.py
/home/junsu/yolo_python/install/yolo/lib/python3.10/site-packages/yolo/cone.py
/home/junsu/yolo_python/install/yolo/lib/python3.10/site-packages/yolo/check_traffic.py
/home/junsu/yolo_python/install/yolo/lib/python3.10/site-packages/yolo/__pycache__/traffic.cpython-310.pyc
/home/junsu/yolo_python/install/yolo/lib/python3.10/site-packages/yolo/__pycache__/check_3d.cpython-310.pyc
/home/junsu/yolo_python/install/yolo/lib/python3.10/site-packages/yolo/__pycache__/__init__.cpython-310.pyc
/home/junsu/yolo_python/install/yolo/lib/python3.10/site-packages/yolo/__pycache__/cone.cpython-310.pyc
/home/junsu/yolo_python/install/yolo/lib/python3.10/site-packages/yolo/__pycache__/check_traffic.cpython-310.pyc
/home/junsu/yolo_python/install/yolo/share/ament_index/resource_index/packages/yolo
/home/junsu/yolo_python/install/yolo/share/yolo/package.xml
/home/junsu/yolo_python/install/yolo/lib/python3.10/site-packages/yolo-0.0.0-py3.10.egg-info/dependency_links.txt
/home/junsu/yolo_python/install/yolo/lib/python3.10/site-packages/yolo-0.0.0-py3.10.egg-info/entry_points.txt
/home/junsu/yolo_python/install/yolo/lib/python3.10/site-packages/yolo-0.0.0-py3.10.egg-info/zip-safe
/home/junsu/yolo_python/install/yolo/lib/python3.10/site-packages/yolo-0.0.0-py3.10.egg-info/SOURCES.txt
/home/junsu/yolo_python/install/yolo/lib/python3.10/site-packages/yolo-0.0.0-py3.10.egg-info/requires.txt
/home/junsu/yolo_python/install/yolo/lib/python3.10/site-packages/yolo-0.0.0-py3.10.egg-info/top_level.txt
/home/junsu/yolo_python/install/yolo/lib/python3.10/site-packages/yolo-0.0.0-py3.10.egg-info/PKG-INFO
/home/junsu/yolo_python/install/yolo/lib/yolo/c_traffic
/home/junsu/yolo_python/install/yolo/lib/yolo/check
/home/junsu/yolo_python/install/yolo/lib/yolo/cone
/home/junsu/yolo_python/install/yolo/lib/yolo/traffic
