[0.007s] Invoking command in '/home/junsu/yolo_python/build/yolo_msg': /usr/local/bin/cmake /home/junsu/yolo_python/src/yolo_msg -DCATKIN_INSTALL_INTO_PREFIX_ROOT=0 -DCMAKE_INSTALL_PREFIX=/home/junsu/yolo_python/install/yolo_msg
[0.012s] -- Found ament_cmake: 1.3.11 (/opt/ros/humble/share/ament_cmake/cmake)
[0.169s] -- Found std_msgs: 4.2.4 (/opt/ros/humble/share/std_msgs/cmake)
[0.188s] -- Found rosidl_generator_c: 3.1.6 (/opt/ros/humble/share/rosidl_generator_c/cmake)
[0.190s] -- Found rosidl_adapter: 3.1.6 (/opt/ros/humble/share/rosidl_adapter/cmake)
[0.195s] -- Found rosidl_generator_cpp: 3.1.6 (/opt/ros/humble/share/rosidl_generator_cpp/cmake)
[0.203s] -- Using all available rosidl_typesupport_c: rosidl_typesupport_fastrtps_c;rosidl_typesupport_introspection_c
[0.213s] -- Using all available rosidl_typesupport_cpp: rosidl_typesupport_fastrtps_cpp;rosidl_typesupport_introspection_cpp
[0.235s] -- Found rosidl_default_generators: 1.2.0 (/opt/ros/humble/share/rosidl_default_generators/cmake)
[0.586s] -- Found ament_cmake_ros: 0.10.0 (/opt/ros/humble/share/ament_cmake_ros/cmake)
[1.199s] -- Using all available rosidl_typesupport_c: rosidl_typesupport_fastrtps_c;rosidl_typesupport_introspection_c
[1.423s] -- Using all available rosidl_typesupport_cpp: rosidl_typesupport_fastrtps_cpp;rosidl_typesupport_introspection_cpp
[1.426s] [33mCMake Warning (dev) at /opt/ros/humble/share/rosidl_generator_py/cmake/rosidl_generator_py_generate_interfaces.cmake:20 (find_package):
[1.426s]   Policy CMP0148 is not set: The FindPythonInterp and FindPythonLibs modules
[1.426s]   are removed.  Run "cmake --help-policy CMP0148" for policy details.  Use
[1.426s]   the cmake_policy command to set the policy and suppress this warning.
[1.426s] 
[1.426s] Call Stack (most recent call first):
[1.426s]   /opt/ros/humble/share/ament_cmake_core/cmake/core/ament_execute_extensions.cmake:48 (include)
[1.426s]   /opt/ros/humble/share/rosidl_cmake/cmake/rosidl_generate_interfaces.cmake:286 (ament_execute_extensions)
[1.426s]   CMakeLists.txt:14 (rosidl_generate_interfaces)
[1.426s] This warning is for project developers.  Use -Wno-dev to suppress it.
[1.426s] [0m
[1.443s] -- Found PythonInterp: /opt/ros/humble/bin/python3 (found suitable version "3.10.12", minimum required is "3.6") 
[1.447s] -- Found python_cmake_module: 0.10.0 (/opt/ros/humble/share/python_cmake_module/cmake)
[1.449s] [33mCMake Warning (dev) at /opt/ros/humble/share/python_cmake_module/cmake/Modules/FindPythonExtra.cmake:52 (find_package):
[1.449s]   Policy CMP0148 is not set: The FindPythonInterp and FindPythonLibs modules
[1.449s]   are removed.  Run "cmake --help-policy CMP0148" for policy details.  Use
[1.449s]   the cmake_policy command to set the policy and suppress this warning.
[1.449s] 
[1.449s] Call Stack (most recent call first):
[1.449s]   /opt/ros/humble/share/rosidl_generator_py/cmake/rosidl_generator_py_generate_interfaces.cmake:23 (find_package)
[1.449s]   /opt/ros/humble/share/ament_cmake_core/cmake/core/ament_execute_extensions.cmake:48 (include)
[1.449s]   /opt/ros/humble/share/rosidl_cmake/cmake/rosidl_generate_interfaces.cmake:286 (ament_execute_extensions)
[1.449s]   CMakeLists.txt:14 (rosidl_generate_interfaces)
[1.449s] This warning is for project developers.  Use -Wno-dev to suppress it.
[1.449s] [0m
[1.465s] [33mCMake Warning (dev) at /opt/ros/humble/share/python_cmake_module/cmake/Modules/FindPythonExtra.cmake:140 (find_package):
[1.465s]   Policy CMP0148 is not set: The FindPythonInterp and FindPythonLibs modules
[1.465s]   are removed.  Run "cmake --help-policy CMP0148" for policy details.  Use
[1.465s]   the cmake_policy command to set the policy and suppress this warning.
[1.465s] 
[1.465s] Call Stack (most recent call first):
[1.465s]   /opt/ros/humble/share/rosidl_generator_py/cmake/rosidl_generator_py_generate_interfaces.cmake:23 (find_package)
[1.465s]   /opt/ros/humble/share/ament_cmake_core/cmake/core/ament_execute_extensions.cmake:48 (include)
[1.465s]   /opt/ros/humble/share/rosidl_cmake/cmake/rosidl_generate_interfaces.cmake:286 (ament_execute_extensions)
[1.465s]   CMakeLists.txt:14 (rosidl_generate_interfaces)
[1.465s] This warning is for project developers.  Use -Wno-dev to suppress it.
[1.465s] [0m
[1.471s] -- Found PythonLibs: /usr/lib/x86_64-linux-gnu/libpython3.10.so (found suitable version "3.10.12", minimum required is "3.5") 
[1.471s] -- Using PYTHON_EXECUTABLE: /opt/ros/humble/bin/python3
[1.472s] -- Using PYTHON_INCLUDE_DIRS: /usr/include/python3.10
[1.472s] -- Using PYTHON_LIBRARIES: /usr/lib/x86_64-linux-gnu/libpython3.10.so
[1.487s] -- Found PythonExtra: .so  
[1.552s] -- Configuring done (1.5s)
[1.581s] -- Generating done (0.0s)
[1.583s] [33mCMake Warning:
[1.583s]   Manually-specified variables were not used by the project:
[1.583s] 
[1.583s]     CATKIN_INSTALL_INTO_PREFIX_ROOT
[1.583s] 
[1.583s] [0m
[1.589s] -- Build files have been written to: /home/junsu/yolo_python/build/yolo_msg
[1.592s] Invoked command in '/home/junsu/yolo_python/build/yolo_msg' returned '0': /usr/local/bin/cmake /home/junsu/yolo_python/src/yolo_msg -DCATKIN_INSTALL_INTO_PREFIX_ROOT=0 -DCMAKE_INSTALL_PREFIX=/home/junsu/yolo_python/install/yolo_msg
[1.594s] Invoking command in '/home/junsu/yolo_python/build/yolo_msg': /usr/local/bin/cmake --build /home/junsu/yolo_python/build/yolo_msg -- -j8 -l8
[1.606s] [  2%] [34m[1mGenerating C code for ROS interfaces[0m
[1.610s] [  5%] [34m[1mGenerating C++ code for ROS interfaces[0m
[1.611s] [  5%] Built target ament_cmake_python_copy_yolo_msg
[1.791s] running egg_info
[1.806s] creating yolo_msg.egg-info
[1.806s] writing yolo_msg.egg-info/PKG-INFO
[1.806s] writing dependency_links to yolo_msg.egg-info/dependency_links.txt
[1.806s] writing top-level names to yolo_msg.egg-info/top_level.txt
[1.806s] writing manifest file 'yolo_msg.egg-info/SOURCES.txt'
[1.834s] [  5%] Built target yolo_msg__cpp
[1.838s] [ 10%] [34m[1mGenerating C++ type support for eProsima Fast-RTPS[0m
[1.838s] [ 10%] [34m[1mGenerating C++ type support dispatch for ROS interfaces[0m
[1.840s] [ 12%] [34m[1mGenerating C++ introspection for ROS interfaces[0m
[1.853s] [ 17%] [32mBuilding C object CMakeFiles/yolo_msg__rosidl_generator_c.dir/rosidl_generator_c/yolo_msg/msg/detail/bounding_box_array__functions.c.o[0m
[1.853s] [ 17%] [32mBuilding C object CMakeFiles/yolo_msg__rosidl_generator_c.dir/rosidl_generator_c/yolo_msg/msg/detail/bounding_box__functions.c.o[0m
[1.863s] reading manifest file 'yolo_msg.egg-info/SOURCES.txt'
[1.863s] writing manifest file 'yolo_msg.egg-info/SOURCES.txt'
[1.903s] [ 17%] Built target ament_cmake_python_build_yolo_msg_egg
[1.912s] [ 20%] [32m[1mLinking C shared library libyolo_msg__rosidl_generator_c.so[0m
[1.935s] [ 20%] Built target yolo_msg__rosidl_generator_c
[1.939s] [ 23%] [34m[1mGenerating C introspection for ROS interfaces[0m
[1.939s] [ 25%] [34m[1mGenerating C type support for eProsima Fast-RTPS[0m
[1.940s] [ 28%] [34m[1mGenerating C type support dispatch for ROS interfaces[0m
[2.042s] [ 30%] [32mBuilding CXX object CMakeFiles/yolo_msg__rosidl_typesupport_cpp.dir/rosidl_typesupport_cpp/yolo_msg/msg/bounding_box__type_support.cpp.o[0m
[2.042s] [ 33%] [32mBuilding CXX object CMakeFiles/yolo_msg__rosidl_typesupport_cpp.dir/rosidl_typesupport_cpp/yolo_msg/msg/bounding_box_array__type_support.cpp.o[0m
[2.074s] [ 38%] [32mBuilding CXX object CMakeFiles/yolo_msg__rosidl_typesupport_introspection_cpp.dir/rosidl_typesupport_introspection_cpp/yolo_msg/msg/detail/bounding_box__type_support.cpp.o[0m
[2.074s] [ 38%] [32mBuilding CXX object CMakeFiles/yolo_msg__rosidl_typesupport_introspection_cpp.dir/rosidl_typesupport_introspection_cpp/yolo_msg/msg/detail/bounding_box_array__type_support.cpp.o[0m
[2.191s] [ 41%] [32mBuilding CXX object CMakeFiles/yolo_msg__rosidl_typesupport_fastrtps_cpp.dir/rosidl_typesupport_fastrtps_cpp/yolo_msg/msg/detail/dds_fastrtps/bounding_box__type_support.cpp.o[0m
[2.272s] [ 43%] [32mBuilding CXX object CMakeFiles/yolo_msg__rosidl_typesupport_c.dir/rosidl_typesupport_c/yolo_msg/msg/bounding_box__type_support.cpp.o[0m
[2.306s] [ 46%] [32mBuilding CXX object CMakeFiles/yolo_msg__rosidl_typesupport_c.dir/rosidl_typesupport_c/yolo_msg/msg/bounding_box_array__type_support.cpp.o[0m
[2.313s] [ 48%] [32mBuilding C object CMakeFiles/yolo_msg__rosidl_typesupport_introspection_c.dir/rosidl_typesupport_introspection_c/yolo_msg/msg/detail/bounding_box__type_support.c.o[0m
[2.330s] [ 51%] [32mBuilding CXX object CMakeFiles/yolo_msg__rosidl_typesupport_fastrtps_c.dir/rosidl_typesupport_fastrtps_c/yolo_msg/msg/detail/bounding_box__type_support_c.cpp.o[0m
[2.339s] [ 53%] [32m[1mLinking CXX shared library libyolo_msg__rosidl_typesupport_c.so[0m
[2.353s] [ 56%] [32mBuilding C object CMakeFiles/yolo_msg__rosidl_typesupport_introspection_c.dir/rosidl_typesupport_introspection_c/yolo_msg/msg/detail/bounding_box_array__type_support.c.o[0m
[2.377s] [ 56%] Built target yolo_msg__rosidl_typesupport_c
[2.381s] [ 58%] [32mBuilding CXX object CMakeFiles/yolo_msg__rosidl_typesupport_fastrtps_c.dir/rosidl_typesupport_fastrtps_c/yolo_msg/msg/detail/bounding_box_array__type_support_c.cpp.o[0m
[2.389s] [ 61%] [32mBuilding CXX object CMakeFiles/yolo_msg__rosidl_typesupport_fastrtps_cpp.dir/rosidl_typesupport_fastrtps_cpp/yolo_msg/msg/detail/dds_fastrtps/bounding_box_array__type_support.cpp.o[0m
[2.393s] [ 64%] [32m[1mLinking CXX shared library libyolo_msg__rosidl_typesupport_cpp.so[0m
[2.403s] [ 66%] [32m[1mLinking C shared library libyolo_msg__rosidl_typesupport_introspection_c.so[0m
[2.428s] [ 66%] Built target yolo_msg__rosidl_typesupport_introspection_c
[2.444s] [ 66%] Built target yolo_msg__rosidl_typesupport_cpp
[2.598s] [ 69%] [32m[1mLinking CXX shared library libyolo_msg__rosidl_typesupport_introspection_cpp.so[0m
[2.675s] [ 71%] [32m[1mLinking CXX shared library libyolo_msg__rosidl_typesupport_fastrtps_c.so[0m
[2.679s] [ 71%] Built target yolo_msg__rosidl_typesupport_introspection_cpp
[2.727s] [ 71%] Built target yolo_msg__rosidl_typesupport_fastrtps_c
[2.741s] [ 74%] [32m[1mLinking CXX shared library libyolo_msg__rosidl_typesupport_fastrtps_cpp.so[0m
[2.788s] [ 74%] Built target yolo_msg__rosidl_typesupport_fastrtps_cpp
[2.794s] [ 74%] Built target yolo_msg
[2.800s] [ 76%] [34m[1mGenerating Python code for ROS interfaces[0m
[3.064s] [ 76%] Built target yolo_msg__py
[3.071s] [ 79%] [32mBuilding C object CMakeFiles/yolo_msg__rosidl_generator_py.dir/rosidl_generator_py/yolo_msg/msg/_bounding_box_s.c.o[0m
[3.071s] [ 82%] [32mBuilding C object CMakeFiles/yolo_msg__rosidl_generator_py.dir/rosidl_generator_py/yolo_msg/msg/_bounding_box_array_s.c.o[0m
[3.203s] [ 84%] [32m[1mLinking C shared library rosidl_generator_py/yolo_msg/libyolo_msg__rosidl_generator_py.so[0m
[3.236s] [ 84%] Built target yolo_msg__rosidl_generator_py
[3.244s] [ 92%] [32mBuilding C object CMakeFiles/yolo_msg__rosidl_typesupport_introspection_c__pyext.dir/rosidl_generator_py/yolo_msg/_yolo_msg_s.ep.rosidl_typesupport_introspection_c.c.o[0m
[3.244s] [ 92%] [32mBuilding C object CMakeFiles/yolo_msg__rosidl_typesupport_fastrtps_c__pyext.dir/rosidl_generator_py/yolo_msg/_yolo_msg_s.ep.rosidl_typesupport_fastrtps_c.c.o[0m
[3.244s] [ 92%] [32mBuilding C object CMakeFiles/yolo_msg__rosidl_typesupport_c__pyext.dir/rosidl_generator_py/yolo_msg/_yolo_msg_s.ep.rosidl_typesupport_c.c.o[0m
[3.314s] [100%] [32m[1mLinking C shared library rosidl_generator_py/yolo_msg/yolo_msg_s__rosidl_typesupport_c.cpython-310-x86_64-linux-gnu.so[0m
[3.314s] [100%] [32m[1mLinking C shared library rosidl_generator_py/yolo_msg/yolo_msg_s__rosidl_typesupport_fastrtps_c.cpython-310-x86_64-linux-gnu.so[0m
[3.314s] [100%] [32m[1mLinking C shared library rosidl_generator_py/yolo_msg/yolo_msg_s__rosidl_typesupport_introspection_c.cpython-310-x86_64-linux-gnu.so[0m
[3.333s] [100%] Built target yolo_msg__rosidl_typesupport_fastrtps_c__pyext
[3.333s] [100%] Built target yolo_msg__rosidl_typesupport_c__pyext
[3.333s] [100%] Built target yolo_msg__rosidl_typesupport_introspection_c__pyext
[3.337s] Invoked command in '/home/junsu/yolo_python/build/yolo_msg' returned '0': /usr/local/bin/cmake --build /home/junsu/yolo_python/build/yolo_msg -- -j8 -l8
[3.341s] Invoking command in '/home/junsu/yolo_python/build/yolo_msg': /usr/local/bin/cmake --install /home/junsu/yolo_python/build/yolo_msg
[3.343s] -- Install configuration: ""
[3.343s] -- Installing: /home/junsu/yolo_python/install/yolo_msg/share/ament_index/resource_index/rosidl_interfaces/yolo_msg
[3.343s] -- Installing: /home/junsu/yolo_python/install/yolo_msg/include/yolo_msg/yolo_msg
[3.343s] -- Installing: /home/junsu/yolo_python/install/yolo_msg/include/yolo_msg/yolo_msg/msg
[3.343s] -- Installing: /home/junsu/yolo_python/install/yolo_msg/include/yolo_msg/yolo_msg/msg/bounding_box_array.h
[3.343s] -- Installing: /home/junsu/yolo_python/install/yolo_msg/include/yolo_msg/yolo_msg/msg/detail
[3.343s] -- Installing: /home/junsu/yolo_python/install/yolo_msg/include/yolo_msg/yolo_msg/msg/detail/bounding_box__type_support.h
[3.343s] -- Installing: /home/junsu/yolo_python/install/yolo_msg/include/yolo_msg/yolo_msg/msg/detail/bounding_box_array__struct.h
[3.343s] -- Installing: /home/junsu/yolo_python/install/yolo_msg/include/yolo_msg/yolo_msg/msg/detail/bounding_box__functions.h
[3.343s] -- Installing: /home/junsu/yolo_python/install/yolo_msg/include/yolo_msg/yolo_msg/msg/detail/bounding_box__struct.h
[3.343s] -- Installing: /home/junsu/yolo_python/install/yolo_msg/include/yolo_msg/yolo_msg/msg/detail/bounding_box__functions.c
[3.343s] -- Installing: /home/junsu/yolo_python/install/yolo_msg/include/yolo_msg/yolo_msg/msg/detail/bounding_box_array__type_support.h
[3.343s] -- Installing: /home/junsu/yolo_python/install/yolo_msg/include/yolo_msg/yolo_msg/msg/detail/bounding_box_array__functions.c
[3.343s] -- Installing: /home/junsu/yolo_python/install/yolo_msg/include/yolo_msg/yolo_msg/msg/detail/bounding_box_array__functions.h
[3.344s] -- Installing: /home/junsu/yolo_python/install/yolo_msg/include/yolo_msg/yolo_msg/msg/bounding_box.h
[3.344s] -- Installing: /home/junsu/yolo_python/install/yolo_msg/include/yolo_msg/yolo_msg/msg/rosidl_generator_c__visibility_control.h
[3.344s] -- Installing: /home/junsu/yolo_python/install/yolo_msg/share/yolo_msg/environment/library_path.sh
[3.344s] -- Installing: /home/junsu/yolo_python/install/yolo_msg/share/yolo_msg/environment/library_path.dsv
[3.344s] -- Installing: /home/junsu/yolo_python/install/yolo_msg/lib/libyolo_msg__rosidl_generator_c.so
[3.344s] -- Set non-toolchain portion of runtime path of "/home/junsu/yolo_python/install/yolo_msg/lib/libyolo_msg__rosidl_generator_c.so" to ""
[3.344s] -- Up-to-date: /home/junsu/yolo_python/install/yolo_msg/include/yolo_msg/yolo_msg
[3.344s] -- Up-to-date: /home/junsu/yolo_python/install/yolo_msg/include/yolo_msg/yolo_msg/msg
[3.344s] -- Up-to-date: /home/junsu/yolo_python/install/yolo_msg/include/yolo_msg/yolo_msg/msg/detail
[3.344s] -- Installing: /home/junsu/yolo_python/install/yolo_msg/include/yolo_msg/yolo_msg/msg/detail/bounding_box_array__rosidl_typesupport_fastrtps_c.h
[3.344s] -- Installing: /home/junsu/yolo_python/install/yolo_msg/include/yolo_msg/yolo_msg/msg/detail/bounding_box__rosidl_typesupport_fastrtps_c.h
[3.344s] -- Installing: /home/junsu/yolo_python/install/yolo_msg/include/yolo_msg/yolo_msg/msg/rosidl_typesupport_fastrtps_c__visibility_control.h
[3.344s] -- Installing: /home/junsu/yolo_python/install/yolo_msg/lib/libyolo_msg__rosidl_typesupport_fastrtps_c.so
[3.344s] -- Set non-toolchain portion of runtime path of "/home/junsu/yolo_python/install/yolo_msg/lib/libyolo_msg__rosidl_typesupport_fastrtps_c.so" to ""
[3.344s] -- Up-to-date: /home/junsu/yolo_python/install/yolo_msg/include/yolo_msg/yolo_msg
[3.344s] -- Up-to-date: /home/junsu/yolo_python/install/yolo_msg/include/yolo_msg/yolo_msg/msg
[3.344s] -- Installing: /home/junsu/yolo_python/install/yolo_msg/include/yolo_msg/yolo_msg/msg/rosidl_generator_cpp__visibility_control.hpp
[3.345s] -- Up-to-date: /home/junsu/yolo_python/install/yolo_msg/include/yolo_msg/yolo_msg/msg/detail
[3.345s] -- Installing: /home/junsu/yolo_python/install/yolo_msg/include/yolo_msg/yolo_msg/msg/detail/bounding_box_array__builder.hpp
[3.345s] -- Installing: /home/junsu/yolo_python/install/yolo_msg/include/yolo_msg/yolo_msg/msg/detail/bounding_box_array__traits.hpp
[3.345s] -- Installing: /home/junsu/yolo_python/install/yolo_msg/include/yolo_msg/yolo_msg/msg/detail/bounding_box_array__type_support.hpp
[3.345s] -- Installing: /home/junsu/yolo_python/install/yolo_msg/include/yolo_msg/yolo_msg/msg/detail/bounding_box__builder.hpp
[3.345s] -- Installing: /home/junsu/yolo_python/install/yolo_msg/include/yolo_msg/yolo_msg/msg/detail/bounding_box__struct.hpp
[3.345s] -- Installing: /home/junsu/yolo_python/install/yolo_msg/include/yolo_msg/yolo_msg/msg/detail/bounding_box_array__struct.hpp
[3.345s] -- Installing: /home/junsu/yolo_python/install/yolo_msg/include/yolo_msg/yolo_msg/msg/detail/bounding_box__traits.hpp
[3.345s] -- Installing: /home/junsu/yolo_python/install/yolo_msg/include/yolo_msg/yolo_msg/msg/detail/bounding_box__type_support.hpp
[3.345s] -- Installing: /home/junsu/yolo_python/install/yolo_msg/include/yolo_msg/yolo_msg/msg/bounding_box.hpp
[3.345s] -- Installing: /home/junsu/yolo_python/install/yolo_msg/include/yolo_msg/yolo_msg/msg/bounding_box_array.hpp
[3.345s] -- Up-to-date: /home/junsu/yolo_python/install/yolo_msg/include/yolo_msg/yolo_msg
[3.345s] -- Up-to-date: /home/junsu/yolo_python/install/yolo_msg/include/yolo_msg/yolo_msg/msg
[3.345s] -- Installing: /home/junsu/yolo_python/install/yolo_msg/include/yolo_msg/yolo_msg/msg/rosidl_typesupport_fastrtps_cpp__visibility_control.h
[3.345s] -- Up-to-date: /home/junsu/yolo_python/install/yolo_msg/include/yolo_msg/yolo_msg/msg/detail
[3.345s] -- Installing: /home/junsu/yolo_python/install/yolo_msg/include/yolo_msg/yolo_msg/msg/detail/bounding_box__rosidl_typesupport_fastrtps_cpp.hpp
[3.345s] -- Installing: /home/junsu/yolo_python/install/yolo_msg/include/yolo_msg/yolo_msg/msg/detail/bounding_box_array__rosidl_typesupport_fastrtps_cpp.hpp
[3.345s] -- Installing: /home/junsu/yolo_python/install/yolo_msg/include/yolo_msg/yolo_msg/msg/detail/dds_fastrtps
[3.345s] -- Installing: /home/junsu/yolo_python/install/yolo_msg/lib/libyolo_msg__rosidl_typesupport_fastrtps_cpp.so
[3.345s] -- Set non-toolchain portion of runtime path of "/home/junsu/yolo_python/install/yolo_msg/lib/libyolo_msg__rosidl_typesupport_fastrtps_cpp.so" to ""
[3.346s] -- Up-to-date: /home/junsu/yolo_python/install/yolo_msg/include/yolo_msg/yolo_msg
[3.346s] -- Up-to-date: /home/junsu/yolo_python/install/yolo_msg/include/yolo_msg/yolo_msg/msg
[3.346s] -- Up-to-date: /home/junsu/yolo_python/install/yolo_msg/include/yolo_msg/yolo_msg/msg/detail
[3.346s] -- Installing: /home/junsu/yolo_python/install/yolo_msg/include/yolo_msg/yolo_msg/msg/detail/bounding_box__type_support.c
[3.346s] -- Installing: /home/junsu/yolo_python/install/yolo_msg/include/yolo_msg/yolo_msg/msg/detail/bounding_box_array__type_support.c
[3.346s] -- Installing: /home/junsu/yolo_python/install/yolo_msg/include/yolo_msg/yolo_msg/msg/detail/bounding_box__rosidl_typesupport_introspection_c.h
[3.346s] -- Installing: /home/junsu/yolo_python/install/yolo_msg/include/yolo_msg/yolo_msg/msg/detail/bounding_box_array__rosidl_typesupport_introspection_c.h
[3.346s] -- Installing: /home/junsu/yolo_python/install/yolo_msg/include/yolo_msg/yolo_msg/msg/rosidl_typesupport_introspection_c__visibility_control.h
[3.346s] -- Installing: /home/junsu/yolo_python/install/yolo_msg/lib/libyolo_msg__rosidl_typesupport_introspection_c.so
[3.346s] -- Set non-toolchain portion of runtime path of "/home/junsu/yolo_python/install/yolo_msg/lib/libyolo_msg__rosidl_typesupport_introspection_c.so" to ""
[3.346s] -- Installing: /home/junsu/yolo_python/install/yolo_msg/lib/libyolo_msg__rosidl_typesupport_c.so
[3.346s] -- Set non-toolchain portion of runtime path of "/home/junsu/yolo_python/install/yolo_msg/lib/libyolo_msg__rosidl_typesupport_c.so" to ""
[3.346s] -- Up-to-date: /home/junsu/yolo_python/install/yolo_msg/include/yolo_msg/yolo_msg
[3.346s] -- Up-to-date: /home/junsu/yolo_python/install/yolo_msg/include/yolo_msg/yolo_msg/msg
[3.346s] -- Up-to-date: /home/junsu/yolo_python/install/yolo_msg/include/yolo_msg/yolo_msg/msg/detail
[3.346s] -- Installing: /home/junsu/yolo_python/install/yolo_msg/include/yolo_msg/yolo_msg/msg/detail/bounding_box__type_support.cpp
[3.346s] -- Installing: /home/junsu/yolo_python/install/yolo_msg/include/yolo_msg/yolo_msg/msg/detail/bounding_box_array__type_support.cpp
[3.346s] -- Installing: /home/junsu/yolo_python/install/yolo_msg/include/yolo_msg/yolo_msg/msg/detail/bounding_box__rosidl_typesupport_introspection_cpp.hpp
[3.347s] -- Installing: /home/junsu/yolo_python/install/yolo_msg/include/yolo_msg/yolo_msg/msg/detail/bounding_box_array__rosidl_typesupport_introspection_cpp.hpp
[3.347s] -- Installing: /home/junsu/yolo_python/install/yolo_msg/lib/libyolo_msg__rosidl_typesupport_introspection_cpp.so
[3.347s] -- Set non-toolchain portion of runtime path of "/home/junsu/yolo_python/install/yolo_msg/lib/libyolo_msg__rosidl_typesupport_introspection_cpp.so" to ""
[3.347s] -- Installing: /home/junsu/yolo_python/install/yolo_msg/lib/libyolo_msg__rosidl_typesupport_cpp.so
[3.347s] -- Set non-toolchain portion of runtime path of "/home/junsu/yolo_python/install/yolo_msg/lib/libyolo_msg__rosidl_typesupport_cpp.so" to ""
[3.347s] -- Installing: /home/junsu/yolo_python/install/yolo_msg/share/yolo_msg/environment/pythonpath.sh
[3.347s] -- Installing: /home/junsu/yolo_python/install/yolo_msg/share/yolo_msg/environment/pythonpath.dsv
[3.347s] -- Installing: /home/junsu/yolo_python/install/yolo_msg/local/lib/python3.10/dist-packages/yolo_msg-0.0.0-py3.10.egg-info
[3.347s] -- Installing: /home/junsu/yolo_python/install/yolo_msg/local/lib/python3.10/dist-packages/yolo_msg-0.0.0-py3.10.egg-info/dependency_links.txt
[3.347s] -- Installing: /home/junsu/yolo_python/install/yolo_msg/local/lib/python3.10/dist-packages/yolo_msg-0.0.0-py3.10.egg-info/SOURCES.txt
[3.347s] -- Installing: /home/junsu/yolo_python/install/yolo_msg/local/lib/python3.10/dist-packages/yolo_msg-0.0.0-py3.10.egg-info/top_level.txt
[3.347s] -- Installing: /home/junsu/yolo_python/install/yolo_msg/local/lib/python3.10/dist-packages/yolo_msg-0.0.0-py3.10.egg-info/PKG-INFO
[3.347s] -- Installing: /home/junsu/yolo_python/install/yolo_msg/local/lib/python3.10/dist-packages/yolo_msg
[3.347s] -- Installing: /home/junsu/yolo_python/install/yolo_msg/local/lib/python3.10/dist-packages/yolo_msg/_yolo_msg_s.ep.rosidl_typesupport_c.c
[3.347s] -- Installing: /home/junsu/yolo_python/install/yolo_msg/local/lib/python3.10/dist-packages/yolo_msg/yolo_msg_s__rosidl_typesupport_fastrtps_c.cpython-310-x86_64-linux-gnu.so
[3.348s] -- Installing: /home/junsu/yolo_python/install/yolo_msg/local/lib/python3.10/dist-packages/yolo_msg/yolo_msg_s__rosidl_typesupport_introspection_c.cpython-310-x86_64-linux-gnu.so
[3.348s] -- Installing: /home/junsu/yolo_python/install/yolo_msg/local/lib/python3.10/dist-packages/yolo_msg/_yolo_msg_s.ep.rosidl_typesupport_fastrtps_c.c
[3.348s] -- Installing: /home/junsu/yolo_python/install/yolo_msg/local/lib/python3.10/dist-packages/yolo_msg/yolo_msg_s__rosidl_typesupport_c.cpython-310-x86_64-linux-gnu.so
[3.348s] -- Installing: /home/junsu/yolo_python/install/yolo_msg/local/lib/python3.10/dist-packages/yolo_msg/_yolo_msg_s.ep.rosidl_typesupport_introspection_c.c
[3.348s] -- Installing: /home/junsu/yolo_python/install/yolo_msg/local/lib/python3.10/dist-packages/yolo_msg/libyolo_msg__rosidl_generator_py.so
[3.348s] -- Installing: /home/junsu/yolo_python/install/yolo_msg/local/lib/python3.10/dist-packages/yolo_msg/msg
[3.348s] -- Installing: /home/junsu/yolo_python/install/yolo_msg/local/lib/python3.10/dist-packages/yolo_msg/msg/_bounding_box.py
[3.348s] -- Installing: /home/junsu/yolo_python/install/yolo_msg/local/lib/python3.10/dist-packages/yolo_msg/msg/_bounding_box_array_s.c
[3.348s] -- Installing: /home/junsu/yolo_python/install/yolo_msg/local/lib/python3.10/dist-packages/yolo_msg/msg/_bounding_box_array.py
[3.349s] -- Installing: /home/junsu/yolo_python/install/yolo_msg/local/lib/python3.10/dist-packages/yolo_msg/msg/__init__.py
[3.349s] -- Installing: /home/junsu/yolo_python/install/yolo_msg/local/lib/python3.10/dist-packages/yolo_msg/msg/_bounding_box_s.c
[3.349s] -- Installing: /home/junsu/yolo_python/install/yolo_msg/local/lib/python3.10/dist-packages/yolo_msg/__init__.py
[3.376s] Listing '/home/junsu/yolo_python/install/yolo_msg/local/lib/python3.10/dist-packages/yolo_msg'...
[3.376s] Compiling '/home/junsu/yolo_python/install/yolo_msg/local/lib/python3.10/dist-packages/yolo_msg/__init__.py'...
[3.376s] Listing '/home/junsu/yolo_python/install/yolo_msg/local/lib/python3.10/dist-packages/yolo_msg/msg'...
[3.376s] Compiling '/home/junsu/yolo_python/install/yolo_msg/local/lib/python3.10/dist-packages/yolo_msg/msg/__init__.py'...
[3.376s] Compiling '/home/junsu/yolo_python/install/yolo_msg/local/lib/python3.10/dist-packages/yolo_msg/msg/_bounding_box.py'...
[3.376s] Compiling '/home/junsu/yolo_python/install/yolo_msg/local/lib/python3.10/dist-packages/yolo_msg/msg/_bounding_box_array.py'...
[3.380s] -- Installing: /home/junsu/yolo_python/install/yolo_msg/local/lib/python3.10/dist-packages/yolo_msg/yolo_msg_s__rosidl_typesupport_fastrtps_c.cpython-310-x86_64-linux-gnu.so
[3.380s] -- Set non-toolchain portion of runtime path of "/home/junsu/yolo_python/install/yolo_msg/local/lib/python3.10/dist-packages/yolo_msg/yolo_msg_s__rosidl_typesupport_fastrtps_c.cpython-310-x86_64-linux-gnu.so" to ""
[3.380s] -- Installing: /home/junsu/yolo_python/install/yolo_msg/local/lib/python3.10/dist-packages/yolo_msg/yolo_msg_s__rosidl_typesupport_introspection_c.cpython-310-x86_64-linux-gnu.so
[3.380s] -- Set non-toolchain portion of runtime path of "/home/junsu/yolo_python/install/yolo_msg/local/lib/python3.10/dist-packages/yolo_msg/yolo_msg_s__rosidl_typesupport_introspection_c.cpython-310-x86_64-linux-gnu.so" to ""
[3.380s] -- Installing: /home/junsu/yolo_python/install/yolo_msg/local/lib/python3.10/dist-packages/yolo_msg/yolo_msg_s__rosidl_typesupport_c.cpython-310-x86_64-linux-gnu.so
[3.380s] -- Set non-toolchain portion of runtime path of "/home/junsu/yolo_python/install/yolo_msg/local/lib/python3.10/dist-packages/yolo_msg/yolo_msg_s__rosidl_typesupport_c.cpython-310-x86_64-linux-gnu.so" to ""
[3.380s] -- Installing: /home/junsu/yolo_python/install/yolo_msg/lib/libyolo_msg__rosidl_generator_py.so
[3.381s] -- Set non-toolchain portion of runtime path of "/home/junsu/yolo_python/install/yolo_msg/lib/libyolo_msg__rosidl_generator_py.so" to ""
[3.381s] -- Installing: /home/junsu/yolo_python/install/yolo_msg/share/yolo_msg/msg/BoundingBox.idl
[3.381s] -- Installing: /home/junsu/yolo_python/install/yolo_msg/share/yolo_msg/msg/BoundingBoxArray.idl
[3.382s] -- Installing: /home/junsu/yolo_python/install/yolo_msg/share/yolo_msg/msg/BoundingBox.msg
[3.382s] -- Installing: /home/junsu/yolo_python/install/yolo_msg/share/yolo_msg/msg/BoundingBoxArray.msg
[3.382s] -- Installing: /home/junsu/yolo_python/install/yolo_msg/share/ament_index/resource_index/package_run_dependencies/yolo_msg
[3.382s] -- Installing: /home/junsu/yolo_python/install/yolo_msg/share/ament_index/resource_index/parent_prefix_path/yolo_msg
[3.382s] -- Installing: /home/junsu/yolo_python/install/yolo_msg/share/yolo_msg/environment/ament_prefix_path.sh
[3.382s] -- Installing: /home/junsu/yolo_python/install/yolo_msg/share/yolo_msg/environment/ament_prefix_path.dsv
[3.382s] -- Installing: /home/junsu/yolo_python/install/yolo_msg/share/yolo_msg/environment/path.sh
[3.382s] -- Installing: /home/junsu/yolo_python/install/yolo_msg/share/yolo_msg/environment/path.dsv
[3.382s] -- Installing: /home/junsu/yolo_python/install/yolo_msg/share/yolo_msg/local_setup.bash
[3.382s] -- Installing: /home/junsu/yolo_python/install/yolo_msg/share/yolo_msg/local_setup.sh
[3.382s] -- Installing: /home/junsu/yolo_python/install/yolo_msg/share/yolo_msg/local_setup.zsh
[3.382s] -- Installing: /home/junsu/yolo_python/install/yolo_msg/share/yolo_msg/local_setup.dsv
[3.382s] -- Installing: /home/junsu/yolo_python/install/yolo_msg/share/yolo_msg/package.dsv
[3.382s] -- Installing: /home/junsu/yolo_python/install/yolo_msg/share/ament_index/resource_index/packages/yolo_msg
[3.383s] -- Installing: /home/junsu/yolo_python/install/yolo_msg/share/yolo_msg/cmake/export_yolo_msg__rosidl_generator_cExport.cmake
[3.383s] -- Installing: /home/junsu/yolo_python/install/yolo_msg/share/yolo_msg/cmake/export_yolo_msg__rosidl_generator_cExport-noconfig.cmake
[3.383s] -- Installing: /home/junsu/yolo_python/install/yolo_msg/share/yolo_msg/cmake/export_yolo_msg__rosidl_typesupport_fastrtps_cExport.cmake
[3.383s] -- Installing: /home/junsu/yolo_python/install/yolo_msg/share/yolo_msg/cmake/export_yolo_msg__rosidl_typesupport_fastrtps_cExport-noconfig.cmake
[3.383s] -- Installing: /home/junsu/yolo_python/install/yolo_msg/share/yolo_msg/cmake/export_yolo_msg__rosidl_generator_cppExport.cmake
[3.383s] -- Installing: /home/junsu/yolo_python/install/yolo_msg/share/yolo_msg/cmake/export_yolo_msg__rosidl_typesupport_fastrtps_cppExport.cmake
[3.383s] -- Installing: /home/junsu/yolo_python/install/yolo_msg/share/yolo_msg/cmake/export_yolo_msg__rosidl_typesupport_fastrtps_cppExport-noconfig.cmake
[3.383s] -- Installing: /home/junsu/yolo_python/install/yolo_msg/share/yolo_msg/cmake/yolo_msg__rosidl_typesupport_introspection_cExport.cmake
[3.383s] -- Installing: /home/junsu/yolo_python/install/yolo_msg/share/yolo_msg/cmake/yolo_msg__rosidl_typesupport_introspection_cExport-noconfig.cmake
[3.383s] -- Installing: /home/junsu/yolo_python/install/yolo_msg/share/yolo_msg/cmake/yolo_msg__rosidl_typesupport_cExport.cmake
[3.383s] -- Installing: /home/junsu/yolo_python/install/yolo_msg/share/yolo_msg/cmake/yolo_msg__rosidl_typesupport_cExport-noconfig.cmake
[3.383s] -- Installing: /home/junsu/yolo_python/install/yolo_msg/share/yolo_msg/cmake/yolo_msg__rosidl_typesupport_introspection_cppExport.cmake
[3.383s] -- Installing: /home/junsu/yolo_python/install/yolo_msg/share/yolo_msg/cmake/yolo_msg__rosidl_typesupport_introspection_cppExport-noconfig.cmake
[3.383s] -- Installing: /home/junsu/yolo_python/install/yolo_msg/share/yolo_msg/cmake/yolo_msg__rosidl_typesupport_cppExport.cmake
[3.384s] -- Installing: /home/junsu/yolo_python/install/yolo_msg/share/yolo_msg/cmake/yolo_msg__rosidl_typesupport_cppExport-noconfig.cmake
[3.384s] -- Installing: /home/junsu/yolo_python/install/yolo_msg/share/yolo_msg/cmake/export_yolo_msg__rosidl_generator_pyExport.cmake
[3.384s] -- Installing: /home/junsu/yolo_python/install/yolo_msg/share/yolo_msg/cmake/export_yolo_msg__rosidl_generator_pyExport-noconfig.cmake
[3.384s] -- Installing: /home/junsu/yolo_python/install/yolo_msg/share/yolo_msg/cmake/rosidl_cmake-extras.cmake
[3.384s] -- Installing: /home/junsu/yolo_python/install/yolo_msg/share/yolo_msg/cmake/ament_cmake_export_dependencies-extras.cmake
[3.384s] -- Installing: /home/junsu/yolo_python/install/yolo_msg/share/yolo_msg/cmake/ament_cmake_export_include_directories-extras.cmake
[3.384s] -- Installing: /home/junsu/yolo_python/install/yolo_msg/share/yolo_msg/cmake/ament_cmake_export_libraries-extras.cmake
[3.384s] -- Installing: /home/junsu/yolo_python/install/yolo_msg/share/yolo_msg/cmake/ament_cmake_export_targets-extras.cmake
[3.384s] -- Installing: /home/junsu/yolo_python/install/yolo_msg/share/yolo_msg/cmake/rosidl_cmake_export_typesupport_targets-extras.cmake
[3.384s] -- Installing: /home/junsu/yolo_python/install/yolo_msg/share/yolo_msg/cmake/rosidl_cmake_export_typesupport_libraries-extras.cmake
[3.384s] -- Installing: /home/junsu/yolo_python/install/yolo_msg/share/yolo_msg/cmake/yolo_msgConfig.cmake
[3.384s] -- Installing: /home/junsu/yolo_python/install/yolo_msg/share/yolo_msg/cmake/yolo_msgConfig-version.cmake
[3.384s] -- Installing: /home/junsu/yolo_python/install/yolo_msg/share/yolo_msg/package.xml
[3.386s] Invoked command in '/home/junsu/yolo_python/build/yolo_msg' returned '0': /usr/local/bin/cmake --install /home/junsu/yolo_python/build/yolo_msg
