[0.591s] Invoking command in '/home/junsu/1.cam/src/fusion': PYTHONPATH=/home/junsu/1.cam/build/fusion/prefix_override:/usr/lib/python3/dist-packages/colcon_core/task/python/colcon_distutils_commands:/home/junsu/1.cam/install/fusion/lib/python3.10/site-packages:${PYTHONPATH} /usr/bin/python3 -W ignore:setup.py install is deprecated -W ignore:easy_install command is deprecated setup.py egg_info --egg-base ../../build/fusion build --build-base /home/junsu/1.cam/build/fusion/build install --record /home/junsu/1.cam/build/fusion/install.log --single-version-externally-managed install_data
[0.815s] running egg_info
[0.815s] writing ../../build/fusion/fusion.egg-info/PKG-INFO
[0.816s] writing dependency_links to ../../build/fusion/fusion.egg-info/dependency_links.txt
[0.816s] writing entry points to ../../build/fusion/fusion.egg-info/entry_points.txt
[0.816s] writing requirements to ../../build/fusion/fusion.egg-info/requires.txt
[0.816s] writing top-level names to ../../build/fusion/fusion.egg-info/top_level.txt
[0.817s] reading manifest file '../../build/fusion/fusion.egg-info/SOURCES.txt'
[0.818s] writing manifest file '../../build/fusion/fusion.egg-info/SOURCES.txt'
[0.818s] running build
[0.818s] running build_py
[0.818s] copying fusion/top_view.py -> /home/junsu/1.cam/build/fusion/build/lib/fusion
[0.819s] running install
[0.819s] running install_lib
[0.820s] copying /home/junsu/1.cam/build/fusion/build/lib/fusion/top_view.py -> /home/junsu/1.cam/install/fusion/lib/python3.10/site-packages/fusion
[0.820s] byte-compiling /home/junsu/1.cam/install/fusion/lib/python3.10/site-packages/fusion/top_view.py to top_view.cpython-310.pyc
[0.821s] running install_data
[0.821s] running install_egg_info
[0.822s] removing '/home/junsu/1.cam/install/fusion/lib/python3.10/site-packages/fusion-0.0.0-py3.10.egg-info' (and everything under it)
[0.822s] Copying ../../build/fusion/fusion.egg-info to /home/junsu/1.cam/install/fusion/lib/python3.10/site-packages/fusion-0.0.0-py3.10.egg-info
[0.823s] running install_scripts
[0.840s] Installing cap script to /home/junsu/1.cam/install/fusion/lib/fusion
[0.840s] Installing double script to /home/junsu/1.cam/install/fusion/lib/fusion
[0.840s] Installing mtest script to /home/junsu/1.cam/install/fusion/lib/fusion
[0.840s] Installing roi script to /home/junsu/1.cam/install/fusion/lib/fusion
[0.840s] Installing test script to /home/junsu/1.cam/install/fusion/lib/fusion
[0.840s] Installing top script to /home/junsu/1.cam/install/fusion/lib/fusion
[0.840s] Installing track script to /home/junsu/1.cam/install/fusion/lib/fusion
[0.841s] writing list of installed files to '/home/junsu/1.cam/build/fusion/install.log'
[0.862s] Invoked command in '/home/junsu/1.cam/src/fusion' returned '0': PYTHONPATH=/home/junsu/1.cam/build/fusion/prefix_override:/usr/lib/python3/dist-packages/colcon_core/task/python/colcon_distutils_commands:/home/junsu/1.cam/install/fusion/lib/python3.10/site-packages:${PYTHONPATH} /usr/bin/python3 -W ignore:setup.py install is deprecated -W ignore:easy_install command is deprecated setup.py egg_info --egg-base ../../build/fusion build --build-base /home/junsu/1.cam/build/fusion/build install --record /home/junsu/1.cam/build/fusion/install.log --single-version-externally-managed install_data
