running egg_info
writing ../../build/fusion/fusion.egg-info/PKG-INFO
writing dependency_links to ../../build/fusion/fusion.egg-info/dependency_links.txt
writing entry points to ../../build/fusion/fusion.egg-info/entry_points.txt
writing requirements to ../../build/fusion/fusion.egg-info/requires.txt
writing top-level names to ../../build/fusion/fusion.egg-info/top_level.txt
reading manifest file '../../build/fusion/fusion.egg-info/SOURCES.txt'
writing manifest file '../../build/fusion/fusion.egg-info/SOURCES.txt'
running build
running build_py
copying fusion/lidar_track.py -> /home/junsu/1.cam/build/fusion/build/lib/fusion
running install
running install_lib
copying /home/junsu/1.cam/build/fusion/build/lib/fusion/lidar_track.py -> /home/junsu/1.cam/install/fusion/lib/python3.10/site-packages/fusion
byte-compiling /home/junsu/1.cam/install/fusion/lib/python3.10/site-packages/fusion/lidar_track.py to lidar_track.cpython-310.pyc
running install_data
running install_egg_info
removing '/home/junsu/1.cam/install/fusion/lib/python3.10/site-packages/fusion-0.0.0-py3.10.egg-info' (and everything under it)
Copying ../../build/fusion/fusion.egg-info to /home/junsu/1.cam/install/fusion/lib/python3.10/site-packages/fusion-0.0.0-py3.10.egg-info
running install_scripts
Installing cap script to /home/junsu/1.cam/install/fusion/lib/fusion
Installing double script to /home/junsu/1.cam/install/fusion/lib/fusion
Installing mtest script to /home/junsu/1.cam/install/fusion/lib/fusion
Installing roi script to /home/junsu/1.cam/install/fusion/lib/fusion
Installing test script to /home/junsu/1.cam/install/fusion/lib/fusion
Installing track script to /home/junsu/1.cam/install/fusion/lib/fusion
writing list of installed files to '/home/junsu/1.cam/build/fusion/install.log'
