/home/junsu/1.cam/install/fusion/lib/python3.10/site-packages/fusion/capture.py
/home/junsu/1.cam/install/fusion/lib/python3.10/site-packages/fusion/roi_pls.py
/home/junsu/1.cam/install/fusion/lib/python3.10/site-packages/fusion/testsub.py
/home/junsu/1.cam/install/fusion/lib/python3.10/site-packages/fusion/coordinate.py
/home/junsu/1.cam/install/fusion/lib/python3.10/site-packages/fusion/real_matrix.py
/home/junsu/1.cam/install/fusion/lib/python3.10/site-packages/fusion/pixel_to_image.py
/home/junsu/1.cam/install/fusion/lib/python3.10/site-packages/fusion/top_view.py
/home/junsu/1.cam/install/fusion/lib/python3.10/site-packages/fusion/mouse.py
/home/junsu/1.cam/install/fusion/lib/python3.10/site-packages/fusion/cam_lidar_double_cap.py
/home/junsu/1.cam/install/fusion/lib/python3.10/site-packages/fusion/check_cpd.py
/home/junsu/1.cam/install/fusion/lib/python3.10/site-packages/fusion/__init__.py
/home/junsu/1.cam/install/fusion/lib/python3.10/site-packages/fusion/laneDetection.py
/home/junsu/1.cam/install/fusion/lib/python3.10/site-packages/fusion/lidar_track.py
/home/junsu/1.cam/install/fusion/lib/python3.10/site-packages/fusion/new_roi.py
/home/junsu/1.cam/install/fusion/lib/python3.10/site-packages/fusion/matrix_test.py
/home/junsu/1.cam/install/fusion/lib/python3.10/site-packages/fusion/matrix_cv.py
/home/junsu/1.cam/install/fusion/lib/python3.10/site-packages/fusion/__pycache__/capture.cpython-310.pyc
/home/junsu/1.cam/install/fusion/lib/python3.10/site-packages/fusion/__pycache__/roi_pls.cpython-310.pyc
/home/junsu/1.cam/install/fusion/lib/python3.10/site-packages/fusion/__pycache__/testsub.cpython-310.pyc
/home/junsu/1.cam/install/fusion/lib/python3.10/site-packages/fusion/__pycache__/coordinate.cpython-310.pyc
/home/junsu/1.cam/install/fusion/lib/python3.10/site-packages/fusion/__pycache__/real_matrix.cpython-310.pyc
/home/junsu/1.cam/install/fusion/lib/python3.10/site-packages/fusion/__pycache__/pixel_to_image.cpython-310.pyc
/home/junsu/1.cam/install/fusion/lib/python3.10/site-packages/fusion/__pycache__/top_view.cpython-310.pyc
/home/junsu/1.cam/install/fusion/lib/python3.10/site-packages/fusion/__pycache__/mouse.cpython-310.pyc
/home/junsu/1.cam/install/fusion/lib/python3.10/site-packages/fusion/__pycache__/cam_lidar_double_cap.cpython-310.pyc
/home/junsu/1.cam/install/fusion/lib/python3.10/site-packages/fusion/__pycache__/check_cpd.cpython-310.pyc
/home/junsu/1.cam/install/fusion/lib/python3.10/site-packages/fusion/__pycache__/__init__.cpython-310.pyc
/home/junsu/1.cam/install/fusion/lib/python3.10/site-packages/fusion/__pycache__/laneDetection.cpython-310.pyc
/home/junsu/1.cam/install/fusion/lib/python3.10/site-packages/fusion/__pycache__/lidar_track.cpython-310.pyc
/home/junsu/1.cam/install/fusion/lib/python3.10/site-packages/fusion/__pycache__/new_roi.cpython-310.pyc
/home/junsu/1.cam/install/fusion/lib/python3.10/site-packages/fusion/__pycache__/matrix_test.cpython-310.pyc
/home/junsu/1.cam/install/fusion/lib/python3.10/site-packages/fusion/__pycache__/matrix_cv.cpython-310.pyc
/home/junsu/1.cam/install/fusion/share/ament_index/resource_index/packages/fusion
/home/junsu/1.cam/install/fusion/share/fusion/package.xml
/home/junsu/1.cam/install/fusion/lib/python3.10/site-packages/fusion-0.0.0-py3.10.egg-info/dependency_links.txt
/home/junsu/1.cam/install/fusion/lib/python3.10/site-packages/fusion-0.0.0-py3.10.egg-info/entry_points.txt
/home/junsu/1.cam/install/fusion/lib/python3.10/site-packages/fusion-0.0.0-py3.10.egg-info/zip-safe
/home/junsu/1.cam/install/fusion/lib/python3.10/site-packages/fusion-0.0.0-py3.10.egg-info/SOURCES.txt
/home/junsu/1.cam/install/fusion/lib/python3.10/site-packages/fusion-0.0.0-py3.10.egg-info/requires.txt
/home/junsu/1.cam/install/fusion/lib/python3.10/site-packages/fusion-0.0.0-py3.10.egg-info/top_level.txt
/home/junsu/1.cam/install/fusion/lib/python3.10/site-packages/fusion-0.0.0-py3.10.egg-info/PKG-INFO
/home/junsu/1.cam/install/fusion/lib/fusion/cap
/home/junsu/1.cam/install/fusion/lib/fusion/double
/home/junsu/1.cam/install/fusion/lib/fusion/mtest
/home/junsu/1.cam/install/fusion/lib/fusion/roi
/home/junsu/1.cam/install/fusion/lib/fusion/test
/home/junsu/1.cam/install/fusion/lib/fusion/top
/home/junsu/1.cam/install/fusion/lib/fusion/track
