[0.097s] [34mcolcon[0m [1;30mDEBUG[0m [32mCommand line arguments: ['/usr/bin/colcon', 'build'][0m
[0.097s] [34mcolcon[0m [1;30mDEBUG[0m [32mParsed command line arguments: Namespace(log_base=None, log_level=None, verb_name='build', build_base='build', install_base='install', merge_install=False, symlink_install=False, test_result_base=None, continue_on_error=False, executor='parallel', parallel_workers=8, event_handlers=None, ignore_user_meta=False, metas=['./colcon.meta'], base_paths=['.'], packages_ignore=None, packages_ignore_regex=None, paths=None, packages_up_to=None, packages_up_to_regex=None, packages_above=None, packages_above_and_dependencies=None, packages_above_depth=None, packages_select_by_dep=None, packages_skip_by_dep=None, packages_skip_up_to=None, packages_select_build_failed=False, packages_skip_build_finished=False, packages_select_test_failures=False, packages_skip_test_passed=False, packages_select=None, packages_skip=None, packages_select_regex=None, packages_skip_regex=None, packages_start=None, packages_end=None, allow_overriding=[], cmake_args=None, cmake_target=None, cmake_target_skip_unavailable=False, cmake_clean_cache=False, cmake_clean_first=False, cmake_force_configure=False, ament_cmake_args=None, catkin_cmake_args=None, catkin_skip_building_tests=False, mixin_files=None, mixin=None, verb_parser=<colcon_mixin.mixin.mixin_argument.MixinArgumentDecorator object at 0x76beeb943310>, verb_extension=<colcon_core.verb.build.BuildVerb object at 0x76beeba90460>, main=<bound method BuildVerb.main of <colcon_core.verb.build.BuildVerb object at 0x76beeba90460>>, mixin_verb=('build',))[0m
[0.129s] [34mcolcon.colcon_core.package_discovery[0m [1;30mLevel 1[0m discover_packages(colcon_meta) check parameters
[0.129s] [34mcolcon.colcon_core.package_discovery[0m [1;30mLevel 1[0m discover_packages(recursive) check parameters
[0.129s] [34mcolcon.colcon_core.package_discovery[0m [1;30mLevel 1[0m discover_packages(ignore) check parameters
[0.129s] [34mcolcon.colcon_core.package_discovery[0m [1;30mLevel 1[0m discover_packages(path) check parameters
[0.129s] [34mcolcon.colcon_core.package_discovery[0m [1;30mLevel 1[0m discover_packages(colcon_meta) discover
[0.129s] [34mcolcon.colcon_core.package_discovery[0m [1;30mLevel 1[0m discover_packages(recursive) discover
[0.130s] [34mcolcon.colcon_core.package_discovery[0m [1;30mINFO[0m Crawling recursively for packages in '/home/junsu/Perception_team_code/yolo_seg_python_package'
[0.130s] [34mcolcon.colcon_core.package_identification[0m [1;30mLevel 1[0m _identify(.) by extensions ['ignore', 'ignore_ament_install']
[0.130s] [34mcolcon.colcon_core.package_identification[0m [1;30mLevel 1[0m _identify(.) by extension 'ignore'
[0.130s] [34mcolcon.colcon_core.package_identification[0m [1;30mLevel 1[0m _identify(.) by extension 'ignore_ament_install'
[0.130s] [34mcolcon.colcon_core.package_identification[0m [1;30mLevel 1[0m _identify(.) by extensions ['colcon_pkg']
[0.130s] [34mcolcon.colcon_core.package_identification[0m [1;30mLevel 1[0m _identify(.) by extension 'colcon_pkg'
[0.130s] [34mcolcon.colcon_core.package_identification[0m [1;30mLevel 1[0m _identify(.) by extensions ['colcon_meta']
[0.130s] [34mcolcon.colcon_core.package_identification[0m [1;30mLevel 1[0m _identify(.) by extension 'colcon_meta'
[0.130s] [34mcolcon.colcon_core.package_identification[0m [1;30mLevel 1[0m _identify(.) by extensions ['ros']
[0.130s] [34mcolcon.colcon_core.package_identification[0m [1;30mLevel 1[0m _identify(.) by extension 'ros'
[0.149s] [34mcolcon.colcon_core.package_identification[0m [1;30mLevel 1[0m _identify(.) by extensions ['cmake', 'python']
[0.149s] [34mcolcon.colcon_core.package_identification[0m [1;30mLevel 1[0m _identify(.) by extension 'cmake'
[0.149s] [34mcolcon.colcon_core.package_identification[0m [1;30mLevel 1[0m _identify(.) by extension 'python'
[0.149s] [34mcolcon.colcon_core.package_identification[0m [1;30mLevel 1[0m _identify(.) by extensions ['python_setup_py']
[0.149s] [34mcolcon.colcon_core.package_identification[0m [1;30mLevel 1[0m _identify(.) by extension 'python_setup_py'
[0.149s] [34mcolcon.colcon_core.package_identification[0m [1;30mLevel 1[0m _identify(build) by extensions ['ignore', 'ignore_ament_install']
[0.149s] [34mcolcon.colcon_core.package_identification[0m [1;30mLevel 1[0m _identify(build) by extension 'ignore'
[0.149s] [34mcolcon.colcon_core.package_identification[0m [1;30mLevel 1[0m _identify(build) ignored
[0.150s] [34mcolcon.colcon_core.package_identification[0m [1;30mLevel 1[0m _identify(install) by extensions ['ignore', 'ignore_ament_install']
[0.150s] [34mcolcon.colcon_core.package_identification[0m [1;30mLevel 1[0m _identify(install) by extension 'ignore'
[0.150s] [34mcolcon.colcon_core.package_identification[0m [1;30mLevel 1[0m _identify(install) ignored
[0.150s] [34mcolcon.colcon_core.package_identification[0m [1;30mLevel 1[0m _identify(log) by extensions ['ignore', 'ignore_ament_install']
[0.150s] [34mcolcon.colcon_core.package_identification[0m [1;30mLevel 1[0m _identify(log) by extension 'ignore'
[0.150s] [34mcolcon.colcon_core.package_identification[0m [1;30mLevel 1[0m _identify(log) ignored
[0.150s] [34mcolcon.colcon_core.package_identification[0m [1;30mLevel 1[0m _identify(src) by extensions ['ignore', 'ignore_ament_install']
[0.150s] [34mcolcon.colcon_core.package_identification[0m [1;30mLevel 1[0m _identify(src) by extension 'ignore'
[0.150s] [34mcolcon.colcon_core.package_identification[0m [1;30mLevel 1[0m _identify(src) by extension 'ignore_ament_install'
[0.150s] [34mcolcon.colcon_core.package_identification[0m [1;30mLevel 1[0m _identify(src) by extensions ['colcon_pkg']
[0.150s] [34mcolcon.colcon_core.package_identification[0m [1;30mLevel 1[0m _identify(src) by extension 'colcon_pkg'
[0.150s] [34mcolcon.colcon_core.package_identification[0m [1;30mLevel 1[0m _identify(src) by extensions ['colcon_meta']
[0.150s] [34mcolcon.colcon_core.package_identification[0m [1;30mLevel 1[0m _identify(src) by extension 'colcon_meta'
[0.150s] [34mcolcon.colcon_core.package_identification[0m [1;30mLevel 1[0m _identify(src) by extensions ['ros']
[0.150s] [34mcolcon.colcon_core.package_identification[0m [1;30mLevel 1[0m _identify(src) by extension 'ros'
[0.150s] [34mcolcon.colcon_core.package_identification[0m [1;30mLevel 1[0m _identify(src) by extensions ['cmake', 'python']
[0.150s] [34mcolcon.colcon_core.package_identification[0m [1;30mLevel 1[0m _identify(src) by extension 'cmake'
[0.150s] [34mcolcon.colcon_core.package_identification[0m [1;30mLevel 1[0m _identify(src) by extension 'python'
[0.150s] [34mcolcon.colcon_core.package_identification[0m [1;30mLevel 1[0m _identify(src) by extensions ['python_setup_py']
[0.150s] [34mcolcon.colcon_core.package_identification[0m [1;30mLevel 1[0m _identify(src) by extension 'python_setup_py'
[0.150s] [34mcolcon.colcon_core.package_identification[0m [1;30mLevel 1[0m _identify(src/yolo) by extensions ['ignore', 'ignore_ament_install']
[0.150s] [34mcolcon.colcon_core.package_identification[0m [1;30mLevel 1[0m _identify(src/yolo) by extension 'ignore'
[0.150s] [34mcolcon.colcon_core.package_identification[0m [1;30mLevel 1[0m _identify(src/yolo) by extension 'ignore_ament_install'
[0.150s] [34mcolcon.colcon_core.package_identification[0m [1;30mLevel 1[0m _identify(src/yolo) by extensions ['colcon_pkg']
[0.150s] [34mcolcon.colcon_core.package_identification[0m [1;30mLevel 1[0m _identify(src/yolo) by extension 'colcon_pkg'
[0.150s] [34mcolcon.colcon_core.package_identification[0m [1;30mLevel 1[0m _identify(src/yolo) by extensions ['colcon_meta']
[0.150s] [34mcolcon.colcon_core.package_identification[0m [1;30mLevel 1[0m _identify(src/yolo) by extension 'colcon_meta'
[0.151s] [34mcolcon.colcon_core.package_identification[0m [1;30mLevel 1[0m _identify(src/yolo) by extensions ['ros']
[0.151s] [34mcolcon.colcon_core.package_identification[0m [1;30mLevel 1[0m _identify(src/yolo) by extension 'ros'
[0.152s] [34mcolcon.colcon_core.package_identification[0m [1;30mDEBUG[0m [32mPackage 'src/yolo' with type 'ros.ament_python' and name 'yolo'[0m
[0.153s] [34mcolcon.colcon_core.package_identification[0m [1;30mLevel 1[0m _identify(src/yolo_msg) by extensions ['ignore', 'ignore_ament_install']
[0.153s] [34mcolcon.colcon_core.package_identification[0m [1;30mLevel 1[0m _identify(src/yolo_msg) by extension 'ignore'
[0.153s] [34mcolcon.colcon_core.package_identification[0m [1;30mLevel 1[0m _identify(src/yolo_msg) by extension 'ignore_ament_install'
[0.153s] [34mcolcon.colcon_core.package_identification[0m [1;30mLevel 1[0m _identify(src/yolo_msg) by extensions ['colcon_pkg']
[0.153s] [34mcolcon.colcon_core.package_identification[0m [1;30mLevel 1[0m _identify(src/yolo_msg) by extension 'colcon_pkg'
[0.153s] [34mcolcon.colcon_core.package_identification[0m [1;30mLevel 1[0m _identify(src/yolo_msg) by extensions ['colcon_meta']
[0.153s] [34mcolcon.colcon_core.package_identification[0m [1;30mLevel 1[0m _identify(src/yolo_msg) by extension 'colcon_meta'
[0.153s] [34mcolcon.colcon_core.package_identification[0m [1;30mLevel 1[0m _identify(src/yolo_msg) by extensions ['ros']
[0.153s] [34mcolcon.colcon_core.package_identification[0m [1;30mLevel 1[0m _identify(src/yolo_msg) by extension 'ros'
[0.153s] [34mcolcon.colcon_core.package_identification[0m [1;30mDEBUG[0m [32mPackage 'src/yolo_msg' with type 'ros.catkin' and name 'yolo_msg'[0m
[0.154s] [34mcolcon.colcon_core.package_discovery[0m [1;30mLevel 1[0m discover_packages(recursive) using defaults
[0.154s] [34mcolcon.colcon_core.package_discovery[0m [1;30mLevel 1[0m discover_packages(ignore) discover
[0.154s] [34mcolcon.colcon_core.package_discovery[0m [1;30mLevel 1[0m discover_packages(ignore) using defaults
[0.154s] [34mcolcon.colcon_core.package_discovery[0m [1;30mLevel 1[0m discover_packages(path) discover
[0.154s] [34mcolcon.colcon_core.package_discovery[0m [1;30mLevel 1[0m discover_packages(path) using defaults
[0.168s] [34mcolcon.colcon_core.package_discovery[0m [1;30mLevel 1[0m discover_packages(prefix_path) check parameters
[0.168s] [34mcolcon.colcon_core.package_discovery[0m [1;30mLevel 1[0m discover_packages(prefix_path) discover
[0.170s] [34mcolcon.colcon_installed_package_information.package_discovery[0m [1;30mDEBUG[0m [32mFound 259 installed packages in /opt/ros/humble[0m
[0.171s] [34mcolcon.colcon_core.package_discovery[0m [1;30mLevel 1[0m discover_packages(prefix_path) using defaults
[0.193s] [34mcolcon.colcon_core.verb[0m [1;30mLevel 5[0m set package 'yolo' build argument 'cmake_args' from command line to 'None'
[0.193s] [34mcolcon.colcon_core.verb[0m [1;30mLevel 5[0m set package 'yolo' build argument 'cmake_target' from command line to 'None'
[0.193s] [34mcolcon.colcon_core.verb[0m [1;30mLevel 5[0m set package 'yolo' build argument 'cmake_target_skip_unavailable' from command line to 'False'
[0.193s] [34mcolcon.colcon_core.verb[0m [1;30mLevel 5[0m set package 'yolo' build argument 'cmake_clean_cache' from command line to 'False'
[0.193s] [34mcolcon.colcon_core.verb[0m [1;30mLevel 5[0m set package 'yolo' build argument 'cmake_clean_first' from command line to 'False'
[0.193s] [34mcolcon.colcon_core.verb[0m [1;30mLevel 5[0m set package 'yolo' build argument 'cmake_force_configure' from command line to 'False'
[0.193s] [34mcolcon.colcon_core.verb[0m [1;30mLevel 5[0m set package 'yolo' build argument 'ament_cmake_args' from command line to 'None'
[0.193s] [34mcolcon.colcon_core.verb[0m [1;30mLevel 5[0m set package 'yolo' build argument 'catkin_cmake_args' from command line to 'None'
[0.194s] [34mcolcon.colcon_core.verb[0m [1;30mLevel 5[0m set package 'yolo' build argument 'catkin_skip_building_tests' from command line to 'False'
[0.194s] [34mcolcon.colcon_core.verb[0m [1;30mDEBUG[0m [32mBuilding package 'yolo' with the following arguments: {'ament_cmake_args': None, 'build_base': '/home/junsu/Perception_team_code/yolo_seg_python_package/build/yolo', 'catkin_cmake_args': None, 'catkin_skip_building_tests': False, 'cmake_args': None, 'cmake_clean_cache': False, 'cmake_clean_first': False, 'cmake_force_configure': False, 'cmake_target': None, 'cmake_target_skip_unavailable': False, 'install_base': '/home/junsu/Perception_team_code/yolo_seg_python_package/install/yolo', 'merge_install': False, 'path': '/home/junsu/Perception_team_code/yolo_seg_python_package/src/yolo', 'symlink_install': False, 'test_result_base': None}[0m
[0.194s] [34mcolcon.colcon_core.verb[0m [1;30mLevel 5[0m set package 'yolo_msg' build argument 'cmake_args' from command line to 'None'
[0.194s] [34mcolcon.colcon_core.verb[0m [1;30mLevel 5[0m set package 'yolo_msg' build argument 'cmake_target' from command line to 'None'
[0.194s] [34mcolcon.colcon_core.verb[0m [1;30mLevel 5[0m set package 'yolo_msg' build argument 'cmake_target_skip_unavailable' from command line to 'False'
[0.194s] [34mcolcon.colcon_core.verb[0m [1;30mLevel 5[0m set package 'yolo_msg' build argument 'cmake_clean_cache' from command line to 'False'
[0.194s] [34mcolcon.colcon_core.verb[0m [1;30mLevel 5[0m set package 'yolo_msg' build argument 'cmake_clean_first' from command line to 'False'
[0.194s] [34mcolcon.colcon_core.verb[0m [1;30mLevel 5[0m set package 'yolo_msg' build argument 'cmake_force_configure' from command line to 'False'
[0.194s] [34mcolcon.colcon_core.verb[0m [1;30mLevel 5[0m set package 'yolo_msg' build argument 'ament_cmake_args' from command line to 'None'
[0.194s] [34mcolcon.colcon_core.verb[0m [1;30mLevel 5[0m set package 'yolo_msg' build argument 'catkin_cmake_args' from command line to 'None'
[0.194s] [34mcolcon.colcon_core.verb[0m [1;30mLevel 5[0m set package 'yolo_msg' build argument 'catkin_skip_building_tests' from command line to 'False'
[0.194s] [34mcolcon.colcon_core.verb[0m [1;30mDEBUG[0m [32mBuilding package 'yolo_msg' with the following arguments: {'ament_cmake_args': None, 'build_base': '/home/junsu/Perception_team_code/yolo_seg_python_package/build/yolo_msg', 'catkin_cmake_args': None, 'catkin_skip_building_tests': False, 'cmake_args': None, 'cmake_clean_cache': False, 'cmake_clean_first': False, 'cmake_force_configure': False, 'cmake_target': None, 'cmake_target_skip_unavailable': False, 'install_base': '/home/junsu/Perception_team_code/yolo_seg_python_package/install/yolo_msg', 'merge_install': False, 'path': '/home/junsu/Perception_team_code/yolo_seg_python_package/src/yolo_msg', 'symlink_install': False, 'test_result_base': None}[0m
[0.194s] [34mcolcon.colcon_core.executor[0m [1;30mINFO[0m Executing jobs using 'parallel' executor
[0.195s] [34mcolcon.colcon_parallel_executor.executor.parallel[0m [1;30mDEBUG[0m [32mrun_until_complete[0m
[0.195s] [34mcolcon.colcon_ros.task.ament_python.build[0m [1;30mINFO[0m Building ROS package in '/home/junsu/Perception_team_code/yolo_seg_python_package/src/yolo' with build type 'ament_python'
[0.195s] [34mcolcon.colcon_core.shell[0m [1;30mLevel 1[0m create_environment_hook('yolo', 'ament_prefix_path')
[0.197s] [34mcolcon.colcon_core.plugin_system[0m [1;30mINFO[0m Skipping extension 'colcon_core.shell.bat': Not used on non-Windows systems
[0.197s] [34mcolcon.colcon_core.shell[0m [1;30mINFO[0m Creating environment hook '/home/junsu/Perception_team_code/yolo_seg_python_package/install/yolo/share/yolo/hook/ament_prefix_path.ps1'
[0.198s] [34mcolcon.colcon_core.shell[0m [1;30mINFO[0m Creating environment descriptor '/home/junsu/Perception_team_code/yolo_seg_python_package/install/yolo/share/yolo/hook/ament_prefix_path.dsv'
[0.198s] [34mcolcon.colcon_core.shell[0m [1;30mINFO[0m Creating environment hook '/home/junsu/Perception_team_code/yolo_seg_python_package/install/yolo/share/yolo/hook/ament_prefix_path.sh'
[0.216s] [34mcolcon.colcon_core.shell[0m [1;30mINFO[0m Skip shell extension 'powershell' for command environment: Not usable outside of PowerShell
[0.216s] [34mcolcon.colcon_core.shell[0m [1;30mDEBUG[0m [32mSkip shell extension 'dsv' for command environment[0m
[0.221s] [34mcolcon.colcon_ros.task.catkin.build[0m [1;30mINFO[0m Building ROS package in '/home/junsu/Perception_team_code/yolo_seg_python_package/src/yolo_msg' with build type 'catkin'
[0.221s] [34mcolcon.colcon_cmake.task.cmake.build[0m [1;30mINFO[0m Building CMake package in '/home/junsu/Perception_team_code/yolo_seg_python_package/src/yolo_msg'
[0.222s] [34mcolcon.colcon_core.shell[0m [1;30mINFO[0m Skip shell extension 'powershell' for command environment: Not usable outside of PowerShell
[0.223s] [34mcolcon.colcon_core.shell[0m [1;30mDEBUG[0m [32mSkip shell extension 'dsv' for command environment[0m
[0.419s] [34mcolcon.colcon_core.task.python.build[0m [1;30mINFO[0m Building Python package in '/home/junsu/Perception_team_code/yolo_seg_python_package/src/yolo'
[0.419s] [34mcolcon.colcon_core.shell[0m [1;30mINFO[0m Skip shell extension 'powershell' for command environment: Not usable outside of PowerShell
[0.419s] [34mcolcon.colcon_core.shell[0m [1;30mDEBUG[0m [32mSkip shell extension 'dsv' for command environment[0m
[0.424s] [34mcolcon.colcon_core.event_handler.log_command[0m [1;30mDEBUG[0m [32mInvoking command in '/home/junsu/Perception_team_code/yolo_seg_python_package/build/yolo_msg': /usr/local/bin/cmake /home/junsu/Perception_team_code/yolo_seg_python_package/src/yolo_msg -DCATKIN_INSTALL_INTO_PREFIX_ROOT=0 -DCMAKE_INSTALL_PREFIX=/home/junsu/Perception_team_code/yolo_seg_python_package/install/yolo_msg[0m
[0.939s] [34mcolcon.colcon_core.event_handler.log_command[0m [1;30mDEBUG[0m [32mInvoking command in '/home/junsu/Perception_team_code/yolo_seg_python_package/src/yolo': PYTHONPATH=/home/junsu/Perception_team_code/yolo_seg_python_package/build/yolo/prefix_override:/usr/lib/python3/dist-packages/colcon_core/task/python/colcon_distutils_commands:/home/junsu/Perception_team_code/yolo_seg_python_package/install/yolo/lib/python3.10/site-packages:${PYTHONPATH} /usr/bin/python3 -W ignore:setup.py install is deprecated -W ignore:easy_install command is deprecated setup.py egg_info --egg-base ../../build/yolo build --build-base /home/junsu/Perception_team_code/yolo_seg_python_package/build/yolo/build install --record /home/junsu/Perception_team_code/yolo_seg_python_package/build/yolo/install.log --single-version-externally-managed install_data[0m
[1.360s] [34mcolcon.colcon_core.event_handler.log_command[0m [1;30mDEBUG[0m [32mInvoked command in '/home/junsu/Perception_team_code/yolo_seg_python_package/src/yolo' returned '0': PYTHONPATH=/home/junsu/Perception_team_code/yolo_seg_python_package/build/yolo/prefix_override:/usr/lib/python3/dist-packages/colcon_core/task/python/colcon_distutils_commands:/home/junsu/Perception_team_code/yolo_seg_python_package/install/yolo/lib/python3.10/site-packages:${PYTHONPATH} /usr/bin/python3 -W ignore:setup.py install is deprecated -W ignore:easy_install command is deprecated setup.py egg_info --egg-base ../../build/yolo build --build-base /home/junsu/Perception_team_code/yolo_seg_python_package/build/yolo/build install --record /home/junsu/Perception_team_code/yolo_seg_python_package/build/yolo/install.log --single-version-externally-managed install_data[0m
[1.362s] [34mcolcon.colcon_core.environment[0m [1;30mLevel 1[0m checking '/home/junsu/Perception_team_code/yolo_seg_python_package/install/yolo' for CMake module files
[1.363s] [34mcolcon.colcon_core.environment[0m [1;30mLevel 1[0m checking '/home/junsu/Perception_team_code/yolo_seg_python_package/install/yolo' for CMake config files
[1.363s] [34mcolcon.colcon_core.environment[0m [1;30mLevel 1[0m checking '/home/junsu/Perception_team_code/yolo_seg_python_package/install/yolo/lib'
[1.363s] [34mcolcon.colcon_core.environment[0m [1;30mLevel 1[0m checking '/home/junsu/Perception_team_code/yolo_seg_python_package/install/yolo/bin'
[1.363s] [34mcolcon.colcon_core.environment[0m [1;30mLevel 1[0m checking '/home/junsu/Perception_team_code/yolo_seg_python_package/install/yolo/lib/pkgconfig/yolo.pc'
[1.363s] [34mcolcon.colcon_core.environment[0m [1;30mLevel 1[0m checking '/home/junsu/Perception_team_code/yolo_seg_python_package/install/yolo/lib/python3.10/site-packages'
[1.364s] [34mcolcon.colcon_core.shell[0m [1;30mLevel 1[0m create_environment_hook('yolo', 'pythonpath')
[1.364s] [34mcolcon.colcon_core.shell[0m [1;30mINFO[0m Creating environment hook '/home/junsu/Perception_team_code/yolo_seg_python_package/install/yolo/share/yolo/hook/pythonpath.ps1'
[1.364s] [34mcolcon.colcon_core.shell[0m [1;30mINFO[0m Creating environment descriptor '/home/junsu/Perception_team_code/yolo_seg_python_package/install/yolo/share/yolo/hook/pythonpath.dsv'
[1.364s] [34mcolcon.colcon_core.shell[0m [1;30mINFO[0m Creating environment hook '/home/junsu/Perception_team_code/yolo_seg_python_package/install/yolo/share/yolo/hook/pythonpath.sh'
[1.365s] [34mcolcon.colcon_core.environment[0m [1;30mLevel 1[0m checking '/home/junsu/Perception_team_code/yolo_seg_python_package/install/yolo/bin'
[1.365s] [34mcolcon.colcon_core.environment[0m [1;30mLevel 1[0m create_environment_scripts_only(yolo)
[1.365s] [34mcolcon.colcon_core.shell[0m [1;30mINFO[0m Creating package script '/home/junsu/Perception_team_code/yolo_seg_python_package/install/yolo/share/yolo/package.ps1'
[1.366s] [34mcolcon.colcon_core.shell[0m [1;30mINFO[0m Creating package descriptor '/home/junsu/Perception_team_code/yolo_seg_python_package/install/yolo/share/yolo/package.dsv'
[1.366s] [34mcolcon.colcon_core.shell[0m [1;30mINFO[0m Creating package script '/home/junsu/Perception_team_code/yolo_seg_python_package/install/yolo/share/yolo/package.sh'
[1.367s] [34mcolcon.colcon_core.shell[0m [1;30mINFO[0m Creating package script '/home/junsu/Perception_team_code/yolo_seg_python_package/install/yolo/share/yolo/package.bash'
[1.367s] [34mcolcon.colcon_core.shell[0m [1;30mINFO[0m Creating package script '/home/junsu/Perception_team_code/yolo_seg_python_package/install/yolo/share/yolo/package.zsh'
[1.368s] [34mcolcon.colcon_core.environment[0m [1;30mLevel 1[0m create_file_with_runtime_dependencies(/home/junsu/Perception_team_code/yolo_seg_python_package/install/yolo/share/colcon-core/packages/yolo)
[2.627s] [34mcolcon.colcon_core.event_handler.log_command[0m [1;30mDEBUG[0m [32mInvoked command in '/home/junsu/Perception_team_code/yolo_seg_python_package/build/yolo_msg' returned '0': /usr/local/bin/cmake /home/junsu/Perception_team_code/yolo_seg_python_package/src/yolo_msg -DCATKIN_INSTALL_INTO_PREFIX_ROOT=0 -DCMAKE_INSTALL_PREFIX=/home/junsu/Perception_team_code/yolo_seg_python_package/install/yolo_msg[0m
[2.630s] [34mcolcon.colcon_core.event_handler.log_command[0m [1;30mDEBUG[0m [32mInvoking command in '/home/junsu/Perception_team_code/yolo_seg_python_package/build/yolo_msg': /usr/local/bin/cmake --build /home/junsu/Perception_team_code/yolo_seg_python_package/build/yolo_msg -- -j8 -l8[0m
[4.639s] [34mcolcon.colcon_core.event_handler.log_command[0m [1;30mDEBUG[0m [32mInvoked command in '/home/junsu/Perception_team_code/yolo_seg_python_package/build/yolo_msg' returned '0': /usr/local/bin/cmake --build /home/junsu/Perception_team_code/yolo_seg_python_package/build/yolo_msg -- -j8 -l8[0m
[4.643s] [34mcolcon.colcon_core.event_handler.log_command[0m [1;30mDEBUG[0m [32mInvoking command in '/home/junsu/Perception_team_code/yolo_seg_python_package/build/yolo_msg': /usr/local/bin/cmake --install /home/junsu/Perception_team_code/yolo_seg_python_package/build/yolo_msg[0m
[4.692s] [34mcolcon.colcon_core.event_handler.log_command[0m [1;30mDEBUG[0m [32mInvoked command in '/home/junsu/Perception_team_code/yolo_seg_python_package/build/yolo_msg' returned '0': /usr/local/bin/cmake --install /home/junsu/Perception_team_code/yolo_seg_python_package/build/yolo_msg[0m
[4.693s] [34mcolcon.colcon_core.shell[0m [1;30mLevel 1[0m create_environment_hook('yolo_msg', 'ros_package_path')
[4.693s] [34mcolcon.colcon_core.shell[0m [1;30mINFO[0m Creating environment hook '/home/junsu/Perception_team_code/yolo_seg_python_package/install/yolo_msg/share/yolo_msg/hook/ros_package_path.ps1'
[4.693s] [34mcolcon.colcon_core.shell[0m [1;30mINFO[0m Creating environment descriptor '/home/junsu/Perception_team_code/yolo_seg_python_package/install/yolo_msg/share/yolo_msg/hook/ros_package_path.dsv'
[4.694s] [34mcolcon.colcon_core.shell[0m [1;30mINFO[0m Creating environment hook '/home/junsu/Perception_team_code/yolo_seg_python_package/install/yolo_msg/share/yolo_msg/hook/ros_package_path.sh'
[4.694s] [34mcolcon.colcon_ros.task.catkin[0m [1;30mLevel 1[0m checking '/home/junsu/Perception_team_code/yolo_seg_python_package/install/yolo_msg/local/lib/python3.10/dist-packages'
[4.694s] [34mcolcon.colcon_core.shell[0m [1;30mLevel 1[0m create_environment_hook('yolo_msg', 'catkin_pythonpath')
[4.694s] [34mcolcon.colcon_core.shell[0m [1;30mINFO[0m Creating environment hook '/home/junsu/Perception_team_code/yolo_seg_python_package/install/yolo_msg/share/yolo_msg/hook/catkin_pythonpath.ps1'
[4.695s] [34mcolcon.colcon_core.shell[0m [1;30mINFO[0m Creating environment descriptor '/home/junsu/Perception_team_code/yolo_seg_python_package/install/yolo_msg/share/yolo_msg/hook/catkin_pythonpath.dsv'
[4.695s] [34mcolcon.colcon_core.shell[0m [1;30mINFO[0m Creating environment hook '/home/junsu/Perception_team_code/yolo_seg_python_package/install/yolo_msg/share/yolo_msg/hook/catkin_pythonpath.sh'
[4.695s] [34mcolcon.colcon_core.shell[0m [1;30mLevel 1[0m create_environment_hook('yolo_msg', 'pkg_config_path')
[4.695s] [34mcolcon.colcon_core.shell[0m [1;30mINFO[0m Creating environment hook '/home/junsu/Perception_team_code/yolo_seg_python_package/install/yolo_msg/share/yolo_msg/hook/pkg_config_path.ps1'
[4.696s] [34mcolcon.colcon_core.shell[0m [1;30mINFO[0m Creating environment descriptor '/home/junsu/Perception_team_code/yolo_seg_python_package/install/yolo_msg/share/yolo_msg/hook/pkg_config_path.dsv'
[4.696s] [34mcolcon.colcon_core.shell[0m [1;30mINFO[0m Creating environment hook '/home/junsu/Perception_team_code/yolo_seg_python_package/install/yolo_msg/share/yolo_msg/hook/pkg_config_path.sh'
[4.697s] [34mcolcon.colcon_core.shell[0m [1;30mLevel 1[0m create_environment_hook('yolo_msg', 'pkg_config_path_multiarch')
[4.698s] [34mcolcon.colcon_core.shell[0m [1;30mINFO[0m Creating environment hook '/home/junsu/Perception_team_code/yolo_seg_python_package/install/yolo_msg/share/yolo_msg/hook/pkg_config_path_multiarch.ps1'
[4.698s] [34mcolcon.colcon_core.shell[0m [1;30mINFO[0m Creating environment descriptor '/home/junsu/Perception_team_code/yolo_seg_python_package/install/yolo_msg/share/yolo_msg/hook/pkg_config_path_multiarch.dsv'
[4.698s] [34mcolcon.colcon_core.shell[0m [1;30mINFO[0m Creating environment hook '/home/junsu/Perception_team_code/yolo_seg_python_package/install/yolo_msg/share/yolo_msg/hook/pkg_config_path_multiarch.sh'
[4.699s] [34mcolcon.colcon_core.environment[0m [1;30mLevel 1[0m create_environment_scripts_only(yolo_msg)
[4.699s] [34mcolcon.colcon_core.environment[0m [1;30mLevel 1[0m checking '/home/junsu/Perception_team_code/yolo_seg_python_package/install/yolo_msg' for CMake module files
[4.699s] [34mcolcon.colcon_core.environment[0m [1;30mLevel 1[0m checking '/home/junsu/Perception_team_code/yolo_seg_python_package/install/yolo_msg' for CMake config files
[4.700s] [34mcolcon.colcon_core.shell[0m [1;30mLevel 1[0m create_environment_hook('yolo_msg', 'cmake_prefix_path')
[4.700s] [34mcolcon.colcon_core.shell[0m [1;30mINFO[0m Creating environment hook '/home/junsu/Perception_team_code/yolo_seg_python_package/install/yolo_msg/share/yolo_msg/hook/cmake_prefix_path.ps1'
[4.700s] [34mcolcon.colcon_core.shell[0m [1;30mINFO[0m Creating environment descriptor '/home/junsu/Perception_team_code/yolo_seg_python_package/install/yolo_msg/share/yolo_msg/hook/cmake_prefix_path.dsv'
[4.701s] [34mcolcon.colcon_core.shell[0m [1;30mINFO[0m Creating environment hook '/home/junsu/Perception_team_code/yolo_seg_python_package/install/yolo_msg/share/yolo_msg/hook/cmake_prefix_path.sh'
[4.701s] [34mcolcon.colcon_core.environment[0m [1;30mLevel 1[0m checking '/home/junsu/Perception_team_code/yolo_seg_python_package/install/yolo_msg/lib'
[4.701s] [34mcolcon.colcon_core.shell[0m [1;30mLevel 1[0m create_environment_hook('yolo_msg', 'ld_library_path_lib')
[4.701s] [34mcolcon.colcon_core.shell[0m [1;30mINFO[0m Creating environment hook '/home/junsu/Perception_team_code/yolo_seg_python_package/install/yolo_msg/share/yolo_msg/hook/ld_library_path_lib.ps1'
[4.702s] [34mcolcon.colcon_core.shell[0m [1;30mINFO[0m Creating environment descriptor '/home/junsu/Perception_team_code/yolo_seg_python_package/install/yolo_msg/share/yolo_msg/hook/ld_library_path_lib.dsv'
[4.702s] [34mcolcon.colcon_core.shell[0m [1;30mINFO[0m Creating environment hook '/home/junsu/Perception_team_code/yolo_seg_python_package/install/yolo_msg/share/yolo_msg/hook/ld_library_path_lib.sh'
[4.702s] [34mcolcon.colcon_core.environment[0m [1;30mLevel 1[0m checking '/home/junsu/Perception_team_code/yolo_seg_python_package/install/yolo_msg/bin'
[4.702s] [34mcolcon.colcon_core.environment[0m [1;30mLevel 1[0m checking '/home/junsu/Perception_team_code/yolo_seg_python_package/install/yolo_msg/lib/pkgconfig/yolo_msg.pc'
[4.702s] [34mcolcon.colcon_core.environment[0m [1;30mLevel 1[0m checking '/home/junsu/Perception_team_code/yolo_seg_python_package/install/yolo_msg/lib/python3.10/site-packages'
[4.702s] [34mcolcon.colcon_core.environment[0m [1;30mLevel 1[0m checking '/home/junsu/Perception_team_code/yolo_seg_python_package/install/yolo_msg/bin'
[4.703s] [34mcolcon.colcon_core.shell[0m [1;30mINFO[0m Creating package script '/home/junsu/Perception_team_code/yolo_seg_python_package/install/yolo_msg/share/yolo_msg/package.ps1'
[4.703s] [34mcolcon.colcon_core.shell[0m [1;30mINFO[0m Creating package descriptor '/home/junsu/Perception_team_code/yolo_seg_python_package/install/yolo_msg/share/yolo_msg/package.dsv'
[4.704s] [34mcolcon.colcon_core.shell[0m [1;30mINFO[0m Creating package script '/home/junsu/Perception_team_code/yolo_seg_python_package/install/yolo_msg/share/yolo_msg/package.sh'
[4.704s] [34mcolcon.colcon_core.shell[0m [1;30mINFO[0m Creating package script '/home/junsu/Perception_team_code/yolo_seg_python_package/install/yolo_msg/share/yolo_msg/package.bash'
[4.704s] [34mcolcon.colcon_core.shell[0m [1;30mINFO[0m Creating package script '/home/junsu/Perception_team_code/yolo_seg_python_package/install/yolo_msg/share/yolo_msg/package.zsh'
[4.704s] [34mcolcon.colcon_core.environment[0m [1;30mLevel 1[0m create_file_with_runtime_dependencies(/home/junsu/Perception_team_code/yolo_seg_python_package/install/yolo_msg/share/colcon-core/packages/yolo_msg)
[4.705s] [34mcolcon.colcon_parallel_executor.executor.parallel[0m [1;30mDEBUG[0m [32mclosing loop[0m
[4.705s] [34mcolcon.colcon_parallel_executor.executor.parallel[0m [1;30mDEBUG[0m [32mloop closed[0m
[4.705s] [34mcolcon.colcon_parallel_executor.executor.parallel[0m [1;30mDEBUG[0m [32mrun_until_complete finished with '0'[0m
[4.705s] [34mcolcon.colcon_core.event_reactor[0m [1;30mDEBUG[0m [32mjoining thread[0m
[4.711s] [34mcolcon.colcon_core.plugin_system[0m [1;30mINFO[0m Skipping extension 'colcon_notification.desktop_notification.terminal_notifier': Not used on non-Darwin systems
[4.711s] [34mcolcon.colcon_core.plugin_system[0m [1;30mINFO[0m Skipping extension 'colcon_notification.desktop_notification.win32': Not used on non-Windows systems
[4.711s] [34mcolcon.colcon_notification.desktop_notification[0m [1;30mINFO[0m Sending desktop notification using 'notify2'
[4.722s] [34mcolcon.colcon_core.event_reactor[0m [1;30mDEBUG[0m [32mjoined thread[0m
[4.722s] [34mcolcon.colcon_core.shell[0m [1;30mINFO[0m Creating prefix script '/home/junsu/Perception_team_code/yolo_seg_python_package/install/local_setup.ps1'
[4.723s] [34mcolcon.colcon_core.shell[0m [1;30mINFO[0m Creating prefix util module '/home/junsu/Perception_team_code/yolo_seg_python_package/install/_local_setup_util_ps1.py'
[4.725s] [34mcolcon.colcon_core.shell[0m [1;30mINFO[0m Creating prefix chain script '/home/junsu/Perception_team_code/yolo_seg_python_package/install/setup.ps1'
[4.726s] [34mcolcon.colcon_core.shell[0m [1;30mINFO[0m Creating prefix script '/home/junsu/Perception_team_code/yolo_seg_python_package/install/local_setup.sh'
[4.726s] [34mcolcon.colcon_core.shell[0m [1;30mINFO[0m Creating prefix util module '/home/junsu/Perception_team_code/yolo_seg_python_package/install/_local_setup_util_sh.py'
[4.727s] [34mcolcon.colcon_core.shell[0m [1;30mINFO[0m Creating prefix chain script '/home/junsu/Perception_team_code/yolo_seg_python_package/install/setup.sh'
[4.728s] [34mcolcon.colcon_core.shell[0m [1;30mINFO[0m Creating prefix script '/home/junsu/Perception_team_code/yolo_seg_python_package/install/local_setup.bash'
[4.728s] [34mcolcon.colcon_core.shell[0m [1;30mINFO[0m Creating prefix chain script '/home/junsu/Perception_team_code/yolo_seg_python_package/install/setup.bash'
[4.729s] [34mcolcon.colcon_core.shell[0m [1;30mINFO[0m Creating prefix script '/home/junsu/Perception_team_code/yolo_seg_python_package/install/local_setup.zsh'
[4.730s] [34mcolcon.colcon_core.shell[0m [1;30mINFO[0m Creating prefix chain script '/home/junsu/Perception_team_code/yolo_seg_python_package/install/setup.zsh'
